Loading: 
Loading: 0 packages loaded
Analyzing: target //cmd/blake3zcc_hasher:blake3zcc_hasher (0 packages loaded, 0 targets configured)
INFO: Analyzed target //cmd/blake3zcc_hasher:blake3zcc_hasher (0 packages loaded, 0 targets configured).
INFO: Found 1 target...
[0 / 1] [Prepa] BazelWorkspaceStatusAction stable-status.txt
Target //cmd/blake3zcc_hasher:blake3zcc_hasher up-to-date:
  bazel-bin/cmd/blake3zcc_hasher/blake3zcc_hasher_/blake3zcc_hasher
INFO: Elapsed time: 0.103s, Critical Path: 0.00s
INFO: 0 processes.
INFO: Build completed successfully, 1 total action
INFO: Running command line: bazel-bin/cmd/blake3zcc_hasher/blake3zcc_hasher_/blake3zcc_hasher -a localhost:8980 -d /home/debian/blake-client/experiments/e10 -c 2 '-b=true'
INFO: Build completed successfully, 1 total action
2021/03/14 22:59:19 Hash: B3Z:0d59a1adf49f0d259da714bf0400cbc693d2352475e2068fc5d4c8f451caba92
2021/03/14 22:59:19 Hash: B3Z:42b8ccf748ea3d4baa7adbbd78f030bf32bdb674286433b5664711536d2ccbcd
2021/03/14 22:59:19 Hash: B3Z:c426427dd03f5d40569dd6e19d03dfe1dc7859f4436e3110513818d467901572
2021/03/14 22:59:19 Hash: B3Z:d9255d8105ee52b23f018fbd0eb54ae8d464e1f3b0c8729492b39af69afd9ec0
2021/03/14 22:59:19 Hash: B3Z:87bb0cd3b771d4c34a40c96d85a849910a85c0a388a48e45a47381f8f6ce4514
2021/03/14 22:59:19 Time Hashing: 116.470316ms
2021/03/14 22:59:19 Bytes Hashed: 54526157
2021/03/14 22:59:20 Action Digest: [135 187 12 211 183 113 212 195 74 64 201 109 133 168 73 145 10 133 192 163 136 164 142 69 164 115 129 248 246 206 69 20] 87bb0cd3b771d4c34a40c96d85a849910a85c0a388a48e45a47381f8f6ce4514  76
2021/03/14 22:59:20 Bytes Uploaded: 54526125
2021/03/14 22:59:20 Time Uploading: 845.566509ms
2021/03/14 22:59:20 Time Finding Missing Blobs: 1.937591ms
2021/03/14 22:59:21 Execute response: result:{output_files:{path:"out"  digest:{size_bytes:54525953  hash_blake3zcc:"\xd5~\xb0\xe5\xa5~\xb5\xe1!\x8b\xf6=\xf1(\x9bF\xb7\xf1\xc0\x0cRRM\x9dU/\xb2\x86v\xbf\x847"}}  execution_metadata:{worker:"{\"datacenter\":\"paris\",\"hostname\":\"ubuntu-worker.example.com\",\"rack\":\"4\",\"slot\":\"15\",\"thread\":\"5\"}"  queued_timestamp:{seconds:1615762760  nanos:475489741}  worker_start_timestamp:{seconds:1615762760  nanos:475774484}  worker_completed_timestamp:{seconds:1615762761  nanos:544267576}  input_fetch_start_timestamp:{seconds:1615762760  nanos:476330045}  input_fetch_completed_timestamp:{seconds:1615762761  nanos:88063032}  execution_start_timestamp:{seconds:1615762761  nanos:88063032}  execution_completed_timestamp:{seconds:1615762761  nanos:123074771}  output_upload_start_timestamp:{seconds:1615762761  nanos:123074771}  output_upload_completed_timestamp:{seconds:1615762761  nanos:544267576}  auxiliary_metadata:{type_url:"type.googleapis.com/buildbarn.resourceusage.POSIXResourceUsage"  value:"\n\x04\x10\x90\xd9&\x12\x05\x10؂\x8e\x0f\x18\x80\x80\xf6\x0c8\xc9\x01X\x88\xc0\x06x\x03\x80\x01\x17"}  auxiliary_metadata:{type_url:"type.googleapis.com/buildbarn.resourceusage.FilePoolResourceUsage"}}}  message:"Action details (cached result): /action/blake-client/B3Z:87bb0cd3b771d4c34a40c96d85a849910a85c0a388a48e45a47381f8f6ce4514/76/"
