Loading: 
Loading: 0 packages loaded
Analyzing: target //cmd/blake3zcc_hasher:blake3zcc_hasher (0 packages loaded, 0 targets configured)
INFO: Analyzed target //cmd/blake3zcc_hasher:blake3zcc_hasher (0 packages loaded, 0 targets configured).
INFO: Found 1 target...
[0 / 1] [Prepa] BazelWorkspaceStatusAction stable-status.txt
Target //cmd/blake3zcc_hasher:blake3zcc_hasher up-to-date:
  bazel-bin/cmd/blake3zcc_hasher/blake3zcc_hasher_/blake3zcc_hasher
INFO: Elapsed time: 0.091s, Critical Path: 0.00s
INFO: 0 processes.
INFO: Build completed successfully, 1 total action
INFO: Running command line: bazel-bin/cmd/blake3zcc_hasher/blake3zcc_hasher_/blake3zcc_hasher -a localhost:8980 -d /home/debian/blake-client/experiments/e2 -c 2 '-b=true'
INFO: Build completed successfully, 1 total action
2021/03/14 22:59:23 Hash: B3Z:42b8ccf748ea3d4baa7adbbd78f030bf32bdb674286433b5664711536d2ccbcd
2021/03/14 22:59:23 Hash: B3Z:e22ab87183b7dce07cc5e55d2dd98da9cd5d29b00ebb88cf6d50b444c1e389be
2021/03/14 22:59:23 Hash: B3Z:e6525635452e5971cdd986e2ac4c93653364bab29ed72b0e581fbf7d62f485e1
2021/03/14 22:59:23 Hash: B3Z:d9255d8105ee52b23f018fbd0eb54ae8d464e1f3b0c8729492b39af69afd9ec0
2021/03/14 22:59:23 Hash: B3Z:927721f3eec5952a5f1c0dc8471d6da2fcc8a1fb05b9a4f0a533bbaec8936fc5
2021/03/14 22:59:23 Time Hashing: 84.028954ms
2021/03/14 22:59:23 Bytes Hashed: 37748942
2021/03/14 22:59:23 Action Digest: [146 119 33 243 238 197 149 42 95 28 13 200 71 29 109 162 252 200 161 251 5 185 164 240 165 51 187 174 200 147 111 197] 927721f3eec5952a5f1c0dc8471d6da2fcc8a1fb05b9a4f0a533bbaec8936fc5  76
2021/03/14 22:59:23 Bytes Uploaded: 172
2021/03/14 22:59:23 Time Uploading: 1.59785ms
2021/03/14 22:59:23 Time Finding Missing Blobs: 2.633129ms
2021/03/14 22:59:24 Execute response: result:{output_files:{path:"out"  digest:{size_bytes:37748738  hash_blake3zcc:"sT?N%\xe2vv\x074:\x8b\xf4\xe7\xbe\xe9\x03Z\xd9k\x90\xb0\x07\xefb\xb9\x01\x14\xb4\x81\xf8Q"}}  execution_metadata:{worker:"{\"datacenter\":\"paris\",\"hostname\":\"ubuntu-worker.example.com\",\"rack\":\"4\",\"slot\":\"15\",\"thread\":\"1\"}"  queued_timestamp:{seconds:1615762763  nanos:880823293}  worker_start_timestamp:{seconds:1615762763  nanos:881239476}  worker_completed_timestamp:{seconds:1615762764  nanos:190085303}  input_fetch_start_timestamp:{seconds:1615762763  nanos:881460561}  input_fetch_completed_timestamp:{seconds:1615762763  nanos:883753444}  execution_start_timestamp:{seconds:1615762763  nanos:883753444}  execution_completed_timestamp:{seconds:1615762763  nanos:921694147}  output_upload_start_timestamp:{seconds:1615762763  nanos:921694147}  output_upload_completed_timestamp:{seconds:1615762764  nanos:190085303}  auxiliary_metadata:{type_url:"type.googleapis.com/buildbarn.resourceusage.POSIXResourceUsage"  value:"\n\x04\x10\x88\x9d-\x12\x05\x10\xb0\xf7\xb2\n\x18\x80\x80\xf6\x0c8\xc9\x01X\x88\xc0\x04x\x03\x80\x01\t"}  auxiliary_metadata:{type_url:"type.googleapis.com/buildbarn.resourceusage.FilePoolResourceUsage"}}}  message:"Action details (cached result): /action/blake-client/B3Z:927721f3eec5952a5f1c0dc8471d6da2fcc8a1fb05b9a4f0a533bbaec8936fc5/76/"
