Loading: 
Loading: 0 packages loaded
Analyzing: target //cmd/blake3zcc_hasher:blake3zcc_hasher (0 packages loaded, 0 targets configured)
INFO: Analyzed target //cmd/blake3zcc_hasher:blake3zcc_hasher (0 packages loaded, 0 targets configured).
INFO: Found 1 target...
[0 / 1] [Prepa] BazelWorkspaceStatusAction stable-status.txt
Target //cmd/blake3zcc_hasher:blake3zcc_hasher up-to-date:
  bazel-bin/cmd/blake3zcc_hasher/blake3zcc_hasher_/blake3zcc_hasher
INFO: Elapsed time: 0.089s, Critical Path: 0.00s
INFO: 0 processes.
INFO: Build completed successfully, 1 total action
INFO: Running command line: bazel-bin/cmd/blake3zcc_hasher/blake3zcc_hasher_/blake3zcc_hasher -a localhost:8980 -d /home/debian/blake-client/experiments/e9 -c 2 '-b=true'
INFO: Build completed successfully, 1 total action
2021/03/14 22:59:44 Hash: B3Z:f401ac6fb36133bb9bc4b03b22d35d74a8c0dce4b223f2bdf5b355f1de1e0961
2021/03/14 22:59:44 Hash: B3Z:fe4c60b847526e49dd8cf50a57897070d4c153fefb2d0549907275a491d3df89
2021/03/14 22:59:44 Hash: B3Z:797733b83893e9cf4a075b41524a761bd24ebada3d53b8af720f780ffefa6760
2021/03/14 22:59:44 Hash: B3Z:d9255d8105ee52b23f018fbd0eb54ae8d464e1f3b0c8729492b39af69afd9ec0
2021/03/14 22:59:44 Hash: B3Z:4ecb7a43fef955a98ab21194d18fe48c93f2a1395f2000a404fa45eae358c06e
2021/03/14 22:59:44 Time Hashing: 117.096945ms
2021/03/14 22:59:44 Bytes Hashed: 54526157
2021/03/14 22:59:44 Action Digest: [78 203 122 67 254 249 85 169 138 178 17 148 209 143 228 140 147 242 161 57 95 32 0 164 4 250 69 234 227 88 192 110] 4ecb7a43fef955a98ab21194d18fe48c93f2a1395f2000a404fa45eae358c06e  76
2021/03/14 22:59:44 Bytes Uploaded: 172
2021/03/14 22:59:44 Time Uploading: 2.377271ms
2021/03/14 22:59:44 Time Finding Missing Blobs: 3.17905ms
2021/03/14 22:59:44 Execute response: result:{output_files:{path:"out"  digest:{size_bytes:54525953  hash_blake3zcc:"\xd5~\xb0\xe5\xa5~\xb5\xe1!\x8b\xf6=\xf1(\x9bF\xb7\xf1\xc0\x0cRRM\x9dU/\xb2\x86v\xbf\x847"}}  execution_metadata:{worker:"{\"datacenter\":\"paris\",\"hostname\":\"ubuntu-worker.example.com\",\"rack\":\"4\",\"slot\":\"15\",\"thread\":\"0\"}"  queued_timestamp:{seconds:1615762784  nanos:389318064}  worker_start_timestamp:{seconds:1615762784  nanos:389876274}  worker_completed_timestamp:{seconds:1615762784  nanos:801283176}  input_fetch_start_timestamp:{seconds:1615762784  nanos:390016547}  input_fetch_completed_timestamp:{seconds:1615762784  nanos:391398917}  execution_start_timestamp:{seconds:1615762784  nanos:391398917}  execution_completed_timestamp:{seconds:1615762784  nanos:422012605}  output_upload_start_timestamp:{seconds:1615762784  nanos:422012605}  output_upload_completed_timestamp:{seconds:1615762784  nanos:801283176}  auxiliary_metadata:{type_url:"type.googleapis.com/buildbarn.resourceusage.POSIXResourceUsage"  value:"\n\x04\x10\xb8\xa2&\x12\x05\x10\xc8\xdf\xd8\r\x18\x80\x80\xf6\x0c8\xc7\x01X\x88\xc0\x06x\x03\x80\x01\x06"}  auxiliary_metadata:{type_url:"type.googleapis.com/buildbarn.resourceusage.FilePoolResourceUsage"}}}  message:"Action details (cached result): /action/blake-client/B3Z:4ecb7a43fef955a98ab21194d18fe48c93f2a1395f2000a404fa45eae358c06e/76/"
