Loading: 
Loading: 0 packages loaded
Analyzing: target //cmd/blake3zcc_hasher:blake3zcc_hasher (0 packages loaded, 0 targets configured)
INFO: Analyzed target //cmd/blake3zcc_hasher:blake3zcc_hasher (0 packages loaded, 0 targets configured).
INFO: Found 1 target...
[0 / 1] [Prepa] BazelWorkspaceStatusAction stable-status.txt
Target //cmd/blake3zcc_hasher:blake3zcc_hasher up-to-date:
  bazel-bin/cmd/blake3zcc_hasher/blake3zcc_hasher_/blake3zcc_hasher
INFO: Elapsed time: 0.123s, Critical Path: 0.00s
INFO: 0 processes.
INFO: Build completed successfully, 1 total action
INFO: Running command line: bazel-bin/cmd/blake3zcc_hasher/blake3zcc_hasher_/blake3zcc_hasher -a localhost:8980 -d /home/debian/blake-client/experiments/e7 -c 2 '-b=true'
INFO: Build completed successfully, 1 total action
2021/03/14 22:59:40 Hash: B3Z:49bbc11948ed7d3139ce8ed12aa5a5a2759cf56028a869905df051c928660163
2021/03/14 22:59:40 Hash: B3Z:fe4c60b847526e49dd8cf50a57897070d4c153fefb2d0549907275a491d3df89
2021/03/14 22:59:40 Hash: B3Z:4739f653e0dab223f6be0aeb3f9dfb582ffef5b84da322a3fff00f22a7802c93
2021/03/14 22:59:40 Hash: B3Z:d9255d8105ee52b23f018fbd0eb54ae8d464e1f3b0c8729492b39af69afd9ec0
2021/03/14 22:59:40 Hash: B3Z:4c9b49144cd463968f99b7cb19161df3dc6abb17632390946da1015089d6d029
2021/03/14 22:59:40 Time Hashing: 199.189302ms
2021/03/14 22:59:40 Bytes Hashed: 88080589
2021/03/14 22:59:40 Action Digest: [76 155 73 20 76 212 99 150 143 153 183 203 25 22 29 243 220 106 187 23 99 35 144 148 109 161 1 80 137 214 208 41] 4c9b49144cd463968f99b7cb19161df3dc6abb17632390946da1015089d6d029  76
2021/03/14 22:59:40 Bytes Uploaded: 76
2021/03/14 22:59:40 Time Uploading: 960.21µs
2021/03/14 22:59:40 Time Finding Missing Blobs: 6.388047ms
2021/03/14 22:59:41 Execute response: result:{output_files:{path:"out"  digest:{size_bytes:88080385  hash_blake3zcc:"\xca9\r\xe3\x10\xa4B/?˱\xacg}\x1b\xb4\x08Ʒ<\xb7^<:Â\xec\xc7l\x91\xa0\xae"}}  execution_metadata:{worker:"{\"datacenter\":\"paris\",\"hostname\":\"ubuntu-worker.example.com\",\"rack\":\"4\",\"slot\":\"15\",\"thread\":\"5\"}"  queued_timestamp:{seconds:1615762780  nanos:713714568}  worker_start_timestamp:{seconds:1615762780  nanos:715931270}  worker_completed_timestamp:{seconds:1615762781  nanos:413363658}  input_fetch_start_timestamp:{seconds:1615762780  nanos:716221335}  input_fetch_completed_timestamp:{seconds:1615762780  nanos:716959351}  execution_start_timestamp:{seconds:1615762780  nanos:716959351}  execution_completed_timestamp:{seconds:1615762780  nanos:770662875}  output_upload_start_timestamp:{seconds:1615762780  nanos:770662875}  output_upload_completed_timestamp:{seconds:1615762781  nanos:413363658}  auxiliary_metadata:{type_url:"type.googleapis.com/buildbarn.resourceusage.POSIXResourceUsage"  value:"\n\x00\x12\x05\x10\xb0\x86\x84\x18\x18\x80\x80\xf6\x0c8\xc5\x01X\x88\xc0\nx\x03\x80\x01\x05"}  auxiliary_metadata:{type_url:"type.googleapis.com/buildbarn.resourceusage.FilePoolResourceUsage"}}}  message:"Action details (cached result): /action/blake-client/B3Z:4c9b49144cd463968f99b7cb19161df3dc6abb17632390946da1015089d6d029/76/"
