Loading: 
Loading: 0 packages loaded
Analyzing: target //cmd/blake3zcc_hasher:blake3zcc_hasher (0 packages loaded, 0 targets configured)
INFO: Analyzed target //cmd/blake3zcc_hasher:blake3zcc_hasher (0 packages loaded, 0 targets configured).
INFO: Found 1 target...
[0 / 1] [Prepa] BazelWorkspaceStatusAction stable-status.txt
Target //cmd/blake3zcc_hasher:blake3zcc_hasher up-to-date:
  bazel-bin/cmd/blake3zcc_hasher/blake3zcc_hasher_/blake3zcc_hasher
INFO: Elapsed time: 0.109s, Critical Path: 0.00s
INFO: 0 processes.
INFO: Build completed successfully, 1 total action
INFO: Running command line: bazel-bin/cmd/blake3zcc_hasher/blake3zcc_hasher_/blake3zcc_hasher -a localhost:8980 -d /home/debian/blake-client/experiments/e11 -c 2 '-b=true'
INFO: Build completed successfully, 1 total action
2021/03/14 22:59:22 Hash: B3Z:f401ac6fb36133bb9bc4b03b22d35d74a8c0dce4b223f2bdf5b355f1de1e0961
2021/03/14 22:59:22 Hash: B3Z:42b8ccf748ea3d4baa7adbbd78f030bf32bdb674286433b5664711536d2ccbcd
2021/03/14 22:59:22 Hash: B3Z:e7664c5b064da2e7b4a32e685e15ad4d9d01fa038a38394bfc6a4e2beb200109
2021/03/14 22:59:22 Hash: B3Z:d9255d8105ee52b23f018fbd0eb54ae8d464e1f3b0c8729492b39af69afd9ec0
2021/03/14 22:59:22 Hash: B3Z:f9805afb74a16cbe7644699cb2218cdba453c96c136fa946692242fc962aaa31
2021/03/14 22:59:22 Time Hashing: 86.663467ms
2021/03/14 22:59:22 Bytes Hashed: 37748941
2021/03/14 22:59:22 Action Digest: [249 128 90 251 116 161 108 190 118 68 105 156 178 33 140 219 164 83 201 108 19 111 169 70 105 34 66 252 150 42 170 49] f9805afb74a16cbe7644699cb2218cdba453c96c136fa946692242fc962aaa31  76
2021/03/14 22:59:22 Bytes Uploaded: 2097324
2021/03/14 22:59:22 Time Uploading: 49.137771ms
2021/03/14 22:59:22 Time Finding Missing Blobs: 2.504028ms
2021/03/14 22:59:22 Execute response: result:{output_files:{path:"out"  digest:{size_bytes:37748737  hash_blake3zcc:"ے\x0c\xb9|\xac+\xa6)\xe4\xe1\x0e\xba\x1aH$X\xb6\x18\xa3\xbb֌\x90\x90D\x04́\xf88\xdb"}}  execution_metadata:{worker:"{\"datacenter\":\"paris\",\"hostname\":\"ubuntu-worker.example.com\",\"rack\":\"4\",\"slot\":\"15\",\"thread\":\"3\"}"  queued_timestamp:{seconds:1615762762  nanos:356505235}  worker_start_timestamp:{seconds:1615762762  nanos:356897326}  worker_completed_timestamp:{seconds:1615762762  nanos:689470042}  input_fetch_start_timestamp:{seconds:1615762762  nanos:357465444}  input_fetch_completed_timestamp:{seconds:1615762762  nanos:384299771}  execution_start_timestamp:{seconds:1615762762  nanos:384299771}  execution_completed_timestamp:{seconds:1615762762  nanos:409484092}  output_upload_start_timestamp:{seconds:1615762762  nanos:409484092}  output_upload_completed_timestamp:{seconds:1615762762  nanos:689470042}  auxiliary_metadata:{type_url:"type.googleapis.com/buildbarn.resourceusage.POSIXResourceUsage"  value:"\n\x04\x10\xc8\xf9#\x12\x05\x10\xb0\xf4\xb6\t\x18\x80\x80\xf6\x0c8\xc5\x01X\x88\xc0\x04x\x03\x80\x01\x05"}  auxiliary_metadata:{type_url:"type.googleapis.com/buildbarn.resourceusage.FilePoolResourceUsage"}}}  message:"Action details (cached result): /action/blake-client/B3Z:f9805afb74a16cbe7644699cb2218cdba453c96c136fa946692242fc962aaa31/76/"
