Loading: 
Loading: 0 packages loaded
Analyzing: target //cmd/blake3zcc_hasher:blake3zcc_hasher (0 packages loaded, 0 targets configured)
INFO: Analyzed target //cmd/blake3zcc_hasher:blake3zcc_hasher (0 packages loaded, 0 targets configured).
INFO: Found 1 target...
[0 / 1] [Prepa] BazelWorkspaceStatusAction stable-status.txt
Target //cmd/blake3zcc_hasher:blake3zcc_hasher up-to-date:
  bazel-bin/cmd/blake3zcc_hasher/blake3zcc_hasher_/blake3zcc_hasher
INFO: Elapsed time: 0.089s, Critical Path: 0.00s
INFO: 0 processes.
INFO: Build completed successfully, 1 total action
INFO: Running command line: bazel-bin/cmd/blake3zcc_hasher/blake3zcc_hasher_/blake3zcc_hasher -a localhost:8980 -d /home/debian/blake-client/experiments/e4 -c 2 '-b=true'
INFO: Build completed successfully, 1 total action
2021/03/14 22:59:29 Hash: B3Z:49bbc11948ed7d3139ce8ed12aa5a5a2759cf56028a869905df051c928660163
2021/03/14 22:59:29 Hash: B3Z:9a975a92c967affb5d1d28d17bceaece747fdcdbadd875ba66717a166e2dac68
2021/03/14 22:59:29 Hash: B3Z:234d2099b7c6d912343b7d2de227a5411b115cbc319e64d2a882c8c188154cc5
2021/03/14 22:59:29 Hash: B3Z:d9255d8105ee52b23f018fbd0eb54ae8d464e1f3b0c8729492b39af69afd9ec0
2021/03/14 22:59:29 Hash: B3Z:c6fe757dcbb04742bc59cfa694e4152909f8f54d509e0b5ba736f04d7bb72065
2021/03/14 22:59:29 Time Hashing: 119.310804ms
2021/03/14 22:59:29 Bytes Hashed: 54526157
2021/03/14 22:59:29 Action Digest: [198 254 117 125 203 176 71 66 188 89 207 166 148 228 21 41 9 248 245 77 80 158 11 91 167 54 240 77 123 183 32 101] c6fe757dcbb04742bc59cfa694e4152909f8f54d509e0b5ba736f04d7bb72065  76
2021/03/14 22:59:29 Bytes Uploaded: 76
2021/03/14 22:59:29 Time Uploading: 810.616µs
2021/03/14 22:59:29 Time Finding Missing Blobs: 2.91826ms
2021/03/14 22:59:30 Execute response: result:{output_files:{path:"out"  digest:{size_bytes:54525953  hash_blake3zcc:"\xd5~\xb0\xe5\xa5~\xb5\xe1!\x8b\xf6=\xf1(\x9bF\xb7\xf1\xc0\x0cRRM\x9dU/\xb2\x86v\xbf\x847"}}  execution_metadata:{worker:"{\"datacenter\":\"paris\",\"hostname\":\"ubuntu-worker.example.com\",\"rack\":\"4\",\"slot\":\"15\",\"thread\":\"7\"}"  queued_timestamp:{seconds:1615762769  nanos:579454126}  worker_start_timestamp:{seconds:1615762769  nanos:580004405}  worker_completed_timestamp:{seconds:1615762770  nanos:51615485}  input_fetch_start_timestamp:{seconds:1615762769  nanos:580255443}  input_fetch_completed_timestamp:{seconds:1615762769  nanos:581112479}  execution_start_timestamp:{seconds:1615762769  nanos:581112479}  execution_completed_timestamp:{seconds:1615762769  nanos:622756944}  output_upload_start_timestamp:{seconds:1615762769  nanos:622756944}  output_upload_completed_timestamp:{seconds:1615762770  nanos:51615485}  auxiliary_metadata:{type_url:"type.googleapis.com/buildbarn.resourceusage.POSIXResourceUsage"  value:"\n\x00\x12\x05\x10\xd0\xe2\xe1\x0e\x18\x80\x80\xf6\x0c8\xcb\x01X\x88\xc0\x06x\x03\x80\x01&"}  auxiliary_metadata:{type_url:"type.googleapis.com/buildbarn.resourceusage.FilePoolResourceUsage"}}}  message:"Action details (cached result): /action/blake-client/B3Z:c6fe757dcbb04742bc59cfa694e4152909f8f54d509e0b5ba736f04d7bb72065/76/"
