Loading: 
Loading: 0 packages loaded
Analyzing: target //cmd/blake3zcc_hasher:blake3zcc_hasher (0 packages loaded, 0 targets configured)
INFO: Analyzed target //cmd/blake3zcc_hasher:blake3zcc_hasher (0 packages loaded, 0 targets configured).
INFO: Found 1 target...
[0 / 1] [Prepa] BazelWorkspaceStatusAction stable-status.txt
Target //cmd/blake3zcc_hasher:blake3zcc_hasher up-to-date:
  bazel-bin/cmd/blake3zcc_hasher/blake3zcc_hasher_/blake3zcc_hasher
INFO: Elapsed time: 0.100s, Critical Path: 0.00s
INFO: 0 processes.
INFO: Build completed successfully, 1 total action
INFO: Running command line: bazel-bin/cmd/blake3zcc_hasher/blake3zcc_hasher_/blake3zcc_hasher -a localhost:8980 -d /home/debian/blake-client/experiments/e12 -c 2 '-b=true'
INFO: Build completed successfully, 1 total action
2021/03/14 22:59:23 Hash: B3Z:f401ac6fb36133bb9bc4b03b22d35d74a8c0dce4b223f2bdf5b355f1de1e0961
2021/03/14 22:59:23 Hash: B3Z:9a975a92c967affb5d1d28d17bceaece747fdcdbadd875ba66717a166e2dac68
2021/03/14 22:59:23 Hash: B3Z:c1e7da5a650d63ba6d67b4fb10d9f714c023e27396f8806f7b82bde59b52b76e
2021/03/14 22:59:23 Hash: B3Z:d9255d8105ee52b23f018fbd0eb54ae8d464e1f3b0c8729492b39af69afd9ec0
2021/03/14 22:59:23 Hash: B3Z:22c272db355c7de9b47c343c4c3e9802389280a9490cf62ab4256613c9ca5d03
2021/03/14 22:59:23 Time Hashing: 51.532367ms
2021/03/14 22:59:23 Bytes Hashed: 20971725
2021/03/14 22:59:23 Action Digest: [34 194 114 219 53 92 125 233 180 124 52 60 76 62 152 2 56 146 128 169 73 12 246 42 180 37 102 19 201 202 93 3] 22c272db355c7de9b47c343c4c3e9802389280a9490cf62ab4256613c9ca5d03  76
2021/03/14 22:59:23 Bytes Uploaded: 172
2021/03/14 22:59:23 Time Uploading: 1.823416ms
2021/03/14 22:59:23 Time Finding Missing Blobs: 3.282516ms
2021/03/14 22:59:23 Execute response: result:{output_files:{path:"out"  digest:{size_bytes:20971521  hash_blake3zcc:"b_\xb2h\xa2+DfS\xbbV\xbb\xe3AO\x1f\"\x16\xf7\x1b\xf9\xa9v;\xe6\x10yY\xe3\x03\x1bF"}}  execution_metadata:{worker:"{\"datacenter\":\"paris\",\"hostname\":\"ubuntu-worker.example.com\",\"rack\":\"4\",\"slot\":\"15\",\"thread\":\"7\"}"  queued_timestamp:{seconds:1615762763  nanos:267368918}  worker_start_timestamp:{seconds:1615762763  nanos:268077921}  worker_completed_timestamp:{seconds:1615762763  nanos:444306830}  input_fetch_start_timestamp:{seconds:1615762763  nanos:268472574}  input_fetch_completed_timestamp:{seconds:1615762763  nanos:270353509}  execution_start_timestamp:{seconds:1615762763  nanos:270353509}  execution_completed_timestamp:{seconds:1615762763  nanos:293485281}  output_upload_start_timestamp:{seconds:1615762763  nanos:293485281}  output_upload_completed_timestamp:{seconds:1615762763  nanos:444306830}  auxiliary_metadata:{type_url:"type.googleapis.com/buildbarn.resourceusage.POSIXResourceUsage"  value:"\n\x04\x10З'\x12\x05\x10м\xd3\t\x18\x80\x80\xf6\x0c8\xc8\x01X\x88\xc0\x02x\x03\x80\x01\x12"}  auxiliary_metadata:{type_url:"type.googleapis.com/buildbarn.resourceusage.FilePoolResourceUsage"}}}  message:"Action details (cached result): /action/blake-client/B3Z:22c272db355c7de9b47c343c4c3e9802389280a9490cf62ab4256613c9ca5d03/76/"
