Loading: 
Loading: 0 packages loaded
Analyzing: target //cmd/blake3zcc_hasher:blake3zcc_hasher (0 packages loaded, 0 targets configured)
INFO: Analyzed target //cmd/blake3zcc_hasher:blake3zcc_hasher (0 packages loaded, 0 targets configured).
INFO: Found 1 target...
[0 / 1] [Prepa] BazelWorkspaceStatusAction stable-status.txt
Target //cmd/blake3zcc_hasher:blake3zcc_hasher up-to-date:
  bazel-bin/cmd/blake3zcc_hasher/blake3zcc_hasher_/blake3zcc_hasher
INFO: Elapsed time: 0.083s, Critical Path: 0.00s
INFO: 0 processes.
INFO: Build completed successfully, 1 total action
INFO: Running command line: bazel-bin/cmd/blake3zcc_hasher/blake3zcc_hasher_/blake3zcc_hasher -a localhost:8980 -d /home/debian/blake-client/experiments/e8 -c 3 '-b=true'
INFO: Build completed successfully, 1 total action
2021/03/14 22:59:43 Hash: B3Z:0d59a1adf49f0d259da714bf0400cbc693d2352475e2068fc5d4c8f451caba92
2021/03/14 22:59:43 Hash: B3Z:fe4c60b847526e49dd8cf50a57897070d4c153fefb2d0549907275a491d3df89
2021/03/14 22:59:43 Hash: B3Z:7c987a20f4a539926bc8d1cdeb5d967e8f19dfe131eda7072e9a6008bcc78b56
2021/03/14 22:59:43 Hash: B3Z:0379138517bc5811e645894edbef883e8d64f9056cdb7bdb54e23e31a6367972
2021/03/14 22:59:43 Hash: B3Z:5e9bd207b75f2db40e9c8fe728fa78ffa6cbc3435a364ce4c99a3859ef507db0
2021/03/14 22:59:43 Time Hashing: 152.340085ms
2021/03/14 22:59:43 Bytes Hashed: 71303389
2021/03/14 22:59:43 Action Digest: [94 155 210 7 183 95 45 180 14 156 143 231 40 250 120 255 166 203 195 67 90 54 76 228 201 154 56 89 239 80 125 176] 5e9bd207b75f2db40e9c8fe728fa78ffa6cbc3435a364ce4c99a3859ef507db0  76
2021/03/14 22:59:43 Bytes Uploaded: 76
2021/03/14 22:59:43 Time Uploading: 1.174833ms
2021/03/14 22:59:43 Time Finding Missing Blobs: 5.513529ms
2021/03/14 22:59:44 Execute response: result:{output_files:{path:"out"  digest:{size_bytes:18874368  hash_blake3zcc:"\rY\xa1\xad\xf4\x9f\r%\x9d\xa7\x14\xbf\x04\x00\xcbƓ\xd25$u\xe2\x06\x8f\xc5\xd4\xc8\xf4Qʺ\x92"}}  execution_metadata:{worker:"{\"datacenter\":\"paris\",\"hostname\":\"ubuntu-worker.example.com\",\"rack\":\"4\",\"slot\":\"15\",\"thread\":\"7\"}"  queued_timestamp:{seconds:1615762783  nanos:944681034}  worker_start_timestamp:{seconds:1615762783  nanos:945420259}  worker_completed_timestamp:{seconds:1615762784  nanos:135459539}  input_fetch_start_timestamp:{seconds:1615762783  nanos:945642033}  input_fetch_completed_timestamp:{seconds:1615762783  nanos:947940321}  execution_start_timestamp:{seconds:1615762783  nanos:947940321}  execution_completed_timestamp:{seconds:1615762783  nanos:991586857}  output_upload_start_timestamp:{seconds:1615762783  nanos:991586857}  output_upload_completed_timestamp:{seconds:1615762784  nanos:135459539}  auxiliary_metadata:{type_url:"type.googleapis.com/buildbarn.resourceusage.POSIXResourceUsage"  value:"\n\x00\x12\x05\x10\xd8\xc2\xc3\x12\x18\x80\x80\xf6\x0c8\xa6\x02X\x88\xa0\x06x\x05\x80\x01\x04"}  auxiliary_metadata:{type_url:"type.googleapis.com/buildbarn.resourceusage.FilePoolResourceUsage"}}}  message:"Action details (cached result): /action/blake-client/B3Z:5e9bd207b75f2db40e9c8fe728fa78ffa6cbc3435a364ce4c99a3859ef507db0/76/"
