Loading: 
Loading: 0 packages loaded
Analyzing: target //cmd/blake3zcc_hasher:blake3zcc_hasher (0 packages loaded, 0 targets configured)
INFO: Analyzed target //cmd/blake3zcc_hasher:blake3zcc_hasher (0 packages loaded, 0 targets configured).
INFO: Found 1 target...
[0 / 1] [Prepa] BazelWorkspaceStatusAction stable-status.txt
Target //cmd/blake3zcc_hasher:blake3zcc_hasher up-to-date:
  bazel-bin/cmd/blake3zcc_hasher/blake3zcc_hasher_/blake3zcc_hasher
INFO: Elapsed time: 0.298s, Critical Path: 0.00s
INFO: 0 processes.
INFO: Build completed successfully, 1 total action
INFO: Running command line: bazel-bin/cmd/blake3zcc_hasher/blake3zcc_hasher_/blake3zcc_hasher -a localhost:8980 -d /home/debian/blake-client/experiments/e1 -c 4 '-b=true'
INFO: Build completed successfully, 1 total action
2021/03/14 22:59:19 Hash: B3Z:9a975a92c967affb5d1d28d17bceaece747fdcdbadd875ba66717a166e2dac68
2021/03/14 22:59:19 Hash: B3Z:e22ab87183b7dce07cc5e55d2dd98da9cd5d29b00ebb88cf6d50b444c1e389be
2021/03/14 22:59:19 Hash: B3Z:cb3a4cd0334df6018282a590b5ad2b04de005c2eb3e574991383e4d6d72daa16
2021/03/14 22:59:19 Command: arguments:"sh"  arguments:"-c"  arguments:"cp in0 out && printf ' ' | dd of=out bs=1 count=1 seek=1048576 conv=notrunc"  output_paths:"out"
2021/03/14 22:59:19 Hash: B3Z:372b2a7f9f25296bfc631d41b3adf6e53c303c47c8493a4e38e4fe2ae3240439
2021/03/14 22:59:19 Hash: B3Z:d176fea55dd2a0d7d284bd4b29aa28a802b1d742ca444205d6b1e7b10c0017d6
2021/03/14 22:59:19 Time Hashing: 45.85666ms
2021/03/14 22:59:19 Bytes Hashed: 20971784
2021/03/14 22:59:19 Action Digest: [209 118 254 165 93 210 160 215 210 132 189 75 41 170 40 168 2 177 215 66 202 68 66 5 214 177 231 177 12 0 23 214] d176fea55dd2a0d7d284bd4b29aa28a802b1d742ca444205d6b1e7b10c0017d6  76
2021/03/14 22:59:19 Bytes Uploaded: 166
2021/03/14 22:59:19 Time Uploading: 2.459899ms
2021/03/14 22:59:19 Time Finding Missing Blobs: 2.647608ms
2021/03/14 22:59:19 Execute response: result:{output_files:{path:"out"  digest:{size_bytes:2097153  hash_blake3zcc:"6\xd6\x02\x82\xdc\x10bemd\xec\xdeId\xf9Dh\xd9M\x96\x8d\x882\xcey\x19\n/F\xccs\xe5"}}  stderr_digest:{size_bytes:69  hash_blake3zcc:"\x0b\x9dMwڷ\x18\xday\xefN\t\x83\x98w~x;\xbdO\xa7\xa5\xab#\xda\xdd\xdbX\xbb\xce\xd8\x07"}  execution_metadata:{worker:"{\"datacenter\":\"paris\",\"hostname\":\"ubuntu-worker.example.com\",\"rack\":\"4\",\"slot\":\"15\",\"thread\":\"4\"}"  queued_timestamp:{seconds:1615762759  nanos:320319512}  worker_start_timestamp:{seconds:1615762759  nanos:321147544}  worker_completed_timestamp:{seconds:1615762759  nanos:361246024}  input_fetch_start_timestamp:{seconds:1615762759  nanos:321446831}  input_fetch_completed_timestamp:{seconds:1615762759  nanos:322136416}  execution_start_timestamp:{seconds:1615762759  nanos:322136416}  execution_completed_timestamp:{seconds:1615762759  nanos:327448263}  output_upload_start_timestamp:{seconds:1615762759  nanos:327448263}  output_upload_completed_timestamp:{seconds:1615762759  nanos:361246024}  auxiliary_metadata:{type_url:"type.googleapis.com/buildbarn.resourceusage.POSIXResourceUsage"  value:"\n\x04\x10\xe8\x85T\x12\x04\x10\x80\xaao\x18\x80\x80\xf6\x0c8\xd1\x02X\x90 x\x06\x80\x01\x0c"}  auxiliary_metadata:{type_url:"type.googleapis.com/buildbarn.resourceusage.FilePoolResourceUsage"}}}  message:"Action details (cached result): /action/blake-client/B3Z:d176fea55dd2a0d7d284bd4b29aa28a802b1d742ca444205d6b1e7b10c0017d6/76/"
