Loading: 
Loading: 0 packages loaded
Analyzing: target //cmd/blake3zcc_hasher:blake3zcc_hasher (0 packages loaded, 0 targets configured)
INFO: Analyzed target //cmd/blake3zcc_hasher:blake3zcc_hasher (0 packages loaded, 0 targets configured).
INFO: Found 1 target...
[0 / 1] [Prepa] BazelWorkspaceStatusAction stable-status.txt
Target //cmd/blake3zcc_hasher:blake3zcc_hasher up-to-date:
  bazel-bin/cmd/blake3zcc_hasher/blake3zcc_hasher_/blake3zcc_hasher
INFO: Elapsed time: 0.085s, Critical Path: 0.00s
INFO: 0 processes.
INFO: Build completed successfully, 1 total action
INFO: Running command line: bazel-bin/cmd/blake3zcc_hasher/blake3zcc_hasher_/blake3zcc_hasher -a localhost:8980 -d /home/debian/blake-client/experiments/e6 -c 4 '-b=true'
INFO: Build completed successfully, 1 total action
2021/03/14 22:59:36 Hash: B3Z:19710defbabdb9bae3c189a8d44a0db98d889b01e6a54a5477611a72da10f8c6
2021/03/14 22:59:36 Hash: B3Z:42b8ccf748ea3d4baa7adbbd78f030bf32bdb674286433b5664711536d2ccbcd
2021/03/14 22:59:36 Hash: B3Z:7bcbb4861ee6beb978029b9639a125522b3ec06767fa3094d697c7ae3ba0bcdd
2021/03/14 22:59:36 Command: arguments:"sh"  arguments:"-c"  arguments:"cp in0 out && printf ' ' | dd of=out bs=1 count=1 seek=17825792 conv=notrunc"  output_paths:"out"
2021/03/14 22:59:36 Hash: B3Z:ab29b7cf55e91ffa82e1393ddd7f465fe6a18d104021bb511ae2f359975b3e72
2021/03/14 22:59:36 Hash: B3Z:e89a1294e23fb44c5929825683e7231ab95f343e7198d866ba24ed123201317c
2021/03/14 22:59:36 Time Hashing: 189.482404ms
2021/03/14 22:59:36 Bytes Hashed: 88080648
2021/03/14 22:59:36 Action Digest: [232 154 18 148 226 63 180 76 89 41 130 86 131 231 35 26 185 95 52 62 113 152 216 102 186 36 237 18 50 1 49 124] e89a1294e23fb44c5929825683e7231ab95f343e7198d866ba24ed123201317c  76
2021/03/14 22:59:36 Bytes Uploaded: 167
2021/03/14 22:59:36 Time Uploading: 1.900058ms
2021/03/14 22:59:36 Time Finding Missing Blobs: 3.685274ms
2021/03/14 22:59:36 Execute response: result:{output_files:{path:"out"  digest:{size_bytes:35651585  hash_blake3zcc:"\x1a\x14\xf8\xc5$\xfb\xd7>\x8c^'\xdb\xdd!\xb8\xcd>c\xc4O\xf5\xaf\x9eS!\"&~\x8e\xab\xff0"}}  stderr_digest:{size_bytes:70  hash_blake3zcc:"OE\xacv\x16D\xe7<\xc7\xf7\x88\xd9c-z\\BoQPO\x8c\xea\xbd\xf9\x0f'\xfc>J\x11\x1c"}  execution_metadata:{worker:"{\"datacenter\":\"paris\",\"hostname\":\"ubuntu-worker.example.com\",\"rack\":\"4\",\"slot\":\"15\",\"thread\":\"0\"}"  queued_timestamp:{seconds:1615762776  nanos:235517322}  worker_start_timestamp:{seconds:1615762776  nanos:235817226}  worker_completed_timestamp:{seconds:1615762776  nanos:515616264}  input_fetch_start_timestamp:{seconds:1615762776  nanos:236079131}  input_fetch_completed_timestamp:{seconds:1615762776  nanos:236506353}  execution_start_timestamp:{seconds:1615762776  nanos:236506353}  execution_completed_timestamp:{seconds:1615762776  nanos:261067957}  output_upload_start_timestamp:{seconds:1615762776  nanos:261067957}  output_upload_completed_timestamp:{seconds:1615762776  nanos:515616264}  auxiliary_metadata:{type_url:"type.googleapis.com/buildbarn.resourceusage.POSIXResourceUsage"  value:"\n\x04\x10\x88\xf5c\x12\x05\x10\xf8\xf2\x85\t\x18\x80\x80\xf6\x0c8\xca\x02X\x90\xa0\x04x\x06\x80\x01\x0f"}  auxiliary_metadata:{type_url:"type.googleapis.com/buildbarn.resourceusage.FilePoolResourceUsage"}}}  message:"Action details (cached result): /action/blake-client/B3Z:e89a1294e23fb44c5929825683e7231ab95f343e7198d866ba24ed123201317c/76/"
