Loading: 
Loading: 0 packages loaded
Analyzing: target //cmd/blake3zcc_hasher:blake3zcc_hasher (0 packages loaded, 0 targets configured)
INFO: Analyzed target //cmd/blake3zcc_hasher:blake3zcc_hasher (0 packages loaded, 0 targets configured).
INFO: Found 1 target...
[0 / 1] [Prepa] BazelWorkspaceStatusAction stable-status.txt
Target //cmd/blake3zcc_hasher:blake3zcc_hasher up-to-date:
  bazel-bin/cmd/blake3zcc_hasher/linux_amd64_stripped/blake3zcc_hasher
INFO: Elapsed time: 0.064s, Critical Path: 0.00s
INFO: 0 processes.
INFO: Build completed successfully, 1 total action
INFO: Running command line: bazel-bin/cmd/blake3zcc_hasher/linux_amd64_stripped/blake3zcc_hasher -a localhost:8980 -d /home/scott/buildbarn/blake-client/experiments/e10 -c 3 '-b=false'
INFO: Build completed successfully, 1 total action
2021/02/03 15:39:18 Hash: 4465d89da4f7f71b0ce211c9a63e834aa9c869358b85a9a64a9988eea3d6b7f0
2021/02/03 15:39:18 Hash: 7ef43086d6ff0877a42e27bfa629270eacb2e6a327950020a4e426f0281a1e63
2021/02/03 15:39:18 Hash: db243e0342b2839e4edf6646cad61c6ad6eb9f4d3e3029ccbea3a309498e6f1c
2021/02/03 15:39:18 Hash: fc8f7ebcae29b1a99f8ef31c259df5db6244c70ebfb86af990c2af6cd4ee41fc
2021/02/03 15:39:18 Hash: 89cf482f9c593a8d43b379c64f0490fcf005daf51e41f24edb448b56c210b456
2021/02/03 15:39:18 Action Digest: []  89cf482f9c593a8d43b379c64f0490fcf005daf51e41f24edb448b56c210b456 141
2021/02/03 15:39:18 Bytes Uploaded: 141
2021/02/03 15:39:18 Time Hashing: 172.689µs
2021/02/03 15:39:18 Time Uploading: 537.812µs
2021/02/03 15:39:18 Time Finding Missing Blobs: 1.449937ms
2021/02/03 15:39:18 Execute response: result:<output_files:<path:"out" digest:<hash_other:"4465d89da4f7f71b0ce211c9a63e834aa9c869358b85a9a64a9988eea3d6b7f0" size_bytes:16385 > > execution_metadata:<worker:"{\"datacenter\":\"paris\",\"hostname\":\"ubuntu-worker.example.com\",\"rack\":\"4\",\"slot\":\"15\",\"thread\":\"6\"}" queued_timestamp:<seconds:1612366758 nanos:27844399 > worker_start_timestamp:<seconds:1612366758 nanos:28195653 > worker_completed_timestamp:<seconds:1612366758 nanos:30943592 > input_fetch_start_timestamp:<seconds:1612366758 nanos:28439940 > input_fetch_completed_timestamp:<seconds:1612366758 nanos:28441667 > execution_start_timestamp:<seconds:1612366758 nanos:28441667 > execution_completed_timestamp:<seconds:1612366758 nanos:30436191 > output_upload_start_timestamp:<seconds:1612366758 nanos:30436191 > output_upload_completed_timestamp:<seconds:1612366758 nanos:30943592 > auxiliary_metadata:<type_url:"type.googleapis.com/buildbarn.resourceusage.POSIXResourceUsage" value:"\n\004\020\360\243W\022\000\030\200\340\257\t8\205\002XHx\005\200\001\001" > auxiliary_metadata:<type_url:"type.googleapis.com/buildbarn.resourceusage.FilePoolResourceUsage" > > > message:"Action details (cached result): /action/blake-client/89cf482f9c593a8d43b379c64f0490fcf005daf51e41f24edb448b56c210b456/141/" 
