Loading: 
Loading: 0 packages loaded
Analyzing: target //cmd/blake3zcc_hasher:blake3zcc_hasher (0 packages loaded, 0 targets configured)
INFO: Analyzed target //cmd/blake3zcc_hasher:blake3zcc_hasher (0 packages loaded, 0 targets configured).
INFO: Found 1 target...
[0 / 1] [Prepa] BazelWorkspaceStatusAction stable-status.txt
Target //cmd/blake3zcc_hasher:blake3zcc_hasher up-to-date:
  bazel-bin/cmd/blake3zcc_hasher/linux_amd64_stripped/blake3zcc_hasher
INFO: Elapsed time: 0.065s, Critical Path: 0.00s
INFO: 0 processes.
INFO: Build completed successfully, 1 total action
INFO: Running command line: bazel-bin/cmd/blake3zcc_hasher/linux_amd64_stripped/blake3zcc_hasher -a localhost:8980 -d /home/scott/buildbarn/blake-client/experiments/e6 -c 4 '-b=true'
INFO: Build completed successfully, 1 total action
2021/01/31 17:50:41 Hash: B3Z:477b12cdf7401191a9fd9936bdf4118789c0b17f4ced6457fd7e6af98aca39f5
2021/01/31 17:50:41 Hash: B3Z:c25e57d4780d5c402a04f7c32ae6e286499cfdcae5a639f2be0887d07b59c8c5
2021/01/31 17:50:41 Command: arguments:"sh" arguments:"-c" arguments:"cp in0 out && printf ' ' | dd of=out bs=1 count=1 seek=20479 conv=notrunc" output_paths:"out" 
2021/01/31 17:50:41 Hash: B3Z:09ca022af18c5e3247298b64469b1ca3915200010e2638b89d97312eb630d167
2021/01/31 17:50:41 Hash: B3Z:18eb91477a1e986b56742ee200a06cdaa15d597cc66652f93fed6ed83d1c3464
2021/01/31 17:50:41 Action Digest: [24 235 145 71 122 30 152 107 86 116 46 226 0 160 108 218 161 93 89 124 198 102 82 249 63 237 110 216 61 28 52 100] 18eb91477a1e986b56742ee200a06cdaa15d597cc66652f93fed6ed83d1c3464  76
2021/01/31 17:50:41 Bytes Uploaded: 164
2021/01/31 17:50:41 Time Hashing: 185.166µs
2021/01/31 17:50:41 Time Uploading: 969.064µs
2021/01/31 17:50:41 Time Finding Missing Blobs: 2.337555ms
2021/01/31 17:50:41 Execute response: result:<output_files:<path:"out" digest:<size_bytes:40959 hash_blake3zcc:"\005\242v\205g\010\234\023\037\372vkO\307\255A\356\360\244\355D\365\316\363\361N\363\227\366\276N3" > > stderr_digest:<size_bytes:69 hash_blake3zcc:"\355`\343k\037r\001\335\253\031\313)\214MF\014}8\316\247\253N!\364\302\215\354,\301<\373V" > execution_metadata:<worker:"{\"datacenter\":\"paris\",\"hostname\":\"ubuntu-worker.example.com\",\"rack\":\"4\",\"slot\":\"15\",\"thread\":\"6\"}" queued_timestamp:<seconds:1612115441 nanos:537922302 > worker_start_timestamp:<seconds:1612115441 nanos:538149860 > worker_completed_timestamp:<seconds:1612115441 nanos:542367663 > input_fetch_start_timestamp:<seconds:1612115441 nanos:538293962 > input_fetch_completed_timestamp:<seconds:1612115441 nanos:538294857 > execution_start_timestamp:<seconds:1612115441 nanos:538294857 > execution_completed_timestamp:<seconds:1612115441 nanos:540304945 > output_upload_start_timestamp:<seconds:1612115441 nanos:540304945 > output_upload_completed_timestamp:<seconds:1612115441 nanos:542367663 > auxiliary_metadata:<type_url:"type.googleapis.com/buildbarn.resourceusage.POSIXResourceUsage" value:"\n\004\020\220\253_\022\000\030\200\200\364\t8\263\002XXx\006\200\001\001" > auxiliary_metadata:<type_url:"type.googleapis.com/buildbarn.resourceusage.FilePoolResourceUsage" > > > message:"Action details (cached result): /action/blake-client/B3Z:18eb91477a1e986b56742ee200a06cdaa15d597cc66652f93fed6ed83d1c3464/76/" 
