Loading: 
Loading: 0 packages loaded
Analyzing: target //cmd/blake3zcc_hasher:blake3zcc_hasher (0 packages loaded, 0 targets configured)
INFO: Analyzed target //cmd/blake3zcc_hasher:blake3zcc_hasher (0 packages loaded, 0 targets configured).
INFO: Found 1 target...
[0 / 1] [Prepa] BazelWorkspaceStatusAction stable-status.txt
Target //cmd/blake3zcc_hasher:blake3zcc_hasher up-to-date:
  bazel-bin/cmd/blake3zcc_hasher/linux_amd64_stripped/blake3zcc_hasher
INFO: Elapsed time: 0.059s, Critical Path: 0.00s
INFO: 0 processes.
INFO: Build completed successfully, 1 total action
INFO: Running command line: bazel-bin/cmd/blake3zcc_hasher/linux_amd64_stripped/blake3zcc_hasher -a localhost:8980 -d /home/scott/buildbarn/blake-client/experiments/e6 -c 0 '-b=false'
INFO: Build completed successfully, 1 total action
2021/01/31 17:52:21 Hash: 510c01132bc3d9635315d940de39901e670e41502aec3b18ca321bdd822a9198
2021/01/31 17:52:21 Hash: 021b9dc1be9ca284ff6414b55cb7abcd08f5671a3a437fdafde07c8d34c3185e
2021/01/31 17:52:21 Hash: a13e5774979b9aac00eace0526fcfa2a673226c22b649d685f3540cdc7b38f9c
2021/01/31 17:52:21 Hash: 679e6f1eeeb3b8178e903fd51f2262986d7f311c9111b49d8121c6567f8e99b2
2021/01/31 17:52:21 Action Digest: []  679e6f1eeeb3b8178e903fd51f2262986d7f311c9111b49d8121c6567f8e99b2 140
2021/01/31 17:52:21 Bytes Uploaded: 140
2021/01/31 17:52:21 Time Hashing: 108.821µs
2021/01/31 17:52:21 Time Uploading: 426.955µs
2021/01/31 17:52:21 Time Finding Missing Blobs: 690.267µs
2021/01/31 17:52:21 Execute response: result:<output_files:<path:"out" digest:<hash_other:"510c01132bc3d9635315d940de39901e670e41502aec3b18ca321bdd822a9198" size_bytes:40959 > > execution_metadata:<worker:"{\"datacenter\":\"paris\",\"hostname\":\"ubuntu-worker.example.com\",\"rack\":\"4\",\"slot\":\"15\",\"thread\":\"3\"}" queued_timestamp:<seconds:1612115541 nanos:782458764 > worker_start_timestamp:<seconds:1612115541 nanos:782696182 > worker_completed_timestamp:<seconds:1612115541 nanos:784700669 > input_fetch_start_timestamp:<seconds:1612115541 nanos:782798415 > input_fetch_completed_timestamp:<seconds:1612115541 nanos:782870450 > execution_start_timestamp:<seconds:1612115541 nanos:782870450 > execution_completed_timestamp:<seconds:1612115541 nanos:784032131 > output_upload_start_timestamp:<seconds:1612115541 nanos:784032131 > output_upload_completed_timestamp:<seconds:1612115541 nanos:784700669 > auxiliary_metadata:<type_url:"type.googleapis.com/buildbarn.resourceusage.POSIXResourceUsage" value:"\n\004\020\260\357)\022\000\030\200\240\372\t8nXPx\001\200\001\006" > auxiliary_metadata:<type_url:"type.googleapis.com/buildbarn.resourceusage.FilePoolResourceUsage" > > > message:"Action details (cached result): /action/blake-client/679e6f1eeeb3b8178e903fd51f2262986d7f311c9111b49d8121c6567f8e99b2/140/" 
