Loading: 
Loading: 0 packages loaded
Analyzing: target //cmd/blake3zcc_hasher:blake3zcc_hasher (0 packages loaded, 0 targets configured)
INFO: Analyzed target //cmd/blake3zcc_hasher:blake3zcc_hasher (0 packages loaded, 0 targets configured).
INFO: Found 1 target...
[0 / 1] [Prepa] BazelWorkspaceStatusAction stable-status.txt
Target //cmd/blake3zcc_hasher:blake3zcc_hasher up-to-date:
  bazel-bin/cmd/blake3zcc_hasher/blake3zcc_hasher_/blake3zcc_hasher
INFO: Elapsed time: 0.114s, Critical Path: 0.00s
INFO: 0 processes.
INFO: Build completed successfully, 1 total action
INFO: Running command line: bazel-bin/cmd/blake3zcc_hasher/blake3zcc_hasher_/blake3zcc_hasher -a localhost:8980 -d /home/debian/blake-client/experiments/e12 -c 3 '-b=false'
INFO: Build completed successfully, 1 total action
2021/03/09 13:06:00 Hash: b1fb0079828ab653919011a9f8cfdd3704387eb08e1dc971155b33c03e0da1ef
2021/03/09 13:06:00 Hash: 4465d89da4f7f71b0ce211c9a63e834aa9c869358b85a9a64a9988eea3d6b7f0
2021/03/09 13:06:00 Hash: 251b0727c1fe8ff5eaec1203814a0ad438a4a9f097b8a00fcb86588dad1d9b74
2021/03/09 13:06:00 Hash: fc8f7ebcae29b1a99f8ef31c259df5db6244c70ebfb86af990c2af6cd4ee41fc
2021/03/09 13:06:00 Hash: 9b0eacb5a27a741f20ddf177e1cb229597c9514d504d9a4a5375c7dae9903f70
2021/03/09 13:06:00 Time Hashing: 126.73µs
2021/03/09 13:06:00 Bytes Hashed: 24924
2021/03/09 13:06:00 Action Digest: []  9b0eacb5a27a741f20ddf177e1cb229597c9514d504d9a4a5375c7dae9903f70 141
2021/03/09 13:06:00 Bytes Uploaded: 141
2021/03/09 13:06:00 Time Uploading: 1.080991ms
2021/03/09 13:06:00 Time Finding Missing Blobs: 1.196774ms
2021/03/09 13:06:00 Execute response: result:{output_files:{path:"out"  digest:{hash_other:"b1fb0079828ab653919011a9f8cfdd3704387eb08e1dc971155b33c03e0da1ef"  size_bytes:8193}}  execution_metadata:{worker:"{\"datacenter\":\"paris\",\"hostname\":\"ubuntu-worker.example.com\",\"rack\":\"4\",\"slot\":\"15\",\"thread\":\"3\"}"  queued_timestamp:{seconds:1615295160  nanos:701940410}  worker_start_timestamp:{seconds:1615295160  nanos:702480050}  worker_completed_timestamp:{seconds:1615295160  nanos:708531915}  input_fetch_start_timestamp:{seconds:1615295160  nanos:702661943}  input_fetch_completed_timestamp:{seconds:1615295160  nanos:703720366}  execution_start_timestamp:{seconds:1615295160  nanos:703720366}  execution_completed_timestamp:{seconds:1615295160  nanos:707261182}  output_upload_start_timestamp:{seconds:1615295160  nanos:707261182}  output_upload_completed_timestamp:{seconds:1615295160  nanos:708531915}  auxiliary_metadata:{type_url:"type.googleapis.com/buildbarn.resourceusage.POSIXResourceUsage"  value:"\n\x05\x10\xa0\x93\x81\x01\x12\x00\x18\x80\xa0\x8c\r8\x88\x02X(x\x05\x80\x01\x08"}  auxiliary_metadata:{type_url:"type.googleapis.com/buildbarn.resourceusage.FilePoolResourceUsage"}}}  message:"Action details (cached result): /action/blake-client/9b0eacb5a27a741f20ddf177e1cb229597c9514d504d9a4a5375c7dae9903f70/141/"
