Loading: 
Loading: 0 packages loaded
Analyzing: target //cmd/blake3zcc_hasher:blake3zcc_hasher (0 packages loaded, 0 targets configured)
INFO: Analyzed target //cmd/blake3zcc_hasher:blake3zcc_hasher (0 packages loaded, 0 targets configured).
INFO: Found 1 target...
[0 / 1] [Prepa] BazelWorkspaceStatusAction stable-status.txt
Target //cmd/blake3zcc_hasher:blake3zcc_hasher up-to-date:
  bazel-bin/cmd/blake3zcc_hasher/linux_amd64_stripped/blake3zcc_hasher
INFO: Elapsed time: 0.071s, Critical Path: 0.00s
INFO: 0 processes.
INFO: Build completed successfully, 1 total action
INFO: Running command line: bazel-bin/cmd/blake3zcc_hasher/linux_amd64_stripped/blake3zcc_hasher -a localhost:8980 -d /home/scott/buildbarn/blake-client/experiments/e3 -c 3 '-b=false'
INFO: Build completed successfully, 1 total action
2021/02/19 16:21:44 Hash: 510c01132bc3d9635315d940de39901e670e41502aec3b18ca321bdd822a9198
2021/02/19 16:21:44 Hash: b1fb0079828ab653919011a9f8cfdd3704387eb08e1dc971155b33c03e0da1ef
2021/02/19 16:21:44 Hash: 51e5d4740209ec21fc1afa705d111212ed3fe8202b50f38d5757979a48819790
2021/02/19 16:21:44 Hash: fc8f7ebcae29b1a99f8ef31c259df5db6244c70ebfb86af990c2af6cd4ee41fc
2021/02/19 16:21:44 Hash: d6492cd33ff60891e7f6155da438b9103863f8534ed3fc05e1598e52fd6515b3
2021/02/19 16:21:44 Action Digest: []  d6492cd33ff60891e7f6155da438b9103863f8534ed3fc05e1598e52fd6515b3 141
2021/02/19 16:21:44 Bytes Uploaded: 141
2021/02/19 16:21:44 Bytes Hashed: 49498
2021/02/19 16:21:44 Time Hashing: 156.716µs
2021/02/19 16:21:44 Time Uploading: 747.571µs
2021/02/19 16:21:44 Time Finding Missing Blobs: 916.231µs
2021/02/19 16:21:44 Execute response: result:<output_files:<path:"out" digest:<hash_other:"510c01132bc3d9635315d940de39901e670e41502aec3b18ca321bdd822a9198" size_bytes:40959 > > execution_metadata:<worker:"{\"datacenter\":\"paris\",\"hostname\":\"ubuntu-worker.example.com\",\"rack\":\"4\",\"slot\":\"15\",\"thread\":\"0\"}" queued_timestamp:<seconds:1613751704 nanos:691145222 > worker_start_timestamp:<seconds:1613751704 nanos:691406773 > worker_completed_timestamp:<seconds:1613751704 nanos:694486747 > input_fetch_start_timestamp:<seconds:1613751704 nanos:691609441 > input_fetch_completed_timestamp:<seconds:1613751704 nanos:691610299 > execution_start_timestamp:<seconds:1613751704 nanos:691610299 > execution_completed_timestamp:<seconds:1613751704 nanos:693347892 > output_upload_start_timestamp:<seconds:1613751704 nanos:693347892 > output_upload_completed_timestamp:<seconds:1613751704 nanos:694486747 > auxiliary_metadata:<type_url:"type.googleapis.com/buildbarn.resourceusage.POSIXResourceUsage" value:"\n\004\020\200\215O\022\000\030\200\240\373\t8\202\002X\030x\005\200\001\001" > auxiliary_metadata:<type_url:"type.googleapis.com/buildbarn.resourceusage.FilePoolResourceUsage" > > > message:"Action details (cached result): /action/blake-client/d6492cd33ff60891e7f6155da438b9103863f8534ed3fc05e1598e52fd6515b3/141/" 
