Loading: 
Loading: 0 packages loaded
Analyzing: target //cmd/blake3zcc_hasher:blake3zcc_hasher (0 packages loaded, 0 targets configured)
INFO: Analyzed target //cmd/blake3zcc_hasher:blake3zcc_hasher (0 packages loaded, 0 targets configured).
INFO: Found 1 target...
[0 / 1] [Prepa] BazelWorkspaceStatusAction stable-status.txt
Target //cmd/blake3zcc_hasher:blake3zcc_hasher up-to-date:
  bazel-bin/cmd/blake3zcc_hasher/blake3zcc_hasher_/blake3zcc_hasher
INFO: Elapsed time: 0.077s, Critical Path: 0.00s
INFO: 0 processes.
INFO: Build completed successfully, 1 total action
INFO: Running command line: bazel-bin/cmd/blake3zcc_hasher/blake3zcc_hasher_/blake3zcc_hasher -a localhost:8980 -d /home/debian/blake-client/experiments/e1 -c 4 '-b=false'
INFO: Build completed successfully, 1 total action
2021/03/09 13:05:59 Hash: 4465d89da4f7f71b0ce211c9a63e834aa9c869358b85a9a64a9988eea3d6b7f0
2021/03/09 13:05:59 Hash: b1fb0079828ab653919011a9f8cfdd3704387eb08e1dc971155b33c03e0da1ef
2021/03/09 13:05:59 Hash: bcb2fa5f976df154b00e7cd29a7e9f8649dcbb327b9384bdc40e78bf660ad8d9
2021/03/09 13:05:59 Command: arguments:"sh"  arguments:"-c"  arguments:"cp in0 out && printf ' ' | dd of=out bs=1 count=1 seek=4096 conv=notrunc"  output_paths:"out"
2021/03/09 13:05:59 Hash: b37ef69633a11a7d61e827de70a04f2728a6b7611d4b535c30e9a07dc10d417f
2021/03/09 13:05:59 Hash: 7b6eb0de9bdedf359dc3575c6d32119b8e0c3a764c83c998ef32f936be19b3bb
2021/03/09 13:05:59 Time Hashing: 123.667µs
2021/03/09 13:05:59 Bytes Hashed: 24963
2021/03/09 13:05:59 Action Digest: []  7b6eb0de9bdedf359dc3575c6d32119b8e0c3a764c83c998ef32f936be19b3bb 141
2021/03/09 13:05:59 Bytes Uploaded: 228
2021/03/09 13:05:59 Time Uploading: 1.725073ms
2021/03/09 13:05:59 Time Finding Missing Blobs: 3.713773ms
2021/03/09 13:05:59 Execute response: result:{output_files:{path:"out"  digest:{hash_other:"4cc32312bf0efd6966a6d7f5c0a49bbdbb755631d260c50fa8a05f8145bec0a0"  size_bytes:8193}}  stderr_digest:{hash_other:"767d4f85d1da51a80c6c3710d14f6d06b07a8c354406d010ca6480d43fcc7171"  size_bytes:70}  execution_metadata:{worker:"{\"datacenter\":\"paris\",\"hostname\":\"ubuntu-worker.example.com\",\"rack\":\"4\",\"slot\":\"15\",\"thread\":\"6\"}"  queued_timestamp:{seconds:1615295159  nanos:904041118}  worker_start_timestamp:{seconds:1615295159  nanos:904468227}  worker_completed_timestamp:{seconds:1615295159  nanos:911472162}  input_fetch_start_timestamp:{seconds:1615295159  nanos:904937679}  input_fetch_completed_timestamp:{seconds:1615295159  nanos:905718309}  execution_start_timestamp:{seconds:1615295159  nanos:905718309}  execution_completed_timestamp:{seconds:1615295159  nanos:908446018}  output_upload_start_timestamp:{seconds:1615295159  nanos:908446018}  output_upload_completed_timestamp:{seconds:1615295159  nanos:911472162}  auxiliary_metadata:{type_url:"type.googleapis.com/buildbarn.resourceusage.POSIXResourceUsage"  value:"\n\x04\x10\x90\xd1|\x12\x00\x18\x80\xa0\x8c\r8\xa2\x02X x\x07\x80\x01\x06"}  auxiliary_metadata:{type_url:"type.googleapis.com/buildbarn.resourceusage.FilePoolResourceUsage"}}}  message:"Action details (cached result): /action/blake-client/7b6eb0de9bdedf359dc3575c6d32119b8e0c3a764c83c998ef32f936be19b3bb/141/"
