Loading: 
Loading: 0 packages loaded
Analyzing: target //cmd/blake3zcc_hasher:blake3zcc_hasher (0 packages loaded, 0 targets configured)
INFO: Analyzed target //cmd/blake3zcc_hasher:blake3zcc_hasher (0 packages loaded, 0 targets configured).
INFO: Found 1 target...
[0 / 1] [Prepa] BazelWorkspaceStatusAction stable-status.txt
Target //cmd/blake3zcc_hasher:blake3zcc_hasher up-to-date:
  bazel-bin/cmd/blake3zcc_hasher/linux_amd64_stripped/blake3zcc_hasher
INFO: Elapsed time: 0.082s, Critical Path: 0.00s
INFO: 0 processes.
INFO: Build completed successfully, 1 total action
INFO: Running command line: bazel-bin/cmd/blake3zcc_hasher/linux_amd64_stripped/blake3zcc_hasher -a localhost:8980 -d /home/scott/buildbarn/blake-client/experiments/e6 -c 3 '-b=true'
INFO: Build completed successfully, 1 total action
2021/02/03 15:37:29 Hash: B3Z:477b12cdf7401191a9fd9936bdf4118789c0b17f4ced6457fd7e6af98aca39f5
2021/02/03 15:37:29 Hash: B3Z:dcc94652552f31d8f074580df4deb3c321355eccbfa112e82c225a54f10d795e
2021/02/03 15:37:29 Hash: B3Z:63a01a2e7ec9f578d43fd89fce7002da191a7bee534a1016971ac02faa3f66ad
2021/02/03 15:37:29 Hash: B3Z:0379138517bc5811e645894edbef883e8d64f9056cdb7bdb54e23e31a6367972
2021/02/03 15:37:29 Hash: B3Z:4a6639b82a62fbf29a550ff463f77ee0e6399603ca0f8b776cfdd7dd06bbfe33
2021/02/03 15:37:29 Action Digest: [74 102 57 184 42 98 251 242 154 85 15 244 99 247 126 224 230 57 150 3 202 15 139 119 108 253 215 221 6 187 254 51] 4a6639b82a62fbf29a550ff463f77ee0e6399603ca0f8b776cfdd7dd06bbfe33  76
2021/02/03 15:37:29 Bytes Uploaded: 76
2021/02/03 15:37:29 Time Hashing: 177.038µs
2021/02/03 15:37:29 Time Uploading: 550.918µs
2021/02/03 15:37:29 Time Finding Missing Blobs: 4.898982ms
2021/02/03 15:37:29 Execute response: result:<output_files:<path:"out" digest:<size_bytes:40959 hash_blake3zcc:"G{\022\315\367@\021\221\251\375\2316\275\364\021\207\211\300\261\177L\355dW\375~j\371\212\3129\365" > > execution_metadata:<worker:"{\"datacenter\":\"paris\",\"hostname\":\"ubuntu-worker.example.com\",\"rack\":\"4\",\"slot\":\"15\",\"thread\":\"1\"}" queued_timestamp:<seconds:1612366649 nanos:833066714 > worker_start_timestamp:<seconds:1612366649 nanos:833319357 > worker_completed_timestamp:<seconds:1612366649 nanos:836189666 > input_fetch_start_timestamp:<seconds:1612366649 nanos:833425366 > input_fetch_completed_timestamp:<seconds:1612366649 nanos:833499803 > execution_start_timestamp:<seconds:1612366649 nanos:833499803 > execution_completed_timestamp:<seconds:1612366649 nanos:835405571 > output_upload_start_timestamp:<seconds:1612366649 nanos:835405571 > output_upload_completed_timestamp:<seconds:1612366649 nanos:836189666 > auxiliary_metadata:<type_url:"type.googleapis.com/buildbarn.resourceusage.POSIXResourceUsage" value:"\n\004\020\350\371W\022\000\030\200\240\352\t8\207\002XHx\005\200\001\002" > auxiliary_metadata:<type_url:"type.googleapis.com/buildbarn.resourceusage.FilePoolResourceUsage" > > > message:"Action details (cached result): /action/blake-client/B3Z:4a6639b82a62fbf29a550ff463f77ee0e6399603ca0f8b776cfdd7dd06bbfe33/76/" 
