Loading: 
Loading: 0 packages loaded
Analyzing: target //cmd/blake3zcc_hasher:blake3zcc_hasher (0 packages loaded, 0 targets configured)
INFO: Analyzed target //cmd/blake3zcc_hasher:blake3zcc_hasher (0 packages loaded, 0 targets configured).
INFO: Found 1 target...
[0 / 1] [Prepa] BazelWorkspaceStatusAction stable-status.txt
Target //cmd/blake3zcc_hasher:blake3zcc_hasher up-to-date:
  bazel-bin/cmd/blake3zcc_hasher/blake3zcc_hasher_/blake3zcc_hasher
INFO: Elapsed time: 0.107s, Critical Path: 0.00s
INFO: 0 processes.
INFO: Build completed successfully, 1 total action
INFO: Running command line: bazel-bin/cmd/blake3zcc_hasher/blake3zcc_hasher_/blake3zcc_hasher -a localhost:8980 -d /home/debian/blake-client/experiments/e8 -c 3 '-b=false'
INFO: Build completed successfully, 1 total action
2021/03/09 13:06:03 Hash: 4465d89da4f7f71b0ce211c9a63e834aa9c869358b85a9a64a9988eea3d6b7f0
2021/03/09 13:06:03 Hash: 510c01132bc3d9635315d940de39901e670e41502aec3b18ca321bdd822a9198
2021/03/09 13:06:03 Hash: 38b43f7cea7fea2f2162342673ff12a2b0e3c7028286c7d4d3ed3803c3a25401
2021/03/09 13:06:03 Hash: fc8f7ebcae29b1a99f8ef31c259df5db6244c70ebfb86af990c2af6cd4ee41fc
2021/03/09 13:06:03 Hash: db121a4c6cc960456028341c21acbc8957a5f0fdcec635e4571c6ee3d447a98e
2021/03/09 13:06:03 Time Hashing: 267.947µs
2021/03/09 13:06:03 Bytes Hashed: 57691
2021/03/09 13:06:03 Action Digest: []  db121a4c6cc960456028341c21acbc8957a5f0fdcec635e4571c6ee3d447a98e 141
2021/03/09 13:06:03 Bytes Uploaded: 141
2021/03/09 13:06:03 Time Uploading: 978.865µs
2021/03/09 13:06:03 Time Finding Missing Blobs: 1.200081ms
2021/03/09 13:06:03 Execute response: result:{output_files:{path:"out"  digest:{hash_other:"4465d89da4f7f71b0ce211c9a63e834aa9c869358b85a9a64a9988eea3d6b7f0"  size_bytes:16385}}  execution_metadata:{worker:"{\"datacenter\":\"paris\",\"hostname\":\"ubuntu-worker.example.com\",\"rack\":\"4\",\"slot\":\"15\",\"thread\":\"5\"}"  queued_timestamp:{seconds:1615295163  nanos:720483704}  worker_start_timestamp:{seconds:1615295163  nanos:721184576}  worker_completed_timestamp:{seconds:1615295163  nanos:726039875}  input_fetch_start_timestamp:{seconds:1615295163  nanos:721599851}  input_fetch_completed_timestamp:{seconds:1615295163  nanos:722402478}  execution_start_timestamp:{seconds:1615295163  nanos:722402478}  execution_completed_timestamp:{seconds:1615295163  nanos:725602364}  output_upload_start_timestamp:{seconds:1615295163  nanos:725602364}  output_upload_completed_timestamp:{seconds:1615295163  nanos:726039875}  auxiliary_metadata:{type_url:"type.googleapis.com/buildbarn.resourceusage.POSIXResourceUsage"  value:"\n\x04\x10\xe8\xa9H\x12\x04\x10\xf0\xad*\x18\x80\xa0\x8c\r8\x83\x02XPx\x05\x80\x01\x08"}  auxiliary_metadata:{type_url:"type.googleapis.com/buildbarn.resourceusage.FilePoolResourceUsage"}}}  message:"Action details (cached result): /action/blake-client/db121a4c6cc960456028341c21acbc8957a5f0fdcec635e4571c6ee3d447a98e/141/"
