Loading: 
Loading: 0 packages loaded
Analyzing: target //cmd/blake3zcc_hasher:blake3zcc_hasher (0 packages loaded, 0 targets configured)
INFO: Analyzed target //cmd/blake3zcc_hasher:blake3zcc_hasher (0 packages loaded, 0 targets configured).
INFO: Found 1 target...
[0 / 1] [Prepa] BazelWorkspaceStatusAction stable-status.txt
Target //cmd/blake3zcc_hasher:blake3zcc_hasher up-to-date:
  bazel-bin/cmd/blake3zcc_hasher/linux_amd64_stripped/blake3zcc_hasher
INFO: Elapsed time: 0.069s, Critical Path: 0.00s
INFO: 0 processes.
INFO: Build completed successfully, 1 total action
INFO: Running command line: bazel-bin/cmd/blake3zcc_hasher/linux_amd64_stripped/blake3zcc_hasher -a localhost:8980 -d /home/scott/buildbarn/blake-client/experiments/e6 -c 1 '-b=true'
INFO: Build completed successfully, 1 total action
2021/02/03 15:37:29 Hash: B3Z:477b12cdf7401191a9fd9936bdf4118789c0b17f4ced6457fd7e6af98aca39f5
2021/02/03 15:37:29 Hash: B3Z:dcc94652552f31d8f074580df4deb3c321355eccbfa112e82c225a54f10d795e
2021/02/03 15:37:29 Hash: B3Z:63a01a2e7ec9f578d43fd89fce7002da191a7bee534a1016971ac02faa3f66ad
2021/02/03 15:37:29 Hash: B3Z:95f1a8b8421e32df87826aa0d29f40b20c295a3f603de6d2533dc0d717f40852
2021/02/03 15:37:29 Hash: B3Z:61450dc46ffb6543de387e41de1993878e292519df9467bc6071edaab99e2e4b
2021/02/03 15:37:29 Action Digest: [97 69 13 196 111 251 101 67 222 56 126 65 222 25 147 135 142 41 37 25 223 148 103 188 96 113 237 170 185 158 46 75] 61450dc46ffb6543de387e41de1993878e292519df9467bc6071edaab99e2e4b  76
2021/02/03 15:37:29 Bytes Uploaded: 76
2021/02/03 15:37:29 Time Hashing: 182.336µs
2021/02/03 15:37:29 Time Uploading: 438.882µs
2021/02/03 15:37:29 Time Finding Missing Blobs: 1.359671ms
2021/02/03 15:37:29 Execute response: result:<output_files:<path:"out" digest:<size_bytes:65538 hash_blake3zcc:"\022\202\272\036V?K#\347\027\265\343\\DM\220\226\321oz\010\252\022\177S\272\232\334\260T&\215" > > execution_metadata:<worker:"{\"datacenter\":\"paris\",\"hostname\":\"ubuntu-worker.example.com\",\"rack\":\"4\",\"slot\":\"15\",\"thread\":\"7\"}" queued_timestamp:<seconds:1612366649 nanos:639021033 > worker_start_timestamp:<seconds:1612366649 nanos:639242395 > worker_completed_timestamp:<seconds:1612366649 nanos:642512985 > input_fetch_start_timestamp:<seconds:1612366649 nanos:639355973 > input_fetch_completed_timestamp:<seconds:1612366649 nanos:639430931 > execution_start_timestamp:<seconds:1612366649 nanos:639430931 > execution_completed_timestamp:<seconds:1612366649 nanos:640770861 > output_upload_start_timestamp:<seconds:1612366649 nanos:640770861 > output_upload_completed_timestamp:<seconds:1612366649 nanos:642512985 > auxiliary_metadata:<type_url:"type.googleapis.com/buildbarn.resourceusage.POSIXResourceUsage" value:"\n\004\020\340\203\036\022\004\020\320\307\027\030\200\240\352\t8\230\001X\210\001x\003\200\001\006" > auxiliary_metadata:<type_url:"type.googleapis.com/buildbarn.resourceusage.FilePoolResourceUsage" > > > message:"Action details (cached result): /action/blake-client/B3Z:61450dc46ffb6543de387e41de1993878e292519df9467bc6071edaab99e2e4b/76/" 
