Loading: 
Loading: 0 packages loaded
Analyzing: target //cmd/blake3zcc_hasher:blake3zcc_hasher (0 packages loaded, 0 targets configured)
INFO: Analyzed target //cmd/blake3zcc_hasher:blake3zcc_hasher (0 packages loaded, 0 targets configured).
INFO: Found 1 target...
[0 / 1] [Prepa] BazelWorkspaceStatusAction stable-status.txt
Target //cmd/blake3zcc_hasher:blake3zcc_hasher up-to-date:
  bazel-bin/cmd/blake3zcc_hasher/linux_amd64_stripped/blake3zcc_hasher
INFO: Elapsed time: 0.066s, Critical Path: 0.00s
INFO: 0 processes.
INFO: Build completed successfully, 1 total action
INFO: Running command line: bazel-bin/cmd/blake3zcc_hasher/linux_amd64_stripped/blake3zcc_hasher -a localhost:8980 -d /home/scott/buildbarn/blake-client/experiments/e7 -c 1 '-b=false'
INFO: Build completed successfully, 1 total action
2021/02/03 15:39:20 Hash: 7ef43086d6ff0877a42e27bfa629270eacb2e6a327950020a4e426f0281a1e63
2021/02/03 15:39:20 Hash: 510c01132bc3d9635315d940de39901e670e41502aec3b18ca321bdd822a9198
2021/02/03 15:39:20 Hash: 4c58233af1b742f51e681d6d74fd457644584eca95d3430d4544a65b9588a636
2021/02/03 15:39:20 Hash: 8ac82c9245239eed86e41c610a024096adf5a90ff857e300c1b91d60ca13e856
2021/02/03 15:39:20 Hash: 89ab724425013b5090c62b691194b1a9aaf127f7290fc28a504106f69559fcc9
2021/02/03 15:39:20 Action Digest: []  89ab724425013b5090c62b691194b1a9aaf127f7290fc28a504106f69559fcc9 141
2021/02/03 15:39:20 Bytes Uploaded: 141
2021/02/03 15:39:20 Time Hashing: 201.464µs
2021/02/03 15:39:20 Time Uploading: 459.324µs
2021/02/03 15:39:20 Time Finding Missing Blobs: 694.033µs
2021/02/03 15:39:20 Execute response: result:<output_files:<path:"out" digest:<hash_other:"8bd11cc1dc639c31e510bbd1254c8ab44c32635ee20e497eeaaa9d3800f8bc31" size_bytes:81918 > > execution_metadata:<worker:"{\"datacenter\":\"paris\",\"hostname\":\"ubuntu-worker.example.com\",\"rack\":\"4\",\"slot\":\"15\",\"thread\":\"1\"}" queued_timestamp:<seconds:1612366760 nanos:476199370 > worker_start_timestamp:<seconds:1612366760 nanos:476443448 > worker_completed_timestamp:<seconds:1612366760 nanos:479668364 > input_fetch_start_timestamp:<seconds:1612366760 nanos:476601078 > input_fetch_completed_timestamp:<seconds:1612366760 nanos:476602046 > execution_start_timestamp:<seconds:1612366760 nanos:476602046 > execution_completed_timestamp:<seconds:1612366760 nanos:478037178 > output_upload_start_timestamp:<seconds:1612366760 nanos:478037178 > output_upload_completed_timestamp:<seconds:1612366760 nanos:479668364 > auxiliary_metadata:<type_url:"type.googleapis.com/buildbarn.resourceusage.POSIXResourceUsage" value:"\n\004\020\370\215\030\022\004\020\220\367\034\030\200\340\347\t8\231\001X\240\001x\003\200\001\001" > auxiliary_metadata:<type_url:"type.googleapis.com/buildbarn.resourceusage.FilePoolResourceUsage" > > > message:"Action details (cached result): /action/blake-client/89ab724425013b5090c62b691194b1a9aaf127f7290fc28a504106f69559fcc9/141/" 
