Loading: 
Loading: 0 packages loaded
Analyzing: target //cmd/blake3zcc_hasher:blake3zcc_hasher (0 packages loaded, 0 targets configured)
INFO: Analyzed target //cmd/blake3zcc_hasher:blake3zcc_hasher (0 packages loaded, 0 targets configured).
INFO: Found 1 target...
[0 / 1] [Prepa] BazelWorkspaceStatusAction stable-status.txt
Target //cmd/blake3zcc_hasher:blake3zcc_hasher up-to-date:
  bazel-bin/cmd/blake3zcc_hasher/linux_amd64_stripped/blake3zcc_hasher
INFO: Elapsed time: 0.057s, Critical Path: 0.00s
INFO: 0 processes.
INFO: Build completed successfully, 1 total action
INFO: Running command line: bazel-bin/cmd/blake3zcc_hasher/linux_amd64_stripped/blake3zcc_hasher -a localhost:8980 -d /home/scott/buildbarn/blake-client/experiments/e7 -c 4 '-b=true'
INFO: Build completed successfully, 1 total action
2021/01/31 17:50:42 Hash: B3Z:dcc94652552f31d8f074580df4deb3c321355eccbfa112e82c225a54f10d795e
2021/01/31 17:50:42 Hash: B3Z:be9420ebc77b22f3684f1d4d0064918816b74ba40f2ee7b7460402e8d92a11fb
2021/01/31 17:50:42 Command: arguments:"sh" arguments:"-c" arguments:"cp in0 out && printf ' ' | dd of=out bs=1 count=1 seek=16384 conv=notrunc" output_paths:"out" 
2021/01/31 17:50:42 Hash: B3Z:ddd033719ab10a61d6ecddc48fa473753d9a9c3a933d55f17206f0db080c113d
2021/01/31 17:50:42 Hash: B3Z:1fe078cc6e23266a1a88347a665519b5deb39f69e98127e55a9c66ba1545639a
2021/01/31 17:50:42 Action Digest: [31 224 120 204 110 35 38 106 26 136 52 122 102 85 25 181 222 179 159 105 233 129 39 229 90 156 102 186 21 69 99 154] 1fe078cc6e23266a1a88347a665519b5deb39f69e98127e55a9c66ba1545639a  76
2021/01/31 17:50:42 Bytes Uploaded: 0
2021/01/31 17:50:42 Time Hashing: 155.699µs
2021/01/31 17:50:42 Time Uploading: 0s
2021/01/31 17:50:42 Time Finding Missing Blobs: 1.144127ms
2021/01/31 17:50:42 Execute response: result:<output_files:<path:"out" digest:<size_bytes:32769 hash_blake3zcc:"\261\201xL+_\345\234\227X\035\373>\312\267\326\357|\352\241\260\271\243\352e\014\361\020Y\341_\177" > > stderr_digest:<size_bytes:70 hash_blake3zcc:"V\020<\377\007}\260\006,(\205\234\317\\e\023'\244\022\000\256\227\036\376\265\t\233\367\007.3\312" > execution_metadata:<worker:"{\"datacenter\":\"paris\",\"hostname\":\"ubuntu-worker.example.com\",\"rack\":\"4\",\"slot\":\"15\",\"thread\":\"0\"}" queued_timestamp:<seconds:1612115442 nanos:8235159 > worker_start_timestamp:<seconds:1612115442 nanos:8456641 > worker_completed_timestamp:<seconds:1612115442 nanos:11656399 > input_fetch_start_timestamp:<seconds:1612115442 nanos:8589151 > input_fetch_completed_timestamp:<seconds:1612115442 nanos:8590032 > execution_start_timestamp:<seconds:1612115442 nanos:8590032 > execution_completed_timestamp:<seconds:1612115442 nanos:10475606 > output_upload_start_timestamp:<seconds:1612115442 nanos:10475606 > output_upload_completed_timestamp:<seconds:1612115442 nanos:11656399 > auxiliary_metadata:<type_url:"type.googleapis.com/buildbarn.resourceusage.POSIXResourceUsage" value:"\n\004\020\210\215\\\022\000\030\200\200\364\t8\251\002XPx\006\200\001\001" > auxiliary_metadata:<type_url:"type.googleapis.com/buildbarn.resourceusage.FilePoolResourceUsage" > > > message:"Action details (cached result): /action/blake-client/B3Z:1fe078cc6e23266a1a88347a665519b5deb39f69e98127e55a9c66ba1545639a/76/" 
