Loading: 
Loading: 0 packages loaded
Analyzing: target //cmd/blake3zcc_hasher:blake3zcc_hasher (0 packages loaded, 0 targets configured)
INFO: Analyzed target //cmd/blake3zcc_hasher:blake3zcc_hasher (0 packages loaded, 0 targets configured).
INFO: Found 1 target...
[0 / 1] [Prepa] BazelWorkspaceStatusAction stable-status.txt
Target //cmd/blake3zcc_hasher:blake3zcc_hasher up-to-date:
  bazel-bin/cmd/blake3zcc_hasher/linux_amd64_stripped/blake3zcc_hasher
INFO: Elapsed time: 0.053s, Critical Path: 0.00s
INFO: 0 processes.
INFO: Build completed successfully, 1 total action
INFO: Running command line: bazel-bin/cmd/blake3zcc_hasher/linux_amd64_stripped/blake3zcc_hasher -a localhost:8980 -d /home/scott/buildbarn/blake-client/experiments/e4 -c 0 '-b=false'
INFO: Build completed successfully, 1 total action
2021/01/31 17:52:21 Hash: 7ef43086d6ff0877a42e27bfa629270eacb2e6a327950020a4e426f0281a1e63
2021/01/31 17:52:21 Hash: 72521f4e2772d23ee3705873dc577b129e84b04b5ab7b63f8db3f5bb47f3dc92
2021/01/31 17:52:21 Hash: a13e5774979b9aac00eace0526fcfa2a673226c22b649d685f3540cdc7b38f9c
2021/01/31 17:52:21 Hash: 5ce04531f9426701995b51bb11e11b546337cc83e3932693a2681b67f26050ef
2021/01/31 17:52:21 Action Digest: []  5ce04531f9426701995b51bb11e11b546337cc83e3932693a2681b67f26050ef 140
2021/01/31 17:52:21 Bytes Uploaded: 140
2021/01/31 17:52:21 Time Hashing: 95.824µs
2021/01/31 17:52:21 Time Uploading: 398.016µs
2021/01/31 17:52:21 Time Finding Missing Blobs: 887.631µs
2021/01/31 17:52:21 Execute response: result:<output_files:<path:"out" digest:<hash_other:"7ef43086d6ff0877a42e27bfa629270eacb2e6a327950020a4e426f0281a1e63" size_bytes:32769 > > execution_metadata:<worker:"{\"datacenter\":\"paris\",\"hostname\":\"ubuntu-worker.example.com\",\"rack\":\"4\",\"slot\":\"15\",\"thread\":\"7\"}" queued_timestamp:<seconds:1612115541 nanos:208156619 > worker_start_timestamp:<seconds:1612115541 nanos:208367203 > worker_completed_timestamp:<seconds:1612115541 nanos:210186410 > input_fetch_start_timestamp:<seconds:1612115541 nanos:208515786 > input_fetch_completed_timestamp:<seconds:1612115541 nanos:208516688 > execution_start_timestamp:<seconds:1612115541 nanos:208516688 > execution_completed_timestamp:<seconds:1612115541 nanos:209640038 > output_upload_start_timestamp:<seconds:1612115541 nanos:209640038 > output_upload_completed_timestamp:<seconds:1612115541 nanos:210186410 > auxiliary_metadata:<type_url:"type.googleapis.com/buildbarn.resourceusage.POSIXResourceUsage" value:"\n\004\020\340\342(\022\000\030\200\340\302\t8mXHx\001" > auxiliary_metadata:<type_url:"type.googleapis.com/buildbarn.resourceusage.FilePoolResourceUsage" > > > message:"Action details (cached result): /action/blake-client/5ce04531f9426701995b51bb11e11b546337cc83e3932693a2681b67f26050ef/140/" 
