Loading: 
Loading: 0 packages loaded
Analyzing: target //cmd/blake3zcc_hasher:blake3zcc_hasher (0 packages loaded, 0 targets configured)
INFO: Analyzed target //cmd/blake3zcc_hasher:blake3zcc_hasher (0 packages loaded, 0 targets configured).
INFO: Found 1 target...
[0 / 1] [Prepa] BazelWorkspaceStatusAction stable-status.txt
Target //cmd/blake3zcc_hasher:blake3zcc_hasher up-to-date:
  bazel-bin/cmd/blake3zcc_hasher/linux_amd64_stripped/blake3zcc_hasher
INFO: Elapsed time: 0.073s, Critical Path: 0.00s
INFO: 0 processes.
INFO: Build completed successfully, 1 total action
INFO: Running command line: bazel-bin/cmd/blake3zcc_hasher/linux_amd64_stripped/blake3zcc_hasher -a localhost:8980 -d /home/scott/buildbarn/blake-client/experiments/e4 -c 3 '-b=true'
INFO: Build completed successfully, 1 total action
2021/02/19 16:22:06 Hash: B3Z:dcc94652552f31d8f074580df4deb3c321355eccbfa112e82c225a54f10d795e
2021/02/19 16:22:06 Hash: B3Z:d88e75149fe719abc7e6d415a8caef5ec8d620eaa00b7527c19f7dc7ebe9b072
2021/02/19 16:22:06 Hash: B3Z:30163795025eff375d7168c5c1fa9b44143659a3a7a33dab8d3d4e54162820f4
2021/02/19 16:22:06 Hash: B3Z:0379138517bc5811e645894edbef883e8d64f9056cdb7bdb54e23e31a6367972
2021/02/19 16:22:06 Hash: B3Z:73ffacff1e83e059089364b92d8b8a1170abede2018e8a0ea921bfa76581328a
2021/02/19 16:22:06 Action Digest: [115 255 172 255 30 131 224 89 8 147 100 185 45 139 138 17 112 171 237 226 1 142 138 14 169 33 191 167 101 129 50 138] 73ffacff1e83e059089364b92d8b8a1170abede2018e8a0ea921bfa76581328a  76
2021/02/19 16:22:06 Bytes Uploaded: 76
2021/02/19 16:22:06 Bytes Hashed: 49372
2021/02/19 16:22:06 Time Hashing: 130.103µs
2021/02/19 16:22:06 Time Uploading: 586.724µs
2021/02/19 16:22:06 Time Finding Missing Blobs: 2.94433ms
2021/02/19 16:22:06 Execute response: result:<output_files:<path:"out" digest:<size_bytes:32769 hash_blake3zcc:"\334\311FRU/1\330\360tX\r\364\336\263\303!5^\314\277\241\022\350,\"ZT\361\ry^" > > execution_metadata:<worker:"{\"datacenter\":\"paris\",\"hostname\":\"ubuntu-worker.example.com\",\"rack\":\"4\",\"slot\":\"15\",\"thread\":\"4\"}" queued_timestamp:<seconds:1613751726 nanos:111669648 > worker_start_timestamp:<seconds:1613751726 nanos:111944316 > worker_completed_timestamp:<seconds:1613751726 nanos:115133405 > input_fetch_start_timestamp:<seconds:1613751726 nanos:112083422 > input_fetch_completed_timestamp:<seconds:1613751726 nanos:112146043 > execution_start_timestamp:<seconds:1613751726 nanos:112146043 > execution_completed_timestamp:<seconds:1613751726 nanos:113884406 > output_upload_start_timestamp:<seconds:1613751726 nanos:113884406 > output_upload_completed_timestamp:<seconds:1613751726 nanos:115133405 > auxiliary_metadata:<type_url:"type.googleapis.com/buildbarn.resourceusage.POSIXResourceUsage" value:"\n\004\020\270\236Q\022\000\030\200\200\354\t8\204\002X(x\004" > auxiliary_metadata:<type_url:"type.googleapis.com/buildbarn.resourceusage.FilePoolResourceUsage" > > > message:"Action details (cached result): /action/blake-client/B3Z:73ffacff1e83e059089364b92d8b8a1170abede2018e8a0ea921bfa76581328a/76/" 
