Loading: 
Loading: 0 packages loaded
Analyzing: target //cmd/blake3zcc_hasher:blake3zcc_hasher (0 packages loaded, 0 targets configured)
INFO: Analyzed target //cmd/blake3zcc_hasher:blake3zcc_hasher (0 packages loaded, 0 targets configured).
INFO: Found 1 target...
[0 / 1] [Prepa] BazelWorkspaceStatusAction stable-status.txt
Target //cmd/blake3zcc_hasher:blake3zcc_hasher up-to-date:
  bazel-bin/cmd/blake3zcc_hasher/linux_amd64_stripped/blake3zcc_hasher
INFO: Elapsed time: 0.105s, Critical Path: 0.00s
INFO: 0 processes.
INFO: Build completed successfully, 1 total action
INFO: Running command line: bazel-bin/cmd/blake3zcc_hasher/linux_amd64_stripped/blake3zcc_hasher -a localhost:8980 -d /home/scott/buildbarn/blake-client/experiments/e6 -c 2 '-b=false'
INFO: Build completed successfully, 1 total action
2021/02/03 15:39:20 Hash: 510c01132bc3d9635315d940de39901e670e41502aec3b18ca321bdd822a9198
2021/02/03 15:39:20 Hash: 7ef43086d6ff0877a42e27bfa629270eacb2e6a327950020a4e426f0281a1e63
2021/02/03 15:39:20 Hash: fbb07d336ff6cb5ff2b19342319a319072589c5f1b4b5b76957c27f60cae190f
2021/02/03 15:39:20 Hash: 44a4c12b5acf05295e010a26c1a0ee9961303f33eb04ac8152ae9971faff091e
2021/02/03 15:39:20 Hash: e8a9630dd56f12a0c8f289dc9ec593194bed7395a6fcb1dab9e82f7f62eee5e0
2021/02/03 15:39:20 Action Digest: []  e8a9630dd56f12a0c8f289dc9ec593194bed7395a6fcb1dab9e82f7f62eee5e0 141
2021/02/03 15:39:20 Bytes Uploaded: 141
2021/02/03 15:39:20 Time Hashing: 194.016µs
2021/02/03 15:39:20 Time Uploading: 1.056643ms
2021/02/03 15:39:20 Time Finding Missing Blobs: 1.217893ms
2021/02/03 15:39:20 Execute response: result:<output_files:<path:"out" digest:<hash_other:"484eaa327eae22dd9073858b0599e43fb5e06cabfbc8de88c83763edcb8d2446" size_bytes:73728 > > execution_metadata:<worker:"{\"datacenter\":\"paris\",\"hostname\":\"ubuntu-worker.example.com\",\"rack\":\"4\",\"slot\":\"15\",\"thread\":\"2\"}" queued_timestamp:<seconds:1612366760 nanos:44130888 > worker_start_timestamp:<seconds:1612366760 nanos:44452297 > worker_completed_timestamp:<seconds:1612366760 nanos:47096208 > input_fetch_start_timestamp:<seconds:1612366760 nanos:44565393 > input_fetch_completed_timestamp:<seconds:1612366760 nanos:44650694 > execution_start_timestamp:<seconds:1612366760 nanos:44650694 > execution_completed_timestamp:<seconds:1612366760 nanos:45773631 > output_upload_start_timestamp:<seconds:1612366760 nanos:45773631 > output_upload_completed_timestamp:<seconds:1612366760 nanos:47096208 > auxiliary_metadata:<type_url:"type.googleapis.com/buildbarn.resourceusage.POSIXResourceUsage" value:"\n\004\020\220\2701\022\000\030\200\340\347\t8\234\001X\220\001x\003" > auxiliary_metadata:<type_url:"type.googleapis.com/buildbarn.resourceusage.FilePoolResourceUsage" > > > message:"Action details (cached result): /action/blake-client/e8a9630dd56f12a0c8f289dc9ec593194bed7395a6fcb1dab9e82f7f62eee5e0/141/" 
