Loading: 
Loading: 0 packages loaded
Analyzing: target //cmd/blake3zcc_hasher:blake3zcc_hasher (0 packages loaded, 0 targets configured)
INFO: Analyzed target //cmd/blake3zcc_hasher:blake3zcc_hasher (0 packages loaded, 0 targets configured).
INFO: Found 1 target...
[0 / 1] [Prepa] BazelWorkspaceStatusAction stable-status.txt
Target //cmd/blake3zcc_hasher:blake3zcc_hasher up-to-date:
  bazel-bin/cmd/blake3zcc_hasher/blake3zcc_hasher_/blake3zcc_hasher
INFO: Elapsed time: 0.081s, Critical Path: 0.00s
INFO: 0 processes.
INFO: Build completed successfully, 1 total action
INFO: Running command line: bazel-bin/cmd/blake3zcc_hasher/blake3zcc_hasher_/blake3zcc_hasher -a localhost:8980 -d /home/debian/blake-client/experiments/e6 -c 1 '-b=false'
INFO: Build completed successfully, 1 total action
2021/03/09 13:06:02 Hash: 510c01132bc3d9635315d940de39901e670e41502aec3b18ca321bdd822a9198
2021/03/09 13:06:02 Hash: 7ef43086d6ff0877a42e27bfa629270eacb2e6a327950020a4e426f0281a1e63
2021/03/09 13:06:02 Hash: fbb07d336ff6cb5ff2b19342319a319072589c5f1b4b5b76957c27f60cae190f
2021/03/09 13:06:02 Hash: 8ac82c9245239eed86e41c610a024096adf5a90ff857e300c1b91d60ca13e856
2021/03/09 13:06:02 Hash: a70a5a576b054e9c36def6ee82f6b322bf8a7754d75a57fdaa7c7b988e6eb4f0
2021/03/09 13:06:02 Time Hashing: 369.276µs
2021/03/09 13:06:02 Bytes Hashed: 74059
2021/03/09 13:06:02 Action Digest: []  a70a5a576b054e9c36def6ee82f6b322bf8a7754d75a57fdaa7c7b988e6eb4f0 141
2021/03/09 13:06:02 Bytes Uploaded: 141
2021/03/09 13:06:02 Time Uploading: 721.381µs
2021/03/09 13:06:02 Time Finding Missing Blobs: 1.078379ms
2021/03/09 13:06:02 Execute response: result:{output_files:{path:"out"  digest:{hash_other:"4afcaba0f3eaddda95e3ee1589dcca36f05d1300b5259bcd57b534d82e36daf9"  size_bytes:65538}}  execution_metadata:{worker:"{\"datacenter\":\"paris\",\"hostname\":\"ubuntu-worker.example.com\",\"rack\":\"4\",\"slot\":\"15\",\"thread\":\"1\"}"  queued_timestamp:{seconds:1615295162  nanos:379386569}  worker_start_timestamp:{seconds:1615295162  nanos:379939562}  worker_completed_timestamp:{seconds:1615295162  nanos:388719531}  input_fetch_start_timestamp:{seconds:1615295162  nanos:380091821}  input_fetch_completed_timestamp:{seconds:1615295162  nanos:381364656}  execution_start_timestamp:{seconds:1615295162  nanos:381364656}  execution_completed_timestamp:{seconds:1615295162  nanos:386421027}  output_upload_start_timestamp:{seconds:1615295162  nanos:386421027}  output_upload_completed_timestamp:{seconds:1615295162  nanos:388719531}  auxiliary_metadata:{type_url:"type.googleapis.com/buildbarn.resourceusage.POSIXResourceUsage"  value:"\n\x04\x10ТM\x12\x00\x18\x80\xa0\x8c\r8\x99\x01X\x88\x01x\x03\x80\x01\x04"}  auxiliary_metadata:{type_url:"type.googleapis.com/buildbarn.resourceusage.FilePoolResourceUsage"}}}  message:"Action details (cached result): /action/blake-client/a70a5a576b054e9c36def6ee82f6b322bf8a7754d75a57fdaa7c7b988e6eb4f0/141/"
