Loading: 
Loading: 0 packages loaded
Analyzing: target //cmd/blake3zcc_hasher:blake3zcc_hasher (0 packages loaded, 0 targets configured)
INFO: Analyzed target //cmd/blake3zcc_hasher:blake3zcc_hasher (0 packages loaded, 0 targets configured).
INFO: Found 1 target...
[0 / 1] [Prepa] BazelWorkspaceStatusAction stable-status.txt
Target //cmd/blake3zcc_hasher:blake3zcc_hasher up-to-date:
  bazel-bin/cmd/blake3zcc_hasher/linux_amd64_stripped/blake3zcc_hasher
INFO: Elapsed time: 0.086s, Critical Path: 0.00s
INFO: 0 processes.
INFO: Build completed successfully, 1 total action
INFO: Running command line: bazel-bin/cmd/blake3zcc_hasher/linux_amd64_stripped/blake3zcc_hasher -a localhost:8980 -d /home/scott/buildbarn/blake-client/experiments/e7 -c 3 '-b=true'
INFO: Build completed successfully, 1 total action
2021/01/31 17:50:41 Hash: B3Z:dcc94652552f31d8f074580df4deb3c321355eccbfa112e82c225a54f10d795e
2021/01/31 17:50:41 Hash: B3Z:be9420ebc77b22f3684f1d4d0064918816b74ba40f2ee7b7460402e8d92a11fb
2021/01/31 17:50:41 Hash: B3Z:0379138517bc5811e645894edbef883e8d64f9056cdb7bdb54e23e31a6367972
2021/01/31 17:50:41 Hash: B3Z:9ca66b3773c32a0a67ca62f05d68267a6ae3dbf6a18d855304b5c7080da1986c
2021/01/31 17:50:41 Action Digest: [156 166 107 55 115 195 42 10 103 202 98 240 93 104 38 122 106 227 219 246 161 141 133 83 4 181 199 8 13 161 152 108] 9ca66b3773c32a0a67ca62f05d68267a6ae3dbf6a18d855304b5c7080da1986c  76
2021/01/31 17:50:41 Bytes Uploaded: 0
2021/01/31 17:50:41 Time Hashing: 155.455µs
2021/01/31 17:50:41 Time Uploading: 0s
2021/01/31 17:50:41 Time Finding Missing Blobs: 1.289204ms
2021/01/31 17:50:41 Execute response: result:<output_files:<path:"out" digest:<size_bytes:32769 hash_blake3zcc:"\334\311FRU/1\330\360tX\r\364\336\263\303!5^\314\277\241\022\350,\"ZT\361\ry^" > > exit_code:1 stderr_digest:<size_bytes:55 hash_blake3zcc:"l\215\262\t\221\255\026\334,\355\257\277/b\261\314\310e\022\022\244!\211\007\016Z^\307hF\345\274" > execution_metadata:<worker:"{\"datacenter\":\"paris\",\"hostname\":\"ubuntu-worker.example.com\",\"rack\":\"4\",\"slot\":\"15\",\"thread\":\"1\"}" queued_timestamp:<seconds:1612115441 nanos:917860665 > worker_start_timestamp:<seconds:1612115441 nanos:918085621 > worker_completed_timestamp:<seconds:1612115441 nanos:921621405 > input_fetch_start_timestamp:<seconds:1612115441 nanos:918230235 > input_fetch_completed_timestamp:<seconds:1612115441 nanos:918231227 > execution_start_timestamp:<seconds:1612115441 nanos:918231227 > execution_completed_timestamp:<seconds:1612115441 nanos:920333288 > output_upload_start_timestamp:<seconds:1612115441 nanos:920333288 > output_upload_completed_timestamp:<seconds:1612115441 nanos:921621405 > auxiliary_metadata:<type_url:"type.googleapis.com/buildbarn.resourceusage.POSIXResourceUsage" value:"\n\004\020\260\337X\022\000\030\200\200\364\t8\214\002XPx\005\200\001\006" > auxiliary_metadata:<type_url:"type.googleapis.com/buildbarn.resourceusage.FilePoolResourceUsage" > > > message:"Action details (uncached result): /uncached_action_result/blake-client/B3Z:6d3f51c699056fe45aceec88067b538bb04a6edd2f63bcbaa815793fe8c4a7e4/519/" 
