Loading: 
Loading: 0 packages loaded
Analyzing: target //cmd/blake3zcc_hasher:blake3zcc_hasher (0 packages loaded, 0 targets configured)
INFO: Analyzed target //cmd/blake3zcc_hasher:blake3zcc_hasher (0 packages loaded, 0 targets configured).
INFO: Found 1 target...
[0 / 1] [Prepa] BazelWorkspaceStatusAction stable-status.txt
Target //cmd/blake3zcc_hasher:blake3zcc_hasher up-to-date:
  bazel-bin/cmd/blake3zcc_hasher/blake3zcc_hasher_/blake3zcc_hasher
INFO: Elapsed time: 0.083s, Critical Path: 0.00s
INFO: 0 processes.
INFO: Build completed successfully, 1 total action
INFO: Running command line: bazel-bin/cmd/blake3zcc_hasher/blake3zcc_hasher_/blake3zcc_hasher -a localhost:8980 -d /home/debian/blake-client/experiments/e4 -c 1 '-b=false'
INFO: Build completed successfully, 1 total action
2021/03/09 13:06:01 Hash: 7ef43086d6ff0877a42e27bfa629270eacb2e6a327950020a4e426f0281a1e63
2021/03/09 13:06:01 Hash: 4465d89da4f7f71b0ce211c9a63e834aa9c869358b85a9a64a9988eea3d6b7f0
2021/03/09 13:06:01 Hash: 24ba96dbb6605a73c2d94a3b1f224e64342410c0f362e811368b9998b63ece81
2021/03/09 13:06:01 Hash: 8ac82c9245239eed86e41c610a024096adf5a90ff857e300c1b91d60ca13e856
2021/03/09 13:06:01 Hash: 09a238bded6fbf55e5df40c41191275a38fce0705b98c86d66d0899b20990c0f
2021/03/09 13:06:01 Time Hashing: 225.208µs
2021/03/09 13:06:01 Bytes Hashed: 49485
2021/03/09 13:06:01 Action Digest: []  09a238bded6fbf55e5df40c41191275a38fce0705b98c86d66d0899b20990c0f 141
2021/03/09 13:06:01 Bytes Uploaded: 141
2021/03/09 13:06:01 Time Uploading: 1.721771ms
2021/03/09 13:06:01 Time Finding Missing Blobs: 1.94548ms
2021/03/09 13:06:01 Execute response: result:{output_files:{path:"out"  digest:{hash_other:"f73fbb455935a70a7b9ca4d82c5d6f9caad6f82effcb3d8ade4a0b3cddeacb45"  size_bytes:32770}}  execution_metadata:{worker:"{\"datacenter\":\"paris\",\"hostname\":\"ubuntu-worker.example.com\",\"rack\":\"4\",\"slot\":\"15\",\"thread\":\"2\"}"  queued_timestamp:{seconds:1615295161  nanos:519942934}  worker_start_timestamp:{seconds:1615295161  nanos:520317656}  worker_completed_timestamp:{seconds:1615295161  nanos:527107535}  input_fetch_start_timestamp:{seconds:1615295161  nanos:520589751}  input_fetch_completed_timestamp:{seconds:1615295161  nanos:522539327}  execution_start_timestamp:{seconds:1615295161  nanos:522539327}  execution_completed_timestamp:{seconds:1615295161  nanos:525054177}  output_upload_start_timestamp:{seconds:1615295161  nanos:525054177}  output_upload_completed_timestamp:{seconds:1615295161  nanos:527107535}  auxiliary_metadata:{type_url:"type.googleapis.com/buildbarn.resourceusage.POSIXResourceUsage"  value:"\n\x04\x10\xa8\xebG\x12\x00\x18\x80\xa0\x8c\r8\x8f\x01XHx\x03\x80\x01\x04"}  auxiliary_metadata:{type_url:"type.googleapis.com/buildbarn.resourceusage.FilePoolResourceUsage"}}}  message:"Action details (cached result): /action/blake-client/09a238bded6fbf55e5df40c41191275a38fce0705b98c86d66d0899b20990c0f/141/"
