Loading: 
Loading: 0 packages loaded
Analyzing: target //cmd/blake3zcc_hasher:blake3zcc_hasher (0 packages loaded, 0 targets configured)
INFO: Analyzed target //cmd/blake3zcc_hasher:blake3zcc_hasher (0 packages loaded, 0 targets configured).
INFO: Found 1 target...
[0 / 1] [Prepa] BazelWorkspaceStatusAction stable-status.txt
Target //cmd/blake3zcc_hasher:blake3zcc_hasher up-to-date:
  bazel-bin/cmd/blake3zcc_hasher/linux_amd64_stripped/blake3zcc_hasher
INFO: Elapsed time: 0.064s, Critical Path: 0.00s
INFO: 0 processes.
INFO: Build completed successfully, 1 total action
INFO: Running command line: bazel-bin/cmd/blake3zcc_hasher/linux_amd64_stripped/blake3zcc_hasher -a localhost:8980 -d /home/scott/buildbarn/blake-client/experiments/e5 -c 3 '-b=true'
INFO: Build completed successfully, 1 total action
2021/02/19 16:22:06 Hash: B3Z:477b12cdf7401191a9fd9936bdf4118789c0b17f4ced6457fd7e6af98aca39f5
2021/02/19 16:22:06 Hash: B3Z:d88e75149fe719abc7e6d415a8caef5ec8d620eaa00b7527c19f7dc7ebe9b072
2021/02/19 16:22:06 Hash: B3Z:e3b5e472b446b8c22920c95f316245027b023acf56c52a4df68ce3bba18a5958
2021/02/19 16:22:06 Hash: B3Z:0379138517bc5811e645894edbef883e8d64f9056cdb7bdb54e23e31a6367972
2021/02/19 16:22:06 Hash: B3Z:476951c50899966278bf32dd1853f205254dd6539b5fa29c52816df0b4a85ed9
2021/02/19 16:22:06 Action Digest: [71 105 81 197 8 153 150 98 120 191 50 221 24 83 242 5 37 77 214 83 155 95 162 156 82 129 109 240 180 168 94 217] 476951c50899966278bf32dd1853f205254dd6539b5fa29c52816df0b4a85ed9  76
2021/02/19 16:22:06 Bytes Uploaded: 76
2021/02/19 16:22:06 Bytes Hashed: 57562
2021/02/19 16:22:06 Time Hashing: 145.198µs
2021/02/19 16:22:06 Time Uploading: 373.362µs
2021/02/19 16:22:06 Time Finding Missing Blobs: 1.419618ms
2021/02/19 16:22:06 Execute response: result:<output_files:<path:"out" digest:<size_bytes:40959 hash_blake3zcc:"G{\022\315\367@\021\221\251\375\2316\275\364\021\207\211\300\261\177L\355dW\375~j\371\212\3129\365" > > execution_metadata:<worker:"{\"datacenter\":\"paris\",\"hostname\":\"ubuntu-worker.example.com\",\"rack\":\"4\",\"slot\":\"15\",\"thread\":\"1\"}" queued_timestamp:<seconds:1613751726 nanos:421283893 > worker_start_timestamp:<seconds:1613751726 nanos:421488051 > worker_completed_timestamp:<seconds:1613751726 nanos:424400855 > input_fetch_start_timestamp:<seconds:1613751726 nanos:421613746 > input_fetch_completed_timestamp:<seconds:1613751726 nanos:421672666 > execution_start_timestamp:<seconds:1613751726 nanos:421672666 > execution_completed_timestamp:<seconds:1613751726 nanos:423338294 > output_upload_start_timestamp:<seconds:1613751726 nanos:423338294 > output_upload_completed_timestamp:<seconds:1613751726 nanos:424400855 > auxiliary_metadata:<type_url:"type.googleapis.com/buildbarn.resourceusage.POSIXResourceUsage" value:"\n\004\020\220\330P\022\000\030\200\200\354\t8\201\002X(x\005\200\001\003" > auxiliary_metadata:<type_url:"type.googleapis.com/buildbarn.resourceusage.FilePoolResourceUsage" > > > message:"Action details (cached result): /action/blake-client/B3Z:476951c50899966278bf32dd1853f205254dd6539b5fa29c52816df0b4a85ed9/76/" 
