Loading: 
Loading: 0 packages loaded
Analyzing: target //cmd/blake3zcc_hasher:blake3zcc_hasher (0 packages loaded, 0 targets configured)
INFO: Analyzed target //cmd/blake3zcc_hasher:blake3zcc_hasher (0 packages loaded, 0 targets configured).
INFO: Found 1 target...
[0 / 1] [Prepa] BazelWorkspaceStatusAction stable-status.txt
Target //cmd/blake3zcc_hasher:blake3zcc_hasher up-to-date:
  bazel-bin/cmd/blake3zcc_hasher/linux_amd64_stripped/blake3zcc_hasher
INFO: Elapsed time: 0.068s, Critical Path: 0.00s
INFO: 0 processes.
INFO: Build completed successfully, 1 total action
INFO: Running command line: bazel-bin/cmd/blake3zcc_hasher/linux_amd64_stripped/blake3zcc_hasher -a localhost:8980 -d /home/scott/buildbarn/blake-client/experiments/e3 -c 2 '-b=true'
INFO: Build completed successfully, 1 total action
2021/02/03 15:37:28 Hash: B3Z:477b12cdf7401191a9fd9936bdf4118789c0b17f4ced6457fd7e6af98aca39f5
2021/02/03 15:37:28 Hash: B3Z:052d0378daea4d46353d2a6dbdd7a6ae3fa4dbfaccd5a83cf6e3982728056074
2021/02/03 15:37:28 Hash: B3Z:0a6b553dd1d6438daf648ec0d79888f5690e2707efe15fb3cf7e26276cad8f69
2021/02/03 15:37:28 Hash: B3Z:d9255d8105ee52b23f018fbd0eb54ae8d464e1f3b0c8729492b39af69afd9ec0
2021/02/03 15:37:28 Hash: B3Z:7803bc68914b96b3ecfeb3b4a738004c60930c810a6663d8ea4599072a1d780d
2021/02/03 15:37:28 Action Digest: [120 3 188 104 145 75 150 179 236 254 179 180 167 56 0 76 96 147 12 129 10 102 99 216 234 69 153 7 42 29 120 13] 7803bc68914b96b3ecfeb3b4a738004c60930c810a6663d8ea4599072a1d780d  76
2021/02/03 15:37:28 Bytes Uploaded: 41128
2021/02/03 15:37:28 Time Hashing: 136.129µs
2021/02/03 15:37:28 Time Uploading: 3.773192ms
2021/02/03 15:37:28 Time Finding Missing Blobs: 1.382101ms
2021/02/03 15:37:28 Execute response: result:<output_files:<path:"out" digest:<size_bytes:49152 hash_blake3zcc:"E\014\326\273\365\327|x\360D\374wz\267\r\270\211\200\202w\263?ZhA\205y\365\256\272s7" > > execution_metadata:<worker:"{\"datacenter\":\"paris\",\"hostname\":\"ubuntu-worker.example.com\",\"rack\":\"4\",\"slot\":\"15\",\"thread\":\"2\"}" queued_timestamp:<seconds:1612366648 nanos:606024859 > worker_start_timestamp:<seconds:1612366648 nanos:606233146 > worker_completed_timestamp:<seconds:1612366648 nanos:610919054 > input_fetch_start_timestamp:<seconds:1612366648 nanos:606335978 > input_fetch_completed_timestamp:<seconds:1612366648 nanos:608753901 > execution_start_timestamp:<seconds:1612366648 nanos:608753901 > execution_completed_timestamp:<seconds:1612366648 nanos:609946097 > output_upload_start_timestamp:<seconds:1612366648 nanos:609946097 > output_upload_completed_timestamp:<seconds:1612366648 nanos:610919054 > auxiliary_metadata:<type_url:"type.googleapis.com/buildbarn.resourceusage.POSIXResourceUsage" value:"\n\004\020\210\227/\022\000\030\200\240\352\t8\224\001X`x\003" > auxiliary_metadata:<type_url:"type.googleapis.com/buildbarn.resourceusage.FilePoolResourceUsage" > > > message:"Action details (cached result): /action/blake-client/B3Z:7803bc68914b96b3ecfeb3b4a738004c60930c810a6663d8ea4599072a1d780d/76/" 
