Loading: 
Loading: 0 packages loaded
Analyzing: target //cmd/blake3zcc_hasher:blake3zcc_hasher (0 packages loaded, 0 targets configured)
INFO: Analyzed target //cmd/blake3zcc_hasher:blake3zcc_hasher (0 packages loaded, 0 targets configured).
INFO: Found 1 target...
[0 / 1] [Prepa] BazelWorkspaceStatusAction stable-status.txt
Target //cmd/blake3zcc_hasher:blake3zcc_hasher up-to-date:
  bazel-bin/cmd/blake3zcc_hasher/blake3zcc_hasher_/blake3zcc_hasher
INFO: Elapsed time: 0.084s, Critical Path: 0.00s
INFO: 0 processes.
INFO: Build completed successfully, 1 total action
INFO: Running command line: bazel-bin/cmd/blake3zcc_hasher/blake3zcc_hasher_/blake3zcc_hasher -a localhost:8980 -d /home/debian/blake-client/experiments/e12 -c 3 '-b=true'
INFO: Build completed successfully, 1 total action
2021/03/09 13:06:22 Hash: B3Z:052d0378daea4d46353d2a6dbdd7a6ae3fa4dbfaccd5a83cf6e3982728056074
2021/03/09 13:06:22 Hash: B3Z:d88e75149fe719abc7e6d415a8caef5ec8d620eaa00b7527c19f7dc7ebe9b072
2021/03/09 13:06:22 Hash: B3Z:f80313fed18b3108d7d2c9368acc5f8e03668bd9d09129153045b638cfcffb20
2021/03/09 13:06:22 Hash: B3Z:0379138517bc5811e645894edbef883e8d64f9056cdb7bdb54e23e31a6367972
2021/03/09 13:06:22 Hash: B3Z:f7c63dc6669704af806f8cffa9462c68c13946d09957db6e8c49669f04b7e8f5
2021/03/09 13:06:22 Time Hashing: 96.249µs
2021/03/09 13:06:22 Bytes Hashed: 24795
2021/03/09 13:06:22 Action Digest: [247 198 61 198 102 151 4 175 128 111 140 255 169 70 44 104 193 57 70 208 153 87 219 110 140 73 102 159 4 183 232 245] f7c63dc6669704af806f8cffa9462c68c13946d09957db6e8c49669f04b7e8f5  76
2021/03/09 13:06:22 Bytes Uploaded: 76
2021/03/09 13:06:22 Time Uploading: 1.092437ms
2021/03/09 13:06:22 Time Finding Missing Blobs: 2.308503ms
2021/03/09 13:06:22 Execute response: result:{output_files:{path:"out"  digest:{size_bytes:8193  hash_blake3zcc:"\x05-\x03x\xda\xeaMF5=*m\xbdצ\xae?\xa4\xdb\xfa\xccը<\xf6\xe3\x98'(\x05`t"}}  execution_metadata:{worker:"{\"datacenter\":\"paris\",\"hostname\":\"ubuntu-worker.example.com\",\"rack\":\"4\",\"slot\":\"15\",\"thread\":\"4\"}"  queued_timestamp:{seconds:1615295182  nanos:894875603}  worker_start_timestamp:{seconds:1615295182  nanos:895200701}  worker_completed_timestamp:{seconds:1615295182  nanos:905305680}  input_fetch_start_timestamp:{seconds:1615295182  nanos:895713506}  input_fetch_completed_timestamp:{seconds:1615295182  nanos:899455375}  execution_start_timestamp:{seconds:1615295182  nanos:899455375}  execution_completed_timestamp:{seconds:1615295182  nanos:904626478}  output_upload_start_timestamp:{seconds:1615295182  nanos:904626478}  output_upload_completed_timestamp:{seconds:1615295182  nanos:905305680}  auxiliary_metadata:{type_url:"type.googleapis.com/buildbarn.resourceusage.POSIXResourceUsage"  value:"\n\x05\x10\xd0\xff\xab\x01\x12\x00\x18\x80\xe0\xa2\x0e8\x82\x02X(x\x05\x80\x01\x06"}  auxiliary_metadata:{type_url:"type.googleapis.com/buildbarn.resourceusage.FilePoolResourceUsage"}}}  message:"Action details (cached result): /action/blake-client/B3Z:f7c63dc6669704af806f8cffa9462c68c13946d09957db6e8c49669f04b7e8f5/76/"
