Loading: 
Loading: 0 packages loaded
Analyzing: target //cmd/blake3zcc_hasher:blake3zcc_hasher (0 packages loaded, 0 targets configured)
INFO: Analyzed target //cmd/blake3zcc_hasher:blake3zcc_hasher (0 packages loaded, 0 targets configured).
INFO: Found 1 target...
[0 / 1] [Prepa] BazelWorkspaceStatusAction stable-status.txt
Target //cmd/blake3zcc_hasher:blake3zcc_hasher up-to-date:
  bazel-bin/cmd/blake3zcc_hasher/linux_amd64_stripped/blake3zcc_hasher
INFO: Elapsed time: 0.063s, Critical Path: 0.00s
INFO: 0 processes.
INFO: Build completed successfully, 1 total action
INFO: Running command line: bazel-bin/cmd/blake3zcc_hasher/linux_amd64_stripped/blake3zcc_hasher -a localhost:8980 -d /home/scott/buildbarn/blake-client/experiments/e10 -c 2 '-b=false'
INFO: Build completed successfully, 1 total action
2021/02/03 15:39:17 Hash: 4465d89da4f7f71b0ce211c9a63e834aa9c869358b85a9a64a9988eea3d6b7f0
2021/02/03 15:39:17 Hash: 7ef43086d6ff0877a42e27bfa629270eacb2e6a327950020a4e426f0281a1e63
2021/02/03 15:39:17 Hash: db243e0342b2839e4edf6646cad61c6ad6eb9f4d3e3029ccbea3a309498e6f1c
2021/02/03 15:39:17 Hash: 44a4c12b5acf05295e010a26c1a0ee9961303f33eb04ac8152ae9971faff091e
2021/02/03 15:39:17 Hash: 305aacc960b7635375f2a316b1b42d9c3c6993dd1284bb1f6540284cb1ee1196
2021/02/03 15:39:17 Action Digest: []  305aacc960b7635375f2a316b1b42d9c3c6993dd1284bb1f6540284cb1ee1196 141
2021/02/03 15:39:17 Bytes Uploaded: 33068
2021/02/03 15:39:17 Time Hashing: 151.976µs
2021/02/03 15:39:17 Time Uploading: 1.962746ms
2021/02/03 15:39:17 Time Finding Missing Blobs: 932.593µs
2021/02/03 15:39:17 Execute response: result:<output_files:<path:"out" digest:<hash_other:"8dd701ceba350a949acd74fa18397e13a653a6a5886812eab3612a801b0725a5" size_bytes:49154 > > execution_metadata:<worker:"{\"datacenter\":\"paris\",\"hostname\":\"ubuntu-worker.example.com\",\"rack\":\"4\",\"slot\":\"15\",\"thread\":\"0\"}" queued_timestamp:<seconds:1612366757 nanos:935156430 > worker_start_timestamp:<seconds:1612366757 nanos:935444398 > worker_completed_timestamp:<seconds:1612366757 nanos:940124575 > input_fetch_start_timestamp:<seconds:1612366757 nanos:935647258 > input_fetch_completed_timestamp:<seconds:1612366757 nanos:937766637 > execution_start_timestamp:<seconds:1612366757 nanos:937766637 > execution_completed_timestamp:<seconds:1612366757 nanos:939104212 > output_upload_start_timestamp:<seconds:1612366757 nanos:939104212 > output_upload_completed_timestamp:<seconds:1612366757 nanos:940124575 > auxiliary_metadata:<type_url:"type.googleapis.com/buildbarn.resourceusage.POSIXResourceUsage" value:"\n\004\020\310\325/\022\000\030\200\340\257\t8\221\001Xhx\003" > auxiliary_metadata:<type_url:"type.googleapis.com/buildbarn.resourceusage.FilePoolResourceUsage" > > > message:"Action details (cached result): /action/blake-client/305aacc960b7635375f2a316b1b42d9c3c6993dd1284bb1f6540284cb1ee1196/141/" 
