Loading: 
Loading: 0 packages loaded
Analyzing: target //cmd/blake3zcc_hasher:blake3zcc_hasher (0 packages loaded, 0 targets configured)
INFO: Analyzed target //cmd/blake3zcc_hasher:blake3zcc_hasher (0 packages loaded, 0 targets configured).
INFO: Found 1 target...
[0 / 1] [Prepa] BazelWorkspaceStatusAction stable-status.txt
Target //cmd/blake3zcc_hasher:blake3zcc_hasher up-to-date:
  bazel-bin/cmd/blake3zcc_hasher/linux_amd64_stripped/blake3zcc_hasher
INFO: Elapsed time: 0.112s, Critical Path: 0.00s
INFO: 0 processes.
INFO: Build completed successfully, 1 total action
INFO: Running command line: bazel-bin/cmd/blake3zcc_hasher/linux_amd64_stripped/blake3zcc_hasher -a localhost:8980 -d /home/scott/buildbarn/blake-client/experiments/e5 -c 2 '-b=false'
INFO: Build completed successfully, 1 total action
2021/02/03 15:39:19 Hash: 510c01132bc3d9635315d940de39901e670e41502aec3b18ca321bdd822a9198
2021/02/03 15:39:19 Hash: 4465d89da4f7f71b0ce211c9a63e834aa9c869358b85a9a64a9988eea3d6b7f0
2021/02/03 15:39:19 Hash: 9ee89731e5f3f94922220376dea188bce0947e4ea524cbd68397e9b4ae10652b
2021/02/03 15:39:19 Hash: 44a4c12b5acf05295e010a26c1a0ee9961303f33eb04ac8152ae9971faff091e
2021/02/03 15:39:19 Hash: d74e0089c29f081ef4ea68160b090dceb7f6de3532b709ba5db37d881a582062
2021/02/03 15:39:19 Action Digest: []  d74e0089c29f081ef4ea68160b090dceb7f6de3532b709ba5db37d881a582062 141
2021/02/03 15:39:19 Bytes Uploaded: 299
2021/02/03 15:39:19 Time Hashing: 152.641µs
2021/02/03 15:39:19 Time Uploading: 1.154486ms
2021/02/03 15:39:19 Time Finding Missing Blobs: 4.676115ms
2021/02/03 15:39:19 Execute response: result:<output_files:<path:"out" digest:<hash_other:"4f81904a9b06c58572a0e5769b3b4ffb99e7bd4be88ee8c2b64a804f483d9dc6" size_bytes:57344 > > execution_metadata:<worker:"{\"datacenter\":\"paris\",\"hostname\":\"ubuntu-worker.example.com\",\"rack\":\"4\",\"slot\":\"15\",\"thread\":\"1\"}" queued_timestamp:<seconds:1612366759 nanos:616790412 > worker_start_timestamp:<seconds:1612366759 nanos:617225128 > worker_completed_timestamp:<seconds:1612366759 nanos:620380208 > input_fetch_start_timestamp:<seconds:1612366759 nanos:617336040 > input_fetch_completed_timestamp:<seconds:1612366759 nanos:617759453 > execution_start_timestamp:<seconds:1612366759 nanos:617759453 > execution_completed_timestamp:<seconds:1612366759 nanos:619045958 > output_upload_start_timestamp:<seconds:1612366759 nanos:619045958 > output_upload_completed_timestamp:<seconds:1612366759 nanos:620380208 > auxiliary_metadata:<type_url:"type.googleapis.com/buildbarn.resourceusage.POSIXResourceUsage" value:"\n\004\020\370\305/\022\000\030\200\340\257\t8\225\001Xpx\003" > auxiliary_metadata:<type_url:"type.googleapis.com/buildbarn.resourceusage.FilePoolResourceUsage" > > > message:"Action details (cached result): /action/blake-client/d74e0089c29f081ef4ea68160b090dceb7f6de3532b709ba5db37d881a582062/141/" 
