Loading: 
Loading: 0 packages loaded
Analyzing: target //cmd/blake3zcc_hasher:blake3zcc_hasher (0 packages loaded, 0 targets configured)
INFO: Analyzed target //cmd/blake3zcc_hasher:blake3zcc_hasher (0 packages loaded, 0 targets configured).
INFO: Found 1 target...
[0 / 1] [Prepa] BazelWorkspaceStatusAction stable-status.txt
Target //cmd/blake3zcc_hasher:blake3zcc_hasher up-to-date:
  bazel-bin/cmd/blake3zcc_hasher/blake3zcc_hasher_/blake3zcc_hasher
INFO: Elapsed time: 0.088s, Critical Path: 0.00s
INFO: 0 processes.
INFO: Build completed successfully, 1 total action
INFO: Running command line: bazel-bin/cmd/blake3zcc_hasher/blake3zcc_hasher_/blake3zcc_hasher -a localhost:8980 -d /home/debian/blake-client/experiments/e9 -c 3 '-b=false'
INFO: Build completed successfully, 1 total action
2021/03/09 13:06:03 Hash: b1fb0079828ab653919011a9f8cfdd3704387eb08e1dc971155b33c03e0da1ef
2021/03/09 13:06:04 Hash: 510c01132bc3d9635315d940de39901e670e41502aec3b18ca321bdd822a9198
2021/03/09 13:06:04 Hash: 548e067746866948d91987e6bd1d4ac70e644625fa24497af447448e7700e22e
2021/03/09 13:06:04 Hash: fc8f7ebcae29b1a99f8ef31c259df5db6244c70ebfb86af990c2af6cd4ee41fc
2021/03/09 13:06:04 Hash: 2170b674840bb7874473c3a8f1fa2f8057ef4d410bc8d2623fdc8e458f51552f
2021/03/09 13:06:04 Time Hashing: 231.923µs
2021/03/09 13:06:04 Bytes Hashed: 49498
2021/03/09 13:06:04 Action Digest: []  2170b674840bb7874473c3a8f1fa2f8057ef4d410bc8d2623fdc8e458f51552f 141
2021/03/09 13:06:04 Bytes Uploaded: 141
2021/03/09 13:06:04 Time Uploading: 633.832µs
2021/03/09 13:06:04 Time Finding Missing Blobs: 1.353229ms
2021/03/09 13:06:04 Execute response: result:{output_files:{path:"out"  digest:{hash_other:"b1fb0079828ab653919011a9f8cfdd3704387eb08e1dc971155b33c03e0da1ef"  size_bytes:8193}}  execution_metadata:{worker:"{\"datacenter\":\"paris\",\"hostname\":\"ubuntu-worker.example.com\",\"rack\":\"4\",\"slot\":\"15\",\"thread\":\"4\"}"  queued_timestamp:{seconds:1615295164  nanos:4239964}  worker_start_timestamp:{seconds:1615295164  nanos:5073486}  worker_completed_timestamp:{seconds:1615295164  nanos:11161388}  input_fetch_start_timestamp:{seconds:1615295164  nanos:5337488}  input_fetch_completed_timestamp:{seconds:1615295164  nanos:6364054}  execution_start_timestamp:{seconds:1615295164  nanos:6364054}  execution_completed_timestamp:{seconds:1615295164  nanos:9786090}  output_upload_start_timestamp:{seconds:1615295164  nanos:9786090}  output_upload_completed_timestamp:{seconds:1615295164  nanos:11161388}  auxiliary_metadata:{type_url:"type.googleapis.com/buildbarn.resourceusage.POSIXResourceUsage"  value:"\n\x05\x10\xb0ނ\x01\x12\x00\x18\x80\xa0\x8c\r8\x8f\x02XPx\x05\x80\x01\x06"}  auxiliary_metadata:{type_url:"type.googleapis.com/buildbarn.resourceusage.FilePoolResourceUsage"}}}  message:"Action details (cached result): /action/blake-client/2170b674840bb7874473c3a8f1fa2f8057ef4d410bc8d2623fdc8e458f51552f/141/"
