Loading: 
Loading: 0 packages loaded
Analyzing: target //cmd/blake3zcc_hasher:blake3zcc_hasher (0 packages loaded, 0 targets configured)
INFO: Analyzed target //cmd/blake3zcc_hasher:blake3zcc_hasher (0 packages loaded, 0 targets configured).
INFO: Found 1 target...
[0 / 1] [Prepa] BazelWorkspaceStatusAction stable-status.txt
Target //cmd/blake3zcc_hasher:blake3zcc_hasher up-to-date:
  bazel-bin/cmd/blake3zcc_hasher/linux_amd64_stripped/blake3zcc_hasher
INFO: Elapsed time: 0.082s, Critical Path: 0.00s
INFO: 0 processes.
INFO: Build completed successfully, 1 total action
INFO: Running command line: bazel-bin/cmd/blake3zcc_hasher/linux_amd64_stripped/blake3zcc_hasher -a localhost:8980 -d /home/scott/buildbarn/blake-client/experiments/e12 -c 2 '-b=true'
INFO: Build completed successfully, 1 total action
2021/02/03 15:37:28 Hash: B3Z:052d0378daea4d46353d2a6dbdd7a6ae3fa4dbfaccd5a83cf6e3982728056074
2021/02/03 15:37:28 Hash: B3Z:d88e75149fe719abc7e6d415a8caef5ec8d620eaa00b7527c19f7dc7ebe9b072
2021/02/03 15:37:28 Hash: B3Z:f80313fed18b3108d7d2c9368acc5f8e03668bd9d09129153045b638cfcffb20
2021/02/03 15:37:28 Hash: B3Z:d9255d8105ee52b23f018fbd0eb54ae8d464e1f3b0c8729492b39af69afd9ec0
2021/02/03 15:37:28 Hash: B3Z:5a5d171d782fc71ee7b01e1c14f936f008eea1a551f5ea6897f91f75a93d0ae1
2021/02/03 15:37:28 Action Digest: [90 93 23 29 120 47 199 30 231 176 30 28 20 249 54 240 8 238 161 165 81 245 234 104 151 249 31 117 169 61 10 225] 5a5d171d782fc71ee7b01e1c14f936f008eea1a551f5ea6897f91f75a93d0ae1  76
2021/02/03 15:37:28 Bytes Uploaded: 169
2021/02/03 15:37:28 Time Hashing: 82.74µs
2021/02/03 15:37:28 Time Uploading: 1.202978ms
2021/02/03 15:37:28 Time Finding Missing Blobs: 1.449988ms
2021/02/03 15:37:28 Execute response: result:<output_files:<path:"out" digest:<size_bytes:24578 hash_blake3zcc:"\334\370:T\\U\n\215$\020\310\002\217\275\025^\241]\306V:\360\276\t\207\277(\227\372\321\311\374" > > execution_metadata:<worker:"{\"datacenter\":\"paris\",\"hostname\":\"ubuntu-worker.example.com\",\"rack\":\"4\",\"slot\":\"15\",\"thread\":\"1\"}" queued_timestamp:<seconds:1612366648 nanos:225905325 > worker_start_timestamp:<seconds:1612366648 nanos:226154972 > worker_completed_timestamp:<seconds:1612366648 nanos:229263371 > input_fetch_start_timestamp:<seconds:1612366648 nanos:226264187 > input_fetch_completed_timestamp:<seconds:1612366648 nanos:226676083 > execution_start_timestamp:<seconds:1612366648 nanos:226676083 > execution_completed_timestamp:<seconds:1612366648 nanos:228670146 > output_upload_start_timestamp:<seconds:1612366648 nanos:228670146 > output_upload_completed_timestamp:<seconds:1612366648 nanos:229263371 > auxiliary_metadata:<type_url:"type.googleapis.com/buildbarn.resourceusage.POSIXResourceUsage" value:"\n\004\020\230\244\033\022\004\020\230\217\"\030\200\240\352\t8\222\001X8x\003\200\001\013" > auxiliary_metadata:<type_url:"type.googleapis.com/buildbarn.resourceusage.FilePoolResourceUsage" > > > message:"Action details (cached result): /action/blake-client/B3Z:5a5d171d782fc71ee7b01e1c14f936f008eea1a551f5ea6897f91f75a93d0ae1/76/" 
