Loading: 
Loading: 0 packages loaded
Analyzing: target //cmd/blake3zcc_hasher:blake3zcc_hasher (0 packages loaded, 0 targets configured)
INFO: Analyzed target //cmd/blake3zcc_hasher:blake3zcc_hasher (0 packages loaded, 0 targets configured).
INFO: Found 1 target...
[0 / 1] [Prepa] BazelWorkspaceStatusAction stable-status.txt
Target //cmd/blake3zcc_hasher:blake3zcc_hasher up-to-date:
  bazel-bin/cmd/blake3zcc_hasher/linux_amd64_stripped/blake3zcc_hasher
INFO: Elapsed time: 0.059s, Critical Path: 0.00s
INFO: 0 processes.
INFO: Build completed successfully, 1 total action
INFO: Running command line: bazel-bin/cmd/blake3zcc_hasher/linux_amd64_stripped/blake3zcc_hasher -a localhost:8980 -d /home/scott/buildbarn/blake-client/experiments/e4 -c 0 '-b=true'
INFO: Build completed successfully, 1 total action
2021/01/31 17:50:40 Hash: B3Z:dcc94652552f31d8f074580df4deb3c321355eccbfa112e82c225a54f10d795e
2021/01/31 17:50:40 Hash: B3Z:be9420ebc77b22f3684f1d4d0064918816b74ba40f2ee7b7460402e8d92a11fb
2021/01/31 17:50:40 Hash: B3Z:0efe2b763d0ef25ab606352f2bdaf1041c4cc049855cbb1ed1c45be863334bcd
2021/01/31 17:50:40 Hash: B3Z:e8e9cb0ca18fda316ddee1d645b807d83b2b180980aa1acb7a8f0b083f4bd985
2021/01/31 17:50:40 Action Digest: [232 233 203 12 161 143 218 49 109 222 225 214 69 184 7 216 59 43 24 9 128 170 26 203 122 143 11 8 63 75 217 133] e8e9cb0ca18fda316ddee1d645b807d83b2b180980aa1acb7a8f0b083f4bd985  76
2021/01/31 17:50:40 Bytes Uploaded: 76
2021/01/31 17:50:40 Time Hashing: 151.776µs
2021/01/31 17:50:40 Time Uploading: 372.411µs
2021/01/31 17:50:40 Time Finding Missing Blobs: 1.317524ms
2021/01/31 17:50:40 Execute response: result:<output_files:<path:"out" digest:<size_bytes:32769 hash_blake3zcc:"\334\311FRU/1\330\360tX\r\364\336\263\303!5^\314\277\241\022\350,\"ZT\361\ry^" > > execution_metadata:<worker:"{\"datacenter\":\"paris\",\"hostname\":\"ubuntu-worker.example.com\",\"rack\":\"4\",\"slot\":\"15\",\"thread\":\"0\"}" queued_timestamp:<seconds:1612115440 nanos:438052507 > worker_start_timestamp:<seconds:1612115440 nanos:438276493 > worker_completed_timestamp:<seconds:1612115440 nanos:440636913 > input_fetch_start_timestamp:<seconds:1612115440 nanos:438415936 > input_fetch_completed_timestamp:<seconds:1612115440 nanos:438416971 > execution_start_timestamp:<seconds:1612115440 nanos:438416971 > execution_completed_timestamp:<seconds:1612115440 nanos:439647500 > output_upload_start_timestamp:<seconds:1612115440 nanos:439647500 > output_upload_completed_timestamp:<seconds:1612115440 nanos:440636913 > auxiliary_metadata:<type_url:"type.googleapis.com/buildbarn.resourceusage.POSIXResourceUsage" value:"\n\004\020\350\206*\022\000\030\200\200\364\t8oXHx\001" > auxiliary_metadata:<type_url:"type.googleapis.com/buildbarn.resourceusage.FilePoolResourceUsage" > > > message:"Action details (cached result): /action/blake-client/B3Z:e8e9cb0ca18fda316ddee1d645b807d83b2b180980aa1acb7a8f0b083f4bd985/76/" 
