Loading: 
Loading: 0 packages loaded
Analyzing: target //cmd/blake3zcc_hasher:blake3zcc_hasher (0 packages loaded, 0 targets configured)
INFO: Analyzed target //cmd/blake3zcc_hasher:blake3zcc_hasher (0 packages loaded, 0 targets configured).
INFO: Found 1 target...
[0 / 1] [Prepa] BazelWorkspaceStatusAction stable-status.txt
Target //cmd/blake3zcc_hasher:blake3zcc_hasher up-to-date:
  bazel-bin/cmd/blake3zcc_hasher/linux_amd64_stripped/blake3zcc_hasher
INFO: Elapsed time: 0.091s, Critical Path: 0.00s
INFO: 0 processes.
INFO: Build completed successfully, 1 total action
INFO: Running command line: bazel-bin/cmd/blake3zcc_hasher/linux_amd64_stripped/blake3zcc_hasher -a localhost:8980 -d /home/scott/buildbarn/blake-client/experiments/e1 -c 4 '-b=true'
INFO: Build completed successfully, 1 total action
2021/02/03 15:37:27 Hash: B3Z:d88e75149fe719abc7e6d415a8caef5ec8d620eaa00b7527c19f7dc7ebe9b072
2021/02/03 15:37:27 Hash: B3Z:052d0378daea4d46353d2a6dbdd7a6ae3fa4dbfaccd5a83cf6e3982728056074
2021/02/03 15:37:27 Hash: B3Z:02037bb351eff075276a1d9504953778dfa4cb15fcfbe335f1f9a248ef7d35af
2021/02/03 15:37:27 Command: arguments:"sh" arguments:"-c" arguments:"cp in0 out && printf ' ' | dd of=out bs=1 count=1 seek=4096 conv=notrunc" output_paths:"out" 
2021/02/03 15:37:27 Hash: B3Z:0ab4f6212b892924e26b40865d84b17a54f85362df684e93cc72525f7466c6bf
2021/02/03 15:37:27 Hash: B3Z:4c8e47e6bb66f0e48119d99e156d00c196fbff37e0da0f92c6d7ac4761a9f068
2021/02/03 15:37:27 Action Digest: [76 142 71 230 187 102 240 228 129 25 217 158 21 109 0 193 150 251 255 55 224 218 15 146 198 215 172 71 97 169 240 104] 4c8e47e6bb66f0e48119d99e156d00c196fbff37e0da0f92c6d7ac4761a9f068  76
2021/02/03 15:37:27 Bytes Uploaded: 163
2021/02/03 15:37:27 Time Hashing: 79.158µs
2021/02/03 15:37:27 Time Uploading: 1.070071ms
2021/02/03 15:37:27 Time Finding Missing Blobs: 1.469528ms
2021/02/03 15:37:27 Execute response: result:<output_files:<path:"out" digest:<size_bytes:8193 hash_blake3zcc:"ek3\357\356f\337\231\254F3\020<\311\345\201\223\2270\365\342K\220\037sM\261\274\256(\216\370" > > stderr_digest:<size_bytes:70 hash_blake3zcc:"\034\013\034\265\023B,\267'5\226\363\347\010\223\247\201\220<\230\221d\000\364+*1X\250\365>\370" > execution_metadata:<worker:"{\"datacenter\":\"paris\",\"hostname\":\"ubuntu-worker.example.com\",\"rack\":\"4\",\"slot\":\"15\",\"thread\":\"3\"}" queued_timestamp:<seconds:1612366647 nanos:771881215 > worker_start_timestamp:<seconds:1612366647 nanos:772302888 > worker_completed_timestamp:<seconds:1612366647 nanos:776872462 > input_fetch_start_timestamp:<seconds:1612366647 nanos:772459144 > input_fetch_completed_timestamp:<seconds:1612366647 nanos:772459999 > execution_start_timestamp:<seconds:1612366647 nanos:772459999 > execution_completed_timestamp:<seconds:1612366647 nanos:775168875 > output_upload_start_timestamp:<seconds:1612366647 nanos:775168875 > output_upload_completed_timestamp:<seconds:1612366647 nanos:776872462 > auxiliary_metadata:<type_url:"type.googleapis.com/buildbarn.resourceusage.POSIXResourceUsage" value:"\n\004\020\260\233E\022\004\020\210\240,\030\200\240\352\t8\254\002X x\006\200\001\030" > auxiliary_metadata:<type_url:"type.googleapis.com/buildbarn.resourceusage.FilePoolResourceUsage" > > > message:"Action details (cached result): /action/blake-client/B3Z:4c8e47e6bb66f0e48119d99e156d00c196fbff37e0da0f92c6d7ac4761a9f068/76/" 
