Loading: 
Loading: 0 packages loaded
Analyzing: target //cmd/blake3zcc_hasher:blake3zcc_hasher (0 packages loaded, 0 targets configured)
INFO: Analyzed target //cmd/blake3zcc_hasher:blake3zcc_hasher (0 packages loaded, 0 targets configured).
INFO: Found 1 target...
[0 / 1] [Prepa] BazelWorkspaceStatusAction stable-status.txt
Target //cmd/blake3zcc_hasher:blake3zcc_hasher up-to-date:
  bazel-bin/cmd/blake3zcc_hasher/blake3zcc_hasher_/blake3zcc_hasher
INFO: Elapsed time: 0.084s, Critical Path: 0.00s
INFO: 0 processes.
INFO: Build completed successfully, 1 total action
INFO: Running command line: bazel-bin/cmd/blake3zcc_hasher/blake3zcc_hasher_/blake3zcc_hasher -a localhost:8980 -d /home/debian/blake-client/experiments/e6 -c 4 '-b=true'
INFO: Build completed successfully, 1 total action
2021/04/07 16:12:39 Hash: B3Z:19710defbabdb9bae3c189a8d44a0db98d889b01e6a54a5477611a72da10f8c6
2021/04/07 16:12:39 Hash: B3Z:42b8ccf748ea3d4baa7adbbd78f030bf32bdb674286433b5664711536d2ccbcd
2021/04/07 16:12:39 Hash: B3Z:7bcbb4861ee6beb978029b9639a125522b3ec06767fa3094d697c7ae3ba0bcdd
2021/04/07 16:12:39 Command: arguments:"sh" arguments:"-c" arguments:"cp in0 out && printf ' ' | dd of=out bs=1 count=1 seek=17825792 conv=notrunc" output_paths:"out"
2021/04/07 16:12:39 Hash: B3Z:ab29b7cf55e91ffa82e1393ddd7f465fe6a18d104021bb511ae2f359975b3e72
2021/04/07 16:12:39 Hash: B3Z:e89a1294e23fb44c5929825683e7231ab95f343e7198d866ba24ed123201317c
2021/04/07 16:12:39 Time Hashing: 363.97854ms
2021/04/07 16:12:39 Bytes Hashed: 88080648
2021/04/07 16:12:39 Action Digest: [232 154 18 148 226 63 180 76 89 41 130 86 131 231 35 26 185 95 52 62 113 152 216 102 186 36 237 18 50 1 49 124] e89a1294e23fb44c5929825683e7231ab95f343e7198d866ba24ed123201317c  76
2021/04/07 16:12:39 Bytes Uploaded: 167
2021/04/07 16:12:39 Time Uploading: 2.290081ms
2021/04/07 16:12:39 Time Finding Missing Blobs: 23.383885ms
2021/04/07 16:12:40 Execute response: result:{output_files:{path:"out" digest:{size_bytes:35651585 hash_blake3zcc:"\x1a\x14\xf8\xc5$\xfb\xd7>\x8c^'\xdb\xdd!\xb8\xcd>c\xc4O\xf5\xaf\x9eS!\"&~\x8e\xab\xff0"}} stderr_digest:{size_bytes:70 hash_blake3zcc:"\xf1j\x8c\xb8\xf4\x99k?\x91\r*\xfd\x9aU\x9ezq\xa2Q\xa6\x94\xdbr0'\x1f\t\xb9 IX\xc9"} execution_metadata:{worker:"{\"datacenter\":\"paris\",\"hostname\":\"ubuntu-worker.example.com\",\"rack\":\"4\",\"slot\":\"15\",\"thread\":\"4\"}" queued_timestamp:{seconds:1617808359 nanos:795833311} worker_start_timestamp:{seconds:1617808359 nanos:796119266} worker_completed_timestamp:{seconds:1617808360 nanos:300855407} input_fetch_start_timestamp:{seconds:1617808359 nanos:796378421} input_fetch_completed_timestamp:{seconds:1617808359 nanos:798973557} execution_start_timestamp:{seconds:1617808359 nanos:798973557} execution_completed_timestamp:{seconds:1617808359 nanos:824408304} output_upload_start_timestamp:{seconds:1617808359 nanos:824408304} output_upload_completed_timestamp:{seconds:1617808360 nanos:300855407} auxiliary_metadata:{type_url:"type.googleapis.com/buildbarn.resourceusage.POSIXResourceUsage" value:"\n\x04\x10\x98\xfcQ\x12\x05\x10\x88\xb1\xb8\x08\x18\x80\xc0\xae\x0e8\xc7\x02X\x90\xa0\x04x\x07\x80\x01\x0c"} auxiliary_metadata:{type_url:"type.googleapis.com/buildbarn.resourceusage.FilePoolResourceUsage"}}} message:"Action details (cached result): /action/blake-client/B3Z:e89a1294e23fb44c5929825683e7231ab95f343e7198d866ba24ed123201317c/76/"
