Loading: 
Loading: 0 packages loaded
Analyzing: target //cmd/blake3zcc_hasher:blake3zcc_hasher (0 packages loaded, 0 targets configured)
INFO: Analyzed target //cmd/blake3zcc_hasher:blake3zcc_hasher (0 packages loaded, 0 targets configured).
INFO: Found 1 target...
[0 / 1] [Prepa] BazelWorkspaceStatusAction stable-status.txt
Target //cmd/blake3zcc_hasher:blake3zcc_hasher up-to-date:
  bazel-bin/cmd/blake3zcc_hasher/blake3zcc_hasher_/blake3zcc_hasher
INFO: Elapsed time: 0.082s, Critical Path: 0.00s
INFO: 0 processes.
INFO: Build completed successfully, 1 total action
INFO: Running command line: bazel-bin/cmd/blake3zcc_hasher/blake3zcc_hasher_/blake3zcc_hasher -a localhost:8980 -d /home/debian/blake-client/experiments/e7 -c 1 '-b=true'
INFO: Build completed successfully, 1 total action
2021/04/07 16:12:49 Hash: B3Z:49bbc11948ed7d3139ce8ed12aa5a5a2759cf56028a869905df051c928660163
2021/04/07 16:12:49 Hash: B3Z:fe4c60b847526e49dd8cf50a57897070d4c153fefb2d0549907275a491d3df89
2021/04/07 16:12:49 Hash: B3Z:4739f653e0dab223f6be0aeb3f9dfb582ffef5b84da322a3fff00f22a7802c93
2021/04/07 16:12:49 Hash: B3Z:95f1a8b8421e32df87826aa0d29f40b20c295a3f603de6d2533dc0d717f40852
2021/04/07 16:12:49 Hash: B3Z:05341a7f47c9adca12d7a9e92dfbac794939aaf83c5cd6c33458f62b0c9a123e
2021/04/07 16:12:49 Time Hashing: 371.873742ms
2021/04/07 16:12:49 Bytes Hashed: 88080589
2021/04/07 16:12:49 Action Digest: [5 52 26 127 71 201 173 202 18 215 169 233 45 251 172 121 73 57 170 248 60 92 214 195 52 88 246 43 12 154 18 62] 05341a7f47c9adca12d7a9e92dfbac794939aaf83c5cd6c33458f62b0c9a123e  76
2021/04/07 16:12:49 Bytes Uploaded: 76
2021/04/07 16:12:49 Time Uploading: 1.022524ms
2021/04/07 16:12:49 Time Finding Missing Blobs: 25.838863ms
2021/04/07 16:12:50 Execute response: result:{output_files:{path:"out" digest:{size_bytes:104857602 hash_blake3zcc:"\x9d3C%\x17\xb1\xf9H\x0bZ#\x06\xa9\x99\x98\xaa(\x8eGb\x19W\x95^\x18\x0c\xc0\xe9\xb0ꇳ"}} execution_metadata:{worker:"{\"datacenter\":\"paris\",\"hostname\":\"ubuntu-worker.example.com\",\"rack\":\"4\",\"slot\":\"15\",\"thread\":\"5\"}" queued_timestamp:{seconds:1617808369 nanos:376510345} worker_start_timestamp:{seconds:1617808369 nanos:377552093} worker_completed_timestamp:{seconds:1617808370 nanos:890357566} input_fetch_start_timestamp:{seconds:1617808369 nanos:377787784} input_fetch_completed_timestamp:{seconds:1617808369 nanos:378568117} execution_start_timestamp:{seconds:1617808369 nanos:378568117} execution_completed_timestamp:{seconds:1617808369 nanos:445550151} output_upload_start_timestamp:{seconds:1617808369 nanos:445550151} output_upload_completed_timestamp:{seconds:1617808370 nanos:890357566} auxiliary_metadata:{type_url:"type.googleapis.com/buildbarn.resourceusage.POSIXResourceUsage" value:"\n\x00\x12\x05\x10\xa0\xce\xc6\x1b\x18\x80\xc0\xae\x0e8\xc8\x01X\x88\xc0\x0cx\x03\x80\x01#"} auxiliary_metadata:{type_url:"type.googleapis.com/buildbarn.resourceusage.FilePoolResourceUsage"}}} message:"Action details (cached result): /action/blake-client/B3Z:05341a7f47c9adca12d7a9e92dfbac794939aaf83c5cd6c33458f62b0c9a123e/76/"
