Loading: 
Loading: 0 packages loaded
Analyzing: target //cmd/blake3zcc_hasher:blake3zcc_hasher (0 packages loaded, 0 targets configured)
INFO: Analyzed target //cmd/blake3zcc_hasher:blake3zcc_hasher (0 packages loaded, 0 targets configured).
INFO: Found 1 target...
[0 / 1] [Prepa] BazelWorkspaceStatusAction stable-status.txt
Target //cmd/blake3zcc_hasher:blake3zcc_hasher up-to-date:
  bazel-bin/cmd/blake3zcc_hasher/blake3zcc_hasher_/blake3zcc_hasher
INFO: Elapsed time: 0.078s, Critical Path: 0.00s
INFO: 0 processes.
INFO: Build completed successfully, 1 total action
INFO: Running command line: bazel-bin/cmd/blake3zcc_hasher/blake3zcc_hasher_/blake3zcc_hasher -a localhost:8980 -d /home/debian/blake-client/experiments/e3 -c 3 '-b=true'
INFO: Build completed successfully, 1 total action
2021/04/07 16:12:21 Hash: B3Z:19710defbabdb9bae3c189a8d44a0db98d889b01e6a54a5477611a72da10f8c6
2021/04/07 16:12:21 Hash: B3Z:e22ab87183b7dce07cc5e55d2dd98da9cd5d29b00ebb88cf6d50b444c1e389be
2021/04/07 16:12:21 Hash: B3Z:ac94b11ce68890b45d3a292f243866abebbe3f57444dc92fc28433246fd92654
2021/04/07 16:12:21 Hash: B3Z:0379138517bc5811e645894edbef883e8d64f9056cdb7bdb54e23e31a6367972
2021/04/07 16:12:21 Hash: B3Z:fdb69240b9de88be87b83d424d6dd5875ffc9d2f1d9c1110d43b355532a98080
2021/04/07 16:12:21 Time Hashing: 224.082084ms
2021/04/07 16:12:21 Bytes Hashed: 54526173
2021/04/07 16:12:21 Action Digest: [253 182 146 64 185 222 136 190 135 184 61 66 77 109 213 135 95 252 157 47 29 156 17 16 212 59 53 85 50 169 128 128] fdb69240b9de88be87b83d424d6dd5875ffc9d2f1d9c1110d43b355532a98080  76
2021/04/07 16:12:21 Bytes Uploaded: 76
2021/04/07 16:12:21 Time Uploading: 1.015689ms
2021/04/07 16:12:21 Time Finding Missing Blobs: 17.440847ms
2021/04/07 16:12:21 Execute response: result:{output_files:{path:"out" digest:{size_bytes:52428800 hash_blake3zcc:"\x19q\rﺽ\xb9\xba\xe3\xc1\x89\xa8\xd4J\r\xb9\x8d\x88\x9b\x01\xe6\xa5JTwa\x1ar\xda\x10\xf8\xc6"}} execution_metadata:{worker:"{\"datacenter\":\"paris\",\"hostname\":\"ubuntu-worker.example.com\",\"rack\":\"4\",\"slot\":\"15\",\"thread\":\"7\"}" queued_timestamp:{seconds:1617808341 nanos:148317524} worker_start_timestamp:{seconds:1617808341 nanos:148830093} worker_completed_timestamp:{seconds:1617808341 nanos:858664619} input_fetch_start_timestamp:{seconds:1617808341 nanos:151014295} input_fetch_completed_timestamp:{seconds:1617808341 nanos:151683508} execution_start_timestamp:{seconds:1617808341 nanos:151683508} execution_completed_timestamp:{seconds:1617808341 nanos:155961658} output_upload_start_timestamp:{seconds:1617808341 nanos:155961658} output_upload_completed_timestamp:{seconds:1617808341 nanos:858664619} auxiliary_metadata:{type_url:"type.googleapis.com/buildbarn.resourceusage.POSIXResourceUsage" value:"\n\x05\x10\xc0\xe4\x9a\x01\x12\x04\x10\x90\xf4\x1d\x18\x80\xc0\x9a\x0e8\xa1\x02X\x88 x\x05\x80\x01\t"} auxiliary_metadata:{type_url:"type.googleapis.com/buildbarn.resourceusage.FilePoolResourceUsage"}}} message:"Action details (cached result): /action/blake-client/B3Z:fdb69240b9de88be87b83d424d6dd5875ffc9d2f1d9c1110d43b355532a98080/76/"
