Loading: 
Loading: 0 packages loaded
Analyzing: target //cmd/blake3zcc_hasher:blake3zcc_hasher (0 packages loaded, 0 targets configured)
INFO: Analyzed target //cmd/blake3zcc_hasher:blake3zcc_hasher (0 packages loaded, 0 targets configured).
INFO: Found 1 target...
[0 / 1] [Prepa] BazelWorkspaceStatusAction stable-status.txt
Target //cmd/blake3zcc_hasher:blake3zcc_hasher up-to-date:
  bazel-bin/cmd/blake3zcc_hasher/blake3zcc_hasher_/blake3zcc_hasher
INFO: Elapsed time: 0.120s, Critical Path: 0.00s
INFO: 0 processes.
INFO: Build completed successfully, 1 total action
INFO: Running command line: bazel-bin/cmd/blake3zcc_hasher/blake3zcc_hasher_/blake3zcc_hasher -a localhost:8980 -d /home/debian/blake-client/experiments/e4 -c 1 '-b=true'
INFO: Build completed successfully, 1 total action
2021/04/07 16:12:27 Hash: B3Z:49bbc11948ed7d3139ce8ed12aa5a5a2759cf56028a869905df051c928660163
2021/04/07 16:12:27 Hash: B3Z:9a975a92c967affb5d1d28d17bceaece747fdcdbadd875ba66717a166e2dac68
2021/04/07 16:12:27 Hash: B3Z:234d2099b7c6d912343b7d2de227a5411b115cbc319e64d2a882c8c188154cc5
2021/04/07 16:12:27 Hash: B3Z:95f1a8b8421e32df87826aa0d29f40b20c295a3f603de6d2533dc0d717f40852
2021/04/07 16:12:27 Hash: B3Z:9baaa1eaf7a43f53a334d0d943b7e83aeae4bd1efc36e2032ccd29fe551bb5fa
2021/04/07 16:12:27 Time Hashing: 227.241012ms
2021/04/07 16:12:27 Bytes Hashed: 54526157
2021/04/07 16:12:27 Action Digest: [155 170 161 234 247 164 63 83 163 52 208 217 67 183 232 58 234 228 189 30 252 54 226 3 44 205 41 254 85 27 181 250] 9baaa1eaf7a43f53a334d0d943b7e83aeae4bd1efc36e2032ccd29fe551bb5fa  76
2021/04/07 16:12:27 Bytes Uploaded: 76
2021/04/07 16:12:27 Time Uploading: 980.161µs
2021/04/07 16:12:27 Time Finding Missing Blobs: 17.266332ms
2021/04/07 16:12:28 Execute response: result:{output_files:{path:"out" digest:{size_bytes:37748738 hash_blake3zcc:"sT?N%\xe2vv\x074:\x8b\xf4\xe7\xbe\xe9\x03Z\xd9k\x90\xb0\x07\xefb\xb9\x01\x14\xb4\x81\xf8Q"}} execution_metadata:{worker:"{\"datacenter\":\"paris\",\"hostname\":\"ubuntu-worker.example.com\",\"rack\":\"4\",\"slot\":\"15\",\"thread\":\"0\"}" queued_timestamp:{seconds:1617808347 nanos:818122463} worker_start_timestamp:{seconds:1617808347 nanos:818548902} worker_completed_timestamp:{seconds:1617808348 nanos:362827626} input_fetch_start_timestamp:{seconds:1617808347 nanos:820220754} input_fetch_completed_timestamp:{seconds:1617808347 nanos:821318662} execution_start_timestamp:{seconds:1617808347 nanos:821318662} execution_completed_timestamp:{seconds:1617808347 nanos:847519362} output_upload_start_timestamp:{seconds:1617808347 nanos:847519362} output_upload_completed_timestamp:{seconds:1617808348 nanos:362827626} auxiliary_metadata:{type_url:"type.googleapis.com/buildbarn.resourceusage.POSIXResourceUsage" value:"\n\x04\x10\x90\xd3(\x12\x05\x10\x80\x89\xdf\t\x18\x80\xc0\x9a\x0e8\xc2\x01X\x88\xc0\x04x\x03\x80\x01\t"} auxiliary_metadata:{type_url:"type.googleapis.com/buildbarn.resourceusage.FilePoolResourceUsage"}}} message:"Action details (cached result): /action/blake-client/B3Z:9baaa1eaf7a43f53a334d0d943b7e83aeae4bd1efc36e2032ccd29fe551bb5fa/76/"
