Loading: 
Loading: 0 packages loaded
Analyzing: target //cmd/blake3zcc_hasher:blake3zcc_hasher (0 packages loaded, 0 targets configured)
INFO: Analyzed target //cmd/blake3zcc_hasher:blake3zcc_hasher (0 packages loaded, 0 targets configured).
INFO: Found 1 target...
[0 / 1] [Prepa] BazelWorkspaceStatusAction stable-status.txt
Target //cmd/blake3zcc_hasher:blake3zcc_hasher up-to-date:
  bazel-bin/cmd/blake3zcc_hasher/blake3zcc_hasher_/blake3zcc_hasher
INFO: Elapsed time: 0.086s, Critical Path: 0.00s
INFO: 0 processes.
INFO: Build completed successfully, 1 total action
INFO: Running command line: bazel-bin/cmd/blake3zcc_hasher/blake3zcc_hasher_/blake3zcc_hasher -a localhost:8980 -d /home/debian/blake-client/experiments/e3 -c 2 '-b=true'
INFO: Build completed successfully, 1 total action
2021/04/07 16:12:12 Hash: B3Z:19710defbabdb9bae3c189a8d44a0db98d889b01e6a54a5477611a72da10f8c6
2021/04/07 16:12:12 Hash: B3Z:e22ab87183b7dce07cc5e55d2dd98da9cd5d29b00ebb88cf6d50b444c1e389be
2021/04/07 16:12:12 Hash: B3Z:ac94b11ce68890b45d3a292f243866abebbe3f57444dc92fc28433246fd92654
2021/04/07 16:12:12 Hash: B3Z:d9255d8105ee52b23f018fbd0eb54ae8d464e1f3b0c8729492b39af69afd9ec0
2021/04/07 16:12:12 Hash: B3Z:258039e5196e9cdba4edf6494a5481a86f8b5a344679deef61365f53957f0077
2021/04/07 16:12:12 Time Hashing: 224.249698ms
2021/04/07 16:12:12 Bytes Hashed: 54526157
2021/04/07 16:12:16 Action Digest: [37 128 57 229 25 110 156 219 164 237 246 73 74 84 129 168 111 139 90 52 70 121 222 239 97 54 95 83 149 127 0 119] 258039e5196e9cdba4edf6494a5481a86f8b5a344679deef61365f53957f0077  76
2021/04/07 16:12:16 Bytes Uploaded: 52428972
2021/04/07 16:12:16 Time Uploading: 3.509850967s
2021/04/07 16:12:16 Time Finding Missing Blobs: 2.638282ms
2021/04/07 16:12:20 Execute response: result:{output_files:{path:"out" digest:{size_bytes:54525953 hash_blake3zcc:"\xd5~\xb0\xe5\xa5~\xb5\xe1!\x8b\xf6=\xf1(\x9bF\xb7\xf1\xc0\x0cRRM\x9dU/\xb2\x86v\xbf\x847"}} execution_metadata:{worker:"{\"datacenter\":\"paris\",\"hostname\":\"ubuntu-worker.example.com\",\"rack\":\"4\",\"slot\":\"15\",\"thread\":\"2\"}" queued_timestamp:{seconds:1617808336 nanos:221185735} worker_start_timestamp:{seconds:1617808336 nanos:221969439} worker_completed_timestamp:{seconds:1617808340 nanos:791047974} input_fetch_start_timestamp:{seconds:1617808336 nanos:222240814} input_fetch_completed_timestamp:{seconds:1617808339 nanos:977302729} execution_start_timestamp:{seconds:1617808339 nanos:977302729} execution_completed_timestamp:{seconds:1617808340 nanos:14865997} output_upload_start_timestamp:{seconds:1617808340 nanos:14865997} output_upload_completed_timestamp:{seconds:1617808340 nanos:791047974} auxiliary_metadata:{type_url:"type.googleapis.com/buildbarn.resourceusage.POSIXResourceUsage" value:"\n\x04\x10\xf8\xe0&\x12\x05\x10\xb0\xb8\xb8\x0f\x18\x80\xc0\x9a\x0e8\xc4\x01X\x88\xc0\x06x\x03\x80\x01\x18"} auxiliary_metadata:{type_url:"type.googleapis.com/buildbarn.resourceusage.FilePoolResourceUsage"}}} message:"Action details (cached result): /action/blake-client/B3Z:258039e5196e9cdba4edf6494a5481a86f8b5a344679deef61365f53957f0077/76/"
