Loading: 
Loading: 0 packages loaded
Analyzing: target //cmd/blake3zcc_hasher:blake3zcc_hasher (0 packages loaded, 0 targets configured)
INFO: Analyzed target //cmd/blake3zcc_hasher:blake3zcc_hasher (0 packages loaded, 0 targets configured).
INFO: Found 1 target...
[0 / 1] [Prepa] BazelWorkspaceStatusAction stable-status.txt
Target //cmd/blake3zcc_hasher:blake3zcc_hasher up-to-date:
  bazel-bin/cmd/blake3zcc_hasher/blake3zcc_hasher_/blake3zcc_hasher
INFO: Elapsed time: 0.084s, Critical Path: 0.00s
INFO: 0 processes.
INFO: Build completed successfully, 1 total action
INFO: Running command line: bazel-bin/cmd/blake3zcc_hasher/blake3zcc_hasher_/blake3zcc_hasher -a localhost:8980 -d /home/debian/blake-client/experiments/e6 -c 2 '-b=true'
INFO: Build completed successfully, 1 total action
2021/04/07 16:12:36 Hash: B3Z:19710defbabdb9bae3c189a8d44a0db98d889b01e6a54a5477611a72da10f8c6
2021/04/07 16:12:36 Hash: B3Z:42b8ccf748ea3d4baa7adbbd78f030bf32bdb674286433b5664711536d2ccbcd
2021/04/07 16:12:36 Hash: B3Z:7bcbb4861ee6beb978029b9639a125522b3ec06767fa3094d697c7ae3ba0bcdd
2021/04/07 16:12:36 Hash: B3Z:d9255d8105ee52b23f018fbd0eb54ae8d464e1f3b0c8729492b39af69afd9ec0
2021/04/07 16:12:36 Hash: B3Z:7234f7c17fcff68216b00b511a72b0b553bc7919e86d0e9b2d78d36aefeb5e2a
2021/04/07 16:12:36 Time Hashing: 363.892511ms
2021/04/07 16:12:36 Bytes Hashed: 88080589
2021/04/07 16:12:36 Action Digest: [114 52 247 193 127 207 246 130 22 176 11 81 26 114 176 181 83 188 121 25 232 109 14 155 45 120 211 106 239 235 94 42] 7234f7c17fcff68216b00b511a72b0b553bc7919e86d0e9b2d78d36aefeb5e2a  76
2021/04/07 16:12:36 Bytes Uploaded: 76
2021/04/07 16:12:36 Time Uploading: 945.733µs
2021/04/07 16:12:36 Time Finding Missing Blobs: 22.622068ms
2021/04/07 16:12:38 Execute response: result:{output_files:{path:"out" digest:{size_bytes:88080385 hash_blake3zcc:"\xca9\r\xe3\x10\xa4B/?˱\xacg}\x1b\xb4\x08Ʒ<\xb7^<:Â\xec\xc7l\x91\xa0\xae"}} execution_metadata:{worker:"{\"datacenter\":\"paris\",\"hostname\":\"ubuntu-worker.example.com\",\"rack\":\"4\",\"slot\":\"15\",\"thread\":\"0\"}" queued_timestamp:{seconds:1617808356 nanos:778613317} worker_start_timestamp:{seconds:1617808356 nanos:779084760} worker_completed_timestamp:{seconds:1617808358 nanos:677956} input_fetch_start_timestamp:{seconds:1617808356 nanos:779306883} input_fetch_completed_timestamp:{seconds:1617808356 nanos:781430280} execution_start_timestamp:{seconds:1617808356 nanos:781430280} execution_completed_timestamp:{seconds:1617808356 nanos:828104323} output_upload_start_timestamp:{seconds:1617808356 nanos:828104323} output_upload_completed_timestamp:{seconds:1617808358 nanos:677956} auxiliary_metadata:{type_url:"type.googleapis.com/buildbarn.resourceusage.POSIXResourceUsage" value:"\n\x04\x10\xe0\xee$\x12\x05\x10\x80\xb0\xae\x15\x18\x80\xc0\xae\x0e8\xcb\x01X\x88\xc0\nx\x03\x80\x01\x07"} auxiliary_metadata:{type_url:"type.googleapis.com/buildbarn.resourceusage.FilePoolResourceUsage"}}} message:"Action details (cached result): /action/blake-client/B3Z:7234f7c17fcff68216b00b511a72b0b553bc7919e86d0e9b2d78d36aefeb5e2a/76/"
