Loading: 
Loading: 0 packages loaded
Analyzing: target //cmd/blake3zcc_hasher:blake3zcc_hasher (0 packages loaded, 0 targets configured)
INFO: Analyzed target //cmd/blake3zcc_hasher:blake3zcc_hasher (0 packages loaded, 0 targets configured).
INFO: Found 1 target...
[0 / 1] [Prepa] BazelWorkspaceStatusAction stable-status.txt
Target //cmd/blake3zcc_hasher:blake3zcc_hasher up-to-date:
  bazel-bin/cmd/blake3zcc_hasher/blake3zcc_hasher_/blake3zcc_hasher
INFO: Elapsed time: 0.094s, Critical Path: 0.00s
INFO: 0 processes.
INFO: Build completed successfully, 1 total action
INFO: Running command line: bazel-bin/cmd/blake3zcc_hasher/blake3zcc_hasher_/blake3zcc_hasher -a localhost:8980 -d /home/debian/blake-client/experiments/e12 -c 3 '-b=true'
INFO: Build completed successfully, 1 total action
2021/04/07 16:12:10 Hash: B3Z:f401ac6fb36133bb9bc4b03b22d35d74a8c0dce4b223f2bdf5b355f1de1e0961
2021/04/07 16:12:10 Hash: B3Z:9a975a92c967affb5d1d28d17bceaece747fdcdbadd875ba66717a166e2dac68
2021/04/07 16:12:10 Hash: B3Z:c1e7da5a650d63ba6d67b4fb10d9f714c023e27396f8806f7b82bde59b52b76e
2021/04/07 16:12:10 Hash: B3Z:0379138517bc5811e645894edbef883e8d64f9056cdb7bdb54e23e31a6367972
2021/04/07 16:12:10 Hash: B3Z:2652b815dbd235165a700b6b7ab34b02fb355bdded3961220ba5f78ba25e625e
2021/04/07 16:12:10 Time Hashing: 85.670303ms
2021/04/07 16:12:10 Bytes Hashed: 20971741
2021/04/07 16:12:10 Action Digest: [38 82 184 21 219 210 53 22 90 112 11 107 122 179 75 2 251 53 91 221 237 57 97 34 11 165 247 139 162 94 98 94] 2652b815dbd235165a700b6b7ab34b02fb355bdded3961220ba5f78ba25e625e  76
2021/04/07 16:12:10 Bytes Uploaded: 76
2021/04/07 16:12:10 Time Uploading: 790.851µs
2021/04/07 16:12:10 Time Finding Missing Blobs: 7.535333ms
2021/04/07 16:12:10 Execute response: result:{output_files:{path:"out" digest:{size_bytes:2097152 hash_blake3zcc:"\xf4\x01\xaco\xb3a3\xbb\x9bİ;\"\xd3]t\xa8\xc0\xdc\xe4\xb2#\xf2\xbd\xf5\xb3U\xf1\xde\x1e\ta"}} execution_metadata:{worker:"{\"datacenter\":\"paris\",\"hostname\":\"ubuntu-worker.example.com\",\"rack\":\"4\",\"slot\":\"15\",\"thread\":\"4\"}" queued_timestamp:{seconds:1617808330 nanos:699906770} worker_start_timestamp:{seconds:1617808330 nanos:700625080} worker_completed_timestamp:{seconds:1617808330 nanos:749889718} input_fetch_start_timestamp:{seconds:1617808330 nanos:700844327} input_fetch_completed_timestamp:{seconds:1617808330 nanos:701581519} execution_start_timestamp:{seconds:1617808330 nanos:701581519} execution_completed_timestamp:{seconds:1617808330 nanos:721289948} output_upload_start_timestamp:{seconds:1617808330 nanos:721289948} output_upload_completed_timestamp:{seconds:1617808330 nanos:749889718} auxiliary_metadata:{type_url:"type.googleapis.com/buildbarn.resourceusage.POSIXResourceUsage" value:"\n\x04\x10\xf0\xad*\x12\x05\x10Ћ\x99\x06\x18\x80\xc0\x9a\x0e8\xa0\x02X\x88\xa0\x02x\x05\x80\x019"} auxiliary_metadata:{type_url:"type.googleapis.com/buildbarn.resourceusage.FilePoolResourceUsage"}}} message:"Action details (cached result): /action/blake-client/B3Z:2652b815dbd235165a700b6b7ab34b02fb355bdded3961220ba5f78ba25e625e/76/"
