Loading: 
Loading: 0 packages loaded
Analyzing: target //cmd/blake3zcc_hasher:blake3zcc_hasher (0 packages loaded, 0 targets configured)
INFO: Analyzed target //cmd/blake3zcc_hasher:blake3zcc_hasher (0 packages loaded, 0 targets configured).
INFO: Found 1 target...
[0 / 1] [Prepa] BazelWorkspaceStatusAction stable-status.txt
Target //cmd/blake3zcc_hasher:blake3zcc_hasher up-to-date:
  bazel-bin/cmd/blake3zcc_hasher/blake3zcc_hasher_/blake3zcc_hasher
INFO: Elapsed time: 0.095s, Critical Path: 0.00s
INFO: 0 processes.
INFO: Build completed successfully, 1 total action
INFO: Running command line: bazel-bin/cmd/blake3zcc_hasher/blake3zcc_hasher_/blake3zcc_hasher -a localhost:8980 -d /home/debian/blake-client/experiments/e7 -c 4 '-b=true'
INFO: Build completed successfully, 1 total action
2021/04/07 16:12:53 Hash: B3Z:49bbc11948ed7d3139ce8ed12aa5a5a2759cf56028a869905df051c928660163
2021/04/07 16:12:54 Hash: B3Z:fe4c60b847526e49dd8cf50a57897070d4c153fefb2d0549907275a491d3df89
2021/04/07 16:12:54 Hash: B3Z:4739f653e0dab223f6be0aeb3f9dfb582ffef5b84da322a3fff00f22a7802c93
2021/04/07 16:12:54 Command: arguments:"sh" arguments:"-c" arguments:"cp in0 out && printf ' ' | dd of=out bs=1 count=1 seek=26214400 conv=notrunc" output_paths:"out"
2021/04/07 16:12:54 Hash: B3Z:cd3205ee325b6700781efdfcede858fe751c6744693553be81a4f2d66ea467eb
2021/04/07 16:12:54 Hash: B3Z:f5b1e193976019e1d74e9ac5ddaba1b9e006f13264785ec09b287aa36dbbb9ae
2021/04/07 16:12:54 Time Hashing: 368.035915ms
2021/04/07 16:12:54 Bytes Hashed: 88080648
2021/04/07 16:12:54 Action Digest: [245 177 225 147 151 96 25 225 215 78 154 197 221 171 161 185 224 6 241 50 100 120 94 192 155 40 122 163 109 187 185 174] f5b1e193976019e1d74e9ac5ddaba1b9e006f13264785ec09b287aa36dbbb9ae  76
2021/04/07 16:12:54 Bytes Uploaded: 167
2021/04/07 16:12:54 Time Uploading: 1.435814ms
2021/04/07 16:12:54 Time Finding Missing Blobs: 26.723516ms
2021/04/07 16:12:54 Execute response: result:{output_files:{path:"out" digest:{size_bytes:52428801 hash_blake3zcc:"Y\xc9Snd\nF1y\xda\xe4\x8e\xf4\xaf!r˻\x950\x96\xed\x19\xaf\xd3[\\j\"\xd4&\xb3"}} stderr_digest:{size_bytes:69 hash_blake3zcc:"&Y\xcd*\x05\x1eP;\xed빳h\x8f*\xbd9\x034\x8a1P\xbe\x196\x02\xbe\\\xf6\xf3{\xb6"} execution_metadata:{worker:"{\"datacenter\":\"paris\",\"hostname\":\"ubuntu-worker.example.com\",\"rack\":\"4\",\"slot\":\"15\",\"thread\":\"3\"}" queued_timestamp:{seconds:1617808374 nanos:184587040} worker_start_timestamp:{seconds:1617808374 nanos:185149137} worker_completed_timestamp:{seconds:1617808374 nanos:934448979} input_fetch_start_timestamp:{seconds:1617808374 nanos:186900904} input_fetch_completed_timestamp:{seconds:1617808374 nanos:187859969} execution_start_timestamp:{seconds:1617808374 nanos:187859969} execution_completed_timestamp:{seconds:1617808374 nanos:216450668} output_upload_start_timestamp:{seconds:1617808374 nanos:216450668} output_upload_completed_timestamp:{seconds:1617808374 nanos:934448979} auxiliary_metadata:{type_url:"type.googleapis.com/buildbarn.resourceusage.POSIXResourceUsage" value:"\n\x05\x10\xd0ϸ\x02\x12\x05\x10\xc8\xe0\xb7\n\x18\x80\xc0\xae\x0e8\xc7\x02X\x90\xa0\x06x\x07\x80\x01\x07"} auxiliary_metadata:{type_url:"type.googleapis.com/buildbarn.resourceusage.FilePoolResourceUsage"}}} message:"Action details (cached result): /action/blake-client/B3Z:f5b1e193976019e1d74e9ac5ddaba1b9e006f13264785ec09b287aa36dbbb9ae/76/"
