Loading: 
Loading: 0 packages loaded
Analyzing: target //cmd/blake3zcc_hasher:blake3zcc_hasher (0 packages loaded, 0 targets configured)
INFO: Analyzed target //cmd/blake3zcc_hasher:blake3zcc_hasher (0 packages loaded, 0 targets configured).
INFO: Found 1 target...
[0 / 1] [Prepa] BazelWorkspaceStatusAction stable-status.txt
Target //cmd/blake3zcc_hasher:blake3zcc_hasher up-to-date:
  bazel-bin/cmd/blake3zcc_hasher/blake3zcc_hasher_/blake3zcc_hasher
INFO: Elapsed time: 0.078s, Critical Path: 0.00s
INFO: 0 processes.
INFO: Build completed successfully, 1 total action
INFO: Running command line: bazel-bin/cmd/blake3zcc_hasher/blake3zcc_hasher_/blake3zcc_hasher -a localhost:8980 -d /home/debian/blake-client/experiments/e6 -c 3 '-b=true'
INFO: Build completed successfully, 1 total action
2021/04/07 16:12:38 Hash: B3Z:19710defbabdb9bae3c189a8d44a0db98d889b01e6a54a5477611a72da10f8c6
2021/04/07 16:12:38 Hash: B3Z:42b8ccf748ea3d4baa7adbbd78f030bf32bdb674286433b5664711536d2ccbcd
2021/04/07 16:12:38 Hash: B3Z:7bcbb4861ee6beb978029b9639a125522b3ec06767fa3094d697c7ae3ba0bcdd
2021/04/07 16:12:38 Hash: B3Z:0379138517bc5811e645894edbef883e8d64f9056cdb7bdb54e23e31a6367972
2021/04/07 16:12:38 Hash: B3Z:4c090120ea5d24e96881b237699eab4b82bf959edec401e90030748a65c3c281
2021/04/07 16:12:38 Time Hashing: 372.025183ms
2021/04/07 16:12:38 Bytes Hashed: 88080605
2021/04/07 16:12:38 Action Digest: [76 9 1 32 234 93 36 233 104 129 178 55 105 158 171 75 130 191 149 158 222 196 1 233 0 48 116 138 101 195 194 129] 4c090120ea5d24e96881b237699eab4b82bf959edec401e90030748a65c3c281  76
2021/04/07 16:12:38 Bytes Uploaded: 76
2021/04/07 16:12:38 Time Uploading: 859.006µs
2021/04/07 16:12:38 Time Finding Missing Blobs: 28.131406ms
2021/04/07 16:12:39 Execute response: result:{output_files:{path:"out" digest:{size_bytes:52428800 hash_blake3zcc:"\x19q\rﺽ\xb9\xba\xe3\xc1\x89\xa8\xd4J\r\xb9\x8d\x88\x9b\x01\xe6\xa5JTwa\x1ar\xda\x10\xf8\xc6"}} execution_metadata:{worker:"{\"datacenter\":\"paris\",\"hostname\":\"ubuntu-worker.example.com\",\"rack\":\"4\",\"slot\":\"15\",\"thread\":\"1\"}" queued_timestamp:{seconds:1617808358 nanos:519988673} worker_start_timestamp:{seconds:1617808358 nanos:520323801} worker_completed_timestamp:{seconds:1617808359 nanos:275505556} input_fetch_start_timestamp:{seconds:1617808358 nanos:520612535} input_fetch_completed_timestamp:{seconds:1617808358 nanos:523208315} execution_start_timestamp:{seconds:1617808358 nanos:523208315} execution_completed_timestamp:{seconds:1617808358 nanos:546500521} output_upload_start_timestamp:{seconds:1617808358 nanos:546500521} output_upload_completed_timestamp:{seconds:1617808359 nanos:275505556} auxiliary_metadata:{type_url:"type.googleapis.com/buildbarn.resourceusage.POSIXResourceUsage" value:"\n\x04\x10\x80\xfc*\x12\x05\x10Ȱ\xcd\x08\x18\x80\xc0\xae\x0e8\xa5\x02X\x88\xa0\x04x\x05\x80\x015"} auxiliary_metadata:{type_url:"type.googleapis.com/buildbarn.resourceusage.FilePoolResourceUsage"}}} message:"Action details (cached result): /action/blake-client/B3Z:4c090120ea5d24e96881b237699eab4b82bf959edec401e90030748a65c3c281/76/"
