Loading: 
Loading: 0 packages loaded
Analyzing: target //cmd/blake3zcc_hasher:blake3zcc_hasher (0 packages loaded, 0 targets configured)
INFO: Analyzed target //cmd/blake3zcc_hasher:blake3zcc_hasher (0 packages loaded, 0 targets configured).
INFO: Found 1 target...
[0 / 1] [Prepa] BazelWorkspaceStatusAction stable-status.txt
Target //cmd/blake3zcc_hasher:blake3zcc_hasher up-to-date:
  bazel-bin/cmd/blake3zcc_hasher/blake3zcc_hasher_/blake3zcc_hasher
INFO: Elapsed time: 0.115s, Critical Path: 0.00s
INFO: 0 processes.
INFO: Build completed successfully, 1 total action
INFO: Running command line: bazel-bin/cmd/blake3zcc_hasher/blake3zcc_hasher_/blake3zcc_hasher -a localhost:8980 -d /home/debian/blake-client/experiments/e17 '-b=false' -D -s 8192
INFO: Build completed successfully, 1 total action
2021/04/15 19:38:55 Time Hashing: 1.041872047s
2021/04/15 19:38:58 Bytes Uploaded: 247329872
2021/04/15 19:38:58 Bytes Hashed: 247329872
2021/04/15 19:38:58 Missing Blobs: 2
2021/04/15 19:38:58 Total Blobs: 2
2021/04/15 19:38:58 Time Uploading: 3.35966507s
2021/04/15 19:38:58 Time Finding Missing Blobs: 12.504946ms
