Loading: 
Loading: 0 packages loaded
Analyzing: target //cmd/blake3zcc_hasher:blake3zcc_hasher (0 packages loaded, 0 targets configured)
INFO: Analyzed target //cmd/blake3zcc_hasher:blake3zcc_hasher (0 packages loaded, 0 targets configured).
INFO: Found 1 target...
[0 / 1] [Prepa] BazelWorkspaceStatusAction stable-status.txt
Target //cmd/blake3zcc_hasher:blake3zcc_hasher up-to-date:
  bazel-bin/cmd/blake3zcc_hasher/blake3zcc_hasher_/blake3zcc_hasher
INFO: Elapsed time: 0.102s, Critical Path: 0.00s
INFO: 0 processes.
INFO: Build completed successfully, 1 total action
INFO: Running command line: bazel-bin/cmd/blake3zcc_hasher/blake3zcc_hasher_/blake3zcc_hasher -a localhost:8980 -d /home/debian/blake-client/experiments/e18 '-b=false' -D -s 8192
INFO: Build completed successfully, 1 total action
2021/04/15 19:38:59 Time Hashing: 1.047351259s
2021/04/15 19:39:03 Bytes Uploaded: 244487248
2021/04/15 19:39:03 Bytes Hashed: 244487248
2021/04/15 19:39:03 Missing Blobs: 2
2021/04/15 19:39:03 Total Blobs: 2
2021/04/15 19:39:03 Time Uploading: 3.505725279s
2021/04/15 19:39:03 Time Finding Missing Blobs: 12.001063ms
