Loading: 
Loading: 0 packages loaded
Analyzing: target //cmd/blake3zcc_hasher:blake3zcc_hasher (0 packages loaded, 0 targets configured)
INFO: Analyzed target //cmd/blake3zcc_hasher:blake3zcc_hasher (0 packages loaded, 0 targets configured).
INFO: Found 1 target...
[0 / 1] [Prepa] BazelWorkspaceStatusAction stable-status.txt
Target //cmd/blake3zcc_hasher:blake3zcc_hasher up-to-date:
  bazel-bin/cmd/blake3zcc_hasher/blake3zcc_hasher_/blake3zcc_hasher
INFO: Elapsed time: 0.087s, Critical Path: 0.00s
INFO: 0 processes.
INFO: Build completed successfully, 1 total action
INFO: Running command line: bazel-bin/cmd/blake3zcc_hasher/blake3zcc_hasher_/blake3zcc_hasher -a localhost:8980 -d /home/debian/blake-client/experiments/e16 '-b=true' -D -s 8192
INFO: Build completed successfully, 1 total action
2021/04/15 19:06:49 Time Hashing: 797.330867ms
2021/04/15 19:07:19 Bytes Uploaded: 240238704
2021/04/15 19:07:19 Bytes Hashed: 244058160
2021/04/15 19:07:19 Missing Blobs: 29096
2021/04/15 19:07:19 Total Blobs: 29795
2021/04/15 19:07:19 Time Uploading: 28.264542316s
2021/04/15 19:07:19 Time Finding Missing Blobs: 284.870712ms
