Loading: 
Loading: 0 packages loaded
Analyzing: target //cmd/blake3zcc_hasher:blake3zcc_hasher (0 packages loaded, 0 targets configured)
INFO: Analyzed target //cmd/blake3zcc_hasher:blake3zcc_hasher (0 packages loaded, 0 targets configured).
INFO: Found 1 target...
[0 / 1] [Prepa] BazelWorkspaceStatusAction stable-status.txt
Target //cmd/blake3zcc_hasher:blake3zcc_hasher up-to-date:
  bazel-bin/cmd/blake3zcc_hasher/blake3zcc_hasher_/blake3zcc_hasher
INFO: Elapsed time: 0.103s, Critical Path: 0.00s
INFO: 0 processes.
INFO: Build completed successfully, 1 total action
INFO: Running command line: bazel-bin/cmd/blake3zcc_hasher/blake3zcc_hasher_/blake3zcc_hasher -a localhost:8980 -d /home/debian/blake-client/experiments/e11 '-b=true' -D -s 1048576
INFO: Build completed successfully, 1 total action
2021/04/15 19:41:47 Time Hashing: 52.844318ms
2021/04/15 19:41:47 Bytes Uploaded: 23270896
2021/04/15 19:41:47 Bytes Hashed: 23269424
2021/04/15 19:41:47 Missing Blobs: 25
2021/04/15 19:41:47 Total Blobs: 25
2021/04/15 19:41:47 Time Uploading: 292.459604ms
2021/04/15 19:41:47 Time Finding Missing Blobs: 1.905661ms
