Loading: 
Loading: 0 packages loaded
Analyzing: target //cmd/blake3zcc_hasher:blake3zcc_hasher (0 packages loaded, 0 targets configured)
INFO: Analyzed target //cmd/blake3zcc_hasher:blake3zcc_hasher (0 packages loaded, 0 targets configured).
INFO: Found 1 target...
[0 / 1] [Prepa] BazelWorkspaceStatusAction stable-status.txt
Target //cmd/blake3zcc_hasher:blake3zcc_hasher up-to-date:
  bazel-bin/cmd/blake3zcc_hasher/blake3zcc_hasher_/blake3zcc_hasher
INFO: Elapsed time: 0.092s, Critical Path: 0.00s
INFO: 0 processes.
INFO: Build completed successfully, 1 total action
INFO: Running command line: bazel-bin/cmd/blake3zcc_hasher/blake3zcc_hasher_/blake3zcc_hasher -a localhost:8980 -d /home/debian/blake-client/experiments/e17 '-b=true' -D -s 1048576
INFO: Build completed successfully, 1 total action
2021/04/15 19:41:52 Time Hashing: 690.627565ms
2021/04/15 19:41:56 Bytes Uploaded: 243150640
2021/04/15 19:41:56 Bytes Hashed: 247329840
2021/04/15 19:41:56 Missing Blobs: 234
2021/04/15 19:41:56 Total Blobs: 238
2021/04/15 19:41:56 Time Uploading: 3.021329019s
2021/04/15 19:41:56 Time Finding Missing Blobs: 10.4255ms
