Loading: 
Loading: 0 packages loaded
Analyzing: target //cmd/blake3zcc_hasher:blake3zcc_hasher (0 packages loaded, 0 targets configured)
INFO: Analyzed target //cmd/blake3zcc_hasher:blake3zcc_hasher (0 packages loaded, 0 targets configured).
INFO: Found 1 target...
[0 / 1] [Prepa] BazelWorkspaceStatusAction stable-status.txt
Target //cmd/blake3zcc_hasher:blake3zcc_hasher up-to-date:
  bazel-bin/cmd/blake3zcc_hasher/blake3zcc_hasher_/blake3zcc_hasher
INFO: Elapsed time: 0.152s, Critical Path: 0.00s
INFO: 0 processes.
INFO: Build completed successfully, 1 total action
INFO: Running command line: bazel-bin/cmd/blake3zcc_hasher/blake3zcc_hasher_/blake3zcc_hasher -a localhost:8980 -d /home/debian/blake-client/experiments/e18 '-b=true' -D -s 8192
INFO: Build completed successfully, 1 total action
2021/04/15 19:07:51 Time Hashing: 1.187346535s
2021/04/15 19:08:18 Bytes Uploaded: 213681520
2021/04/15 19:08:18 Bytes Hashed: 244487216
2021/04/15 19:08:18 Missing Blobs: 25853
2021/04/15 19:08:18 Total Blobs: 29847
2021/04/15 19:08:18 Time Uploading: 24.952271058s
2021/04/15 19:08:18 Time Finding Missing Blobs: 298.997707ms
