Loading: 
Loading: 0 packages loaded
Analyzing: target //cmd/blake3zcc_hasher:blake3zcc_hasher (0 packages loaded, 0 targets configured)
INFO: Analyzed target //cmd/blake3zcc_hasher:blake3zcc_hasher (0 packages loaded, 0 targets configured).
INFO: Found 1 target...
[0 / 1] [Prepa] BazelWorkspaceStatusAction stable-status.txt
Target //cmd/blake3zcc_hasher:blake3zcc_hasher up-to-date:
  bazel-bin/cmd/blake3zcc_hasher/blake3zcc_hasher_/blake3zcc_hasher
INFO: Elapsed time: 0.087s, Critical Path: 0.00s
INFO: 0 processes.
INFO: Build completed successfully, 1 total action
INFO: Running command line: bazel-bin/cmd/blake3zcc_hasher/blake3zcc_hasher_/blake3zcc_hasher -a localhost:8980 -d /home/debian/blake-client/experiments/e10 '-b=false' -D -s 8192
INFO: Build completed successfully, 1 total action
2021/04/15 19:38:47 Time Hashing: 109.112232ms
2021/04/15 19:38:47 Bytes Uploaded: 21075024
2021/04/15 19:38:47 Bytes Hashed: 21075024
2021/04/15 19:38:47 Missing Blobs: 2
2021/04/15 19:38:47 Total Blobs: 2
2021/04/15 19:38:47 Time Uploading: 295.205448ms
2021/04/15 19:38:47 Time Finding Missing Blobs: 2.480707ms
