Loading: 
Loading: 0 packages loaded
Analyzing: target //cmd/blake3zcc_hasher:blake3zcc_hasher (0 packages loaded, 0 targets configured)
INFO: Analyzed target //cmd/blake3zcc_hasher:blake3zcc_hasher (0 packages loaded, 0 targets configured).
INFO: Found 1 target...
[0 / 1] [Prepa] BazelWorkspaceStatusAction stable-status.txt
Target //cmd/blake3zcc_hasher:blake3zcc_hasher up-to-date:
  bazel-bin/cmd/blake3zcc_hasher/blake3zcc_hasher_/blake3zcc_hasher
INFO: Elapsed time: 0.116s, Critical Path: 0.00s
INFO: 0 processes.
INFO: Build completed successfully, 1 total action
INFO: Running command line: bazel-bin/cmd/blake3zcc_hasher/blake3zcc_hasher_/blake3zcc_hasher -a localhost:8980 -d /home/debian/blake-client/experiments/e16 '-b=true' -D -s 1048576
INFO: Build completed successfully, 1 total action
2021/04/15 19:41:48 Time Hashing: 532.267227ms
2021/04/15 19:41:52 Bytes Uploaded: 244073072
2021/04/15 19:41:52 Bytes Hashed: 244058160
2021/04/15 19:41:52 Missing Blobs: 235
2021/04/15 19:41:52 Total Blobs: 235
2021/04/15 19:41:52 Time Uploading: 2.846629374s
2021/04/15 19:41:52 Time Finding Missing Blobs: 3.739519ms
