Loading: 
Loading: 0 packages loaded
Analyzing: target //cmd/blake3zcc_hasher:blake3zcc_hasher (0 packages loaded, 0 targets configured)
INFO: Analyzed target //cmd/blake3zcc_hasher:blake3zcc_hasher (0 packages loaded, 0 targets configured).
INFO: Found 1 target...
[0 / 1] [Prepa] BazelWorkspaceStatusAction stable-status.txt
Target //cmd/blake3zcc_hasher:blake3zcc_hasher up-to-date:
  bazel-bin/cmd/blake3zcc_hasher/blake3zcc_hasher_/blake3zcc_hasher
INFO: Elapsed time: 0.087s, Critical Path: 0.00s
INFO: 0 processes.
INFO: Build completed successfully, 1 total action
INFO: Running command line: bazel-bin/cmd/blake3zcc_hasher/blake3zcc_hasher_/blake3zcc_hasher -a localhost:8980 -d /home/debian/blake-client/experiments/e10 '-b=true' -D -s 1048576
INFO: Build completed successfully, 1 total action
2021/04/15 19:41:46 Time Hashing: 48.492683ms
2021/04/15 19:41:46 Bytes Uploaded: 21076336
2021/04/15 19:41:46 Bytes Hashed: 21074992
2021/04/15 19:41:46 Missing Blobs: 23
2021/04/15 19:41:46 Total Blobs: 23
2021/04/15 19:41:46 Time Uploading: 239.244628ms
2021/04/15 19:41:46 Time Finding Missing Blobs: 2.275396ms
