Loading: 
Loading: 0 packages loaded
Analyzing: target //cmd/blake3zcc_hasher:blake3zcc_hasher (0 packages loaded, 0 targets configured)
INFO: Analyzed target //cmd/blake3zcc_hasher:blake3zcc_hasher (0 packages loaded, 0 targets configured).
INFO: Found 1 target...
[0 / 1] [Prepa] BazelWorkspaceStatusAction stable-status.txt
Target //cmd/blake3zcc_hasher:blake3zcc_hasher up-to-date:
  bazel-bin/cmd/blake3zcc_hasher/blake3zcc_hasher_/blake3zcc_hasher
INFO: Elapsed time: 0.095s, Critical Path: 0.00s
INFO: 0 processes.
INFO: Build completed successfully, 1 total action
INFO: Running command line: bazel-bin/cmd/blake3zcc_hasher/blake3zcc_hasher_/blake3zcc_hasher -a localhost:8980 -d /home/debian/blake-client/experiments/e5 '-b=true' -D -s 8192
INFO: Build completed successfully, 1 total action
2021/04/15 19:05:48 Time Hashing: 642.160017ms
2021/04/15 19:06:14 Bytes Uploaded: 207563440
2021/04/15 19:06:14 Bytes Hashed: 207108656
2021/04/15 19:06:14 Missing Blobs: 25142
2021/04/15 19:06:14 Total Blobs: 25284
2021/04/15 19:06:14 Time Uploading: 24.701424728s
2021/04/15 19:06:14 Time Finding Missing Blobs: 243.020153ms
