Loading: 
Loading: 0 packages loaded
Analyzing: target //cmd/blake3zcc_hasher:blake3zcc_hasher (0 packages loaded, 0 targets configured)
INFO: Analyzed target //cmd/blake3zcc_hasher:blake3zcc_hasher (0 packages loaded, 0 targets configured).
INFO: Found 1 target...
[0 / 1] [Prepa] BazelWorkspaceStatusAction stable-status.txt
Target //cmd/blake3zcc_hasher:blake3zcc_hasher up-to-date:
  bazel-bin/cmd/blake3zcc_hasher/blake3zcc_hasher_/blake3zcc_hasher
INFO: Elapsed time: 0.108s, Critical Path: 0.00s
INFO: 0 processes.
INFO: Build completed successfully, 1 total action
INFO: Running command line: bazel-bin/cmd/blake3zcc_hasher/blake3zcc_hasher_/blake3zcc_hasher -a localhost:8980 -d /home/debian/blake-client/experiments/e11 '-b=true' -D -s 8192
INFO: Build completed successfully, 1 total action
2021/04/15 19:06:43 Time Hashing: 73.047665ms
2021/04/15 19:06:46 Bytes Uploaded: 22132336
2021/04/15 19:06:46 Bytes Hashed: 23269424
2021/04/15 19:06:46 Missing Blobs: 2682
2021/04/15 19:06:46 Total Blobs: 2843
2021/04/15 19:06:46 Time Uploading: 2.588084186s
2021/04/15 19:06:46 Time Finding Missing Blobs: 31.770159ms
