Loading: 
Loading: 0 packages loaded
Analyzing: target //cmd/blake3zcc_hasher:blake3zcc_hasher (0 packages loaded, 0 targets configured)
INFO: Analyzed target //cmd/blake3zcc_hasher:blake3zcc_hasher (0 packages loaded, 0 targets configured).
INFO: Found 1 target...
[0 / 1] [Prepa] BazelWorkspaceStatusAction stable-status.txt
Target //cmd/blake3zcc_hasher:blake3zcc_hasher up-to-date:
  bazel-bin/cmd/blake3zcc_hasher/blake3zcc_hasher_/blake3zcc_hasher
INFO: Elapsed time: 0.099s, Critical Path: 0.00s
INFO: 0 processes.
INFO: Build completed successfully, 1 total action
INFO: Running command line: bazel-bin/cmd/blake3zcc_hasher/blake3zcc_hasher_/blake3zcc_hasher -a localhost:8980 -d /home/debian/blake-client/experiments/e6 '-b=true' -D -s 8192
INFO: Build completed successfully, 1 total action
2021/04/15 19:06:15 Time Hashing: 671.966183ms
2021/04/15 19:06:40 Bytes Uploaded: 200453777
2021/04/15 19:06:40 Bytes Hashed: 206898224
2021/04/15 19:06:40 Missing Blobs: 24275
2021/04/15 19:06:40 Total Blobs: 25259
2021/04/15 19:06:40 Time Uploading: 23.068384198s
2021/04/15 19:06:40 Time Finding Missing Blobs: 228.707614ms
