Loading: 
Loading: 0 packages loaded
Analyzing: target //cmd/blake3zcc_hasher:blake3zcc_hasher (0 packages loaded, 0 targets configured)
INFO: Analyzed target //cmd/blake3zcc_hasher:blake3zcc_hasher (0 packages loaded, 0 targets configured).
INFO: Found 1 target...
[0 / 1] [Prepa] BazelWorkspaceStatusAction stable-status.txt
Target //cmd/blake3zcc_hasher:blake3zcc_hasher up-to-date:
  bazel-bin/cmd/blake3zcc_hasher/linux_amd64_stripped/blake3zcc_hasher
INFO: Elapsed time: 0.067s, Critical Path: 0.00s
INFO: 0 processes.
INFO: Build completed successfully, 1 total action
INFO: Running command line: bazel-bin/cmd/blake3zcc_hasher/linux_amd64_stripped/blake3zcc_hasher -a localhost:8980 -d /home/scott/buildbarn/blake-client/experiments/e7 -c 1 '-b=false'
INFO: Build completed successfully, 1 total action
2021/02/01 14:12:46 Hash: dd34b32ba0522e06e609f351620991e1af517dc3be2475e5875be645c16ba5e0
2021/02/01 14:12:46 Hash: 50dac11b8750f1398495b580e1f6158fef5ddbdc7f6500e7117c2e12f59c88e9
2021/02/01 14:12:46 Hash: a1041d607d96b3f2fa3aa6a3a8f78b6d00cbf46eece1fa8fc3f0526ce850e2f4
2021/02/01 14:12:46 Hash: 8ac82c9245239eed86e41c610a024096adf5a90ff857e300c1b91d60ca13e856
2021/02/01 14:12:46 Hash: 341de8803dd8178a1ee0ef23f2f014913e006b65c1bbf616ddf07d3986a1f20f
2021/02/01 14:12:46 Action Digest: []  341de8803dd8178a1ee0ef23f2f014913e006b65c1bbf616ddf07d3986a1f20f 141
2021/02/01 14:12:46 Bytes Uploaded: 141
2021/02/01 14:12:46 Time Hashing: 200.961301ms
2021/02/01 14:12:46 Time Uploading: 516.754µs
2021/02/01 14:12:46 Time Finding Missing Blobs: 1.079001ms
2021/02/01 14:12:47 Execute response: result:<output_files:<path:"out" digest:<hash_other:"fb2bc777f1e87b7bc90a24514e5bec166ef7ab4f732f07c2d5dd15a66130d480" size_bytes:104857602 > > execution_metadata:<worker:"{\"datacenter\":\"paris\",\"hostname\":\"ubuntu-worker.example.com\",\"rack\":\"4\",\"slot\":\"15\",\"thread\":\"6\"}" queued_timestamp:<seconds:1612188766 nanos:986472719 > worker_start_timestamp:<seconds:1612188766 nanos:986808144 > worker_completed_timestamp:<seconds:1612188767 nanos:865157432 > input_fetch_start_timestamp:<seconds:1612188766 nanos:986939010 > input_fetch_completed_timestamp:<seconds:1612188766 nanos:987014373 > execution_start_timestamp:<seconds:1612188766 nanos:987014373 > execution_completed_timestamp:<seconds:1612188767 nanos:50780172 > output_upload_start_timestamp:<seconds:1612188767 nanos:50780172 > output_upload_completed_timestamp:<seconds:1612188767 nanos:865157432 > auxiliary_metadata:<type_url:"type.googleapis.com/buildbarn.resourceusage.POSIXResourceUsage" value:"\n\004\020\300\264-\022\005\020\270\314\307\032\030\200\200\206\n8\301\001@\007P\310\006X\210\300\014x\t\200\001\017" > auxiliary_metadata:<type_url:"type.googleapis.com/buildbarn.resourceusage.FilePoolResourceUsage" > > > message:"Action details (cached result): /action/blake-client/341de8803dd8178a1ee0ef23f2f014913e006b65c1bbf616ddf07d3986a1f20f/141/" 
