Loading: 
Loading: 0 packages loaded
Analyzing: target //cmd/blake3zcc_hasher:blake3zcc_hasher (0 packages loaded, 0 targets configured)
INFO: Analyzed target //cmd/blake3zcc_hasher:blake3zcc_hasher (0 packages loaded, 0 targets configured).
INFO: Found 1 target...
[0 / 1] [Prepa] BazelWorkspaceStatusAction stable-status.txt
Target //cmd/blake3zcc_hasher:blake3zcc_hasher up-to-date:
  bazel-bin/cmd/blake3zcc_hasher/linux_amd64_stripped/blake3zcc_hasher
INFO: Elapsed time: 0.077s, Critical Path: 0.00s
INFO: 0 processes.
INFO: Build completed successfully, 1 total action
INFO: Running command line: bazel-bin/cmd/blake3zcc_hasher/linux_amd64_stripped/blake3zcc_hasher -a localhost:8980 -d /home/scott/buildbarn/blake-client/experiments/e2 -c 2 '-b=true'
INFO: Build completed successfully, 1 total action
2021/02/03 16:13:55 Hash: B3Z:42b8ccf748ea3d4baa7adbbd78f030bf32bdb674286433b5664711536d2ccbcd
2021/02/03 16:13:55 Hash: B3Z:e22ab87183b7dce07cc5e55d2dd98da9cd5d29b00ebb88cf6d50b444c1e389be
2021/02/03 16:13:55 Hash: B3Z:e6525635452e5971cdd986e2ac4c93653364bab29ed72b0e581fbf7d62f485e1
2021/02/03 16:13:55 Hash: B3Z:d9255d8105ee52b23f018fbd0eb54ae8d464e1f3b0c8729492b39af69afd9ec0
2021/02/03 16:13:55 Hash: B3Z:927721f3eec5952a5f1c0dc8471d6da2fcc8a1fb05b9a4f0a533bbaec8936fc5
2021/02/03 16:13:55 Action Digest: [146 119 33 243 238 197 149 42 95 28 13 200 71 29 109 162 252 200 161 251 5 185 164 240 165 51 187 174 200 147 111 197] 927721f3eec5952a5f1c0dc8471d6da2fcc8a1fb05b9a4f0a533bbaec8936fc5  76
2021/02/03 16:13:55 Bytes Uploaded: 172
2021/02/03 16:13:55 Time Hashing: 76.684599ms
2021/02/03 16:13:55 Time Uploading: 804.287µs
2021/02/03 16:13:55 Time Finding Missing Blobs: 8.054283ms
2021/02/03 16:13:56 Execute response: result:<output_files:<path:"out" digest:<size_bytes:37748738 hash_blake3zcc:"sT?N%\342vv\0074:\213\364\347\276\351\003Z\331k\220\260\007\357b\271\001\024\264\201\370Q" > > execution_metadata:<worker:"{\"datacenter\":\"paris\",\"hostname\":\"ubuntu-worker.example.com\",\"rack\":\"4\",\"slot\":\"15\",\"thread\":\"7\"}" queued_timestamp:<seconds:1612368835 nanos:749688032 > worker_start_timestamp:<seconds:1612368835 nanos:749953482 > worker_completed_timestamp:<seconds:1612368836 nanos:37973943 > input_fetch_start_timestamp:<seconds:1612368835 nanos:750058820 > input_fetch_completed_timestamp:<seconds:1612368835 nanos:751427678 > execution_start_timestamp:<seconds:1612368835 nanos:751427678 > execution_completed_timestamp:<seconds:1612368835 nanos:774386761 > output_upload_start_timestamp:<seconds:1612368835 nanos:774386761 > output_upload_completed_timestamp:<seconds:1612368836 nanos:37973943 > auxiliary_metadata:<type_url:"type.googleapis.com/buildbarn.resourceusage.POSIXResourceUsage" value:"\n\004\020\240\305\035\022\005\020\310\346\265\n\030\200\200\211\n8\307\001X\210\300\004x\003\200\001\004" > auxiliary_metadata:<type_url:"type.googleapis.com/buildbarn.resourceusage.FilePoolResourceUsage" > > > message:"Action details (cached result): /action/blake-client/B3Z:927721f3eec5952a5f1c0dc8471d6da2fcc8a1fb05b9a4f0a533bbaec8936fc5/76/" 
