Loading: 
Loading: 0 packages loaded
Analyzing: target //cmd/blake3zcc_hasher:blake3zcc_hasher (0 packages loaded, 0 targets configured)
INFO: Analyzed target //cmd/blake3zcc_hasher:blake3zcc_hasher (0 packages loaded, 0 targets configured).
INFO: Found 1 target...
[0 / 1] [Prepa] BazelWorkspaceStatusAction stable-status.txt
Target //cmd/blake3zcc_hasher:blake3zcc_hasher up-to-date:
  bazel-bin/cmd/blake3zcc_hasher/blake3zcc_hasher_/blake3zcc_hasher
INFO: Elapsed time: 0.083s, Critical Path: 0.00s
INFO: 0 processes.
INFO: Build completed successfully, 1 total action
INFO: Running command line: bazel-bin/cmd/blake3zcc_hasher/blake3zcc_hasher_/blake3zcc_hasher -a localhost:8980 -d /home/debian/blake-client/experiments/e7 -c 0 '-b=true'
INFO: Build completed successfully, 1 total action
2021/03/09 13:14:49 Hash: B3Z:49bbc11948ed7d3139ce8ed12aa5a5a2759cf56028a869905df051c928660163
2021/03/09 13:14:49 Hash: B3Z:fe4c60b847526e49dd8cf50a57897070d4c153fefb2d0549907275a491d3df89
2021/03/09 13:14:49 Hash: B3Z:4739f653e0dab223f6be0aeb3f9dfb582ffef5b84da322a3fff00f22a7802c93
2021/03/09 13:14:49 Hash: B3Z:0efe2b763d0ef25ab606352f2bdaf1041c4cc049855cbb1ed1c45be863334bcd
2021/03/09 13:14:49 Hash: B3Z:48d491996df4f0d0d75079d5a4989e544d6dbcde5b6f88bbb7709a01ed4fdbbd
2021/03/09 13:14:49 Time Hashing: 205.347827ms
2021/03/09 13:14:49 Bytes Hashed: 88080576
2021/03/09 13:14:52 Action Digest: [72 212 145 153 109 244 240 208 215 80 121 213 164 152 158 84 77 109 188 222 91 111 136 187 183 112 154 1 237 79 219 189] 48d491996df4f0d0d75079d5a4989e544d6dbcde5b6f88bbb7709a01ed4fdbbd  76
2021/03/09 13:14:52 Bytes Uploaded: 52428973
2021/03/09 13:14:52 Time Uploading: 3.224314141s
2021/03/09 13:14:52 Time Finding Missing Blobs: 9.949123ms
2021/03/09 13:14:56 Execute response: result:{output_files:{path:"out"  digest:{size_bytes:52428801  hash_blake3zcc:"\xfeL`\xb8GRnI݌\xf5\nW\x89pp\xd4\xc1S\xfe\xfb-\x05I\x90ru\xa4\x91\xd3߉"}}  execution_metadata:{worker:"{\"datacenter\":\"paris\",\"hostname\":\"ubuntu-worker.example.com\",\"rack\":\"4\",\"slot\":\"15\",\"thread\":\"3\"}"  queued_timestamp:{seconds:1615295692  nanos:545055906}  worker_start_timestamp:{seconds:1615295692  nanos:545485948}  worker_completed_timestamp:{seconds:1615295696  nanos:589816337}  input_fetch_start_timestamp:{seconds:1615295692  nanos:546158974}  input_fetch_completed_timestamp:{seconds:1615295696  nanos:170249050}  execution_start_timestamp:{seconds:1615295696  nanos:170249050}  execution_completed_timestamp:{seconds:1615295696  nanos:202180886}  output_upload_start_timestamp:{seconds:1615295696  nanos:202180886}  output_upload_completed_timestamp:{seconds:1615295696  nanos:589816337}  auxiliary_metadata:{type_url:"type.googleapis.com/buildbarn.resourceusage.POSIXResourceUsage"  value:"\n\x00\x12\x05\x10\xf0\x9a\xb6\x0c\x18\x80\xc0\xc3\r8\x87\x01X\x88\xa0\x06x\x01\x80\x01\x04"}  auxiliary_metadata:{type_url:"type.googleapis.com/buildbarn.resourceusage.FilePoolResourceUsage"}}}  message:"Action details (cached result): /action/blake-client/B3Z:48d491996df4f0d0d75079d5a4989e544d6dbcde5b6f88bbb7709a01ed4fdbbd/76/"
