Loading: 
Loading: 0 packages loaded
Analyzing: target //cmd/blake3zcc_hasher:blake3zcc_hasher (0 packages loaded, 0 targets configured)
INFO: Analyzed target //cmd/blake3zcc_hasher:blake3zcc_hasher (0 packages loaded, 0 targets configured).
INFO: Found 1 target...
[0 / 1] [Prepa] BazelWorkspaceStatusAction stable-status.txt
Target //cmd/blake3zcc_hasher:blake3zcc_hasher up-to-date:
  bazel-bin/cmd/blake3zcc_hasher/blake3zcc_hasher_/blake3zcc_hasher
INFO: Elapsed time: 0.079s, Critical Path: 0.00s
INFO: 0 processes.
INFO: Build completed successfully, 1 total action
INFO: Running command line: bazel-bin/cmd/blake3zcc_hasher/blake3zcc_hasher_/blake3zcc_hasher -a localhost:8980 -d /home/debian/blake-client/experiments/e7 -c 2 '-b=false'
INFO: Build completed successfully, 1 total action
2021/03/09 13:15:48 Hash: dd34b32ba0522e06e609f351620991e1af517dc3be2475e5875be645c16ba5e0
2021/03/09 13:15:48 Hash: 50dac11b8750f1398495b580e1f6158fef5ddbdc7f6500e7117c2e12f59c88e9
2021/03/09 13:15:48 Hash: a1041d607d96b3f2fa3aa6a3a8f78b6d00cbf46eece1fa8fc3f0526ce850e2f4
2021/03/09 13:15:48 Hash: 44a4c12b5acf05295e010a26c1a0ee9961303f33eb04ac8152ae9971faff091e
2021/03/09 13:15:48 Hash: c6a6b8732516480766822b213be8c0a2d3a0c6f8079accb6e20ad9d9a0909195
2021/03/09 13:15:48 Time Hashing: 376.730174ms
2021/03/09 13:15:48 Bytes Hashed: 88080718
2021/03/09 13:15:48 Action Digest: []  c6a6b8732516480766822b213be8c0a2d3a0c6f8079accb6e20ad9d9a0909195 141
2021/03/09 13:15:48 Bytes Uploaded: 141
2021/03/09 13:15:48 Time Uploading: 1.051549ms
2021/03/09 13:15:48 Time Finding Missing Blobs: 1.266655ms
2021/03/09 13:15:49 Execute response: result:{output_files:{path:"out"  digest:{hash_other:"bf15053ca1b556c1f11436e7d2491e32653613e89661ea67b531e2186393ff62"  size_bytes:88080385}}  execution_metadata:{worker:"{\"datacenter\":\"paris\",\"hostname\":\"ubuntu-worker.example.com\",\"rack\":\"4\",\"slot\":\"15\",\"thread\":\"2\"}"  queued_timestamp:{seconds:1615295748  nanos:910539840}  worker_start_timestamp:{seconds:1615295748  nanos:910998291}  worker_completed_timestamp:{seconds:1615295749  nanos:339285004}  input_fetch_start_timestamp:{seconds:1615295748  nanos:911342315}  input_fetch_completed_timestamp:{seconds:1615295748  nanos:911968872}  execution_start_timestamp:{seconds:1615295748  nanos:911968872}  execution_completed_timestamp:{seconds:1615295748  nanos:963971006}  output_upload_start_timestamp:{seconds:1615295748  nanos:963971006}  output_upload_completed_timestamp:{seconds:1615295749  nanos:339285004}  auxiliary_metadata:{type_url:"type.googleapis.com/buildbarn.resourceusage.POSIXResourceUsage"  value:"\n\x04\x10ؾ'\x12\x05\x10\x90\xb3\xc7\x15\x18\x80\xe0\x92\x0e8\xc7\x01X\x88\xc0\nx\x03\x80\x01\x06"}  auxiliary_metadata:{type_url:"type.googleapis.com/buildbarn.resourceusage.FilePoolResourceUsage"}}}  message:"Action details (cached result): /action/blake-client/c6a6b8732516480766822b213be8c0a2d3a0c6f8079accb6e20ad9d9a0909195/141/"
