Loading: 
Loading: 0 packages loaded
Analyzing: target //cmd/blake3zcc_hasher:blake3zcc_hasher (0 packages loaded, 0 targets configured)
INFO: Analyzed target //cmd/blake3zcc_hasher:blake3zcc_hasher (0 packages loaded, 0 targets configured).
INFO: Found 1 target...
[0 / 1] [Prepa] BazelWorkspaceStatusAction stable-status.txt
Target //cmd/blake3zcc_hasher:blake3zcc_hasher up-to-date:
  bazel-bin/cmd/blake3zcc_hasher/blake3zcc_hasher_/blake3zcc_hasher
INFO: Elapsed time: 0.080s, Critical Path: 0.00s
INFO: 0 processes.
INFO: Build completed successfully, 1 total action
INFO: Running command line: bazel-bin/cmd/blake3zcc_hasher/blake3zcc_hasher_/blake3zcc_hasher -a localhost:8980 -d /home/debian/blake-client/experiments/e7 -c 3 '-b=false'
INFO: Build completed successfully, 1 total action
2021/03/09 13:15:49 Hash: dd34b32ba0522e06e609f351620991e1af517dc3be2475e5875be645c16ba5e0
2021/03/09 13:15:49 Hash: 50dac11b8750f1398495b580e1f6158fef5ddbdc7f6500e7117c2e12f59c88e9
2021/03/09 13:15:49 Hash: a1041d607d96b3f2fa3aa6a3a8f78b6d00cbf46eece1fa8fc3f0526ce850e2f4
2021/03/09 13:15:49 Hash: fc8f7ebcae29b1a99f8ef31c259df5db6244c70ebfb86af990c2af6cd4ee41fc
2021/03/09 13:15:49 Hash: fd3ff06c371431eb5a6ab959e42b1a79aea8f150959029a194cf0dc157b54236
2021/03/09 13:15:49 Time Hashing: 378.565754ms
2021/03/09 13:15:49 Bytes Hashed: 88080734
2021/03/09 13:15:49 Action Digest: []  fd3ff06c371431eb5a6ab959e42b1a79aea8f150959029a194cf0dc157b54236 141
2021/03/09 13:15:49 Bytes Uploaded: 141
2021/03/09 13:15:49 Time Uploading: 1.057848ms
2021/03/09 13:15:49 Time Finding Missing Blobs: 1.397083ms
2021/03/09 13:15:50 Execute response: result:{output_files:{path:"out"  digest:{hash_other:"dd34b32ba0522e06e609f351620991e1af517dc3be2475e5875be645c16ba5e0"  size_bytes:35651584}}  execution_metadata:{worker:"{\"datacenter\":\"paris\",\"hostname\":\"ubuntu-worker.example.com\",\"rack\":\"4\",\"slot\":\"15\",\"thread\":\"7\"}"  queued_timestamp:{seconds:1615295749  nanos:845390966}  worker_start_timestamp:{seconds:1615295749  nanos:846119890}  worker_completed_timestamp:{seconds:1615295750  nanos:28904332}  input_fetch_start_timestamp:{seconds:1615295749  nanos:846422839}  input_fetch_completed_timestamp:{seconds:1615295749  nanos:847048374}  execution_start_timestamp:{seconds:1615295749  nanos:847048374}  execution_completed_timestamp:{seconds:1615295749  nanos:876343731}  output_upload_start_timestamp:{seconds:1615295749  nanos:876343731}  output_upload_completed_timestamp:{seconds:1615295750  nanos:28904332}  auxiliary_metadata:{type_url:"type.googleapis.com/buildbarn.resourceusage.POSIXResourceUsage"  value:"\n\x04\x10\xb8\x96*\x12\x05\x10\xa8\x83\x99\r\x18\x80\xe0\x92\x0e8\xa0\x02X\x88\xa0\x06x\x05\x80\x01\x05"}  auxiliary_metadata:{type_url:"type.googleapis.com/buildbarn.resourceusage.FilePoolResourceUsage"}}}  message:"Action details (cached result): /action/blake-client/fd3ff06c371431eb5a6ab959e42b1a79aea8f150959029a194cf0dc157b54236/141/"
