Loading: 
Loading: 0 packages loaded
Analyzing: target //cmd/blake3zcc_hasher:blake3zcc_hasher (0 packages loaded, 0 targets configured)
INFO: Analyzed target //cmd/blake3zcc_hasher:blake3zcc_hasher (0 packages loaded, 0 targets configured).
INFO: Found 1 target...
[0 / 1] [Prepa] BazelWorkspaceStatusAction stable-status.txt
Target //cmd/blake3zcc_hasher:blake3zcc_hasher up-to-date:
  bazel-bin/cmd/blake3zcc_hasher/linux_amd64_stripped/blake3zcc_hasher
INFO: Elapsed time: 0.062s, Critical Path: 0.00s
INFO: 0 processes.
INFO: Build completed successfully, 1 total action
INFO: Running command line: bazel-bin/cmd/blake3zcc_hasher/linux_amd64_stripped/blake3zcc_hasher -a localhost:8980 -d /home/scott/buildbarn/blake-client/experiments/e1 -c 1 '-b=false'
INFO: Build completed successfully, 1 total action
2021/02/19 16:26:07 Hash: 42c526822b0f3676f5ad241123dd615d60f821fa651fa4356dacc9e505bf4b67
2021/02/19 16:26:07 Hash: e9a099c75ef837c28bc91683bee127e463fa0ee10c11fd816f8d2d428c0d610e
2021/02/19 16:26:07 Hash: 1230c1f27b40aa457a6172533116f521c25160f7352bcad51f9f6b35ac366e47
2021/02/19 16:26:07 Hash: 8ac82c9245239eed86e41c610a024096adf5a90ff857e300c1b91d60ca13e856
2021/02/19 16:26:07 Hash: 1d33f71e5c392afb9960da9aae6b09ee22e3cd5d985a1bc8771c96e526b07fa6
2021/02/19 16:26:07 Action Digest: []  1d33f71e5c392afb9960da9aae6b09ee22e3cd5d985a1bc8771c96e526b07fa6 141
2021/02/19 16:26:07 Bytes Uploaded: 173
2021/02/19 16:26:07 Bytes Hashed: 20971855
2021/02/19 16:26:07 Time Hashing: 46.978626ms
2021/02/19 16:26:07 Time Uploading: 1.011698ms
2021/02/19 16:26:07 Time Finding Missing Blobs: 2.357649ms
2021/02/19 16:26:07 Execute response: result:<output_files:<path:"out" digest:<hash_other:"e93ee9f5ca325055a1e194903b9973f5cdfd84f1c6a0cb63a03059a7652346b2" size_bytes:4194306 > > execution_metadata:<worker:"{\"datacenter\":\"paris\",\"hostname\":\"ubuntu-worker.example.com\",\"rack\":\"4\",\"slot\":\"15\",\"thread\":\"4\"}" queued_timestamp:<seconds:1613751967 nanos:567288410 > worker_start_timestamp:<seconds:1613751967 nanos:567576521 > worker_completed_timestamp:<seconds:1613751967 nanos:606351870 > input_fetch_start_timestamp:<seconds:1613751967 nanos:567718773 > input_fetch_completed_timestamp:<seconds:1613751967 nanos:567772025 > execution_start_timestamp:<seconds:1613751967 nanos:567772025 > execution_completed_timestamp:<seconds:1613751967 nanos:571108769 > output_upload_start_timestamp:<seconds:1613751967 nanos:571108769 > output_upload_completed_timestamp:<seconds:1613751967 nanos:606351870 > auxiliary_metadata:<type_url:"type.googleapis.com/buildbarn.resourceusage.POSIXResourceUsage" value:"\n\004\020\260\231\034\022\005\020\310\246\222\001\030\200\300\310\t8\304\001X\210@x\003\200\001\001" > auxiliary_metadata:<type_url:"type.googleapis.com/buildbarn.resourceusage.FilePoolResourceUsage" > > > message:"Action details (cached result): /action/blake-client/1d33f71e5c392afb9960da9aae6b09ee22e3cd5d985a1bc8771c96e526b07fa6/141/" 
