Loading: 
Loading: 0 packages loaded
Analyzing: target //cmd/blake3zcc_hasher:blake3zcc_hasher (0 packages loaded, 0 targets configured)
INFO: Analyzed target //cmd/blake3zcc_hasher:blake3zcc_hasher (0 packages loaded, 0 targets configured).
INFO: Found 1 target...
[0 / 1] [Prepa] BazelWorkspaceStatusAction stable-status.txt
Target //cmd/blake3zcc_hasher:blake3zcc_hasher up-to-date:
  bazel-bin/cmd/blake3zcc_hasher/linux_amd64_stripped/blake3zcc_hasher
INFO: Elapsed time: 0.085s, Critical Path: 0.00s
INFO: 0 processes.
INFO: Build completed successfully, 1 total action
INFO: Running command line: bazel-bin/cmd/blake3zcc_hasher/linux_amd64_stripped/blake3zcc_hasher -a localhost:8980 -d /home/scott/buildbarn/blake-client/experiments/e5 -c 3 '-b=false'
INFO: Build completed successfully, 1 total action
2021/02/03 16:15:24 Hash: 8565a714dca840f8652c5bae9249ab05f5fb5a4f9f13fbe23304b10f68252da2
2021/02/03 16:15:24 Hash: 42c526822b0f3676f5ad241123dd615d60f821fa651fa4356dacc9e505bf4b67
2021/02/03 16:15:24 Hash: 285a32bb7505dceb8c74932dfcf51316ed8fdcae80720db2074fc2bd96d55761
2021/02/03 16:15:24 Hash: fc8f7ebcae29b1a99f8ef31c259df5db6244c70ebfb86af990c2af6cd4ee41fc
2021/02/03 16:15:24 Hash: 54757f023e7af802212a9eb0ca2aff65144251a0c645923252904535793448eb
2021/02/03 16:15:24 Action Digest: []  54757f023e7af802212a9eb0ca2aff65144251a0c645923252904535793448eb 141
2021/02/03 16:15:24 Bytes Uploaded: 141
2021/02/03 16:15:24 Time Hashing: 160.315099ms
2021/02/03 16:15:24 Time Uploading: 669.043µs
2021/02/03 16:15:24 Time Finding Missing Blobs: 3.050643ms
2021/02/03 16:15:24 Execute response: result:<output_files:<path:"out" digest:<hash_other:"8565a714dca840f8652c5bae9249ab05f5fb5a4f9f13fbe23304b10f68252da2" size_bytes:52428800 > > execution_metadata:<worker:"{\"datacenter\":\"paris\",\"hostname\":\"ubuntu-worker.example.com\",\"rack\":\"4\",\"slot\":\"15\",\"thread\":\"3\"}" queued_timestamp:<seconds:1612368924 nanos:585332117 > worker_start_timestamp:<seconds:1612368924 nanos:585637111 > worker_completed_timestamp:<seconds:1612368924 nanos:800680840 > input_fetch_start_timestamp:<seconds:1612368924 nanos:585792721 > input_fetch_completed_timestamp:<seconds:1612368924 nanos:585799029 > execution_start_timestamp:<seconds:1612368924 nanos:585799029 > execution_completed_timestamp:<seconds:1612368924 nanos:676129014 > output_upload_start_timestamp:<seconds:1612368924 nanos:676129014 > output_upload_completed_timestamp:<seconds:1612368924 nanos:800680840 > auxiliary_metadata:<type_url:"type.googleapis.com/buildbarn.resourceusage.POSIXResourceUsage" value:"\n\004\020\300\327K\022\005\020\310\242\261\005\030\200\300\337\t8\227\002@\013P\230\006X\210\240\002x\017\200\001\001" > auxiliary_metadata:<type_url:"type.googleapis.com/buildbarn.resourceusage.FilePoolResourceUsage" > > > message:"Action details (cached result): /action/blake-client/54757f023e7af802212a9eb0ca2aff65144251a0c645923252904535793448eb/141/" 
