Loading: 
Loading: 0 packages loaded
Analyzing: target //cmd/blake3zcc_hasher:blake3zcc_hasher (0 packages loaded, 0 targets configured)
INFO: Analyzed target //cmd/blake3zcc_hasher:blake3zcc_hasher (0 packages loaded, 0 targets configured).
INFO: Found 1 target...
[0 / 1] [Prepa] BazelWorkspaceStatusAction stable-status.txt
Target //cmd/blake3zcc_hasher:blake3zcc_hasher up-to-date:
  bazel-bin/cmd/blake3zcc_hasher/linux_amd64_stripped/blake3zcc_hasher
INFO: Elapsed time: 0.066s, Critical Path: 0.00s
INFO: 0 processes.
INFO: Build completed successfully, 1 total action
INFO: Running command line: bazel-bin/cmd/blake3zcc_hasher/linux_amd64_stripped/blake3zcc_hasher -a localhost:8980 -d /home/scott/buildbarn/blake-client/experiments/e6 -c 2 '-b=false'
INFO: Build completed successfully, 1 total action
2021/02/01 14:12:43 Hash: 8565a714dca840f8652c5bae9249ab05f5fb5a4f9f13fbe23304b10f68252da2
2021/02/01 14:12:43 Hash: 75cdf21632762266409d062f538212cbe52b81bdb1596233e490e2bc22f30dc3
2021/02/01 14:12:43 Hash: 69f44b22a57d28cecfbf5bf66e6c2ca2dbf599c2299649cb440e92f0371928d5
2021/02/01 14:12:43 Hash: 44a4c12b5acf05295e010a26c1a0ee9961303f33eb04ac8152ae9971faff091e
2021/02/01 14:12:43 Hash: 822f227aed3c0a32e23f5def1de676ed24c816d365377ab1b5c5e34e44681c13
2021/02/01 14:12:43 Action Digest: []  822f227aed3c0a32e23f5def1de676ed24c816d365377ab1b5c5e34e44681c13 141
2021/02/01 14:12:43 Bytes Uploaded: 141
2021/02/01 14:12:43 Time Hashing: 206.71788ms
2021/02/01 14:12:43 Time Uploading: 560.212µs
2021/02/01 14:12:43 Time Finding Missing Blobs: 948.354µs
2021/02/01 14:12:44 Execute response: result:<output_files:<path:"out" digest:<hash_other:"bf15053ca1b556c1f11436e7d2491e32653613e89661ea67b531e2186393ff62" size_bytes:88080385 > > execution_metadata:<worker:"{\"datacenter\":\"paris\",\"hostname\":\"ubuntu-worker.example.com\",\"rack\":\"4\",\"slot\":\"15\",\"thread\":\"7\"}" queued_timestamp:<seconds:1612188763 nanos:716009160 > worker_start_timestamp:<seconds:1612188763 nanos:716340470 > worker_completed_timestamp:<seconds:1612188764 nanos:439610951 > input_fetch_start_timestamp:<seconds:1612188763 nanos:716521561 > input_fetch_completed_timestamp:<seconds:1612188763 nanos:716522398 > execution_start_timestamp:<seconds:1612188763 nanos:716522398 > execution_completed_timestamp:<seconds:1612188763 nanos:765315872 > output_upload_start_timestamp:<seconds:1612188763 nanos:765315872 > output_upload_completed_timestamp:<seconds:1612188764 nanos:439610951 > auxiliary_metadata:<type_url:"type.googleapis.com/buildbarn.resourceusage.POSIXResourceUsage" value:"\n\004\020\230\214#\022\005\020\200\340\236\025\030\200\200\206\n8\306\001X\210\300\nx\002\200\001\010" > auxiliary_metadata:<type_url:"type.googleapis.com/buildbarn.resourceusage.FilePoolResourceUsage" > > > message:"Action details (cached result): /action/blake-client/822f227aed3c0a32e23f5def1de676ed24c816d365377ab1b5c5e34e44681c13/141/" 
