Loading: 
Loading: 0 packages loaded
Analyzing: target //cmd/blake3zcc_hasher:blake3zcc_hasher (0 packages loaded, 0 targets configured)
INFO: Analyzed target //cmd/blake3zcc_hasher:blake3zcc_hasher (0 packages loaded, 0 targets configured).
INFO: Found 1 target...
[0 / 1] [Prepa] BazelWorkspaceStatusAction stable-status.txt
Target //cmd/blake3zcc_hasher:blake3zcc_hasher up-to-date:
  bazel-bin/cmd/blake3zcc_hasher/blake3zcc_hasher_/blake3zcc_hasher
INFO: Elapsed time: 0.088s, Critical Path: 0.00s
INFO: 0 processes.
INFO: Build completed successfully, 1 total action
INFO: Running command line: bazel-bin/cmd/blake3zcc_hasher/blake3zcc_hasher_/blake3zcc_hasher -a localhost:8980 -d /home/debian/blake-client/experiments/e5 -c 2 '-b=false'
INFO: Build completed successfully, 1 total action
2021/03/09 13:15:36 Hash: 8565a714dca840f8652c5bae9249ab05f5fb5a4f9f13fbe23304b10f68252da2
2021/03/09 13:15:36 Hash: 42c526822b0f3676f5ad241123dd615d60f821fa651fa4356dacc9e505bf4b67
2021/03/09 13:15:36 Hash: 285a32bb7505dceb8c74932dfcf51316ed8fdcae80720db2074fc2bd96d55761
2021/03/09 13:15:36 Hash: 44a4c12b5acf05295e010a26c1a0ee9961303f33eb04ac8152ae9971faff091e
2021/03/09 13:15:36 Hash: fbda5289942b318bf6dc6a396c687dbc07a2a34d2d7686efce7fa22b41c3be15
2021/03/09 13:15:36 Time Hashing: 311.704849ms
2021/03/09 13:15:36 Bytes Hashed: 71303502
2021/03/09 13:15:36 Action Digest: []  fbda5289942b318bf6dc6a396c687dbc07a2a34d2d7686efce7fa22b41c3be15 141
2021/03/09 13:15:36 Bytes Uploaded: 301
2021/03/09 13:15:36 Time Uploading: 1.535557ms
2021/03/09 13:15:36 Time Finding Missing Blobs: 1.408951ms
2021/03/09 13:15:37 Execute response: result:{output_files:{path:"out"  digest:{hash_other:"0e7951116baac39b8df14e7cdbc3a20fbb3cd1ea835d3c916270d2ce7290301d"  size_bytes:71303169}}  execution_metadata:{worker:"{\"datacenter\":\"paris\",\"hostname\":\"ubuntu-worker.example.com\",\"rack\":\"4\",\"slot\":\"15\",\"thread\":\"0\"}"  queued_timestamp:{seconds:1615295736  nanos:708724290}  worker_start_timestamp:{seconds:1615295736  nanos:709101014}  worker_completed_timestamp:{seconds:1615295737  nanos:728372081}  input_fetch_start_timestamp:{seconds:1615295736  nanos:709302453}  input_fetch_completed_timestamp:{seconds:1615295736  nanos:710386042}  execution_start_timestamp:{seconds:1615295736  nanos:710386042}  execution_completed_timestamp:{seconds:1615295736  nanos:754921424}  output_upload_start_timestamp:{seconds:1615295736  nanos:754921424}  output_upload_completed_timestamp:{seconds:1615295737  nanos:728372081}  auxiliary_metadata:{type_url:"type.googleapis.com/buildbarn.resourceusage.POSIXResourceUsage"  value:"\n\x04\x10\xb0\xe0.\x12\x05\x10ؚ\xfa\x12\x18\x80\xe0\x92\x0e8\xc7\x01X\x88\xc0\x08x\x03\x80\x01\x08"}  auxiliary_metadata:{type_url:"type.googleapis.com/buildbarn.resourceusage.FilePoolResourceUsage"}}}  message:"Action details (cached result): /action/blake-client/fbda5289942b318bf6dc6a396c687dbc07a2a34d2d7686efce7fa22b41c3be15/141/"
