Loading: 
Loading: 0 packages loaded
Analyzing: target //cmd/blake3zcc_hasher:blake3zcc_hasher (0 packages loaded, 0 targets configured)
INFO: Analyzed target //cmd/blake3zcc_hasher:blake3zcc_hasher (0 packages loaded, 0 targets configured).
INFO: Found 1 target...
[0 / 1] [Prepa] BazelWorkspaceStatusAction stable-status.txt
Target //cmd/blake3zcc_hasher:blake3zcc_hasher up-to-date:
  bazel-bin/cmd/blake3zcc_hasher/linux_amd64_stripped/blake3zcc_hasher
INFO: Elapsed time: 0.069s, Critical Path: 0.00s
INFO: 0 processes.
INFO: Build completed successfully, 1 total action
INFO: Running command line: bazel-bin/cmd/blake3zcc_hasher/linux_amd64_stripped/blake3zcc_hasher -a localhost:8980 -d /home/scott/buildbarn/blake-client/experiments/e8 -c 2 '-b=true'
INFO: Build completed successfully, 1 total action
2021/02/19 16:25:10 Hash: B3Z:0d59a1adf49f0d259da714bf0400cbc693d2352475e2068fc5d4c8f451caba92
2021/02/19 16:25:10 Hash: B3Z:fe4c60b847526e49dd8cf50a57897070d4c153fefb2d0549907275a491d3df89
2021/02/19 16:25:10 Hash: B3Z:7c987a20f4a539926bc8d1cdeb5d967e8f19dfe131eda7072e9a6008bcc78b56
2021/02/19 16:25:10 Hash: B3Z:d9255d8105ee52b23f018fbd0eb54ae8d464e1f3b0c8729492b39af69afd9ec0
2021/02/19 16:25:10 Hash: B3Z:43700e2172c3d93ff5668874aa939e59a6eb5564a1bb4cf710af9e8215c93c21
2021/02/19 16:25:10 Action Digest: [67 112 14 33 114 195 217 63 245 102 136 116 170 147 158 89 166 235 85 100 161 187 76 247 16 175 158 130 21 201 60 33] 43700e2172c3d93ff5668874aa939e59a6eb5564a1bb4cf710af9e8215c93c21  76
2021/02/19 16:25:10 Bytes Uploaded: 172
2021/02/19 16:25:10 Bytes Hashed: 71303373
2021/02/19 16:25:10 Time Hashing: 147.248558ms
2021/02/19 16:25:10 Time Uploading: 1.565634ms
2021/02/19 16:25:10 Time Finding Missing Blobs: 13.480259ms
2021/02/19 16:25:11 Execute response: result:<output_files:<path:"out" digest:<size_bytes:71303169 hash_blake3zcc:"d\3370\023P\227-\317u`\330@\347.\314\356\301\034\026\242.\350\240Hv|\033\237\316\362\337\027" > > execution_metadata:<worker:"{\"datacenter\":\"paris\",\"hostname\":\"ubuntu-worker.example.com\",\"rack\":\"4\",\"slot\":\"15\",\"thread\":\"7\"}" queued_timestamp:<seconds:1613751910 nanos:833913303 > worker_start_timestamp:<seconds:1613751910 nanos:834235082 > worker_completed_timestamp:<seconds:1613751911 nanos:352820487 > input_fetch_start_timestamp:<seconds:1613751910 nanos:834404837 > input_fetch_completed_timestamp:<seconds:1613751910 nanos:835088432 > execution_start_timestamp:<seconds:1613751910 nanos:835088432 > execution_completed_timestamp:<seconds:1613751910 nanos:876158455 > output_upload_start_timestamp:<seconds:1613751910 nanos:876158455 > output_upload_completed_timestamp:<seconds:1613751911 nanos:352820487 > auxiliary_metadata:<type_url:"type.googleapis.com/buildbarn.resourceusage.POSIXResourceUsage" value:"\n\004\020\310\213\036\022\005\020\230\262\215\021\030\200\340\354\t8\307\001X\210\300\010x\003\200\001\006" > auxiliary_metadata:<type_url:"type.googleapis.com/buildbarn.resourceusage.FilePoolResourceUsage" > > > message:"Action details (cached result): /action/blake-client/B3Z:43700e2172c3d93ff5668874aa939e59a6eb5564a1bb4cf710af9e8215c93c21/76/" 
