Loading: 
Loading: 0 packages loaded
Analyzing: target //cmd/blake3zcc_hasher:blake3zcc_hasher (0 packages loaded, 0 targets configured)
INFO: Analyzed target //cmd/blake3zcc_hasher:blake3zcc_hasher (0 packages loaded, 0 targets configured).
INFO: Found 1 target...
[0 / 1] [Prepa] BazelWorkspaceStatusAction stable-status.txt
Target //cmd/blake3zcc_hasher:blake3zcc_hasher up-to-date:
  bazel-bin/cmd/blake3zcc_hasher/linux_amd64_stripped/blake3zcc_hasher
INFO: Elapsed time: 0.108s, Critical Path: 0.00s
INFO: 0 processes.
INFO: Build completed successfully, 1 total action
INFO: Running command line: bazel-bin/cmd/blake3zcc_hasher/linux_amd64_stripped/blake3zcc_hasher -a localhost:8980 -d /home/scott/buildbarn/blake-client/experiments/e10 -c 2 '-b=false'
INFO: Build completed successfully, 1 total action
2021/02/03 16:15:16 Hash: 0f6412c73e8eb08468224093bb7c01793f5ce5b8011be10f62a534d7b2fb1aa7
2021/02/03 16:15:16 Hash: 75cdf21632762266409d062f538212cbe52b81bdb1596233e490e2bc22f30dc3
2021/02/03 16:15:16 Hash: be794654693c295d92284f2581e8ce437ca3bdcc1a0711fe1ee1a2519df14fe1
2021/02/03 16:15:16 Hash: 44a4c12b5acf05295e010a26c1a0ee9961303f33eb04ac8152ae9971faff091e
2021/02/03 16:15:16 Hash: b1a26c677aedc864bf8cb6cb48b412592c0c2c269cf74ec0e4b4f4d06416477e
2021/02/03 16:15:16 Action Digest: []  b1a26c677aedc864bf8cb6cb48b412592c0c2c269cf74ec0e4b4f4d06416477e 141
2021/02/03 16:15:16 Bytes Uploaded: 54526254
2021/02/03 16:15:16 Time Hashing: 121.663923ms
2021/02/03 16:15:16 Time Uploading: 356.155429ms
2021/02/03 16:15:16 Time Finding Missing Blobs: 990.352µs
2021/02/03 16:15:17 Execute response: result:<output_files:<path:"out" digest:<hash_other:"a6b38fb195e38336ba78e7daec25bb75b2f47802a488c4b99616d0fa08e0c424" size_bytes:54525953 > > execution_metadata:<worker:"{\"datacenter\":\"paris\",\"hostname\":\"ubuntu-worker.example.com\",\"rack\":\"4\",\"slot\":\"15\",\"thread\":\"3\"}" queued_timestamp:<seconds:1612368916 nanos:693616952 > worker_start_timestamp:<seconds:1612368916 nanos:693848205 > worker_completed_timestamp:<seconds:1612368917 nanos:462059794 > input_fetch_start_timestamp:<seconds:1612368916 nanos:694050951 > input_fetch_completed_timestamp:<seconds:1612368917 nanos:3799 > execution_start_timestamp:<seconds:1612368917 nanos:3799 > execution_completed_timestamp:<seconds:1612368917 nanos:35743782 > output_upload_start_timestamp:<seconds:1612368917 nanos:35743782 > output_upload_completed_timestamp:<seconds:1612368917 nanos:462059794 > auxiliary_metadata:<type_url:"type.googleapis.com/buildbarn.resourceusage.POSIXResourceUsage" value:"\n\004\020\350\252\036\022\005\020\270\206\257\016\030\200\200\233\t8\307\001X\210\300\006x\003\200\001\003" > auxiliary_metadata:<type_url:"type.googleapis.com/buildbarn.resourceusage.FilePoolResourceUsage" > > > message:"Action details (cached result): /action/blake-client/b1a26c677aedc864bf8cb6cb48b412592c0c2c269cf74ec0e4b4f4d06416477e/141/" 
