Loading: 
Loading: 0 packages loaded
Analyzing: target //cmd/blake3zcc_hasher:blake3zcc_hasher (0 packages loaded, 0 targets configured)
INFO: Analyzed target //cmd/blake3zcc_hasher:blake3zcc_hasher (0 packages loaded, 0 targets configured).
INFO: Found 1 target...
[0 / 1] [Prepa] BazelWorkspaceStatusAction stable-status.txt
Target //cmd/blake3zcc_hasher:blake3zcc_hasher up-to-date:
  bazel-bin/cmd/blake3zcc_hasher/linux_amd64_stripped/blake3zcc_hasher
INFO: Elapsed time: 0.067s, Critical Path: 0.00s
INFO: 0 processes.
INFO: Build completed successfully, 1 total action
INFO: Running command line: bazel-bin/cmd/blake3zcc_hasher/linux_amd64_stripped/blake3zcc_hasher -a localhost:8980 -d /home/scott/buildbarn/blake-client/experiments/e1 -c 4 '-b=true'
INFO: Build completed successfully, 1 total action
2021/02/01 14:09:15 Hash: B3Z:9a975a92c967affb5d1d28d17bceaece747fdcdbadd875ba66717a166e2dac68
2021/02/01 14:09:15 Hash: B3Z:e22ab87183b7dce07cc5e55d2dd98da9cd5d29b00ebb88cf6d50b444c1e389be
2021/02/01 14:09:15 Hash: B3Z:cb3a4cd0334df6018282a590b5ad2b04de005c2eb3e574991383e4d6d72daa16
2021/02/01 14:09:15 Command: arguments:"sh" arguments:"-c" arguments:"cp in0 out && printf ' ' | dd of=out bs=1 count=1 seek=1048576 conv=notrunc" output_paths:"out" 
2021/02/01 14:09:15 Hash: B3Z:372b2a7f9f25296bfc631d41b3adf6e53c303c47c8493a4e38e4fe2ae3240439
2021/02/01 14:09:15 Hash: B3Z:d176fea55dd2a0d7d284bd4b29aa28a802b1d742ca444205d6b1e7b10c0017d6
2021/02/01 14:09:15 Action Digest: [209 118 254 165 93 210 160 215 210 132 189 75 41 170 40 168 2 177 215 66 202 68 66 5 214 177 231 177 12 0 23 214] d176fea55dd2a0d7d284bd4b29aa28a802b1d742ca444205d6b1e7b10c0017d6  76
2021/02/01 14:09:15 Bytes Uploaded: 166
2021/02/01 14:09:15 Time Hashing: 102.683783ms
2021/02/01 14:09:15 Time Uploading: 1.179275ms
2021/02/01 14:09:15 Time Finding Missing Blobs: 6.293336ms
2021/02/01 14:09:15 Execute response: result:<output_files:<path:"out" digest:<size_bytes:2097153 hash_blake3zcc:"6\326\002\202\334\020bemd\354\336Id\371Dh\331M\226\215\2102\316y\031\n/F\314s\345" > > stderr_digest:<size_bytes:70 hash_blake3zcc:"/\377\336\247\312\306\006t\267\205\246\2755\260\361\247p:\256}\205A\241\216\370p\2505\277Nj\254" > execution_metadata:<worker:"{\"datacenter\":\"paris\",\"hostname\":\"ubuntu-worker.example.com\",\"rack\":\"4\",\"slot\":\"15\",\"thread\":\"7\"}" queued_timestamp:<seconds:1612188555 nanos:47608338 > worker_start_timestamp:<seconds:1612188555 nanos:47967956 > worker_completed_timestamp:<seconds:1612188555 nanos:83632246 > input_fetch_start_timestamp:<seconds:1612188555 nanos:48124660 > input_fetch_completed_timestamp:<seconds:1612188555 nanos:48125555 > execution_start_timestamp:<seconds:1612188555 nanos:48125555 > execution_completed_timestamp:<seconds:1612188555 nanos:52812320 > output_upload_start_timestamp:<seconds:1612188555 nanos:52812320 > output_upload_completed_timestamp:<seconds:1612188555 nanos:83632246 > auxiliary_metadata:<type_url:"type.googleapis.com/buildbarn.resourceusage.POSIXResourceUsage" value:"\n\005\020\310\347\246\001\022\000\030\200\240\307\t8\276\002@\003P\240\002X\220 x\007\200\001\004" > auxiliary_metadata:<type_url:"type.googleapis.com/buildbarn.resourceusage.FilePoolResourceUsage" > > > message:"Action details (cached result): /action/blake-client/B3Z:d176fea55dd2a0d7d284bd4b29aa28a802b1d742ca444205d6b1e7b10c0017d6/76/" 
