Loading: 
Loading: 0 packages loaded
Analyzing: target //cmd/blake3zcc_hasher:blake3zcc_hasher (0 packages loaded, 0 targets configured)
INFO: Analyzed target //cmd/blake3zcc_hasher:blake3zcc_hasher (0 packages loaded, 0 targets configured).
INFO: Found 1 target...
[0 / 1] [Prepa] BazelWorkspaceStatusAction stable-status.txt
Target //cmd/blake3zcc_hasher:blake3zcc_hasher up-to-date:
  bazel-bin/cmd/blake3zcc_hasher/linux_amd64_stripped/blake3zcc_hasher
INFO: Elapsed time: 0.078s, Critical Path: 0.00s
INFO: 0 processes.
INFO: Build completed successfully, 1 total action
INFO: Running command line: bazel-bin/cmd/blake3zcc_hasher/linux_amd64_stripped/blake3zcc_hasher -a localhost:8980 -d /home/scott/buildbarn/blake-client/experiments/e1 -c 3 '-b=true'
INFO: Build completed successfully, 1 total action
2021/02/01 14:09:14 Hash: B3Z:9a975a92c967affb5d1d28d17bceaece747fdcdbadd875ba66717a166e2dac68
2021/02/01 14:09:14 Hash: B3Z:e22ab87183b7dce07cc5e55d2dd98da9cd5d29b00ebb88cf6d50b444c1e389be
2021/02/01 14:09:14 Hash: B3Z:cb3a4cd0334df6018282a590b5ad2b04de005c2eb3e574991383e4d6d72daa16
2021/02/01 14:09:14 Hash: B3Z:0379138517bc5811e645894edbef883e8d64f9056cdb7bdb54e23e31a6367972
2021/02/01 14:09:14 Hash: B3Z:4838249341fcbade815cacea38a96fec0b02fb3d557055d949dda0c3d7fbf27c
2021/02/01 14:09:14 Action Digest: [72 56 36 147 65 252 186 222 129 92 172 234 56 169 111 236 11 2 251 61 85 112 85 217 73 221 160 195 215 251 242 124] 4838249341fcbade815cacea38a96fec0b02fb3d557055d949dda0c3d7fbf27c  76
2021/02/01 14:09:14 Bytes Uploaded: 124
2021/02/01 14:09:14 Time Hashing: 97.025062ms
2021/02/01 14:09:14 Time Uploading: 848.565µs
2021/02/01 14:09:14 Time Finding Missing Blobs: 6.409203ms
2021/02/01 14:09:14 Execute response: result:<output_files:<path:"out" digest:<size_bytes:18874369 hash_blake3zcc:"\232\227Z\222\311g\257\373]\035(\321{\316\256\316t\177\334\333\255\330u\272fqz\026n-\254h" > > execution_metadata:<worker:"{\"datacenter\":\"paris\",\"hostname\":\"ubuntu-worker.example.com\",\"rack\":\"4\",\"slot\":\"15\",\"thread\":\"0\"}" queued_timestamp:<seconds:1612188554 nanos:590453034 > worker_start_timestamp:<seconds:1612188554 nanos:590680936 > worker_completed_timestamp:<seconds:1612188554 nanos:843641811 > input_fetch_start_timestamp:<seconds:1612188554 nanos:590798660 > input_fetch_completed_timestamp:<seconds:1612188554 nanos:590881273 > execution_start_timestamp:<seconds:1612188554 nanos:590881273 > execution_completed_timestamp:<seconds:1612188554 nanos:594912622 > output_upload_start_timestamp:<seconds:1612188554 nanos:594912622 > output_upload_completed_timestamp:<seconds:1612188554 nanos:843641811 > auxiliary_metadata:<type_url:"type.googleapis.com/buildbarn.resourceusage.POSIXResourceUsage" value:"\n\004\020\330\366>\022\004\020\240\322l\030\200\240\307\t8\231\002@\002PXX\210 x\007\200\001\005" > auxiliary_metadata:<type_url:"type.googleapis.com/buildbarn.resourceusage.FilePoolResourceUsage" > > > message:"Action details (cached result): /action/blake-client/B3Z:4838249341fcbade815cacea38a96fec0b02fb3d557055d949dda0c3d7fbf27c/76/" 
