Loading: 
Loading: 0 packages loaded
Analyzing: target //cmd/blake3zcc_hasher:blake3zcc_hasher (0 packages loaded, 0 targets configured)
INFO: Analyzed target //cmd/blake3zcc_hasher:blake3zcc_hasher (0 packages loaded, 0 targets configured).
INFO: Found 1 target...
[0 / 1] [Prepa] BazelWorkspaceStatusAction stable-status.txt
Target //cmd/blake3zcc_hasher:blake3zcc_hasher up-to-date:
  bazel-bin/cmd/blake3zcc_hasher/blake3zcc_hasher_/blake3zcc_hasher
INFO: Elapsed time: 0.118s, Critical Path: 0.00s
INFO: 0 processes.
INFO: Build completed successfully, 1 total action
INFO: Running command line: bazel-bin/cmd/blake3zcc_hasher/blake3zcc_hasher_/blake3zcc_hasher -a localhost:8980 -d /home/debian/blake-client/experiments/e9 -c 3 '-b=true'
INFO: Build completed successfully, 1 total action
2021/03/09 13:15:02 Hash: B3Z:f401ac6fb36133bb9bc4b03b22d35d74a8c0dce4b223f2bdf5b355f1de1e0961
2021/03/09 13:15:02 Hash: B3Z:fe4c60b847526e49dd8cf50a57897070d4c153fefb2d0549907275a491d3df89
2021/03/09 13:15:02 Hash: B3Z:797733b83893e9cf4a075b41524a761bd24ebada3d53b8af720f780ffefa6760
2021/03/09 13:15:02 Hash: B3Z:0379138517bc5811e645894edbef883e8d64f9056cdb7bdb54e23e31a6367972
2021/03/09 13:15:02 Hash: B3Z:07e1e1b3cbe1d801f3bfbc5c7f96b039e286e58728409cd52d42e5fb4522a40f
2021/03/09 13:15:02 Time Hashing: 119.633574ms
2021/03/09 13:15:02 Bytes Hashed: 54526173
2021/03/09 13:15:02 Action Digest: [7 225 225 179 203 225 216 1 243 191 188 92 127 150 176 57 226 134 229 135 40 64 156 213 45 66 229 251 69 34 164 15] 07e1e1b3cbe1d801f3bfbc5c7f96b039e286e58728409cd52d42e5fb4522a40f  76
2021/03/09 13:15:02 Bytes Uploaded: 76
2021/03/09 13:15:02 Time Uploading: 2.564706ms
2021/03/09 13:15:02 Time Finding Missing Blobs: 12.006387ms
2021/03/09 13:15:02 Execute response: result:{output_files:{path:"out"  digest:{size_bytes:2097152  hash_blake3zcc:"\xf4\x01\xaco\xb3a3\xbb\x9bİ;\"\xd3]t\xa8\xc0\xdc\xe4\xb2#\xf2\xbd\xf5\xb3U\xf1\xde\x1e\ta"}}  execution_metadata:{worker:"{\"datacenter\":\"paris\",\"hostname\":\"ubuntu-worker.example.com\",\"rack\":\"4\",\"slot\":\"15\",\"thread\":\"3\"}"  queued_timestamp:{seconds:1615295702  nanos:548330182}  worker_start_timestamp:{seconds:1615295702  nanos:549301096}  worker_completed_timestamp:{seconds:1615295702  nanos:604858056}  input_fetch_start_timestamp:{seconds:1615295702  nanos:549685290}  input_fetch_completed_timestamp:{seconds:1615295702  nanos:550734135}  execution_start_timestamp:{seconds:1615295702  nanos:550734135}  execution_completed_timestamp:{seconds:1615295702  nanos:587633763}  output_upload_start_timestamp:{seconds:1615295702  nanos:587633763}  output_upload_completed_timestamp:{seconds:1615295702  nanos:604858056}  auxiliary_metadata:{type_url:"type.googleapis.com/buildbarn.resourceusage.POSIXResourceUsage"  value:"\n\x04\x10\x98\xd93\x12\x05\x10\xb0\xc0\xdf\x0f\x18\x80\xc0\xc3\r8\x9e\x02X\x88\xa0\x06x\x05\x80\x01K"}  auxiliary_metadata:{type_url:"type.googleapis.com/buildbarn.resourceusage.FilePoolResourceUsage"}}}  message:"Action details (cached result): /action/blake-client/B3Z:07e1e1b3cbe1d801f3bfbc5c7f96b039e286e58728409cd52d42e5fb4522a40f/76/"
