Loading: 
Loading: 0 packages loaded
Analyzing: target //cmd/blake3zcc_hasher:blake3zcc_hasher (0 packages loaded, 0 targets configured)
INFO: Analyzed target //cmd/blake3zcc_hasher:blake3zcc_hasher (0 packages loaded, 0 targets configured).
INFO: Found 1 target...
[0 / 1] [Prepa] BazelWorkspaceStatusAction stable-status.txt
Target //cmd/blake3zcc_hasher:blake3zcc_hasher up-to-date:
  bazel-bin/cmd/blake3zcc_hasher/linux_amd64_stripped/blake3zcc_hasher
INFO: Elapsed time: 0.072s, Critical Path: 0.00s
INFO: 0 processes.
INFO: Build completed successfully, 1 total action
INFO: Running command line: bazel-bin/cmd/blake3zcc_hasher/linux_amd64_stripped/blake3zcc_hasher -a localhost:8980 -d /home/scott/buildbarn/blake-client/experiments/e1 -c 0 '-b=false'
INFO: Build completed successfully, 1 total action
2021/02/19 16:26:07 Hash: 42c526822b0f3676f5ad241123dd615d60f821fa651fa4356dacc9e505bf4b67
2021/02/19 16:26:07 Hash: e9a099c75ef837c28bc91683bee127e463fa0ee10c11fd816f8d2d428c0d610e
2021/02/19 16:26:07 Hash: 1230c1f27b40aa457a6172533116f521c25160f7352bcad51f9f6b35ac366e47
2021/02/19 16:26:07 Hash: a13e5774979b9aac00eace0526fcfa2a673226c22b649d685f3540cdc7b38f9c
2021/02/19 16:26:07 Hash: ba5a06637a4fd76729849f6c52171a77525b897aab506fafdae46332a058c86d
2021/02/19 16:26:07 Action Digest: []  ba5a06637a4fd76729849f6c52171a77525b897aab506fafdae46332a058c86d 141
2021/02/19 16:26:07 Bytes Uploaded: 20971842
2021/02/19 16:26:07 Bytes Hashed: 20971842
2021/02/19 16:26:07 Time Hashing: 47.85721ms
2021/02/19 16:26:07 Time Uploading: 140.861023ms
2021/02/19 16:26:07 Time Finding Missing Blobs: 2.060543ms
2021/02/19 16:26:07 Execute response: result:<output_files:<path:"out" digest:<hash_other:"e9a099c75ef837c28bc91683bee127e463fa0ee10c11fd816f8d2d428c0d610e" size_bytes:2097153 > > execution_metadata:<worker:"{\"datacenter\":\"paris\",\"hostname\":\"ubuntu-worker.example.com\",\"rack\":\"4\",\"slot\":\"15\",\"thread\":\"7\"}" queued_timestamp:<seconds:1613751967 nanos:289823850 > worker_start_timestamp:<seconds:1613751967 nanos:290232566 > worker_completed_timestamp:<seconds:1613751967 nanos:429919520 > input_fetch_start_timestamp:<seconds:1613751967 nanos:290344424 > input_fetch_completed_timestamp:<seconds:1613751967 nanos:421735552 > execution_start_timestamp:<seconds:1613751967 nanos:421735552 > execution_completed_timestamp:<seconds:1613751967 nanos:423951146 > output_upload_start_timestamp:<seconds:1613751967 nanos:423951146 > output_upload_completed_timestamp:<seconds:1613751967 nanos:429919520 > auxiliary_metadata:<type_url:"type.googleapis.com/buildbarn.resourceusage.POSIXResourceUsage" value:"\n\000\022\004\020\220\226f\030\200\300\310\t8\206\001X\210 x\001\200\001\001" > auxiliary_metadata:<type_url:"type.googleapis.com/buildbarn.resourceusage.FilePoolResourceUsage" > > > message:"Action details (cached result): /action/blake-client/ba5a06637a4fd76729849f6c52171a77525b897aab506fafdae46332a058c86d/141/" 
