Loading: 
Loading: 0 packages loaded
Analyzing: target //cmd/blake3zcc_hasher:blake3zcc_hasher (0 packages loaded, 0 targets configured)
INFO: Analyzed target //cmd/blake3zcc_hasher:blake3zcc_hasher (0 packages loaded, 0 targets configured).
INFO: Found 1 target...
[0 / 1] [Prepa] BazelWorkspaceStatusAction stable-status.txt
Target //cmd/blake3zcc_hasher:blake3zcc_hasher up-to-date:
  bazel-bin/cmd/blake3zcc_hasher/blake3zcc_hasher_/blake3zcc_hasher
INFO: Elapsed time: 0.091s, Critical Path: 0.00s
INFO: 0 processes.
INFO: Build completed successfully, 1 total action
INFO: Running command line: bazel-bin/cmd/blake3zcc_hasher/blake3zcc_hasher_/blake3zcc_hasher -a localhost:8980 -d /home/debian/blake-client/experiments/e7 -c 3 '-b=true'
INFO: Build completed successfully, 1 total action
2021/03/09 13:14:59 Hash: B3Z:49bbc11948ed7d3139ce8ed12aa5a5a2759cf56028a869905df051c928660163
2021/03/09 13:14:59 Hash: B3Z:fe4c60b847526e49dd8cf50a57897070d4c153fefb2d0549907275a491d3df89
2021/03/09 13:14:59 Hash: B3Z:4739f653e0dab223f6be0aeb3f9dfb582ffef5b84da322a3fff00f22a7802c93
2021/03/09 13:14:59 Hash: B3Z:0379138517bc5811e645894edbef883e8d64f9056cdb7bdb54e23e31a6367972
2021/03/09 13:14:59 Hash: B3Z:0aae488b8eff36e7e0810a3b84ae18e43039e8279a2dde3e0b2389f2752cdbd8
2021/03/09 13:14:59 Time Hashing: 181.768258ms
2021/03/09 13:14:59 Bytes Hashed: 88080605
2021/03/09 13:14:59 Action Digest: [10 174 72 139 142 255 54 231 224 129 10 59 132 174 24 228 48 57 232 39 154 45 222 62 11 35 137 242 117 44 219 216] 0aae488b8eff36e7e0810a3b84ae18e43039e8279a2dde3e0b2389f2752cdbd8  76
2021/03/09 13:14:59 Bytes Uploaded: 76
2021/03/09 13:14:59 Time Uploading: 723.428µs
2021/03/09 13:14:59 Time Finding Missing Blobs: 22.338726ms
2021/03/09 13:14:59 Execute response: result:{output_files:{path:"out"  digest:{size_bytes:35651584  hash_blake3zcc:"I\xbb\xc1\x19H\xed}19Ύ\xd1*\xa5\xa5\xa2u\x9c\xf5`(\xa8i\x90]\xf0Q\xc9(f\x01c"}}  execution_metadata:{worker:"{\"datacenter\":\"paris\",\"hostname\":\"ubuntu-worker.example.com\",\"rack\":\"4\",\"slot\":\"15\",\"thread\":\"0\"}"  queued_timestamp:{seconds:1615295699  nanos:200261493}  worker_start_timestamp:{seconds:1615295699  nanos:200952830}  worker_completed_timestamp:{seconds:1615295699  nanos:498832284}  input_fetch_start_timestamp:{seconds:1615295699  nanos:201504977}  input_fetch_completed_timestamp:{seconds:1615295699  nanos:202138072}  execution_start_timestamp:{seconds:1615295699  nanos:202138072}  execution_completed_timestamp:{seconds:1615295699  nanos:236788032}  output_upload_start_timestamp:{seconds:1615295699  nanos:236788032}  output_upload_completed_timestamp:{seconds:1615295699  nanos:498832284}  auxiliary_metadata:{type_url:"type.googleapis.com/buildbarn.resourceusage.POSIXResourceUsage"  value:"\n\x05\x10\xb8\xa5\xa2\x01\x12\x05\x10\x98\xab\xc5\r\x18\x80\xc0\xc3\r8\xa3\x02X\x88\xa0\x06x\x05\x80\x01\x0f"}  auxiliary_metadata:{type_url:"type.googleapis.com/buildbarn.resourceusage.FilePoolResourceUsage"}}}  message:"Action details (cached result): /action/blake-client/B3Z:0aae488b8eff36e7e0810a3b84ae18e43039e8279a2dde3e0b2389f2752cdbd8/76/"
