Loading: 
Loading: 0 packages loaded
Analyzing: target //cmd/blake3zcc_hasher:blake3zcc_hasher (0 packages loaded, 0 targets configured)
INFO: Analyzed target //cmd/blake3zcc_hasher:blake3zcc_hasher (0 packages loaded, 0 targets configured).
INFO: Found 1 target...
[0 / 1] [Prepa] BazelWorkspaceStatusAction stable-status.txt
Target //cmd/blake3zcc_hasher:blake3zcc_hasher up-to-date:
  bazel-bin/cmd/blake3zcc_hasher/linux_amd64_stripped/blake3zcc_hasher
INFO: Elapsed time: 0.060s, Critical Path: 0.00s
INFO: 0 processes.
INFO: Build completed successfully, 1 total action
INFO: Running command line: bazel-bin/cmd/blake3zcc_hasher/linux_amd64_stripped/blake3zcc_hasher -a localhost:8980 -d /home/scott/buildbarn/blake-client/experiments/e3 -c 3 '-b=false'
INFO: Build completed successfully, 1 total action
2021/02/01 14:12:38 Hash: 8565a714dca840f8652c5bae9249ab05f5fb5a4f9f13fbe23304b10f68252da2
2021/02/01 14:12:38 Hash: e9a099c75ef837c28bc91683bee127e463fa0ee10c11fd816f8d2d428c0d610e
2021/02/01 14:12:38 Hash: e7cbcd80d33fa2208dff0cc5d4c5a0273e3c4a7a1ed0b388785425205c7b4b33
2021/02/01 14:12:38 Hash: fc8f7ebcae29b1a99f8ef31c259df5db6244c70ebfb86af990c2af6cd4ee41fc
2021/02/01 14:12:38 Hash: 76ee79a9caaf0c4d1cac5cb7382030fc13244b2a3ea2b8116a9154c6c0ca7dfe
2021/02/01 14:12:38 Action Digest: []  76ee79a9caaf0c4d1cac5cb7382030fc13244b2a3ea2b8116a9154c6c0ca7dfe 141
2021/02/01 14:12:38 Bytes Uploaded: 141
2021/02/01 14:12:38 Time Hashing: 120.935229ms
2021/02/01 14:12:38 Time Uploading: 437.03µs
2021/02/01 14:12:38 Time Finding Missing Blobs: 806.425µs
2021/02/01 14:12:38 Execute response: result:<output_files:<path:"out" digest:<hash_other:"8565a714dca840f8652c5bae9249ab05f5fb5a4f9f13fbe23304b10f68252da2" size_bytes:52428800 > > execution_metadata:<worker:"{\"datacenter\":\"paris\",\"hostname\":\"ubuntu-worker.example.com\",\"rack\":\"4\",\"slot\":\"15\",\"thread\":\"1\"}" queued_timestamp:<seconds:1612188758 nanos:291567796 > worker_start_timestamp:<seconds:1612188758 nanos:291863452 > worker_completed_timestamp:<seconds:1612188758 nanos:421712619 > input_fetch_start_timestamp:<seconds:1612188758 nanos:292056932 > input_fetch_completed_timestamp:<seconds:1612188758 nanos:292058012 > execution_start_timestamp:<seconds:1612188758 nanos:292058012 > execution_completed_timestamp:<seconds:1612188758 nanos:295676323 > output_upload_start_timestamp:<seconds:1612188758 nanos:295676323 > output_upload_completed_timestamp:<seconds:1612188758 nanos:421712619 > auxiliary_metadata:<type_url:"type.googleapis.com/buildbarn.resourceusage.POSIXResourceUsage" value:"\n\004\020\300\276}\022\004\020\220\334%\030\200\240\235\t8\242\002X\210 x\005\200\001\013" > auxiliary_metadata:<type_url:"type.googleapis.com/buildbarn.resourceusage.FilePoolResourceUsage" > > > message:"Action details (cached result): /action/blake-client/76ee79a9caaf0c4d1cac5cb7382030fc13244b2a3ea2b8116a9154c6c0ca7dfe/141/" 
