Loading: 
Loading: 0 packages loaded
Analyzing: target //cmd/blake3zcc_hasher:blake3zcc_hasher (0 packages loaded, 0 targets configured)
INFO: Analyzed target //cmd/blake3zcc_hasher:blake3zcc_hasher (0 packages loaded, 0 targets configured).
INFO: Found 1 target...
[0 / 1] [Prepa] BazelWorkspaceStatusAction stable-status.txt
Target //cmd/blake3zcc_hasher:blake3zcc_hasher up-to-date:
  bazel-bin/cmd/blake3zcc_hasher/linux_amd64_stripped/blake3zcc_hasher
INFO: Elapsed time: 0.066s, Critical Path: 0.00s
INFO: 0 processes.
INFO: Build completed successfully, 1 total action
INFO: Running command line: bazel-bin/cmd/blake3zcc_hasher/linux_amd64_stripped/blake3zcc_hasher -a localhost:8980 -d /home/scott/buildbarn/blake-client/experiments/e4 -c 2 '-b=true'
INFO: Build completed successfully, 1 total action
2021/02/03 16:14:08 Hash: B3Z:49bbc11948ed7d3139ce8ed12aa5a5a2759cf56028a869905df051c928660163
2021/02/03 16:14:08 Hash: B3Z:9a975a92c967affb5d1d28d17bceaece747fdcdbadd875ba66717a166e2dac68
2021/02/03 16:14:08 Hash: B3Z:234d2099b7c6d912343b7d2de227a5411b115cbc319e64d2a882c8c188154cc5
2021/02/03 16:14:08 Hash: B3Z:d9255d8105ee52b23f018fbd0eb54ae8d464e1f3b0c8729492b39af69afd9ec0
2021/02/03 16:14:08 Hash: B3Z:c6fe757dcbb04742bc59cfa694e4152909f8f54d509e0b5ba736f04d7bb72065
2021/02/03 16:14:08 Action Digest: [198 254 117 125 203 176 71 66 188 89 207 166 148 228 21 41 9 248 245 77 80 158 11 91 167 54 240 77 123 183 32 101] c6fe757dcbb04742bc59cfa694e4152909f8f54d509e0b5ba736f04d7bb72065  76
2021/02/03 16:14:08 Bytes Uploaded: 76
2021/02/03 16:14:08 Time Hashing: 110.460086ms
2021/02/03 16:14:08 Time Uploading: 697.764µs
2021/02/03 16:14:08 Time Finding Missing Blobs: 8.806024ms
2021/02/03 16:14:08 Execute response: result:<output_files:<path:"out" digest:<size_bytes:54525953 hash_blake3zcc:"\325~\260\345\245~\265\341!\213\366=\361(\233F\267\361\300\014RRM\235U/\262\206v\277\2047" > > execution_metadata:<worker:"{\"datacenter\":\"paris\",\"hostname\":\"ubuntu-worker.example.com\",\"rack\":\"4\",\"slot\":\"15\",\"thread\":\"4\"}" queued_timestamp:<seconds:1612368848 nanos:113807608 > worker_start_timestamp:<seconds:1612368848 nanos:114043538 > worker_completed_timestamp:<seconds:1612368848 nanos:527505008 > input_fetch_start_timestamp:<seconds:1612368848 nanos:114187367 > input_fetch_completed_timestamp:<seconds:1612368848 nanos:114188456 > execution_start_timestamp:<seconds:1612368848 nanos:114188456 > execution_completed_timestamp:<seconds:1612368848 nanos:155437324 > output_upload_start_timestamp:<seconds:1612368848 nanos:155437324 > output_upload_completed_timestamp:<seconds:1612368848 nanos:527505008 > auxiliary_metadata:<type_url:"type.googleapis.com/buildbarn.resourceusage.POSIXResourceUsage" value:"\n\004\020\250\346\037\022\005\020\210\351\275\016\030\200\200\211\n8\304\001X\210\300\006x\002\200\001\010" > auxiliary_metadata:<type_url:"type.googleapis.com/buildbarn.resourceusage.FilePoolResourceUsage" > > > message:"Action details (cached result): /action/blake-client/B3Z:c6fe757dcbb04742bc59cfa694e4152909f8f54d509e0b5ba736f04d7bb72065/76/" 
