Loading: 
Loading: 0 packages loaded
Analyzing: target //cmd/blake3zcc_hasher:blake3zcc_hasher (0 packages loaded, 0 targets configured)
INFO: Analyzed target //cmd/blake3zcc_hasher:blake3zcc_hasher (0 packages loaded, 0 targets configured).
INFO: Found 1 target...
[0 / 1] [Prepa] BazelWorkspaceStatusAction stable-status.txt
Target //cmd/blake3zcc_hasher:blake3zcc_hasher up-to-date:
  bazel-bin/cmd/blake3zcc_hasher/blake3zcc_hasher_/blake3zcc_hasher
INFO: Elapsed time: 0.085s, Critical Path: 0.00s
INFO: 0 processes.
INFO: Build completed successfully, 1 total action
INFO: Running command line: bazel-bin/cmd/blake3zcc_hasher/blake3zcc_hasher_/blake3zcc_hasher -a localhost:8980 -d /home/debian/blake-client/experiments/e5 -c 2 '-b=true'
INFO: Build completed successfully, 1 total action
2021/03/09 13:14:43 Hash: B3Z:19710defbabdb9bae3c189a8d44a0db98d889b01e6a54a5477611a72da10f8c6
2021/03/09 13:14:43 Hash: B3Z:9a975a92c967affb5d1d28d17bceaece747fdcdbadd875ba66717a166e2dac68
2021/03/09 13:14:43 Hash: B3Z:e9c0d2d32ea74b7cc36f0bcbf63ba0f5ac6c387dd93514558c63e8d8c7472fae
2021/03/09 13:14:43 Hash: B3Z:d9255d8105ee52b23f018fbd0eb54ae8d464e1f3b0c8729492b39af69afd9ec0
2021/03/09 13:14:43 Hash: B3Z:376716a4bab244f3a1ef7bd52b32fcc87803f56d31d379d314e9a68cbf8f704f
2021/03/09 13:14:43 Time Hashing: 156.823515ms
2021/03/09 13:14:43 Bytes Hashed: 71303373
2021/03/09 13:14:43 Action Digest: [55 103 22 164 186 178 68 243 161 239 123 213 43 50 252 200 120 3 245 109 49 211 121 211 20 233 166 140 191 143 112 79] 376716a4bab244f3a1ef7bd52b32fcc87803f56d31d379d314e9a68cbf8f704f  76
2021/03/09 13:14:43 Bytes Uploaded: 172
2021/03/09 13:14:43 Time Uploading: 1.684069ms
2021/03/09 13:14:43 Time Finding Missing Blobs: 22.496229ms
2021/03/09 13:14:44 Execute response: result:{output_files:{path:"out"  digest:{size_bytes:71303169  hash_blake3zcc:"d\xdf0\x13P\x97-\xcfu`\xd8@\xe7.\xcc\xee\xc1\x1c\x16\xa2.\xe8\xa0Hv|\x1b\x9f\xce\xf2\xdf\x17"}}  execution_metadata:{worker:"{\"datacenter\":\"paris\",\"hostname\":\"ubuntu-worker.example.com\",\"rack\":\"4\",\"slot\":\"15\",\"thread\":\"2\"}"  queued_timestamp:{seconds:1615295683  nanos:761006857}  worker_start_timestamp:{seconds:1615295683  nanos:761363326}  worker_completed_timestamp:{seconds:1615295684  nanos:330923971}  input_fetch_start_timestamp:{seconds:1615295683  nanos:761762170}  input_fetch_completed_timestamp:{seconds:1615295683  nanos:764130854}  execution_start_timestamp:{seconds:1615295683  nanos:764130854}  execution_completed_timestamp:{seconds:1615295683  nanos:811056268}  output_upload_start_timestamp:{seconds:1615295683  nanos:811056268}  output_upload_completed_timestamp:{seconds:1615295684  nanos:330923971}  auxiliary_metadata:{type_url:"type.googleapis.com/buildbarn.resourceusage.POSIXResourceUsage"  value:"\n\x04\x10\xe8\x83+\x12\x05\x10\xd8\xff\x82\x13\x18\x80\xc0\xc3\r8\xc7\x01X\x88\xc0\x08x\x03\x80\x01\x0e"}  auxiliary_metadata:{type_url:"type.googleapis.com/buildbarn.resourceusage.FilePoolResourceUsage"}}}  message:"Action details (cached result): /action/blake-client/B3Z:376716a4bab244f3a1ef7bd52b32fcc87803f56d31d379d314e9a68cbf8f704f/76/"
