Loading: 
Loading: 0 packages loaded
Analyzing: target //cmd/blake3zcc_hasher:blake3zcc_hasher (0 packages loaded, 0 targets configured)
INFO: Analyzed target //cmd/blake3zcc_hasher:blake3zcc_hasher (0 packages loaded, 0 targets configured).
INFO: Found 1 target...
[0 / 1] [Prepa] BazelWorkspaceStatusAction stable-status.txt
Target //cmd/blake3zcc_hasher:blake3zcc_hasher up-to-date:
  bazel-bin/cmd/blake3zcc_hasher/linux_amd64_stripped/blake3zcc_hasher
INFO: Elapsed time: 0.100s, Critical Path: 0.00s
INFO: 0 processes.
INFO: Build completed successfully, 1 total action
INFO: Running command line: bazel-bin/cmd/blake3zcc_hasher/linux_amd64_stripped/blake3zcc_hasher -a localhost:8980 -d /home/scott/buildbarn/blake-client/experiments/e10 -c 2 '-b=true'
INFO: Build completed successfully, 1 total action
2021/02/19 16:24:34 Hash: B3Z:0d59a1adf49f0d259da714bf0400cbc693d2352475e2068fc5d4c8f451caba92
2021/02/19 16:24:34 Hash: B3Z:42b8ccf748ea3d4baa7adbbd78f030bf32bdb674286433b5664711536d2ccbcd
2021/02/19 16:24:34 Hash: B3Z:c426427dd03f5d40569dd6e19d03dfe1dc7859f4436e3110513818d467901572
2021/02/19 16:24:34 Hash: B3Z:d9255d8105ee52b23f018fbd0eb54ae8d464e1f3b0c8729492b39af69afd9ec0
2021/02/19 16:24:34 Hash: B3Z:87bb0cd3b771d4c34a40c96d85a849910a85c0a388a48e45a47381f8f6ce4514
2021/02/19 16:24:37 Action Digest: [135 187 12 211 183 113 212 195 74 64 201 109 133 168 73 145 10 133 192 163 136 164 142 69 164 115 129 248 246 206 69 20] 87bb0cd3b771d4c34a40c96d85a849910a85c0a388a48e45a47381f8f6ce4514  76
2021/02/19 16:24:37 Bytes Uploaded: 54526125
2021/02/19 16:24:37 Bytes Hashed: 54526157
2021/02/19 16:24:37 Time Hashing: 111.575969ms
2021/02/19 16:24:37 Time Uploading: 2.560831608s
2021/02/19 16:24:37 Time Finding Missing Blobs: 947.343µs
2021/02/19 16:24:40 Execute response: result:<output_files:<path:"out" digest:<size_bytes:54525953 hash_blake3zcc:"\325~\260\345\245~\265\341!\213\366=\361(\233F\267\361\300\014RRM\235U/\262\206v\277\2047" > > execution_metadata:<worker:"{\"datacenter\":\"paris\",\"hostname\":\"ubuntu-worker.example.com\",\"rack\":\"4\",\"slot\":\"15\",\"thread\":\"5\"}" queued_timestamp:<seconds:1613751877 nanos:166329372 > worker_start_timestamp:<seconds:1613751877 nanos:166557936 > worker_completed_timestamp:<seconds:1613751880 nanos:335121279 > input_fetch_start_timestamp:<seconds:1613751877 nanos:166727140 > input_fetch_completed_timestamp:<seconds:1613751879 nanos:923830099 > execution_start_timestamp:<seconds:1613751879 nanos:923830099 > execution_completed_timestamp:<seconds:1613751879 nanos:951324580 > output_upload_start_timestamp:<seconds:1613751879 nanos:951324580 > output_upload_completed_timestamp:<seconds:1613751880 nanos:335121279 > auxiliary_metadata:<type_url:"type.googleapis.com/buildbarn.resourceusage.POSIXResourceUsage" value:"\n\004\020\250\357\034\022\005\020\200\233\320\014\030\200\340\354\t8\312\001X\210\300\006x\003\200\001\001" > auxiliary_metadata:<type_url:"type.googleapis.com/buildbarn.resourceusage.FilePoolResourceUsage" > > > message:"Action details (cached result): /action/blake-client/B3Z:87bb0cd3b771d4c34a40c96d85a849910a85c0a388a48e45a47381f8f6ce4514/76/" 
