Loading: 
Loading: 0 packages loaded
Analyzing: target //cmd/blake3zcc_hasher:blake3zcc_hasher (0 packages loaded, 0 targets configured)
INFO: Analyzed target //cmd/blake3zcc_hasher:blake3zcc_hasher (0 packages loaded, 0 targets configured).
INFO: Found 1 target...
[0 / 1] [Prepa] BazelWorkspaceStatusAction stable-status.txt
Target //cmd/blake3zcc_hasher:blake3zcc_hasher up-to-date:
  bazel-bin/cmd/blake3zcc_hasher/linux_amd64_stripped/blake3zcc_hasher
INFO: Elapsed time: 0.064s, Critical Path: 0.00s
INFO: 0 processes.
INFO: Build completed successfully, 1 total action
INFO: Running command line: bazel-bin/cmd/blake3zcc_hasher/linux_amd64_stripped/blake3zcc_hasher -a localhost:8980 -d /home/scott/buildbarn/blake-client/experiments/e12 -c 3 '-b=true'
INFO: Build completed successfully, 1 total action
2021/02/01 14:09:24 Hash: B3Z:f401ac6fb36133bb9bc4b03b22d35d74a8c0dce4b223f2bdf5b355f1de1e0961
2021/02/01 14:09:24 Hash: B3Z:9a975a92c967affb5d1d28d17bceaece747fdcdbadd875ba66717a166e2dac68
2021/02/01 14:09:24 Hash: B3Z:c1e7da5a650d63ba6d67b4fb10d9f714c023e27396f8806f7b82bde59b52b76e
2021/02/01 14:09:24 Hash: B3Z:0379138517bc5811e645894edbef883e8d64f9056cdb7bdb54e23e31a6367972
2021/02/01 14:09:24 Hash: B3Z:2652b815dbd235165a700b6b7ab34b02fb355bdded3961220ba5f78ba25e625e
2021/02/01 14:09:24 Action Digest: [38 82 184 21 219 210 53 22 90 112 11 107 122 179 75 2 251 53 91 221 237 57 97 34 11 165 247 139 162 94 98 94] 2652b815dbd235165a700b6b7ab34b02fb355bdded3961220ba5f78ba25e625e  76
2021/02/01 14:09:24 Bytes Uploaded: 76
2021/02/01 14:09:24 Time Hashing: 91.685119ms
2021/02/01 14:09:24 Time Uploading: 511.97µs
2021/02/01 14:09:24 Time Finding Missing Blobs: 7.483847ms
2021/02/01 14:09:24 Execute response: result:<output_files:<path:"out" digest:<size_bytes:2097152 hash_blake3zcc:"\364\001\254o\263a3\273\233\304\260;\"\323]t\250\300\334\344\262#\362\275\365\263U\361\336\036\ta" > > execution_metadata:<worker:"{\"datacenter\":\"paris\",\"hostname\":\"ubuntu-worker.example.com\",\"rack\":\"4\",\"slot\":\"15\",\"thread\":\"4\"}" queued_timestamp:<seconds:1612188564 nanos:930513098 > worker_start_timestamp:<seconds:1612188564 nanos:930795892 > worker_completed_timestamp:<seconds:1612188564 nanos:972782817 > input_fetch_start_timestamp:<seconds:1612188564 nanos:930933176 > input_fetch_completed_timestamp:<seconds:1612188564 nanos:931017705 > execution_start_timestamp:<seconds:1612188564 nanos:931017705 > execution_completed_timestamp:<seconds:1612188564 nanos:945467424 > output_upload_start_timestamp:<seconds:1612188564 nanos:945467424 > output_upload_completed_timestamp:<seconds:1612188564 nanos:972782817 > auxiliary_metadata:<type_url:"type.googleapis.com/buildbarn.resourceusage.POSIXResourceUsage" value:"\n\005\020\210\317\303\001\022\005\020\210\211\373\004\030\200\240\307\t8\244\002X\210\240\002x\005\200\001\021" > auxiliary_metadata:<type_url:"type.googleapis.com/buildbarn.resourceusage.FilePoolResourceUsage" > > > message:"Action details (cached result): /action/blake-client/B3Z:2652b815dbd235165a700b6b7ab34b02fb355bdded3961220ba5f78ba25e625e/76/" 
