Loading: 
Loading: 0 packages loaded
Analyzing: target //cmd/blake3zcc_hasher:blake3zcc_hasher (0 packages loaded, 0 targets configured)
INFO: Analyzed target //cmd/blake3zcc_hasher:blake3zcc_hasher (0 packages loaded, 0 targets configured).
INFO: Found 1 target...
[0 / 1] [Prepa] BazelWorkspaceStatusAction stable-status.txt
Target //cmd/blake3zcc_hasher:blake3zcc_hasher up-to-date:
  bazel-bin/cmd/blake3zcc_hasher/linux_amd64_stripped/blake3zcc_hasher
INFO: Elapsed time: 0.066s, Critical Path: 0.00s
INFO: 0 processes.
INFO: Build completed successfully, 1 total action
INFO: Running command line: bazel-bin/cmd/blake3zcc_hasher/linux_amd64_stripped/blake3zcc_hasher -a localhost:8980 -d /home/scott/buildbarn/blake-client/experiments/e1 -c 1 '-b=true'
INFO: Build completed successfully, 1 total action
2021/02/01 14:09:13 Hash: B3Z:9a975a92c967affb5d1d28d17bceaece747fdcdbadd875ba66717a166e2dac68
2021/02/01 14:09:13 Hash: B3Z:e22ab87183b7dce07cc5e55d2dd98da9cd5d29b00ebb88cf6d50b444c1e389be
2021/02/01 14:09:13 Hash: B3Z:cb3a4cd0334df6018282a590b5ad2b04de005c2eb3e574991383e4d6d72daa16
2021/02/01 14:09:13 Hash: B3Z:95f1a8b8421e32df87826aa0d29f40b20c295a3f603de6d2533dc0d717f40852
2021/02/01 14:09:13 Hash: B3Z:b83b9aaa384f0677582a44cde35f939e78cce7bd88a7738635c6f4a17488dce0
2021/02/01 14:09:13 Action Digest: [184 59 154 170 56 79 6 119 88 42 68 205 227 95 147 158 120 204 231 189 136 167 115 134 53 198 244 161 116 136 220 224] b83b9aaa384f0677582a44cde35f939e78cce7bd88a7738635c6f4a17488dce0  76
2021/02/01 14:09:13 Bytes Uploaded: 108
2021/02/01 14:09:13 Time Hashing: 88.563753ms
2021/02/01 14:09:13 Time Uploading: 823.729µs
2021/02/01 14:09:13 Time Finding Missing Blobs: 7.719983ms
2021/02/01 14:09:13 Execute response: result:<output_files:<path:"out" digest:<size_bytes:4194306 hash_blake3zcc:"v\t\300\310\366~\250\344\232@\263\277\213\303f\003\361sY;y\222\223@d\005I\272\002Z\013\354" > > execution_metadata:<worker:"{\"datacenter\":\"paris\",\"hostname\":\"ubuntu-worker.example.com\",\"rack\":\"4\",\"slot\":\"15\",\"thread\":\"5\"}" queued_timestamp:<seconds:1612188553 nanos:815578277 > worker_start_timestamp:<seconds:1612188553 nanos:815854121 > worker_completed_timestamp:<seconds:1612188553 nanos:880122280 > input_fetch_start_timestamp:<seconds:1612188553 nanos:815998529 > input_fetch_completed_timestamp:<seconds:1612188553 nanos:815999333 > execution_start_timestamp:<seconds:1612188553 nanos:815999333 > execution_completed_timestamp:<seconds:1612188553 nanos:820487764 > output_upload_start_timestamp:<seconds:1612188553 nanos:820487764 > output_upload_completed_timestamp:<seconds:1612188553 nanos:880122280 > auxiliary_metadata:<type_url:"type.googleapis.com/buildbarn.resourceusage.POSIXResourceUsage" value:"\n\004\020\240\305\035\022\005\020\300\352\230\001\030\200\240\307\t8\307\001@\002PXX\210@x\005" > auxiliary_metadata:<type_url:"type.googleapis.com/buildbarn.resourceusage.FilePoolResourceUsage" > > > message:"Action details (cached result): /action/blake-client/B3Z:b83b9aaa384f0677582a44cde35f939e78cce7bd88a7738635c6f4a17488dce0/76/" 
