Loading: 
Loading: 0 packages loaded
Analyzing: target //cmd/blake3zcc_hasher:blake3zcc_hasher (0 packages loaded, 0 targets configured)
INFO: Analyzed target //cmd/blake3zcc_hasher:blake3zcc_hasher (0 packages loaded, 0 targets configured).
INFO: Found 1 target...
[0 / 1] [Prepa] BazelWorkspaceStatusAction stable-status.txt
Target //cmd/blake3zcc_hasher:blake3zcc_hasher up-to-date:
  bazel-bin/cmd/blake3zcc_hasher/blake3zcc_hasher_/blake3zcc_hasher
INFO: Elapsed time: 0.083s, Critical Path: 0.00s
INFO: 0 processes.
INFO: Build completed successfully, 1 total action
INFO: Running command line: bazel-bin/cmd/blake3zcc_hasher/blake3zcc_hasher_/blake3zcc_hasher -a localhost:8980 -d /home/debian/blake-client/experiments/e2 -c 2 '-b=false'
INFO: Build completed successfully, 1 total action
2021/03/09 13:15:28 Hash: 75cdf21632762266409d062f538212cbe52b81bdb1596233e490e2bc22f30dc3
2021/03/09 13:15:28 Hash: e9a099c75ef837c28bc91683bee127e463fa0ee10c11fd816f8d2d428c0d610e
2021/03/09 13:15:28 Hash: 38d4e77d0aab20514af434d0dc576c9b5f7cad1bbb7d25b4ed8e5154a845e7f3
2021/03/09 13:15:28 Hash: 44a4c12b5acf05295e010a26c1a0ee9961303f33eb04ac8152ae9971faff091e
2021/03/09 13:15:28 Hash: ad180ee482ebd66d04ca9de4306165ee89c9136259443b5da5581db9c0538f14
2021/03/09 13:15:28 Time Hashing: 169.571671ms
2021/03/09 13:15:28 Bytes Hashed: 37749071
2021/03/09 13:15:28 Action Digest: []  ad180ee482ebd66d04ca9de4306165ee89c9136259443b5da5581db9c0538f14 141
2021/03/09 13:15:28 Bytes Uploaded: 301
2021/03/09 13:15:28 Time Uploading: 1.66406ms
2021/03/09 13:15:28 Time Finding Missing Blobs: 2.039418ms
2021/03/09 13:15:29 Execute response: result:{output_files:{path:"out"  digest:{hash_other:"66bb179575f977b0759cc4c9e5be0c9b911980c15346112ae8e22cfb75f0e7ff"  size_bytes:37748738}}  execution_metadata:{worker:"{\"datacenter\":\"paris\",\"hostname\":\"ubuntu-worker.example.com\",\"rack\":\"4\",\"slot\":\"15\",\"thread\":\"1\"}"  queued_timestamp:{seconds:1615295728  nanos:938741616}  worker_start_timestamp:{seconds:1615295728  nanos:939623497}  worker_completed_timestamp:{seconds:1615295729  nanos:509561945}  input_fetch_start_timestamp:{seconds:1615295728  nanos:939836266}  input_fetch_completed_timestamp:{seconds:1615295728  nanos:941032706}  execution_start_timestamp:{seconds:1615295728  nanos:941032706}  execution_completed_timestamp:{seconds:1615295728  nanos:964663678}  output_upload_start_timestamp:{seconds:1615295728  nanos:964663678}  output_upload_completed_timestamp:{seconds:1615295729  nanos:509561945}  auxiliary_metadata:{type_url:"type.googleapis.com/buildbarn.resourceusage.POSIXResourceUsage"  value:"\n\x00\x12\x05\x10\xc8\xf4\xda\n\x18\x80\xe0\x92\x0e8\xc6\x01X\x88\xc0\x04x\x03\x80\x01#"}  auxiliary_metadata:{type_url:"type.googleapis.com/buildbarn.resourceusage.FilePoolResourceUsage"}}}  message:"Action details (cached result): /action/blake-client/ad180ee482ebd66d04ca9de4306165ee89c9136259443b5da5581db9c0538f14/141/"
