Loading: 
Loading: 0 packages loaded
Analyzing: target //cmd/blake3zcc_hasher:blake3zcc_hasher (0 packages loaded, 0 targets configured)
INFO: Analyzed target //cmd/blake3zcc_hasher:blake3zcc_hasher (0 packages loaded, 0 targets configured).
INFO: Found 1 target...
[0 / 1] [Prepa] BazelWorkspaceStatusAction stable-status.txt
Target //cmd/blake3zcc_hasher:blake3zcc_hasher up-to-date:
  bazel-bin/cmd/blake3zcc_hasher/blake3zcc_hasher_/blake3zcc_hasher
INFO: Elapsed time: 0.074s, Critical Path: 0.00s
INFO: 0 processes.
INFO: Build completed successfully, 1 total action
INFO: Running command line: bazel-bin/cmd/blake3zcc_hasher/blake3zcc_hasher_/blake3zcc_hasher -a localhost:8980 -d /home/debian/blake-client/experiments/e7 -c 4 '-b=false'
INFO: Build completed successfully, 1 total action
2021/03/09 13:15:50 Hash: dd34b32ba0522e06e609f351620991e1af517dc3be2475e5875be645c16ba5e0
2021/03/09 13:15:50 Hash: 50dac11b8750f1398495b580e1f6158fef5ddbdc7f6500e7117c2e12f59c88e9
2021/03/09 13:15:50 Hash: a1041d607d96b3f2fa3aa6a3a8f78b6d00cbf46eece1fa8fc3f0526ce850e2f4
2021/03/09 13:15:50 Command: arguments:"sh"  arguments:"-c"  arguments:"cp in0 out && printf ' ' | dd of=out bs=1 count=1 seek=26214400 conv=notrunc"  output_paths:"out"
2021/03/09 13:15:50 Hash: fd6651449c4ebc14fd460f86b94b6500eb5cff19f85b8272f2f8adaace72ee61
2021/03/09 13:15:50 Hash: 759bcad2281a0d8c0989e882ad691fd5f36b760d4eeb6c9dc9b662441f81bf0d
2021/03/09 13:15:50 Time Hashing: 370.401062ms
2021/03/09 13:15:50 Bytes Hashed: 88080777
2021/03/09 13:15:50 Action Digest: []  759bcad2281a0d8c0989e882ad691fd5f36b760d4eeb6c9dc9b662441f81bf0d 141
2021/03/09 13:15:50 Bytes Uploaded: 232
2021/03/09 13:15:50 Time Uploading: 1.525268ms
2021/03/09 13:15:50 Time Finding Missing Blobs: 1.660289ms
2021/03/09 13:15:51 Execute response: result:{output_files:{path:"out"  digest:{hash_other:"e3b0d0cb1d0df52dd4a889abb4b950655184ede4fe47fbf9327b046e07100867"  size_bytes:52428801}}  stderr_digest:{hash_other:"843597b76c6d2a1d68d7274e009c167c3b20e84cd65900c667890bf827280150"  size_bytes:70}  execution_metadata:{worker:"{\"datacenter\":\"paris\",\"hostname\":\"ubuntu-worker.example.com\",\"rack\":\"4\",\"slot\":\"15\",\"thread\":\"5\"}"  queued_timestamp:{seconds:1615295750  nanos:531392430}  worker_start_timestamp:{seconds:1615295750  nanos:531987727}  worker_completed_timestamp:{seconds:1615295751  nanos:304250309}  input_fetch_start_timestamp:{seconds:1615295750  nanos:532205701}  input_fetch_completed_timestamp:{seconds:1615295750  nanos:533269879}  execution_start_timestamp:{seconds:1615295750  nanos:533269879}  execution_completed_timestamp:{seconds:1615295750  nanos:564612665}  output_upload_start_timestamp:{seconds:1615295750  nanos:564612665}  output_upload_completed_timestamp:{seconds:1615295751  nanos:304250309}  auxiliary_metadata:{type_url:"type.googleapis.com/buildbarn.resourceusage.POSIXResourceUsage"  value:"\n\x04\x10\x80\xe0]\x12\x05\x10诟\r\x18\x80\xe0\x92\x0e8\xc2\x02X\x90\xa0\x06x\x07\x80\x01\x19"}  auxiliary_metadata:{type_url:"type.googleapis.com/buildbarn.resourceusage.FilePoolResourceUsage"}}}  message:"Action details (cached result): /action/blake-client/759bcad2281a0d8c0989e882ad691fd5f36b760d4eeb6c9dc9b662441f81bf0d/141/"
