Loading: 
Loading: 0 packages loaded
Analyzing: target //cmd/blake3zcc_hasher:blake3zcc_hasher (0 packages loaded, 0 targets configured)
INFO: Analyzed target //cmd/blake3zcc_hasher:blake3zcc_hasher (0 packages loaded, 0 targets configured).
INFO: Found 1 target...
[0 / 1] [Prepa] BazelWorkspaceStatusAction stable-status.txt
Target //cmd/blake3zcc_hasher:blake3zcc_hasher up-to-date:
  bazel-bin/cmd/blake3zcc_hasher/blake3zcc_hasher_/blake3zcc_hasher
INFO: Elapsed time: 0.096s, Critical Path: 0.00s
INFO: 0 processes.
INFO: Build completed successfully, 1 total action
INFO: Running command line: bazel-bin/cmd/blake3zcc_hasher/blake3zcc_hasher_/blake3zcc_hasher -a localhost:8980 -d /home/debian/blake-client/experiments/e3 -c 2 '-b=false'
INFO: Build completed successfully, 1 total action
2021/03/09 13:15:30 Hash: 8565a714dca840f8652c5bae9249ab05f5fb5a4f9f13fbe23304b10f68252da2
2021/03/09 13:15:30 Hash: e9a099c75ef837c28bc91683bee127e463fa0ee10c11fd816f8d2d428c0d610e
2021/03/09 13:15:30 Hash: e7cbcd80d33fa2208dff0cc5d4c5a0273e3c4a7a1ed0b388785425205c7b4b33
2021/03/09 13:15:30 Hash: 44a4c12b5acf05295e010a26c1a0ee9961303f33eb04ac8152ae9971faff091e
2021/03/09 13:15:30 Hash: f5d56462abf40d7a0c8cc68f8e380bd9122d70b97e282212b94be4f49952a2a0
2021/03/09 13:15:30 Time Hashing: 228.608473ms
2021/03/09 13:15:30 Bytes Hashed: 54526286
2021/03/09 13:15:31 Action Digest: []  f5d56462abf40d7a0c8cc68f8e380bd9122d70b97e282212b94be4f49952a2a0 141
2021/03/09 13:15:31 Bytes Uploaded: 52429101
2021/03/09 13:15:31 Time Uploading: 722.658176ms
2021/03/09 13:15:31 Time Finding Missing Blobs: 1.626671ms
2021/03/09 13:15:31 Execute response: result:{output_files:{path:"out"  digest:{hash_other:"a6b38fb195e38336ba78e7daec25bb75b2f47802a488c4b99616d0fa08e0c424"  size_bytes:54525953}}  execution_metadata:{worker:"{\"datacenter\":\"paris\",\"hostname\":\"ubuntu-worker.example.com\",\"rack\":\"4\",\"slot\":\"15\",\"thread\":\"2\"}"  queued_timestamp:{seconds:1615295731  nanos:48295691}  worker_start_timestamp:{seconds:1615295731  nanos:48634894}  worker_completed_timestamp:{seconds:1615295731  nanos:958201399}  input_fetch_start_timestamp:{seconds:1615295731  nanos:48908666}  input_fetch_completed_timestamp:{seconds:1615295731  nanos:685120870}  execution_start_timestamp:{seconds:1615295731  nanos:685120870}  execution_completed_timestamp:{seconds:1615295731  nanos:717781118}  output_upload_start_timestamp:{seconds:1615295731  nanos:717781118}  output_upload_completed_timestamp:{seconds:1615295731  nanos:958201399}  auxiliary_metadata:{type_url:"type.googleapis.com/buildbarn.resourceusage.POSIXResourceUsage"  value:"\n\x04\x10\xb0\xef)\x12\x05\x10\xe0\x8f\xf0\r\x18\x80\xe0\x92\x0e8\xca\x01X\x88\xc0\x06x\x03\x80\x01\x04"}  auxiliary_metadata:{type_url:"type.googleapis.com/buildbarn.resourceusage.FilePoolResourceUsage"}}}  message:"Action details (cached result): /action/blake-client/f5d56462abf40d7a0c8cc68f8e380bd9122d70b97e282212b94be4f49952a2a0/141/"
