Loading: 
Loading: 0 packages loaded
Analyzing: target //cmd/blake3zcc_hasher:blake3zcc_hasher (0 packages loaded, 0 targets configured)
INFO: Analyzed target //cmd/blake3zcc_hasher:blake3zcc_hasher (0 packages loaded, 0 targets configured).
INFO: Found 1 target...
[0 / 1] [Prepa] BazelWorkspaceStatusAction stable-status.txt
Target //cmd/blake3zcc_hasher:blake3zcc_hasher up-to-date:
  bazel-bin/cmd/blake3zcc_hasher/blake3zcc_hasher_/blake3zcc_hasher
INFO: Elapsed time: 0.106s, Critical Path: 0.00s
INFO: 0 processes.
INFO: Build completed successfully, 1 total action
INFO: Running command line: bazel-bin/cmd/blake3zcc_hasher/blake3zcc_hasher_/blake3zcc_hasher -a localhost:8980 -d /home/debian/blake-client/experiments/e4 -c 0 '-b=false'
INFO: Build completed successfully, 1 total action
2021/03/09 13:15:32 Hash: dd34b32ba0522e06e609f351620991e1af517dc3be2475e5875be645c16ba5e0
2021/03/09 13:15:32 Hash: 42c526822b0f3676f5ad241123dd615d60f821fa651fa4356dacc9e505bf4b67
2021/03/09 13:15:32 Hash: f3820b9e366e3d9fa2b58e491d6b556c9d47d37cdf940b426d21894f6dc465b1
2021/03/09 13:15:32 Hash: a13e5774979b9aac00eace0526fcfa2a673226c22b649d685f3540cdc7b38f9c
2021/03/09 13:15:32 Hash: 522a404ac52c412afa51493b9ca9ea9d48fc19a0086b8c8eef6b43e995729c0d
2021/03/09 13:15:32 Time Hashing: 229.041683ms
2021/03/09 13:15:32 Bytes Hashed: 54526273
2021/03/09 13:15:33 Action Digest: []  522a404ac52c412afa51493b9ca9ea9d48fc19a0086b8c8eef6b43e995729c0d 141
2021/03/09 13:15:33 Bytes Uploaded: 35651885
2021/03/09 13:15:33 Time Uploading: 440.228083ms
2021/03/09 13:15:33 Time Finding Missing Blobs: 1.43377ms
2021/03/09 13:15:33 Execute response: result:{output_files:{path:"out"  digest:{hash_other:"42c526822b0f3676f5ad241123dd615d60f821fa651fa4356dacc9e505bf4b67"  size_bytes:18874369}}  execution_metadata:{worker:"{\"datacenter\":\"paris\",\"hostname\":\"ubuntu-worker.example.com\",\"rack\":\"4\",\"slot\":\"15\",\"thread\":\"5\"}"  queued_timestamp:{seconds:1615295733  nanos:386347711}  worker_start_timestamp:{seconds:1615295733  nanos:386887200}  worker_completed_timestamp:{seconds:1615295733  nanos:857387358}  input_fetch_start_timestamp:{seconds:1615295733  nanos:387338766}  input_fetch_completed_timestamp:{seconds:1615295733  nanos:759641286}  execution_start_timestamp:{seconds:1615295733  nanos:759641286}  execution_completed_timestamp:{seconds:1615295733  nanos:771176509}  output_upload_start_timestamp:{seconds:1615295733  nanos:771176509}  output_upload_completed_timestamp:{seconds:1615295733  nanos:857387358}  auxiliary_metadata:{type_url:"type.googleapis.com/buildbarn.resourceusage.POSIXResourceUsage"  value:"\n\x00\x12\x05\x10\xf0\xde\xe1\x04\x18\x80\xe0\x92\x0e8\x85\x01X\x88\xa0\x02x\x01\x80\x01\x11"}  auxiliary_metadata:{type_url:"type.googleapis.com/buildbarn.resourceusage.FilePoolResourceUsage"}}}  message:"Action details (cached result): /action/blake-client/522a404ac52c412afa51493b9ca9ea9d48fc19a0086b8c8eef6b43e995729c0d/141/"
