Loading: 
Loading: 0 packages loaded
Analyzing: target //cmd/blake3zcc_hasher:blake3zcc_hasher (0 packages loaded, 0 targets configured)
INFO: Analyzed target //cmd/blake3zcc_hasher:blake3zcc_hasher (0 packages loaded, 0 targets configured).
INFO: Found 1 target...
[0 / 1] [Prepa] BazelWorkspaceStatusAction stable-status.txt
Target //cmd/blake3zcc_hasher:blake3zcc_hasher up-to-date:
  bazel-bin/cmd/blake3zcc_hasher/linux_amd64_stripped/blake3zcc_hasher
INFO: Elapsed time: 0.066s, Critical Path: 0.00s
INFO: 0 processes.
INFO: Build completed successfully, 1 total action
INFO: Running command line: bazel-bin/cmd/blake3zcc_hasher/linux_amd64_stripped/blake3zcc_hasher -a localhost:8980 -d /home/scott/buildbarn/blake-client/experiments/e12 -c 2 '-b=true'
INFO: Build completed successfully, 1 total action
2021/02/03 16:13:55 Hash: B3Z:f401ac6fb36133bb9bc4b03b22d35d74a8c0dce4b223f2bdf5b355f1de1e0961
2021/02/03 16:13:55 Hash: B3Z:9a975a92c967affb5d1d28d17bceaece747fdcdbadd875ba66717a166e2dac68
2021/02/03 16:13:55 Hash: B3Z:c1e7da5a650d63ba6d67b4fb10d9f714c023e27396f8806f7b82bde59b52b76e
2021/02/03 16:13:55 Hash: B3Z:d9255d8105ee52b23f018fbd0eb54ae8d464e1f3b0c8729492b39af69afd9ec0
2021/02/03 16:13:55 Hash: B3Z:22c272db355c7de9b47c343c4c3e9802389280a9490cf62ab4256613c9ca5d03
2021/02/03 16:13:55 Action Digest: [34 194 114 219 53 92 125 233 180 124 52 60 76 62 152 2 56 146 128 169 73 12 246 42 180 37 102 19 201 202 93 3] 22c272db355c7de9b47c343c4c3e9802389280a9490cf62ab4256613c9ca5d03  76
2021/02/03 16:13:55 Bytes Uploaded: 172
2021/02/03 16:13:55 Time Hashing: 43.010339ms
2021/02/03 16:13:55 Time Uploading: 1.397811ms
2021/02/03 16:13:55 Time Finding Missing Blobs: 5.267269ms
2021/02/03 16:13:55 Execute response: result:<output_files:<path:"out" digest:<size_bytes:20971521 hash_blake3zcc:"b_\262h\242+DfS\273V\273\343AO\037\"\026\367\033\371\251v;\346\020yY\343\003\033F" > > execution_metadata:<worker:"{\"datacenter\":\"paris\",\"hostname\":\"ubuntu-worker.example.com\",\"rack\":\"4\",\"slot\":\"15\",\"thread\":\"4\"}" queued_timestamp:<seconds:1612368835 nanos:213137981 > worker_start_timestamp:<seconds:1612368835 nanos:213407022 > worker_completed_timestamp:<seconds:1612368835 nanos:371167203 > input_fetch_start_timestamp:<seconds:1612368835 nanos:213576565 > input_fetch_completed_timestamp:<seconds:1612368835 nanos:213922665 > execution_start_timestamp:<seconds:1612368835 nanos:213922665 > execution_completed_timestamp:<seconds:1612368835 nanos:227528904 > output_upload_start_timestamp:<seconds:1612368835 nanos:227528904 > output_upload_completed_timestamp:<seconds:1612368835 nanos:371167203 > auxiliary_metadata:<type_url:"type.googleapis.com/buildbarn.resourceusage.POSIXResourceUsage" value:"\n\004\020\220\367\034\022\005\020\210\356\200\006\030\200\340\315\t8\306\001X\210\300\002x\003" > auxiliary_metadata:<type_url:"type.googleapis.com/buildbarn.resourceusage.FilePoolResourceUsage" > > > message:"Action details (cached result): /action/blake-client/B3Z:22c272db355c7de9b47c343c4c3e9802389280a9490cf62ab4256613c9ca5d03/76/" 
