Loading: 
Loading: 0 packages loaded
Analyzing: target //cmd/blake3zcc_hasher:blake3zcc_hasher (0 packages loaded, 0 targets configured)
INFO: Analyzed target //cmd/blake3zcc_hasher:blake3zcc_hasher (0 packages loaded, 0 targets configured).
INFO: Found 1 target...
[0 / 1] [Prepa] BazelWorkspaceStatusAction stable-status.txt
Target //cmd/blake3zcc_hasher:blake3zcc_hasher up-to-date:
  bazel-bin/cmd/blake3zcc_hasher/linux_amd64_stripped/blake3zcc_hasher
INFO: Elapsed time: 0.077s, Critical Path: 0.00s
INFO: 0 processes.
INFO: Build completed successfully, 1 total action
INFO: Running command line: bazel-bin/cmd/blake3zcc_hasher/linux_amd64_stripped/blake3zcc_hasher -a localhost:8980 -d /home/scott/buildbarn/blake-client/experiments/e1 -c 3 '-b=false'
INFO: Build completed successfully, 1 total action
2021/02/01 14:12:32 Hash: 42c526822b0f3676f5ad241123dd615d60f821fa651fa4356dacc9e505bf4b67
2021/02/01 14:12:32 Hash: e9a099c75ef837c28bc91683bee127e463fa0ee10c11fd816f8d2d428c0d610e
2021/02/01 14:12:32 Hash: 1230c1f27b40aa457a6172533116f521c25160f7352bcad51f9f6b35ac366e47
2021/02/01 14:12:32 Hash: fc8f7ebcae29b1a99f8ef31c259df5db6244c70ebfb86af990c2af6cd4ee41fc
2021/02/01 14:12:32 Hash: 5e8bea38f261055ecdb236ba10043434c0a45ce8ec4e25c3caaa031403a8e4e7
2021/02/01 14:12:32 Action Digest: []  5e8bea38f261055ecdb236ba10043434c0a45ce8ec4e25c3caaa031403a8e4e7 141
2021/02/01 14:12:32 Bytes Uploaded: 189
2021/02/01 14:12:32 Time Hashing: 48.926629ms
2021/02/01 14:12:32 Time Uploading: 2.246615ms
2021/02/01 14:12:32 Time Finding Missing Blobs: 874.935µs
2021/02/01 14:12:32 Execute response: result:<output_files:<path:"out" digest:<hash_other:"42c526822b0f3676f5ad241123dd615d60f821fa651fa4356dacc9e505bf4b67" size_bytes:18874369 > > execution_metadata:<worker:"{\"datacenter\":\"paris\",\"hostname\":\"ubuntu-worker.example.com\",\"rack\":\"4\",\"slot\":\"15\",\"thread\":\"4\"}" queued_timestamp:<seconds:1612188752 nanos:889229614 > worker_start_timestamp:<seconds:1612188752 nanos:889547262 > worker_completed_timestamp:<seconds:1612188752 nanos:939147651 > input_fetch_start_timestamp:<seconds:1612188752 nanos:889659470 > input_fetch_completed_timestamp:<seconds:1612188752 nanos:889738974 > execution_start_timestamp:<seconds:1612188752 nanos:889738974 > execution_completed_timestamp:<seconds:1612188752 nanos:892883373 > output_upload_start_timestamp:<seconds:1612188752 nanos:892883373 > output_upload_completed_timestamp:<seconds:1612188752 nanos:939147651 > auxiliary_metadata:<type_url:"type.googleapis.com/buildbarn.resourceusage.POSIXResourceUsage" value:"\n\004\020\350\3318\022\004\020\220\215i\030\200\240\235\t8\245\002X\210 x\005\200\001\005" > auxiliary_metadata:<type_url:"type.googleapis.com/buildbarn.resourceusage.FilePoolResourceUsage" > > > message:"Action details (cached result): /action/blake-client/5e8bea38f261055ecdb236ba10043434c0a45ce8ec4e25c3caaa031403a8e4e7/141/" 
