Loading: 
Loading: 0 packages loaded
Analyzing: target //cmd/blake3zcc_hasher:blake3zcc_hasher (0 packages loaded, 0 targets configured)
INFO: Analyzed target //cmd/blake3zcc_hasher:blake3zcc_hasher (0 packages loaded, 0 targets configured).
INFO: Found 1 target...
[0 / 1] [Prepa] BazelWorkspaceStatusAction stable-status.txt
Target //cmd/blake3zcc_hasher:blake3zcc_hasher up-to-date:
  bazel-bin/cmd/blake3zcc_hasher/linux_amd64_stripped/blake3zcc_hasher
INFO: Elapsed time: 0.076s, Critical Path: 0.00s
INFO: 0 processes.
INFO: Build completed successfully, 1 total action
INFO: Running command line: bazel-bin/cmd/blake3zcc_hasher/linux_amd64_stripped/blake3zcc_hasher -a localhost:8980 -d /home/scott/buildbarn/blake-client/experiments/e4 -c 1 '-b=true'
INFO: Build completed successfully, 1 total action
2021/02/03 16:14:07 Hash: B3Z:49bbc11948ed7d3139ce8ed12aa5a5a2759cf56028a869905df051c928660163
2021/02/03 16:14:07 Hash: B3Z:9a975a92c967affb5d1d28d17bceaece747fdcdbadd875ba66717a166e2dac68
2021/02/03 16:14:07 Hash: B3Z:234d2099b7c6d912343b7d2de227a5411b115cbc319e64d2a882c8c188154cc5
2021/02/03 16:14:07 Hash: B3Z:95f1a8b8421e32df87826aa0d29f40b20c295a3f603de6d2533dc0d717f40852
2021/02/03 16:14:07 Hash: B3Z:9baaa1eaf7a43f53a334d0d943b7e83aeae4bd1efc36e2032ccd29fe551bb5fa
2021/02/03 16:14:07 Action Digest: [155 170 161 234 247 164 63 83 163 52 208 217 67 183 232 58 234 228 189 30 252 54 226 3 44 205 41 254 85 27 181 250] 9baaa1eaf7a43f53a334d0d943b7e83aeae4bd1efc36e2032ccd29fe551bb5fa  76
2021/02/03 16:14:07 Bytes Uploaded: 76
2021/02/03 16:14:07 Time Hashing: 111.903085ms
2021/02/03 16:14:07 Time Uploading: 794.404µs
2021/02/03 16:14:07 Time Finding Missing Blobs: 9.196813ms
2021/02/03 16:14:07 Execute response: result:<output_files:<path:"out" digest:<size_bytes:37748738 hash_blake3zcc:"sT?N%\342vv\0074:\213\364\347\276\351\003Z\331k\220\260\007\357b\271\001\024\264\201\370Q" > > execution_metadata:<worker:"{\"datacenter\":\"paris\",\"hostname\":\"ubuntu-worker.example.com\",\"rack\":\"4\",\"slot\":\"15\",\"thread\":\"0\"}" queued_timestamp:<seconds:1612368847 nanos:609089882 > worker_start_timestamp:<seconds:1612368847 nanos:609405857 > worker_completed_timestamp:<seconds:1612368847 nanos:890879304 > input_fetch_start_timestamp:<seconds:1612368847 nanos:609576238 > input_fetch_completed_timestamp:<seconds:1612368847 nanos:609577165 > execution_start_timestamp:<seconds:1612368847 nanos:609577165 > execution_completed_timestamp:<seconds:1612368847 nanos:637023215 > output_upload_start_timestamp:<seconds:1612368847 nanos:637023215 > output_upload_completed_timestamp:<seconds:1612368847 nanos:890879304 > auxiliary_metadata:<type_url:"type.googleapis.com/buildbarn.resourceusage.POSIXResourceUsage" value:"\n\000\022\005\020\370\364\253\n\030\200\200\211\n8\312\001X\210\300\004x\002\200\001\004" > auxiliary_metadata:<type_url:"type.googleapis.com/buildbarn.resourceusage.FilePoolResourceUsage" > > > message:"Action details (cached result): /action/blake-client/B3Z:9baaa1eaf7a43f53a334d0d943b7e83aeae4bd1efc36e2032ccd29fe551bb5fa/76/" 
