Loading: 
Loading: 0 packages loaded
Analyzing: target //cmd/blake3zcc_hasher:blake3zcc_hasher (0 packages loaded, 0 targets configured)
INFO: Analyzed target //cmd/blake3zcc_hasher:blake3zcc_hasher (0 packages loaded, 0 targets configured).
INFO: Found 1 target...
[0 / 1] [Prepa] BazelWorkspaceStatusAction stable-status.txt
Target //cmd/blake3zcc_hasher:blake3zcc_hasher up-to-date:
  bazel-bin/cmd/blake3zcc_hasher/blake3zcc_hasher_/blake3zcc_hasher
INFO: Elapsed time: 0.083s, Critical Path: 0.00s
INFO: 0 processes.
INFO: Build completed successfully, 1 total action
INFO: Running command line: bazel-bin/cmd/blake3zcc_hasher/blake3zcc_hasher_/blake3zcc_hasher -a localhost:8980 -d /home/debian/blake-client/experiments/e6 -c 1 '-b=false'
INFO: Build completed successfully, 1 total action
2021/03/09 13:15:39 Hash: 8565a714dca840f8652c5bae9249ab05f5fb5a4f9f13fbe23304b10f68252da2
2021/03/09 13:15:39 Hash: 75cdf21632762266409d062f538212cbe52b81bdb1596233e490e2bc22f30dc3
2021/03/09 13:15:39 Hash: 69f44b22a57d28cecfbf5bf66e6c2ca2dbf599c2299649cb440e92f0371928d5
2021/03/09 13:15:39 Hash: 8ac82c9245239eed86e41c610a024096adf5a90ff857e300c1b91d60ca13e856
2021/03/09 13:15:39 Hash: 82b26bf21db5b20f2e4a8142274936125bd33e388e9ad3e1ac11642c6ca1d83b
2021/03/09 13:15:39 Time Hashing: 369.897462ms
2021/03/09 13:15:39 Bytes Hashed: 88080718
2021/03/09 13:15:39 Action Digest: []  82b26bf21db5b20f2e4a8142274936125bd33e388e9ad3e1ac11642c6ca1d83b 141
2021/03/09 13:15:39 Bytes Uploaded: 141
2021/03/09 13:15:39 Time Uploading: 1.069779ms
2021/03/09 13:15:39 Time Finding Missing Blobs: 1.782399ms
2021/03/09 13:15:40 Execute response: result:{output_files:{path:"out"  digest:{hash_other:"523094adecb323af0cdbcc77d63fd5bd6362fa76a78ed693625059cb4c4d5eb7"  size_bytes:71303170}}  execution_metadata:{worker:"{\"datacenter\":\"paris\",\"hostname\":\"ubuntu-worker.example.com\",\"rack\":\"4\",\"slot\":\"15\",\"thread\":\"5\"}"  queued_timestamp:{seconds:1615295739  nanos:651473091}  worker_start_timestamp:{seconds:1615295739  nanos:652130203}  worker_completed_timestamp:{seconds:1615295740  nanos:748105742}  input_fetch_start_timestamp:{seconds:1615295739  nanos:652581211}  input_fetch_completed_timestamp:{seconds:1615295739  nanos:653270408}  execution_start_timestamp:{seconds:1615295739  nanos:653270408}  execution_completed_timestamp:{seconds:1615295739  nanos:695549358}  output_upload_start_timestamp:{seconds:1615295739  nanos:695549358}  output_upload_completed_timestamp:{seconds:1615295740  nanos:748105742}  auxiliary_metadata:{type_url:"type.googleapis.com/buildbarn.resourceusage.POSIXResourceUsage"  value:"\n\x05\x10\xe8Ό\x02\x12\x05\x10\x90\xac\x85\x10\x18\x80\xe0\x92\x0e8\xc8\x01X\x88\xc0\x08x\x03\x80\x01\""}  auxiliary_metadata:{type_url:"type.googleapis.com/buildbarn.resourceusage.FilePoolResourceUsage"}}}  message:"Action details (cached result): /action/blake-client/82b26bf21db5b20f2e4a8142274936125bd33e388e9ad3e1ac11642c6ca1d83b/141/"
