Loading: 
Loading: 0 packages loaded
Analyzing: target //cmd/blake3zcc_hasher:blake3zcc_hasher (0 packages loaded, 0 targets configured)
INFO: Analyzed target //cmd/blake3zcc_hasher:blake3zcc_hasher (0 packages loaded, 0 targets configured).
INFO: Found 1 target...
[0 / 1] [Prepa] BazelWorkspaceStatusAction stable-status.txt
Target //cmd/blake3zcc_hasher:blake3zcc_hasher up-to-date:
  bazel-bin/cmd/blake3zcc_hasher/linux_amd64_stripped/blake3zcc_hasher
INFO: Elapsed time: 0.096s, Critical Path: 0.00s
INFO: 0 processes.
INFO: Build completed successfully, 1 total action
INFO: Running command line: bazel-bin/cmd/blake3zcc_hasher/linux_amd64_stripped/blake3zcc_hasher -a localhost:8980 -d /home/scott/buildbarn/blake-client/experiments/e7 -c 2 '-b=true'
INFO: Build completed successfully, 1 total action
2021/02/01 14:10:01 Hash: B3Z:49bbc11948ed7d3139ce8ed12aa5a5a2759cf56028a869905df051c928660163
2021/02/01 14:10:02 Hash: B3Z:fe4c60b847526e49dd8cf50a57897070d4c153fefb2d0549907275a491d3df89
2021/02/01 14:10:02 Hash: B3Z:4739f653e0dab223f6be0aeb3f9dfb582ffef5b84da322a3fff00f22a7802c93
2021/02/01 14:10:02 Hash: B3Z:d9255d8105ee52b23f018fbd0eb54ae8d464e1f3b0c8729492b39af69afd9ec0
2021/02/01 14:10:02 Hash: B3Z:4c9b49144cd463968f99b7cb19161df3dc6abb17632390946da1015089d6d029
2021/02/01 14:10:02 Action Digest: [76 155 73 20 76 212 99 150 143 153 183 203 25 22 29 243 220 106 187 23 99 35 144 148 109 161 1 80 137 214 208 41] 4c9b49144cd463968f99b7cb19161df3dc6abb17632390946da1015089d6d029  76
2021/02/01 14:10:02 Bytes Uploaded: 76
2021/02/01 14:10:02 Time Hashing: 381.660897ms
2021/02/01 14:10:02 Time Uploading: 486.403µs
2021/02/01 14:10:02 Time Finding Missing Blobs: 23.912868ms
2021/02/01 14:10:03 Execute response: result:<output_files:<path:"out" digest:<size_bytes:88080385 hash_blake3zcc:"\3129\r\343\020\244B/?\313\261\254g}\033\264\010\306\267<\267^<:\303\202\354\307l\221\240\256" > > execution_metadata:<worker:"{\"datacenter\":\"paris\",\"hostname\":\"ubuntu-worker.example.com\",\"rack\":\"4\",\"slot\":\"15\",\"thread\":\"2\"}" queued_timestamp:<seconds:1612188602 nanos:161547619 > worker_start_timestamp:<seconds:1612188602 nanos:161755167 > worker_completed_timestamp:<seconds:1612188603 nanos:389712350 > input_fetch_start_timestamp:<seconds:1612188602 nanos:162076307 > input_fetch_completed_timestamp:<seconds:1612188602 nanos:162077245 > execution_start_timestamp:<seconds:1612188602 nanos:162077245 > execution_completed_timestamp:<seconds:1612188602 nanos:210288482 > output_upload_start_timestamp:<seconds:1612188602 nanos:210288482 > output_upload_completed_timestamp:<seconds:1612188603 nanos:389712350 > auxiliary_metadata:<type_url:"type.googleapis.com/buildbarn.resourceusage.POSIXResourceUsage" value:"\n\004\020\340\200\037\022\005\020\320\373\227\026\030\200\240\307\t8\307\001X\210\300\nx\003\200\001\022" > auxiliary_metadata:<type_url:"type.googleapis.com/buildbarn.resourceusage.FilePoolResourceUsage" > > > message:"Action details (cached result): /action/blake-client/B3Z:4c9b49144cd463968f99b7cb19161df3dc6abb17632390946da1015089d6d029/76/" 
