Loading: 
Loading: 0 packages loaded
Analyzing: target //cmd/blake3zcc_hasher:blake3zcc_hasher (0 packages loaded, 0 targets configured)
INFO: Analyzed target //cmd/blake3zcc_hasher:blake3zcc_hasher (0 packages loaded, 0 targets configured).
INFO: Found 1 target...
[0 / 1] [Prepa] BazelWorkspaceStatusAction stable-status.txt
Target //cmd/blake3zcc_hasher:blake3zcc_hasher up-to-date:
  bazel-bin/cmd/blake3zcc_hasher/linux_amd64_stripped/blake3zcc_hasher
INFO: Elapsed time: 0.058s, Critical Path: 0.00s
INFO: 0 processes.
INFO: Build completed successfully, 1 total action
INFO: Running command line: bazel-bin/cmd/blake3zcc_hasher/linux_amd64_stripped/blake3zcc_hasher -a localhost:8980 -d /home/scott/buildbarn/blake-client/experiments/e4 -c 2 '-b=false'
INFO: Build completed successfully, 1 total action
2021/02/19 16:26:14 Hash: dd34b32ba0522e06e609f351620991e1af517dc3be2475e5875be645c16ba5e0
2021/02/19 16:26:14 Hash: 42c526822b0f3676f5ad241123dd615d60f821fa651fa4356dacc9e505bf4b67
2021/02/19 16:26:14 Hash: f3820b9e366e3d9fa2b58e491d6b556c9d47d37cdf940b426d21894f6dc465b1
2021/02/19 16:26:14 Hash: 44a4c12b5acf05295e010a26c1a0ee9961303f33eb04ac8152ae9971faff091e
2021/02/19 16:26:14 Hash: b3061a3913c7175ad1c5c1587f23b308dbed0d3c9dec6d06c4564425e58cd475
2021/02/19 16:26:14 Action Digest: []  b3061a3913c7175ad1c5c1587f23b308dbed0d3c9dec6d06c4564425e58cd475 141
2021/02/19 16:26:14 Bytes Uploaded: 141
2021/02/19 16:26:14 Bytes Hashed: 54526286
2021/02/19 16:26:14 Time Hashing: 121.650451ms
2021/02/19 16:26:14 Time Uploading: 408.379µs
2021/02/19 16:26:14 Time Finding Missing Blobs: 823.946µs
2021/02/19 16:26:15 Execute response: result:<output_files:<path:"out" digest:<hash_other:"a6b38fb195e38336ba78e7daec25bb75b2f47802a488c4b99616d0fa08e0c424" size_bytes:54525953 > > execution_metadata:<worker:"{\"datacenter\":\"paris\",\"hostname\":\"ubuntu-worker.example.com\",\"rack\":\"4\",\"slot\":\"15\",\"thread\":\"4\"}" queued_timestamp:<seconds:1613751974 nanos:869893344 > worker_start_timestamp:<seconds:1613751974 nanos:870110075 > worker_completed_timestamp:<seconds:1613751975 nanos:26269850 > input_fetch_start_timestamp:<seconds:1613751974 nanos:870249020 > input_fetch_completed_timestamp:<seconds:1613751974 nanos:870249963 > execution_start_timestamp:<seconds:1613751974 nanos:870249963 > execution_completed_timestamp:<seconds:1613751974 nanos:898598459 > output_upload_start_timestamp:<seconds:1613751974 nanos:898598459 > output_upload_completed_timestamp:<seconds:1613751975 nanos:26269850 > auxiliary_metadata:<type_url:"type.googleapis.com/buildbarn.resourceusage.POSIXResourceUsage" value:"\n\004\020\310\221\034\022\005\020\260\204\374\014\030\200\340\227\n8\311\001X\210\300\006x\003\200\001\001" > auxiliary_metadata:<type_url:"type.googleapis.com/buildbarn.resourceusage.FilePoolResourceUsage" > > > message:"Action details (cached result): /action/blake-client/b3061a3913c7175ad1c5c1587f23b308dbed0d3c9dec6d06c4564425e58cd475/141/" 
