Loading: 
Loading: 0 packages loaded
Analyzing: target //cmd/blake3zcc_hasher:blake3zcc_hasher (0 packages loaded, 0 targets configured)
INFO: Analyzed target //cmd/blake3zcc_hasher:blake3zcc_hasher (0 packages loaded, 0 targets configured).
INFO: Found 1 target...
[0 / 1] [Prepa] BazelWorkspaceStatusAction stable-status.txt
Target //cmd/blake3zcc_hasher:blake3zcc_hasher up-to-date:
  bazel-bin/cmd/blake3zcc_hasher/blake3zcc_hasher_/blake3zcc_hasher
INFO: Elapsed time: 0.120s, Critical Path: 0.00s
INFO: 0 processes.
INFO: Build completed successfully, 1 total action
INFO: Running command line: bazel-bin/cmd/blake3zcc_hasher/blake3zcc_hasher_/blake3zcc_hasher -a localhost:8980 -d /home/debian/blake-client/experiments/e4 -c 1 '-b=true'
INFO: Build completed successfully, 1 total action
2021/03/14 23:35:25 Hash: B3Z:0fecd56bb83dcf76af72f4f090f256319dca1b2302398e55d1958376a3da1adb
2021/03/14 23:35:25 Hash: B3Z:ea42d17a30d3285566b173181682253f56bc3f9a4f495c20b10e5b3a877bca57
2021/03/14 23:35:25 Hash: B3Z:4a91b488538f2a70ece5af1b92d1a70202e6d2e4b2d9d5949623ed7203853b84
2021/03/14 23:35:25 Hash: B3Z:95f1a8b8421e32df87826aa0d29f40b20c295a3f603de6d2533dc0d717f40852
2021/03/14 23:35:25 Hash: B3Z:900101a5eb35f9271e2642b952d240b13508367e8c418bedd59dbe815a53b920
2021/03/14 23:35:25 Time Hashing: 980.705µs
2021/03/14 23:35:25 Bytes Hashed: 450764
2021/03/14 23:35:25 Action Digest: [144 1 1 165 235 53 249 39 30 38 66 185 82 210 64 177 53 8 54 126 140 65 139 237 213 157 190 129 90 83 185 32] 900101a5eb35f9271e2642b952d240b13508367e8c418bedd59dbe815a53b920  76
2021/03/14 23:35:25 Bytes Uploaded: 76
2021/03/14 23:35:25 Time Uploading: 720.092µs
2021/03/14 23:35:25 Time Finding Missing Blobs: 1.332018ms
2021/03/14 23:35:25 Execute response: result:{output_files:{path:"out"  digest:{size_bytes:327682  hash_blake3zcc:"\xfd\x87\x1a\x872\x95\x95W\x82\x82\xc1'q\xad塦Ip\x97e|`\x81\xf6\xa9\x9f\x12\xd7O\xe5\x95"}}  execution_metadata:{worker:"{\"datacenter\":\"paris\",\"hostname\":\"ubuntu-worker.example.com\",\"rack\":\"4\",\"slot\":\"15\",\"thread\":\"6\"}"  queued_timestamp:{seconds:1615764925  nanos:450143254}  worker_start_timestamp:{seconds:1615764925  nanos:450607115}  worker_completed_timestamp:{seconds:1615764925  nanos:457963896}  input_fetch_start_timestamp:{seconds:1615764925  nanos:450832715}  input_fetch_completed_timestamp:{seconds:1615764925  nanos:451539303}  execution_start_timestamp:{seconds:1615764925  nanos:451539303}  execution_completed_timestamp:{seconds:1615764925  nanos:456873310}  output_upload_start_timestamp:{seconds:1615764925  nanos:456873310}  output_upload_completed_timestamp:{seconds:1615764925  nanos:457963896}  auxiliary_metadata:{type_url:"type.googleapis.com/buildbarn.resourceusage.POSIXResourceUsage"  value:"\n\x04\x10\xf0\xf3f\x12\x00\x18\x80\xe0\xf8\x0c8\xc6\x01X\x88\x05x\x03\x80\x01\x01"}  auxiliary_metadata:{type_url:"type.googleapis.com/buildbarn.resourceusage.FilePoolResourceUsage"}}}  message:"Action details (cached result): /action/blake-client/B3Z:900101a5eb35f9271e2642b952d240b13508367e8c418bedd59dbe815a53b920/76/"
