Loading: 
Loading: 0 packages loaded
Analyzing: target //cmd/blake3zcc_hasher:blake3zcc_hasher (0 packages loaded, 0 targets configured)
INFO: Analyzed target //cmd/blake3zcc_hasher:blake3zcc_hasher (0 packages loaded, 0 targets configured).
INFO: Found 1 target...
[0 / 1] [Prepa] BazelWorkspaceStatusAction stable-status.txt
Target //cmd/blake3zcc_hasher:blake3zcc_hasher up-to-date:
  bazel-bin/cmd/blake3zcc_hasher/blake3zcc_hasher_/blake3zcc_hasher
INFO: Elapsed time: 0.130s, Critical Path: 0.00s
INFO: 0 processes.
INFO: Build completed successfully, 1 total action
INFO: Running command line: bazel-bin/cmd/blake3zcc_hasher/blake3zcc_hasher_/blake3zcc_hasher -a localhost:8980 -d /home/debian/blake-client/experiments/e5 -c 3 '-b=true'
INFO: Build completed successfully, 1 total action
2021/03/14 23:35:26 Hash: B3Z:0ebb7843602079e3f02b3f71d4603dc3978f4b69203b052c663cf9fcb1f34285
2021/03/14 23:35:26 Hash: B3Z:ea42d17a30d3285566b173181682253f56bc3f9a4f495c20b10e5b3a877bca57
2021/03/14 23:35:26 Hash: B3Z:6423f4d91cf2c32b0b52672f2e56b1cac90326a9e2694146883d28b2ede115ae
2021/03/14 23:35:26 Hash: B3Z:0379138517bc5811e645894edbef883e8d64f9056cdb7bdb54e23e31a6367972
2021/03/14 23:35:26 Hash: B3Z:64d0967542e1272349354de09a6d8c2c7bf36e12b4d1f36052b25f4885834a20
2021/03/14 23:35:26 Time Hashing: 2.269031ms
2021/03/14 23:35:26 Bytes Hashed: 614620
2021/03/14 23:35:26 Action Digest: [100 208 150 117 66 225 39 35 73 53 77 224 154 109 140 44 123 243 110 18 180 209 243 96 82 178 95 72 133 131 74 32] 64d0967542e1272349354de09a6d8c2c7bf36e12b4d1f36052b25f4885834a20  76
2021/03/14 23:35:26 Bytes Uploaded: 76
2021/03/14 23:35:26 Time Uploading: 1.139065ms
2021/03/14 23:35:26 Time Finding Missing Blobs: 1.765135ms
2021/03/14 23:35:26 Execute response: result:{output_files:{path:"out"  digest:{size_bytes:450561  hash_blake3zcc:"\x0e\xbbxC` y\xe3\xf0+?q\xd4`=×\x8fKi ;\x05,f<\xf9\xfc\xb1\xf3B\x85"}}  execution_metadata:{worker:"{\"datacenter\":\"paris\",\"hostname\":\"ubuntu-worker.example.com\",\"rack\":\"4\",\"slot\":\"15\",\"thread\":\"4\"}"  queued_timestamp:{seconds:1615764926  nanos:397454354}  worker_start_timestamp:{seconds:1615764926  nanos:398086395}  worker_completed_timestamp:{seconds:1615764926  nanos:404843585}  input_fetch_start_timestamp:{seconds:1615764926  nanos:398270632}  input_fetch_completed_timestamp:{seconds:1615764926  nanos:399205863}  execution_start_timestamp:{seconds:1615764926  nanos:399205863}  execution_completed_timestamp:{seconds:1615764926  nanos:403934356}  output_upload_start_timestamp:{seconds:1615764926  nanos:403934356}  output_upload_completed_timestamp:{seconds:1615764926  nanos:404843585}  auxiliary_metadata:{type_url:"type.googleapis.com/buildbarn.resourceusage.POSIXResourceUsage"  value:"\n\x04\x10\xa0\xa8z\x12\x00\x18\x80\xe0\xf8\x0c8\x9f\x02X\xc8\x02x\x05\x80\x01\x0b"}  auxiliary_metadata:{type_url:"type.googleapis.com/buildbarn.resourceusage.FilePoolResourceUsage"}}}  message:"Action details (cached result): /action/blake-client/B3Z:64d0967542e1272349354de09a6d8c2c7bf36e12b4d1f36052b25f4885834a20/76/"
