Loading: 
Loading: 0 packages loaded
Analyzing: target //cmd/blake3zcc_hasher:blake3zcc_hasher (0 packages loaded, 0 targets configured)
INFO: Analyzed target //cmd/blake3zcc_hasher:blake3zcc_hasher (0 packages loaded, 0 targets configured).
INFO: Found 1 target...
[0 / 1] [Prepa] BazelWorkspaceStatusAction stable-status.txt
Target //cmd/blake3zcc_hasher:blake3zcc_hasher up-to-date:
  bazel-bin/cmd/blake3zcc_hasher/blake3zcc_hasher_/blake3zcc_hasher
INFO: Elapsed time: 0.110s, Critical Path: 0.00s
INFO: 0 processes.
INFO: Build completed successfully, 1 total action
INFO: Running command line: bazel-bin/cmd/blake3zcc_hasher/blake3zcc_hasher_/blake3zcc_hasher -a localhost:8980 -d /home/debian/blake-client/experiments/e1 -c 1 '-b=true'
INFO: Build completed successfully, 1 total action
2021/03/14 23:35:23 Hash: B3Z:ea42d17a30d3285566b173181682253f56bc3f9a4f495c20b10e5b3a877bca57
2021/03/14 23:35:23 Hash: B3Z:78c1ca3f7e53f55b55b69a9b46a6469e6eea284f77d2ea2be907c5a623daf802
2021/03/14 23:35:23 Hash: B3Z:ebe64fc71b020ad95d94187e1e4cc089a0c30f03226af28196fd200aba81a6bd
2021/03/14 23:35:23 Hash: B3Z:95f1a8b8421e32df87826aa0d29f40b20c295a3f603de6d2533dc0d717f40852
2021/03/14 23:35:23 Hash: B3Z:ab1b10602162134308aaaca743bb14a468bc3fa49dcc61ea8596b60239faa607
2021/03/14 23:35:23 Time Hashing: 460.163µs
2021/03/14 23:35:23 Bytes Hashed: 205004
2021/03/14 23:35:23 Action Digest: [171 27 16 96 33 98 19 67 8 170 172 167 67 187 20 164 104 188 63 164 157 204 97 234 133 150 182 2 57 250 166 7] ab1b10602162134308aaaca743bb14a468bc3fa49dcc61ea8596b60239faa607  76
2021/03/14 23:35:23 Bytes Uploaded: 108
2021/03/14 23:35:23 Time Uploading: 1.881063ms
2021/03/14 23:35:23 Time Finding Missing Blobs: 1.72526ms
2021/03/14 23:35:23 Execute response: result:{output_files:{path:"out"  digest:{size_bytes:81922  hash_blake3zcc:"\x9e\xb9\x84\xf3\x12\xf4\xb5\x88\x1f\x9d>S\ta\xa3\xdb\xd1\xc0\x95i3G\xe2\x81\xf4N'\x9f\t"}}  execution_metadata:{worker:"{\"datacenter\":\"paris\",\"hostname\":\"ubuntu-worker.example.com\",\"rack\":\"4\",\"slot\":\"15\",\"thread\":\"3\"}"  queued_timestamp:{seconds:1615764923  nanos:46263655}  worker_start_timestamp:{seconds:1615764923  nanos:46850266}  worker_completed_timestamp:{seconds:1615764923  nanos:53355713}  input_fetch_start_timestamp:{seconds:1615764923  nanos:47075779}  input_fetch_completed_timestamp:{seconds:1615764923  nanos:47880630}  execution_start_timestamp:{seconds:1615764923  nanos:47880630}  execution_completed_timestamp:{seconds:1615764923  nanos:50355607}  output_upload_start_timestamp:{seconds:1615764923  nanos:50355607}  output_upload_completed_timestamp:{seconds:1615764923  nanos:53355713}  auxiliary_metadata:{type_url:"type.googleapis.com/buildbarn.resourceusage.POSIXResourceUsage"  value:"\n\x04\x10\xb0\x9bE\x12\x00\x18\x80\xe0\xf8\x0c8\x9d\x01X\xa8\x01x\x03\x80\x01\x05"}  auxiliary_metadata:{type_url:"type.googleapis.com/buildbarn.resourceusage.FilePoolResourceUsage"}}}  message:"Action details (cached result): /action/blake-client/B3Z:ab1b10602162134308aaaca743bb14a468bc3fa49dcc61ea8596b60239faa607/76/"
