Loading: 
Loading: 0 packages loaded
Analyzing: target //cmd/blake3zcc_hasher:blake3zcc_hasher (0 packages loaded, 0 targets configured)
INFO: Analyzed target //cmd/blake3zcc_hasher:blake3zcc_hasher (0 packages loaded, 0 targets configured).
INFO: Found 1 target...
[0 / 1] [Prepa] BazelWorkspaceStatusAction stable-status.txt
Target //cmd/blake3zcc_hasher:blake3zcc_hasher up-to-date:
  bazel-bin/cmd/blake3zcc_hasher/blake3zcc_hasher_/blake3zcc_hasher
INFO: Elapsed time: 0.102s, Critical Path: 0.00s
INFO: 0 processes.
INFO: Build completed successfully, 1 total action
INFO: Running command line: bazel-bin/cmd/blake3zcc_hasher/blake3zcc_hasher_/blake3zcc_hasher -a localhost:8980 -d /home/debian/blake-client/experiments/e4 -c 3 '-b=true'
INFO: Build completed successfully, 1 total action
2021/03/14 23:35:25 Hash: B3Z:0fecd56bb83dcf76af72f4f090f256319dca1b2302398e55d1958376a3da1adb
2021/03/14 23:35:25 Hash: B3Z:ea42d17a30d3285566b173181682253f56bc3f9a4f495c20b10e5b3a877bca57
2021/03/14 23:35:25 Hash: B3Z:4a91b488538f2a70ece5af1b92d1a70202e6d2e4b2d9d5949623ed7203853b84
2021/03/14 23:35:25 Hash: B3Z:0379138517bc5811e645894edbef883e8d64f9056cdb7bdb54e23e31a6367972
2021/03/14 23:35:25 Hash: B3Z:ce7ac576cc4fce48cddeb9f10e2ddbe77263e8e60df5e77c58f3327117b9753b
2021/03/14 23:35:25 Time Hashing: 1.006016ms
2021/03/14 23:35:25 Bytes Hashed: 450780
2021/03/14 23:35:25 Action Digest: [206 122 197 118 204 79 206 72 205 222 185 241 14 45 219 231 114 99 232 230 13 245 231 124 88 243 50 113 23 185 117 59] ce7ac576cc4fce48cddeb9f10e2ddbe77263e8e60df5e77c58f3327117b9753b  76
2021/03/14 23:35:25 Bytes Uploaded: 76
2021/03/14 23:35:25 Time Uploading: 1.95096ms
2021/03/14 23:35:25 Time Finding Missing Blobs: 2.355978ms
2021/03/14 23:35:25 Execute response: result:{output_files:{path:"out"  digest:{size_bytes:286721  hash_blake3zcc:"\x0f\xec\xd5k\xb8=\xcfv\xafr\xf4\xf0\x90\xf2V1\x9d\xca\x1b#\x029\x8eUѕ\x83v\xa3\xda\x1a\xdb"}}  execution_metadata:{worker:"{\"datacenter\":\"paris\",\"hostname\":\"ubuntu-worker.example.com\",\"rack\":\"4\",\"slot\":\"15\",\"thread\":\"7\"}"  queued_timestamp:{seconds:1615764925  nanos:758423993}  worker_start_timestamp:{seconds:1615764925  nanos:758931794}  worker_completed_timestamp:{seconds:1615764925  nanos:765751235}  input_fetch_start_timestamp:{seconds:1615764925  nanos:759153044}  input_fetch_completed_timestamp:{seconds:1615764925  nanos:760949444}  execution_start_timestamp:{seconds:1615764925  nanos:760949444}  execution_completed_timestamp:{seconds:1615764925  nanos:764946950}  output_upload_start_timestamp:{seconds:1615764925  nanos:764946950}  output_upload_completed_timestamp:{seconds:1615764925  nanos:765751235}  auxiliary_metadata:{type_url:"type.googleapis.com/buildbarn.resourceusage.POSIXResourceUsage"  value:"\n\x04\x10\xe0\xf2v\x12\x00\x18\x80\xe0\xf8\x0c8\x9e\x02X\xc8\x02x\x05\x80\x01\x01"}  auxiliary_metadata:{type_url:"type.googleapis.com/buildbarn.resourceusage.FilePoolResourceUsage"}}}  message:"Action details (cached result): /action/blake-client/B3Z:ce7ac576cc4fce48cddeb9f10e2ddbe77263e8e60df5e77c58f3327117b9753b/76/"
