Loading: 
Loading: 0 packages loaded
Analyzing: target //cmd/blake3zcc_hasher:blake3zcc_hasher (0 packages loaded, 0 targets configured)
INFO: Analyzed target //cmd/blake3zcc_hasher:blake3zcc_hasher (0 packages loaded, 0 targets configured).
INFO: Found 1 target...
[0 / 1] [Prepa] BazelWorkspaceStatusAction stable-status.txt
Target //cmd/blake3zcc_hasher:blake3zcc_hasher up-to-date:
  bazel-bin/cmd/blake3zcc_hasher/blake3zcc_hasher_/blake3zcc_hasher
INFO: Elapsed time: 0.169s, Critical Path: 0.01s
INFO: 0 processes.
INFO: Build completed successfully, 1 total action
INFO: Running command line: bazel-bin/cmd/blake3zcc_hasher/blake3zcc_hasher_/blake3zcc_hasher -a localhost:8980 -d /home/debian/blake-client/experiments/e11 -c 2 '-b=true'
INFO: Build completed successfully, 1 total action
2021/03/14 23:35:24 Hash: B3Z:78c1ca3f7e53f55b55b69a9b46a6469e6eea284f77d2ea2be907c5a623daf802
2021/03/14 23:35:24 Hash: B3Z:0fecd56bb83dcf76af72f4f090f256319dca1b2302398e55d1958376a3da1adb
2021/03/14 23:35:24 Hash: B3Z:308d72504166e927b69763edb35c53ae271a4ae6fd85c3329b4427e55c577aca
2021/03/14 23:35:24 Hash: B3Z:d9255d8105ee52b23f018fbd0eb54ae8d464e1f3b0c8729492b39af69afd9ec0
2021/03/14 23:35:24 Hash: B3Z:d10b3806d6b69e828dabc8c8eec94529fc1ddaea5c5081ccafc0b75a692a98bd
2021/03/14 23:35:24 Time Hashing: 714.542µs
2021/03/14 23:35:24 Bytes Hashed: 327884
2021/03/14 23:35:24 Action Digest: [209 11 56 6 214 182 158 130 141 171 200 200 238 201 69 41 252 29 218 234 92 80 129 204 175 192 183 90 105 42 152 189] d10b3806d6b69e828dabc8c8eec94529fc1ddaea5c5081ccafc0b75a692a98bd  76
2021/03/14 23:35:24 Bytes Uploaded: 170
2021/03/14 23:35:24 Time Uploading: 1.401877ms
2021/03/14 23:35:24 Time Finding Missing Blobs: 1.419074ms
2021/03/14 23:35:24 Execute response: result:{output_files:{path:"out"  digest:{size_bytes:327682  hash_blake3zcc:"\xfd\x87\x1a\x872\x95\x95W\x82\x82\xc1'q\xad塦Ip\x97e|`\x81\xf6\xa9\x9f\x12\xd7O\xe5\x95"}}  execution_metadata:{worker:"{\"datacenter\":\"paris\",\"hostname\":\"ubuntu-worker.example.com\",\"rack\":\"4\",\"slot\":\"15\",\"thread\":\"0\"}"  queued_timestamp:{seconds:1615764924  nanos:39812860}  worker_start_timestamp:{seconds:1615764924  nanos:40391280}  worker_completed_timestamp:{seconds:1615764924  nanos:56734334}  input_fetch_start_timestamp:{seconds:1615764924  nanos:40687372}  input_fetch_completed_timestamp:{seconds:1615764924  nanos:42778130}  execution_start_timestamp:{seconds:1615764924  nanos:42778130}  execution_completed_timestamp:{seconds:1615764924  nanos:45526759}  output_upload_start_timestamp:{seconds:1615764924  nanos:45526759}  output_upload_completed_timestamp:{seconds:1615764924  nanos:56734334}  auxiliary_metadata:{type_url:"type.googleapis.com/buildbarn.resourceusage.POSIXResourceUsage"  value:"\n\x04\x10\x80\x8b&\x12\x04\x10\xb0\xdd/\x18\x80\xe0\xf8\x0c8\xb4\x01X\x88\x05x\x03\x80\x01\x06"}  auxiliary_metadata:{type_url:"type.googleapis.com/buildbarn.resourceusage.FilePoolResourceUsage"}}}  message:"Action details (cached result): /action/blake-client/B3Z:d10b3806d6b69e828dabc8c8eec94529fc1ddaea5c5081ccafc0b75a692a98bd/76/"
