Loading: 
Loading: 0 packages loaded
Analyzing: target //cmd/blake3zcc_hasher:blake3zcc_hasher (0 packages loaded, 0 targets configured)
INFO: Analyzed target //cmd/blake3zcc_hasher:blake3zcc_hasher (0 packages loaded, 0 targets configured).
INFO: Found 1 target...
[0 / 1] [Prepa] BazelWorkspaceStatusAction stable-status.txt
Target //cmd/blake3zcc_hasher:blake3zcc_hasher up-to-date:
  bazel-bin/cmd/blake3zcc_hasher/blake3zcc_hasher_/blake3zcc_hasher
INFO: Elapsed time: 0.107s, Critical Path: 0.00s
INFO: 0 processes.
INFO: Build completed successfully, 1 total action
INFO: Running command line: bazel-bin/cmd/blake3zcc_hasher/blake3zcc_hasher_/blake3zcc_hasher -a localhost:8980 -d /home/debian/blake-client/experiments/e3 -c 2 '-b=true'
INFO: Build completed successfully, 1 total action
2021/03/14 23:35:24 Hash: B3Z:0ebb7843602079e3f02b3f71d4603dc3978f4b69203b052c663cf9fcb1f34285
2021/03/14 23:35:24 Hash: B3Z:78c1ca3f7e53f55b55b69a9b46a6469e6eea284f77d2ea2be907c5a623daf802
2021/03/14 23:35:24 Hash: B3Z:6aa410121433e3a6c4313a732874cd154da7c280127bff416672f0ae54ed1ac1
2021/03/14 23:35:24 Hash: B3Z:d9255d8105ee52b23f018fbd0eb54ae8d464e1f3b0c8729492b39af69afd9ec0
2021/03/14 23:35:24 Hash: B3Z:a4587e146fd906d04a44decfd0f9ad2c7b541bfc11e10c3d298667b5dce18b6d
2021/03/14 23:35:24 Time Hashing: 1.074245ms
2021/03/14 23:35:24 Bytes Hashed: 491724
2021/03/14 23:35:24 Action Digest: [164 88 126 20 111 217 6 208 74 68 222 207 208 249 173 44 123 84 27 252 17 225 12 61 41 134 103 181 220 225 139 109] a4587e146fd906d04a44decfd0f9ad2c7b541bfc11e10c3d298667b5dce18b6d  76
2021/03/14 23:35:24 Bytes Uploaded: 450731
2021/03/14 23:35:24 Time Uploading: 8.787817ms
2021/03/14 23:35:24 Time Finding Missing Blobs: 3.153042ms
2021/03/14 23:35:25 Execute response: result:{output_files:{path:"out"  digest:{size_bytes:491522  hash_blake3zcc:"-\x9c:\x14N\x12\xe0Qf\x0e\x8e\xa9M\xad\x10\xd2}\x93X~u\x84$r\x13FL\x1f\xd8W\xf3\xef"}}  execution_metadata:{worker:"{\"datacenter\":\"paris\",\"hostname\":\"ubuntu-worker.example.com\",\"rack\":\"4\",\"slot\":\"15\",\"thread\":\"4\"}"  queued_timestamp:{seconds:1615764924  nanos:992898311}  worker_start_timestamp:{seconds:1615764924  nanos:993404566}  worker_completed_timestamp:{seconds:1615764925  nanos:15049748}  input_fetch_start_timestamp:{seconds:1615764924  nanos:993676459}  input_fetch_completed_timestamp:{seconds:1615764925  nanos:4397382}  execution_start_timestamp:{seconds:1615764925  nanos:4397382}  execution_completed_timestamp:{seconds:1615764925  nanos:7539180}  output_upload_start_timestamp:{seconds:1615764925  nanos:7539180}  output_upload_completed_timestamp:{seconds:1615764925  nanos:15049748}  auxiliary_metadata:{type_url:"type.googleapis.com/buildbarn.resourceusage.POSIXResourceUsage"  value:"\n\x04\x10\x88\x84_\x12\x00\x18\x80\xe0\xf8\x0c8\xb4\x01X\xc8\x07x\x03\x80\x01\x05"}  auxiliary_metadata:{type_url:"type.googleapis.com/buildbarn.resourceusage.FilePoolResourceUsage"}}}  message:"Action details (cached result): /action/blake-client/B3Z:a4587e146fd906d04a44decfd0f9ad2c7b541bfc11e10c3d298667b5dce18b6d/76/"
