Loading: 
Loading: 0 packages loaded
Analyzing: target //cmd/blake3zcc_hasher:blake3zcc_hasher (0 packages loaded, 0 targets configured)
INFO: Analyzed target //cmd/blake3zcc_hasher:blake3zcc_hasher (0 packages loaded, 0 targets configured).
INFO: Found 1 target...
[0 / 1] [Prepa] BazelWorkspaceStatusAction stable-status.txt
Target //cmd/blake3zcc_hasher:blake3zcc_hasher up-to-date:
  bazel-bin/cmd/blake3zcc_hasher/blake3zcc_hasher_/blake3zcc_hasher
INFO: Elapsed time: 0.105s, Critical Path: 0.01s
INFO: 0 processes.
INFO: Build completed successfully, 1 total action
INFO: Running command line: bazel-bin/cmd/blake3zcc_hasher/blake3zcc_hasher_/blake3zcc_hasher -a localhost:8980 -d /home/debian/blake-client/experiments/e12 -c 3 '-b=true'
INFO: Build completed successfully, 1 total action
2021/03/14 23:35:24 Hash: B3Z:78c1ca3f7e53f55b55b69a9b46a6469e6eea284f77d2ea2be907c5a623daf802
2021/03/14 23:35:24 Hash: B3Z:ea42d17a30d3285566b173181682253f56bc3f9a4f495c20b10e5b3a877bca57
2021/03/14 23:35:24 Hash: B3Z:abf7c8f7e759bc3eae28842f5e1e4b06a1a22c6110a2527844a49e4c18229013
2021/03/14 23:35:24 Hash: B3Z:0379138517bc5811e645894edbef883e8d64f9056cdb7bdb54e23e31a6367972
2021/03/14 23:35:24 Hash: B3Z:9d28e89d4882ca81d220aac87a3b90375cbccfa5d79dd584aa1abbd533c52624
2021/03/14 23:35:24 Time Hashing: 439.733µs
2021/03/14 23:35:24 Bytes Hashed: 205020
2021/03/14 23:35:24 Action Digest: [157 40 232 157 72 130 202 129 210 32 170 200 122 59 144 55 92 188 207 165 215 157 213 132 170 26 187 213 51 197 38 36] 9d28e89d4882ca81d220aac87a3b90375cbccfa5d79dd584aa1abbd533c52624  76
2021/03/14 23:35:24 Bytes Uploaded: 76
2021/03/14 23:35:24 Time Uploading: 605.16µs
2021/03/14 23:35:24 Time Finding Missing Blobs: 1.259431ms
2021/03/14 23:35:24 Execute response: result:{output_files:{path:"out"  digest:{size_bytes:40961  hash_blake3zcc:"x\xc1\xca?~S\xf5[U\xb6\x9a\x9bF\xa6F\x9en\xea(Ow\xd2\xea+\xe9\x07Ŧ#\xda\xf8\x02"}}  execution_metadata:{worker:"{\"datacenter\":\"paris\",\"hostname\":\"ubuntu-worker.example.com\",\"rack\":\"4\",\"slot\":\"15\",\"thread\":\"7\"}"  queued_timestamp:{seconds:1615764924  nanos:504921289}  worker_start_timestamp:{seconds:1615764924  nanos:509494309}  worker_completed_timestamp:{seconds:1615764924  nanos:517511015}  input_fetch_start_timestamp:{seconds:1615764924  nanos:509812779}  input_fetch_completed_timestamp:{seconds:1615764924  nanos:513813453}  execution_start_timestamp:{seconds:1615764924  nanos:513813453}  execution_completed_timestamp:{seconds:1615764924  nanos:517012571}  output_upload_start_timestamp:{seconds:1615764924  nanos:517012571}  output_upload_completed_timestamp:{seconds:1615764924  nanos:517511015}  auxiliary_metadata:{type_url:"type.googleapis.com/buildbarn.resourceusage.POSIXResourceUsage"  value:"\n\x04\x10\xf8\xd6S\x12\x04\x10\xc8\xe1+\x18\x80\xe0\xf8\x0c8\x9c\x02X\xc8\x02x\x05\x80\x01\x04"}  auxiliary_metadata:{type_url:"type.googleapis.com/buildbarn.resourceusage.FilePoolResourceUsage"}}}  message:"Action details (cached result): /action/blake-client/B3Z:9d28e89d4882ca81d220aac87a3b90375cbccfa5d79dd584aa1abbd533c52624/76/"
