Loading: 
Loading: 0 packages loaded
Analyzing: target //cmd/blake3zcc_hasher:blake3zcc_hasher (0 packages loaded, 0 targets configured)
INFO: Analyzed target //cmd/blake3zcc_hasher:blake3zcc_hasher (0 packages loaded, 0 targets configured).
INFO: Found 1 target...
[0 / 1] [Prepa] BazelWorkspaceStatusAction stable-status.txt
Target //cmd/blake3zcc_hasher:blake3zcc_hasher up-to-date:
  bazel-bin/cmd/blake3zcc_hasher/blake3zcc_hasher_/blake3zcc_hasher
INFO: Elapsed time: 0.110s, Critical Path: 0.00s
INFO: 0 processes.
INFO: Build completed successfully, 1 total action
INFO: Running command line: bazel-bin/cmd/blake3zcc_hasher/blake3zcc_hasher_/blake3zcc_hasher -a localhost:8980 -d /home/debian/blake-client/experiments/e7 -c 3 '-b=true'
INFO: Build completed successfully, 1 total action
2021/03/14 23:35:27 Hash: B3Z:0fecd56bb83dcf76af72f4f090f256319dca1b2302398e55d1958376a3da1adb
2021/03/14 23:35:27 Hash: B3Z:0ebb7843602079e3f02b3f71d4603dc3978f4b69203b052c663cf9fcb1f34285
2021/03/14 23:35:27 Hash: B3Z:13bad64aafda102102f65d19d07c189c1cd885d8d7da64b5506baae7678cea05
2021/03/14 23:35:27 Hash: B3Z:0379138517bc5811e645894edbef883e8d64f9056cdb7bdb54e23e31a6367972
2021/03/14 23:35:27 Hash: B3Z:c9f9682017728c3e749ea939ff1a81fafbea328b3431aee157cc1a808091be79
2021/03/14 23:35:27 Time Hashing: 1.920768ms
2021/03/14 23:35:27 Bytes Hashed: 737500
2021/03/14 23:35:27 Action Digest: [201 249 104 32 23 114 140 62 116 158 169 57 255 26 129 250 251 234 50 139 52 49 174 225 87 204 26 128 128 145 190 121] c9f9682017728c3e749ea939ff1a81fafbea328b3431aee157cc1a808091be79  76
2021/03/14 23:35:27 Bytes Uploaded: 76
2021/03/14 23:35:27 Time Uploading: 1.580474ms
2021/03/14 23:35:27 Time Finding Missing Blobs: 2.939191ms
2021/03/14 23:35:27 Execute response: result:{output_files:{path:"out"  digest:{size_bytes:286721  hash_blake3zcc:"\x0f\xec\xd5k\xb8=\xcfv\xafr\xf4\xf0\x90\xf2V1\x9d\xca\x1b#\x029\x8eUѕ\x83v\xa3\xda\x1a\xdb"}}  execution_metadata:{worker:"{\"datacenter\":\"paris\",\"hostname\":\"ubuntu-worker.example.com\",\"rack\":\"4\",\"slot\":\"15\",\"thread\":\"5\"}"  queued_timestamp:{seconds:1615764927  nanos:908476098}  worker_start_timestamp:{seconds:1615764927  nanos:909927600}  worker_completed_timestamp:{seconds:1615764927  nanos:917370137}  input_fetch_start_timestamp:{seconds:1615764927  nanos:910258047}  input_fetch_completed_timestamp:{seconds:1615764927  nanos:911726476}  execution_start_timestamp:{seconds:1615764927  nanos:911726476}  execution_completed_timestamp:{seconds:1615764927  nanos:916567152}  output_upload_start_timestamp:{seconds:1615764927  nanos:916567152}  output_upload_completed_timestamp:{seconds:1615764927  nanos:917370137}  auxiliary_metadata:{type_url:"type.googleapis.com/buildbarn.resourceusage.POSIXResourceUsage"  value:"\n\x05\x10\xf0\xb9\xa3\x01\x12\x00\x18\x80\xe0\xf8\x0c8\xa2\x02X\xf8\x06x\x05\x80\x01\x06"}  auxiliary_metadata:{type_url:"type.googleapis.com/buildbarn.resourceusage.FilePoolResourceUsage"}}}  message:"Action details (cached result): /action/blake-client/B3Z:c9f9682017728c3e749ea939ff1a81fafbea328b3431aee157cc1a808091be79/76/"
