Loading: 
Loading: 0 packages loaded
Analyzing: target //cmd/blake3zcc_hasher:blake3zcc_hasher (0 packages loaded, 0 targets configured)
INFO: Analyzed target //cmd/blake3zcc_hasher:blake3zcc_hasher (0 packages loaded, 0 targets configured).
INFO: Found 1 target...
[0 / 1] [Prepa] BazelWorkspaceStatusAction stable-status.txt
Target //cmd/blake3zcc_hasher:blake3zcc_hasher up-to-date:
  bazel-bin/cmd/blake3zcc_hasher/blake3zcc_hasher_/blake3zcc_hasher
INFO: Elapsed time: 0.118s, Critical Path: 0.00s
INFO: 0 processes.
INFO: Build completed successfully, 1 total action
INFO: Running command line: bazel-bin/cmd/blake3zcc_hasher/blake3zcc_hasher_/blake3zcc_hasher -a localhost:8980 -d /home/debian/blake-client/experiments/e7 -c 0 '-b=true'
INFO: Build completed successfully, 1 total action
2021/03/14 23:35:27 Hash: B3Z:0fecd56bb83dcf76af72f4f090f256319dca1b2302398e55d1958376a3da1adb
2021/03/14 23:35:27 Hash: B3Z:0ebb7843602079e3f02b3f71d4603dc3978f4b69203b052c663cf9fcb1f34285
2021/03/14 23:35:27 Hash: B3Z:13bad64aafda102102f65d19d07c189c1cd885d8d7da64b5506baae7678cea05
2021/03/14 23:35:27 Hash: B3Z:0efe2b763d0ef25ab606352f2bdaf1041c4cc049855cbb1ed1c45be863334bcd
2021/03/14 23:35:27 Hash: B3Z:6e24dca3cfbe9e038f3572b182ff8975a4b87acdce6693a17547e0fa7208d418
2021/03/14 23:35:27 Time Hashing: 2.753948ms
2021/03/14 23:35:27 Bytes Hashed: 737471
2021/03/14 23:35:27 Action Digest: [110 36 220 163 207 190 158 3 143 53 114 177 130 255 137 117 164 184 122 205 206 102 147 161 117 71 224 250 114 8 212 24] 6e24dca3cfbe9e038f3572b182ff8975a4b87acdce6693a17547e0fa7208d418  76
2021/03/14 23:35:27 Bytes Uploaded: 170
2021/03/14 23:35:27 Time Uploading: 1.558639ms
2021/03/14 23:35:27 Time Finding Missing Blobs: 1.705051ms
2021/03/14 23:35:27 Execute response: result:{output_files:{path:"out"  digest:{size_bytes:450561  hash_blake3zcc:"\x0e\xbbxC` y\xe3\xf0+?q\xd4`=×\x8fKi ;\x05,f<\xf9\xfc\xb1\xf3B\x85"}}  execution_metadata:{worker:"{\"datacenter\":\"paris\",\"hostname\":\"ubuntu-worker.example.com\",\"rack\":\"4\",\"slot\":\"15\",\"thread\":\"2\"}"  queued_timestamp:{seconds:1615764927  nanos:462998624}  worker_start_timestamp:{seconds:1615764927  nanos:463748136}  worker_completed_timestamp:{seconds:1615764927  nanos:473576371}  input_fetch_start_timestamp:{seconds:1615764927  nanos:463960150}  input_fetch_completed_timestamp:{seconds:1615764927  nanos:469289012}  execution_start_timestamp:{seconds:1615764927  nanos:469289012}  execution_completed_timestamp:{seconds:1615764927  nanos:472531792}  output_upload_start_timestamp:{seconds:1615764927  nanos:472531792}  output_upload_completed_timestamp:{seconds:1615764927  nanos:473576371}  auxiliary_metadata:{type_url:"type.googleapis.com/buildbarn.resourceusage.POSIXResourceUsage"  value:"\n\x04\x10\xb8\xadL\x12\x00\x18\x80\xe0\xf8\x0c8\x83\x01X\xf8\x06x\x01\x80\x01\x03"}  auxiliary_metadata:{type_url:"type.googleapis.com/buildbarn.resourceusage.FilePoolResourceUsage"}}}  message:"Action details (cached result): /action/blake-client/B3Z:6e24dca3cfbe9e038f3572b182ff8975a4b87acdce6693a17547e0fa7208d418/76/"
