Loading: 
Loading: 0 packages loaded
Analyzing: target //cmd/blake3zcc_hasher:blake3zcc_hasher (0 packages loaded, 0 targets configured)
INFO: Analyzed target //cmd/blake3zcc_hasher:blake3zcc_hasher (0 packages loaded, 0 targets configured).
INFO: Found 1 target...
[0 / 1] [Prepa] BazelWorkspaceStatusAction stable-status.txt
Target //cmd/blake3zcc_hasher:blake3zcc_hasher up-to-date:
  bazel-bin/cmd/blake3zcc_hasher/blake3zcc_hasher_/blake3zcc_hasher
INFO: Elapsed time: 0.107s, Critical Path: 0.00s
INFO: 0 processes.
INFO: Build completed successfully, 1 total action
INFO: Running command line: bazel-bin/cmd/blake3zcc_hasher/blake3zcc_hasher_/blake3zcc_hasher -a localhost:8980 -d /home/debian/blake-client/experiments/e2 -c 3 '-b=true'
INFO: Build completed successfully, 1 total action
2021/03/14 23:35:24 Hash: B3Z:0fecd56bb83dcf76af72f4f090f256319dca1b2302398e55d1958376a3da1adb
2021/03/14 23:35:24 Hash: B3Z:78c1ca3f7e53f55b55b69a9b46a6469e6eea284f77d2ea2be907c5a623daf802
2021/03/14 23:35:24 Hash: B3Z:52840fa27da06eb3f7e53a29facc360aee899fbb21d1abd15940432322f553ee
2021/03/14 23:35:24 Hash: B3Z:0379138517bc5811e645894edbef883e8d64f9056cdb7bdb54e23e31a6367972
2021/03/14 23:35:24 Hash: B3Z:13a1466ea046c718ec47cdbee4fbde0c59ed720c51ad5c054f5144bf647c660f
2021/03/14 23:35:24 Time Hashing: 727.377µs
2021/03/14 23:35:24 Bytes Hashed: 327900
2021/03/14 23:35:24 Action Digest: [19 161 70 110 160 70 199 24 236 71 205 190 228 251 222 12 89 237 114 12 81 173 92 5 79 81 68 191 100 124 102 15] 13a1466ea046c718ec47cdbee4fbde0c59ed720c51ad5c054f5144bf647c660f  76
2021/03/14 23:35:24 Bytes Uploaded: 76
2021/03/14 23:35:24 Time Uploading: 809.787µs
2021/03/14 23:35:24 Time Finding Missing Blobs: 1.515806ms
2021/03/14 23:35:24 Execute response: result:{output_files:{path:"out"  digest:{size_bytes:286721  hash_blake3zcc:"\x0f\xec\xd5k\xb8=\xcfv\xafr\xf4\xf0\x90\xf2V1\x9d\xca\x1b#\x029\x8eUѕ\x83v\xa3\xda\x1a\xdb"}}  execution_metadata:{worker:"{\"datacenter\":\"paris\",\"hostname\":\"ubuntu-worker.example.com\",\"rack\":\"4\",\"slot\":\"15\",\"thread\":\"1\"}"  queued_timestamp:{seconds:1615764924  nanos:834263124}  worker_start_timestamp:{seconds:1615764924  nanos:834802613}  worker_completed_timestamp:{seconds:1615764924  nanos:844089559}  input_fetch_start_timestamp:{seconds:1615764924  nanos:835177974}  input_fetch_completed_timestamp:{seconds:1615764924  nanos:835685716}  execution_start_timestamp:{seconds:1615764924  nanos:835685716}  execution_completed_timestamp:{seconds:1615764924  nanos:838320271}  output_upload_start_timestamp:{seconds:1615764924  nanos:838320271}  output_upload_completed_timestamp:{seconds:1615764924  nanos:844089559}  auxiliary_metadata:{type_url:"type.googleapis.com/buildbarn.resourceusage.POSIXResourceUsage"  value:"\n\x04\x10\xd8\xdaq\x12\x00\x18\x80\xe0\xf8\x0c8\x8c\x02XXx\x05\x80\x01\x06"}  auxiliary_metadata:{type_url:"type.googleapis.com/buildbarn.resourceusage.FilePoolResourceUsage"}}}  message:"Action details (cached result): /action/blake-client/B3Z:13a1466ea046c718ec47cdbee4fbde0c59ed720c51ad5c054f5144bf647c660f/76/"
