Loading: 
Loading: 0 packages loaded
Analyzing: target //cmd/blake3zcc_hasher:blake3zcc_hasher (0 packages loaded, 0 targets configured)
INFO: Analyzed target //cmd/blake3zcc_hasher:blake3zcc_hasher (0 packages loaded, 0 targets configured).
INFO: Found 1 target...
[0 / 1] [Prepa] BazelWorkspaceStatusAction stable-status.txt
Target //cmd/blake3zcc_hasher:blake3zcc_hasher up-to-date:
  bazel-bin/cmd/blake3zcc_hasher/blake3zcc_hasher_/blake3zcc_hasher
INFO: Elapsed time: 0.103s, Critical Path: 0.00s
INFO: 0 processes.
INFO: Build completed successfully, 1 total action
INFO: Running command line: bazel-bin/cmd/blake3zcc_hasher/blake3zcc_hasher_/blake3zcc_hasher -a localhost:8980 -d /home/debian/blake-client/experiments/e9 -c 2 '-b=true'
INFO: Build completed successfully, 1 total action
2021/03/14 23:35:28 Hash: B3Z:78c1ca3f7e53f55b55b69a9b46a6469e6eea284f77d2ea2be907c5a623daf802
2021/03/14 23:35:28 Hash: B3Z:0ebb7843602079e3f02b3f71d4603dc3978f4b69203b052c663cf9fcb1f34285
2021/03/14 23:35:28 Hash: B3Z:60138a1f3f7bcd3a7e36dcb03406b88515eeb06b93ac9119ca08b80dfa8499a6
2021/03/14 23:35:28 Hash: B3Z:d9255d8105ee52b23f018fbd0eb54ae8d464e1f3b0c8729492b39af69afd9ec0
2021/03/14 23:35:28 Hash: B3Z:34377e97ff7691a2540f789a4bef0513733d884d2b943eb8ad5bfca0875f0cac
2021/03/14 23:35:28 Time Hashing: 1.091741ms
2021/03/14 23:35:28 Bytes Hashed: 491724
2021/03/14 23:35:28 Action Digest: [52 55 126 151 255 118 145 162 84 15 120 154 75 239 5 19 115 61 136 77 43 148 62 184 173 91 252 160 135 95 12 172] 34377e97ff7691a2540f789a4bef0513733d884d2b943eb8ad5bfca0875f0cac  76
2021/03/14 23:35:28 Bytes Uploaded: 170
2021/03/14 23:35:28 Time Uploading: 1.519011ms
2021/03/14 23:35:28 Time Finding Missing Blobs: 3.870736ms
2021/03/14 23:35:28 Execute response: result:{output_files:{path:"out"  digest:{size_bytes:491522  hash_blake3zcc:"-\x9c:\x14N\x12\xe0Qf\x0e\x8e\xa9M\xad\x10\xd2}\x93X~u\x84$r\x13FL\x1f\xd8W\xf3\xef"}}  execution_metadata:{worker:"{\"datacenter\":\"paris\",\"hostname\":\"ubuntu-worker.example.com\",\"rack\":\"4\",\"slot\":\"15\",\"thread\":\"7\"}"  queued_timestamp:{seconds:1615764928  nanos:504377977}  worker_start_timestamp:{seconds:1615764928  nanos:504999091}  worker_completed_timestamp:{seconds:1615764928  nanos:523763245}  input_fetch_start_timestamp:{seconds:1615764928  nanos:505274588}  input_fetch_completed_timestamp:{seconds:1615764928  nanos:510642527}  execution_start_timestamp:{seconds:1615764928  nanos:510642527}  execution_completed_timestamp:{seconds:1615764928  nanos:522591113}  output_upload_start_timestamp:{seconds:1615764928  nanos:522591113}  output_upload_completed_timestamp:{seconds:1615764928  nanos:523763245}  auxiliary_metadata:{type_url:"type.googleapis.com/buildbarn.resourceusage.POSIXResourceUsage"  value:"\n\x05\x10\xe0\xc1\xad\x02\x12\x00\x18\x80\xe0\xc2\r8\xb5\x01X\xc8\x07x\x02\x80\x01\x04"}  auxiliary_metadata:{type_url:"type.googleapis.com/buildbarn.resourceusage.FilePoolResourceUsage"}}}  message:"Action details (cached result): /action/blake-client/B3Z:34377e97ff7691a2540f789a4bef0513733d884d2b943eb8ad5bfca0875f0cac/76/"
