Loading: 
Loading: 0 packages loaded
Analyzing: target //cmd/blake3zcc_hasher:blake3zcc_hasher (0 packages loaded, 0 targets configured)
INFO: Analyzed target //cmd/blake3zcc_hasher:blake3zcc_hasher (0 packages loaded, 0 targets configured).
INFO: Found 1 target...
[0 / 1] [Prepa] BazelWorkspaceStatusAction stable-status.txt
Target //cmd/blake3zcc_hasher:blake3zcc_hasher up-to-date:
  bazel-bin/cmd/blake3zcc_hasher/blake3zcc_hasher_/blake3zcc_hasher
INFO: Elapsed time: 0.129s, Critical Path: 0.00s
INFO: 0 processes.
INFO: Build completed successfully, 1 total action
INFO: Running command line: bazel-bin/cmd/blake3zcc_hasher/blake3zcc_hasher_/blake3zcc_hasher -a localhost:8980 -d /home/debian/blake-client/experiments/e4 -c 4 '-b=true'
INFO: Build completed successfully, 1 total action
2021/03/14 23:35:25 Hash: B3Z:0fecd56bb83dcf76af72f4f090f256319dca1b2302398e55d1958376a3da1adb
2021/03/14 23:35:25 Hash: B3Z:ea42d17a30d3285566b173181682253f56bc3f9a4f495c20b10e5b3a877bca57
2021/03/14 23:35:25 Hash: B3Z:4a91b488538f2a70ece5af1b92d1a70202e6d2e4b2d9d5949623ed7203853b84
2021/03/14 23:35:25 Command: arguments:"sh"  arguments:"-c"  arguments:"cp in0 out && printf ' ' | dd of=out bs=1 count=1 seek=81920 conv=notrunc"  output_paths:"out"
2021/03/14 23:35:25 Hash: B3Z:e2b45d954b708e81151a41a21ed8e53dee587f34d2fcdd14c95a4dad59083531
2021/03/14 23:35:25 Hash: B3Z:7f837aea861fb1d9359e6a9333a458c921e5f33ed219e5739746e89ac1b2b9b4
2021/03/14 23:35:25 Time Hashing: 1.017789ms
2021/03/14 23:35:25 Bytes Hashed: 450820
2021/03/14 23:35:25 Action Digest: [127 131 122 234 134 31 177 217 53 158 106 147 51 164 88 201 33 229 243 62 210 25 229 115 151 70 232 154 193 178 185 180] 7f837aea861fb1d9359e6a9333a458c921e5f33ed219e5739746e89ac1b2b9b4  76
2021/03/14 23:35:25 Bytes Uploaded: 164
2021/03/14 23:35:25 Time Uploading: 2.451025ms
2021/03/14 23:35:25 Time Finding Missing Blobs: 1.70189ms
2021/03/14 23:35:25 Execute response: result:{output_files:{path:"out"  digest:{size_bytes:163841  hash_blake3zcc:".\x14*\x1b\xe6{\x8a\xe8\x0b\x96ו\x9d\x0b\x16\xbf\x16u>e~R\xfbN\xd6\xdb>\xafﰙY"}}  stderr_digest:{size_bytes:70  hash_blake3zcc:"\xfb\x18\xf3{,n`\x18\r>%.\x94\xcdqY`\xb9\x13\xa5\xaf\xf9\xd3a\x1bo1H\xd1lP\xe1"}  execution_metadata:{worker:"{\"datacenter\":\"paris\",\"hostname\":\"ubuntu-worker.example.com\",\"rack\":\"4\",\"slot\":\"15\",\"thread\":\"2\"}"  queued_timestamp:{seconds:1615764925  nanos:932748747}  worker_start_timestamp:{seconds:1615764925  nanos:933585197}  worker_completed_timestamp:{seconds:1615764925  nanos:951466911}  input_fetch_start_timestamp:{seconds:1615764925  nanos:933959746}  input_fetch_completed_timestamp:{seconds:1615764925  nanos:941054114}  execution_start_timestamp:{seconds:1615764925  nanos:941054114}  execution_completed_timestamp:{seconds:1615764925  nanos:944541429}  output_upload_start_timestamp:{seconds:1615764925  nanos:944541429}  output_upload_completed_timestamp:{seconds:1615764925  nanos:951466911}  auxiliary_metadata:{type_url:"type.googleapis.com/buildbarn.resourceusage.POSIXResourceUsage"  value:"\n\x05\x10\x80\xb8\x94\x01\x12\x00\x18\x80\xe0\xf8\x0c8\xc0\x02X\xd0\x02x\x07\x80\x01\t"}  auxiliary_metadata:{type_url:"type.googleapis.com/buildbarn.resourceusage.FilePoolResourceUsage"}}}  message:"Action details (cached result): /action/blake-client/B3Z:7f837aea861fb1d9359e6a9333a458c921e5f33ed219e5739746e89ac1b2b9b4/76/"
