Loading: 
Loading: 0 packages loaded
Analyzing: target //cmd/blake3zcc_hasher:blake3zcc_hasher (0 packages loaded, 0 targets configured)
INFO: Analyzed target //cmd/blake3zcc_hasher:blake3zcc_hasher (0 packages loaded, 0 targets configured).
INFO: Found 1 target...
[0 / 1] [Prepa] BazelWorkspaceStatusAction stable-status.txt
Target //cmd/blake3zcc_hasher:blake3zcc_hasher up-to-date:
  bazel-bin/cmd/blake3zcc_hasher/linux_amd64_stripped/blake3zcc_hasher
INFO: Elapsed time: 0.066s, Critical Path: 0.00s
INFO: 0 processes.
INFO: Build completed successfully, 1 total action
INFO: Running command line: bazel-bin/cmd/blake3zcc_hasher/linux_amd64_stripped/blake3zcc_hasher -a localhost:8980 -d /home/scott/buildbarn/blake-client/experiments/e7 -c 4 '-b=true'
INFO: Build completed successfully, 1 total action
2021/02/19 16:50:00 Hash: B3Z:6ef6b4a9579e1a902114eec0247e0b5a2fdde1176f6682e985b7343e261b1296
2021/02/19 16:50:02 Hash: B3Z:48bfa2c5c40ab7e81e2893e2c9394b768f7f4cc6300f86b8d23973b548b5715e
2021/02/19 16:50:02 Hash: B3Z:ffa328f23aa90d8e15aa4a61200e155a214553755acaf568156dc4b7419d0c77
2021/02/19 16:50:02 Command: arguments:"sh" arguments:"-c" arguments:"cp in0 out && printf ' ' | dd of=out bs=1 count=1 seek=283115520 conv=notrunc" output_paths:"out" 
2021/02/19 16:50:02 Hash: B3Z:06eb7e0e6240d73d93e8c3ef23cbd65927761bc44f3f8f1fb873720fc123d592
2021/02/19 16:50:02 Hash: B3Z:2682b01bd0f79393399f43c090cfab800566457046e2d7e6e1c54f2d06f6755f
2021/02/19 16:50:02 Action Digest: [38 130 176 27 208 247 147 147 57 159 67 192 144 207 171 128 5 102 69 112 70 226 215 230 225 197 79 45 6 246 117 95] 2682b01bd0f79393399f43c090cfab800566457046e2d7e6e1c54f2d06f6755f  76
2021/02/19 16:50:02 Bytes Uploaded: 168
2021/02/19 16:50:02 Bytes Hashed: 1121976587
2021/02/19 16:50:02 Time Hashing: 2.300610316s
2021/02/19 16:50:02 Time Uploading: 939.737µs
2021/02/19 16:50:02 Time Finding Missing Blobs: 175.146086ms
2021/02/19 16:51:07 Execute response: result:<output_files:<path:"out" digest:<size_bytes:566231041 hash_blake3zcc:"\322R%R\215Q\216g;{\264\350_5\213\374\027n\002\270\373.\377\363\310ZD\243d\346\302\204" > > stderr_digest:<size_bytes:69 hash_blake3zcc:"\220\035\0038\022J)G\311*`k\3436~\254 \035\372\246MS\236#/\265\243E\024\355\201\364" > execution_metadata:<worker:"{\"datacenter\":\"paris\",\"hostname\":\"ubuntu-worker.example.com\",\"rack\":\"4\",\"slot\":\"15\",\"thread\":\"3\"}" queued_timestamp:<seconds:1613753402 nanos:266192212 > worker_start_timestamp:<seconds:1613753402 nanos:273720039 > worker_completed_timestamp:<seconds:1613753467 nanos:271746850 > input_fetch_start_timestamp:<seconds:1613753402 nanos:273924908 > input_fetch_completed_timestamp:<seconds:1613753463 nanos:48123806 > execution_start_timestamp:<seconds:1613753463 nanos:48123806 > execution_completed_timestamp:<seconds:1613753463 nanos:349942964 > output_upload_start_timestamp:<seconds:1613753463 nanos:349942964 > output_upload_completed_timestamp:<seconds:1613753467 nanos:271746850 > auxiliary_metadata:<type_url:"type.googleapis.com/buildbarn.resourceusage.POSIXResourceUsage" value:"\n\005\020\370\220\221\002\022\006\020\250\362\364\211\001\030\200\200\274\t8\310\002X\220\300Cx\007\200\001-" > auxiliary_metadata:<type_url:"type.googleapis.com/buildbarn.resourceusage.FilePoolResourceUsage" > > > message:"Action details (cached result): /action/blake-client/B3Z:2682b01bd0f79393399f43c090cfab800566457046e2d7e6e1c54f2d06f6755f/76/" 
