Loading: 
Loading: 0 packages loaded
Analyzing: target //cmd/blake3zcc_hasher:blake3zcc_hasher (0 packages loaded, 0 targets configured)
INFO: Analyzed target //cmd/blake3zcc_hasher:blake3zcc_hasher (0 packages loaded, 0 targets configured).
INFO: Found 1 target...
[0 / 1] [Prepa] BazelWorkspaceStatusAction stable-status.txt
Target //cmd/blake3zcc_hasher:blake3zcc_hasher up-to-date:
  bazel-bin/cmd/blake3zcc_hasher/linux_amd64_stripped/blake3zcc_hasher
INFO: Elapsed time: 0.077s, Critical Path: 0.00s
INFO: 0 processes.
INFO: Build completed successfully, 1 total action
INFO: Running command line: bazel-bin/cmd/blake3zcc_hasher/linux_amd64_stripped/blake3zcc_hasher -a localhost:8980 -d /home/scott/buildbarn/blake-client/experiments/e6 -c 3 '-b=true'
INFO: Build completed successfully, 1 total action
2021/02/01 15:13:35 Hash: B3Z:9bb17aa8e1e1fa7dd8e4c30303a8aac9cccb1c385871033c51cfa405841ab51d
2021/02/01 15:13:37 Hash: B3Z:5e1674872baa1508703bb8a7c839db599da5c2b9c22d8925fb02f09131359dde
2021/02/01 15:13:37 Hash: B3Z:750b8813dcbe03a5547823fefefd34c6b164b0daa227d7143ed2bfe9ed19a316
2021/02/01 15:13:37 Hash: B3Z:0379138517bc5811e645894edbef883e8d64f9056cdb7bdb54e23e31a6367972
2021/02/01 15:13:37 Hash: B3Z:541052bde0f27aad21ce97a471658289a64743d5c8ea8cfe2a4834fd45506c58
2021/02/01 15:13:37 Action Digest: [84 16 82 189 224 242 122 173 33 206 151 164 113 101 130 137 166 71 67 213 200 234 140 254 42 72 52 253 69 80 108 88] 541052bde0f27aad21ce97a471658289a64743d5c8ea8cfe2a4834fd45506c58  76
2021/02/01 15:13:37 Bytes Uploaded: 76
2021/02/01 15:13:37 Time Hashing: 4.63439181s
2021/02/01 15:13:37 Time Uploading: 522.366µs
2021/02/01 15:13:37 Time Finding Missing Blobs: 193.700601ms
2021/02/01 15:14:39 Execute response: result:<output_files:<path:"out" digest:<size_bytes:566231040 hash_blake3zcc:"\233\261z\250\341\341\372}\330\344\303\003\003\250\252\311\314\313\0348Xq\003<Q\317\244\005\204\032\265\035" > > execution_metadata:<worker:"{\"datacenter\":\"paris\",\"hostname\":\"ubuntu-worker.example.com\",\"rack\":\"4\",\"slot\":\"15\",\"thread\":\"1\"}" queued_timestamp:<seconds:1612192417 nanos:779987696 > worker_start_timestamp:<seconds:1612192417 nanos:780197771 > worker_completed_timestamp:<seconds:1612192479 nanos:641379326 > input_fetch_start_timestamp:<seconds:1612192417 nanos:780323710 > input_fetch_completed_timestamp:<seconds:1612192472 nanos:113904339 > execution_start_timestamp:<seconds:1612192472 nanos:113904339 > execution_completed_timestamp:<seconds:1612192472 nanos:415975363 > output_upload_start_timestamp:<seconds:1612192472 nanos:415975363 > output_upload_completed_timestamp:<seconds:1612192479 nanos:641379326 > auxiliary_metadata:<type_url:"type.googleapis.com/buildbarn.resourceusage.POSIXResourceUsage" value:"\n\005\020\210\255\370\001\022\006\020\320\314\230\212\001\030\200\300\264\t8\244\002X\210\240Bx\005\200\001R" > auxiliary_metadata:<type_url:"type.googleapis.com/buildbarn.resourceusage.FilePoolResourceUsage" > > > message:"Action details (cached result): /action/blake-client/B3Z:541052bde0f27aad21ce97a471658289a64743d5c8ea8cfe2a4834fd45506c58/76/" 
