Loading: 
Loading: 0 packages loaded
Analyzing: target //cmd/blake3zcc_hasher:blake3zcc_hasher (0 packages loaded, 0 targets configured)
INFO: Analyzed target //cmd/blake3zcc_hasher:blake3zcc_hasher (0 packages loaded, 0 targets configured).
INFO: Found 1 target...
[0 / 1] [Prepa] BazelWorkspaceStatusAction stable-status.txt
Target //cmd/blake3zcc_hasher:blake3zcc_hasher up-to-date:
  bazel-bin/cmd/blake3zcc_hasher/linux_amd64_stripped/blake3zcc_hasher
INFO: Elapsed time: 0.068s, Critical Path: 0.00s
INFO: 0 processes.
INFO: Build completed successfully, 1 total action
INFO: Running command line: bazel-bin/cmd/blake3zcc_hasher/linux_amd64_stripped/blake3zcc_hasher -a localhost:8980 -d /home/scott/buildbarn/blake-client/experiments/e7 -c 3 '-b=true'
INFO: Build completed successfully, 1 total action
2021/02/19 16:48:52 Hash: B3Z:6ef6b4a9579e1a902114eec0247e0b5a2fdde1176f6682e985b7343e261b1296
2021/02/19 16:48:54 Hash: B3Z:48bfa2c5c40ab7e81e2893e2c9394b768f7f4cc6300f86b8d23973b548b5715e
2021/02/19 16:48:54 Hash: B3Z:ffa328f23aa90d8e15aa4a61200e155a214553755acaf568156dc4b7419d0c77
2021/02/19 16:48:54 Hash: B3Z:0379138517bc5811e645894edbef883e8d64f9056cdb7bdb54e23e31a6367972
2021/02/19 16:48:54 Hash: B3Z:0a7fea18056989e004980fd50c785aabbf7b3ae4efc140cb74e6adbebfdcdc59
2021/02/19 16:48:54 Action Digest: [10 127 234 24 5 105 137 224 4 152 15 213 12 120 90 171 191 123 58 228 239 193 64 203 116 230 173 190 191 220 220 89] 0a7fea18056989e004980fd50c785aabbf7b3ae4efc140cb74e6adbebfdcdc59  76
2021/02/19 16:48:54 Bytes Uploaded: 76
2021/02/19 16:48:54 Bytes Hashed: 1121976543
2021/02/19 16:48:54 Time Hashing: 2.288802237s
2021/02/19 16:48:54 Time Uploading: 471.177µs
2021/02/19 16:48:54 Time Finding Missing Blobs: 170.640556ms
2021/02/19 16:49:59 Execute response: result:<output_files:<path:"out" digest:<size_bytes:555745280 hash_blake3zcc:"n\366\264\251W\236\032\220!\024\356\300$~\013Z/\335\341\027of\202\351\205\2674>&\033\022\226" > > execution_metadata:<worker:"{\"datacenter\":\"paris\",\"hostname\":\"ubuntu-worker.example.com\",\"rack\":\"4\",\"slot\":\"15\",\"thread\":\"6\"}" queued_timestamp:<seconds:1613753334 nanos:250645939 > worker_start_timestamp:<seconds:1613753334 nanos:250918790 > worker_completed_timestamp:<seconds:1613753399 nanos:431349016 > input_fetch_start_timestamp:<seconds:1613753334 nanos:251900658 > input_fetch_completed_timestamp:<seconds:1613753395 nanos:384568672 > execution_start_timestamp:<seconds:1613753395 nanos:384568672 > execution_completed_timestamp:<seconds:1613753395 nanos:681963624 > output_upload_start_timestamp:<seconds:1613753395 nanos:681963624 > output_upload_completed_timestamp:<seconds:1613753399 nanos:431349016 > auxiliary_metadata:<type_url:"type.googleapis.com/buildbarn.resourceusage.POSIXResourceUsage" value:"\n\005\020\310\251\221\001\022\006\020\360\340\357\212\001\030\200\200\274\t8\246\002@\001PhX\210\300Cx\010\200\001\016" > auxiliary_metadata:<type_url:"type.googleapis.com/buildbarn.resourceusage.FilePoolResourceUsage" > > > message:"Action details (cached result): /action/blake-client/B3Z:0a7fea18056989e004980fd50c785aabbf7b3ae4efc140cb74e6adbebfdcdc59/76/" 
