Loading: 
Loading: 0 packages loaded
Analyzing: target //cmd/blake3zcc_hasher:blake3zcc_hasher (0 packages loaded, 0 targets configured)
INFO: Analyzed target //cmd/blake3zcc_hasher:blake3zcc_hasher (0 packages loaded, 0 targets configured).
INFO: Found 1 target...
[0 / 1] [Prepa] BazelWorkspaceStatusAction stable-status.txt
Target //cmd/blake3zcc_hasher:blake3zcc_hasher up-to-date:
  bazel-bin/cmd/blake3zcc_hasher/linux_amd64_stripped/blake3zcc_hasher
INFO: Elapsed time: 0.061s, Critical Path: 0.00s
INFO: 0 processes.
INFO: Build completed successfully, 1 total action
INFO: Running command line: bazel-bin/cmd/blake3zcc_hasher/linux_amd64_stripped/blake3zcc_hasher -a localhost:8980 -d /home/scott/buildbarn/blake-client/experiments/e8 -c 3 '-b=true'
INFO: Build completed successfully, 1 total action
2021/02/04 13:03:11 Hash: B3Z:ce309181461c10b716e16fb8eb29a7c8a22ed298d52934080502b23ef65d7750
2021/02/04 13:03:12 Hash: B3Z:48bfa2c5c40ab7e81e2893e2c9394b768f7f4cc6300f86b8d23973b548b5715e
2021/02/04 13:03:12 Hash: B3Z:93bb8bd05f4422a0a19e109720ec356eadb3140035faeb9ce8298878f0f6661a
2021/02/04 13:03:12 Hash: B3Z:0379138517bc5811e645894edbef883e8d64f9056cdb7bdb54e23e31a6367972
2021/02/04 13:03:12 Hash: B3Z:fc9b6a40d3d1cb37a1a53a59c407ff73a86fa085532806b20d1143ae19a1404c
2021/02/04 13:03:12 Time Hashing: 1.725434268s
2021/02/04 13:03:12 Action Digest: [252 155 106 64 211 209 203 55 161 165 58 89 196 7 255 115 168 111 160 133 83 40 6 178 13 17 67 174 25 161 64 76] fc9b6a40d3d1cb37a1a53a59c407ff73a86fa085532806b20d1143ae19a1404c  76
2021/02/04 13:03:12 Bytes Uploaded: 76
2021/02/04 13:03:12 Time Uploading: 458.023µs
2021/02/04 13:03:12 Time Finding Missing Blobs: 105.219592ms
2021/02/04 13:03:14 Execute response: result:<output_files:<path:"out" digest:<size_bytes:288358400 hash_blake3zcc:"\3160\221\201F\034\020\267\026\341o\270\353)\247\310\242.\322\230\325)4\010\005\002\262>\366]wP" > > execution_metadata:<worker:"{\"datacenter\":\"paris\",\"hostname\":\"ubuntu-worker.example.com\",\"rack\":\"4\",\"slot\":\"15\",\"thread\":\"0\"}" queued_timestamp:<seconds:1612443792 nanos:444724320 > worker_start_timestamp:<seconds:1612443792 nanos:444958868 > worker_completed_timestamp:<seconds:1612443794 nanos:740718813 > input_fetch_start_timestamp:<seconds:1612443792 nanos:445277790 > input_fetch_completed_timestamp:<seconds:1612443792 nanos:445278624 > execution_start_timestamp:<seconds:1612443792 nanos:445278624 > execution_completed_timestamp:<seconds:1612443792 nanos:782212208 > output_upload_start_timestamp:<seconds:1612443792 nanos:782212208 > output_upload_completed_timestamp:<seconds:1612443794 nanos:740718813 > auxiliary_metadata:<type_url:"type.googleapis.com/buildbarn.resourceusage.POSIXResourceUsage" value:"\n\004\020\370\346$\022\006\020\240\244\277\237\001\030\200\340\207\n8\245\002X\210\300Cx\005\200\001\027" > auxiliary_metadata:<type_url:"type.googleapis.com/buildbarn.resourceusage.FilePoolResourceUsage" > > > message:"Action details (cached result): /action/blake-client/B3Z:fc9b6a40d3d1cb37a1a53a59c407ff73a86fa085532806b20d1143ae19a1404c/76/" 
