Loading: 
Loading: 0 packages loaded
Analyzing: target //cmd/blake3zcc_hasher:blake3zcc_hasher (0 packages loaded, 0 targets configured)
INFO: Analyzed target //cmd/blake3zcc_hasher:blake3zcc_hasher (0 packages loaded, 0 targets configured).
INFO: Found 1 target...
[0 / 1] [Prepa] BazelWorkspaceStatusAction stable-status.txt
Target //cmd/blake3zcc_hasher:blake3zcc_hasher up-to-date:
  bazel-bin/cmd/blake3zcc_hasher/linux_amd64_stripped/blake3zcc_hasher
INFO: Elapsed time: 0.081s, Critical Path: 0.00s
INFO: 0 processes.
INFO: Build completed successfully, 1 total action
INFO: Running command line: bazel-bin/cmd/blake3zcc_hasher/linux_amd64_stripped/blake3zcc_hasher -a localhost:8980 -d /home/scott/buildbarn/blake-client/experiments/e6 -c 1 '-b=true'
INFO: Build completed successfully, 1 total action
2021/02/19 16:41:12 Hash: B3Z:9bb17aa8e1e1fa7dd8e4c30303a8aac9cccb1c385871033c51cfa405841ab51d
2021/02/19 16:41:13 Hash: B3Z:5e1674872baa1508703bb8a7c839db599da5c2b9c22d8925fb02f09131359dde
2021/02/19 16:41:13 Hash: B3Z:750b8813dcbe03a5547823fefefd34c6b164b0daa227d7143ed2bfe9ed19a316
2021/02/19 16:41:13 Hash: B3Z:95f1a8b8421e32df87826aa0d29f40b20c295a3f603de6d2533dc0d717f40852
2021/02/19 16:41:13 Hash: B3Z:703b612b79cd89a141270a8b0a199198db6150059275a47688378d9f51ab015d
2021/02/19 16:41:13 Action Digest: [112 59 97 43 121 205 137 161 65 39 10 139 10 25 145 152 219 97 80 5 146 117 164 118 136 55 141 159 81 171 1 93] 703b612b79cd89a141270a8b0a199198db6150059275a47688378d9f51ab015d  76
2021/02/19 16:41:13 Bytes Uploaded: 76
2021/02/19 16:41:13 Bytes Hashed: 1121976527
2021/02/19 16:41:13 Time Hashing: 2.290469367s
2021/02/19 16:41:13 Time Uploading: 1.245925ms
2021/02/19 16:41:13 Time Finding Missing Blobs: 154.998586ms
2021/02/19 16:42:15 Execute response: result:<execution_metadata:<worker:"{\"datacenter\":\"paris\",\"hostname\":\"ubuntu-worker.example.com\",\"rack\":\"4\",\"slot\":\"15\",\"thread\":\"4\"}" queued_timestamp:<seconds:1613752873 nanos:484634921 > worker_start_timestamp:<seconds:1613752873 nanos:484936029 > worker_completed_timestamp:<seconds:1613752935 nanos:668394083 > input_fetch_start_timestamp:<seconds:1613752873 nanos:485039025 > input_fetch_completed_timestamp:<seconds:1613752932 nanos:645869628 > execution_start_timestamp:<seconds:1613752932 nanos:645869628 > execution_completed_timestamp:<seconds:1613752933 nanos:221687633 > output_upload_start_timestamp:<seconds:1613752933 nanos:221687633 > output_upload_completed_timestamp:<seconds:1613752935 nanos:668394083 > auxiliary_metadata:<type_url:"type.googleapis.com/buildbarn.resourceusage.POSIXResourceUsage" value:"\n\004\020\360\321\036\022\006\020\310\242\207\215\002\030\200\200\274\t8\313\001X\210\300\204\001x\004\200\001Q" > auxiliary_metadata:<type_url:"type.googleapis.com/buildbarn.resourceusage.FilePoolResourceUsage" > > > status:<code:3 message:"Failed to store output file \"out\": Failed to upload file: Buffer requires a manifest that is 8683617 bytes in size, while a maximum of 8388608 bytes is permitted" > message:"Action details (uncached result): /uncached_action_result/blake-client/B3Z:9d01a2385150e136b0ecbc3766ad68a954af660f2ffc3d73299f28940b4524e7/608/" 
