Loading: 
Loading: 0 packages loaded
Analyzing: target //cmd/blake3zcc_hasher:blake3zcc_hasher (0 packages loaded, 0 targets configured)
INFO: Analyzed target //cmd/blake3zcc_hasher:blake3zcc_hasher (0 packages loaded, 0 targets configured).
INFO: Found 1 target...
[0 / 1] [Prepa] BazelWorkspaceStatusAction stable-status.txt
Target //cmd/blake3zcc_hasher:blake3zcc_hasher up-to-date:
  bazel-bin/cmd/blake3zcc_hasher/linux_amd64_stripped/blake3zcc_hasher
INFO: Elapsed time: 0.138s, Critical Path: 0.00s
INFO: 0 processes.
INFO: Build completed successfully, 1 total action
INFO: Running command line: bazel-bin/cmd/blake3zcc_hasher/linux_amd64_stripped/blake3zcc_hasher -a localhost:8980 -d /home/scott/buildbarn/blake-client/experiments/e1 -c 2 '-b=false'
INFO: Build completed successfully, 1 total action
2021/02/04 12:18:40 Hash: 125325dda2b1cbec7c6966920a73056fa9517f4dd3243a6432308324011aefb7
2021/02/04 12:18:41 Hash: 6d523cf5f78a61fa146c3550c40d4f23b11cd2d69c7fd0555dbe1355cba7a888
2021/02/04 12:18:41 Hash: 202dc65dbf4ea939fbabfeaf10b263c1717df7da0c41bd12e9c77ddb5d6c9817
2021/02/04 12:18:41 Hash: 44a4c12b5acf05295e010a26c1a0ee9961303f33eb04ac8152ae9971faff091e
2021/02/04 12:18:41 Hash: 04e0661634a97a3d0eb4e1f51884c7efbc2d33ba5c52a44a26b72a8eaa9e072f
2021/02/04 12:18:41 Time Hashing: 1.243843936s
2021/02/04 12:18:41 Action Digest: []  04e0661634a97a3d0eb4e1f51884c7efbc2d33ba5c52a44a26b72a8eaa9e072f 141
2021/02/04 12:18:41 Bytes Uploaded: 173
2021/02/04 12:18:41 Time Uploading: 832.138µs
2021/02/04 12:18:41 Time Finding Missing Blobs: 1.040991ms
2021/02/04 12:18:44 Execute response: result:<execution_metadata:<worker:"{\"datacenter\":\"paris\",\"hostname\":\"ubuntu-worker.example.com\",\"rack\":\"4\",\"slot\":\"15\",\"thread\":\"1\"}" queued_timestamp:<seconds:1612441121 nanos:52160074 > worker_start_timestamp:<seconds:1612441121 nanos:52402789 > worker_completed_timestamp:<seconds:1612441124 nanos:170910776 > input_fetch_start_timestamp:<seconds:1612441121 nanos:52601771 > input_fetch_completed_timestamp:<seconds:1612441121 nanos:52602692 > execution_start_timestamp:<seconds:1612441121 nanos:52602692 > execution_completed_timestamp:<seconds:1612441122 nanos:862643407 > output_upload_start_timestamp:<seconds:1612441122 nanos:862643407 > output_upload_completed_timestamp:<seconds:1612441124 nanos:170910776 > auxiliary_metadata:<type_url:"type.googleapis.com/buildbarn.resourceusage.POSIXResourceUsage" value:"\n\005\020\210\365\340\001\022\006\020\360\251\372\304\001\030\200\300\314\t8\306\001@\002P\340\260\"X\220\300Cx\274\010\200\0013" > auxiliary_metadata:<type_url:"type.googleapis.com/buildbarn.resourceusage.FilePoolResourceUsage" > > > status:<code:2 message:"Failed to store previous blob bcab8826fc1399a27c23b1b69a899943784f40f34898e01e50aeba4e666f45e4-566231042-blake-client: EOF" > message:"Action details (uncached result): /uncached_action_result/blake-client/e726e8d9119af350dacb0802400778878d1304a4f5a6e41483dcf3caf522d304/602/" 
