Loading: 
Loading: 0 packages loaded
Analyzing: target //cmd/blake3zcc_hasher:blake3zcc_hasher (0 packages loaded, 0 targets configured)
INFO: Analyzed target //cmd/blake3zcc_hasher:blake3zcc_hasher (0 packages loaded, 0 targets configured).
INFO: Found 1 target...
[0 / 1] [Prepa] BazelWorkspaceStatusAction stable-status.txt
Target //cmd/blake3zcc_hasher:blake3zcc_hasher up-to-date:
  bazel-bin/cmd/blake3zcc_hasher/linux_amd64_stripped/blake3zcc_hasher
INFO: Elapsed time: 0.073s, Critical Path: 0.00s
INFO: 0 processes.
INFO: Build completed successfully, 1 total action
INFO: Running command line: bazel-bin/cmd/blake3zcc_hasher/linux_amd64_stripped/blake3zcc_hasher -a localhost:8980 -d /home/scott/buildbarn/blake-client/experiments/e8 -c 2 '-b=true'
INFO: Build completed successfully, 1 total action
2021/02/19 16:51:08 Hash: B3Z:ce309181461c10b716e16fb8eb29a7c8a22ed298d52934080502b23ef65d7750
2021/02/19 16:51:10 Hash: B3Z:48bfa2c5c40ab7e81e2893e2c9394b768f7f4cc6300f86b8d23973b548b5715e
2021/02/19 16:51:10 Hash: B3Z:93bb8bd05f4422a0a19e109720ec356eadb3140035faeb9ce8298878f0f6661a
2021/02/19 16:51:10 Hash: B3Z:d9255d8105ee52b23f018fbd0eb54ae8d464e1f3b0c8729492b39af69afd9ec0
2021/02/19 16:51:10 Hash: B3Z:bb9d66924a21cf5a7c8c98979ab1a6a5e23eef85f7d6ba3cb59cff02a79fcd76
2021/02/19 16:51:10 Action Digest: [187 157 102 146 74 33 207 90 124 140 152 151 154 177 166 165 226 62 239 133 247 214 186 60 181 156 255 2 167 159 205 118] bb9d66924a21cf5a7c8c98979ab1a6a5e23eef85f7d6ba3cb59cff02a79fcd76  76
2021/02/19 16:51:10 Bytes Uploaded: 174
2021/02/19 16:51:10 Bytes Hashed: 854589647
2021/02/19 16:51:10 Time Hashing: 2.787750167s
2021/02/19 16:51:10 Time Uploading: 821.378µs
2021/02/19 16:51:10 Time Finding Missing Blobs: 118.422304ms
2021/02/19 16:51:32 Execute response: result:<output_files:<path:"out" digest:<size_bytes:854589441 hash_blake3zcc:"M\233!\236\320\037\254\306\321F\307\025\202\370\030\211;\273~\314\260\002\257\357\3531\303\2405\313c\264" > > execution_metadata:<worker:"{\"datacenter\":\"paris\",\"hostname\":\"ubuntu-worker.example.com\",\"rack\":\"4\",\"slot\":\"15\",\"thread\":\"2\"}" queued_timestamp:<seconds:1613753470 nanos:490814563 > worker_start_timestamp:<seconds:1613753470 nanos:491048168 > worker_completed_timestamp:<seconds:1613753492 nanos:1210351 > input_fetch_start_timestamp:<seconds:1613753470 nanos:491159346 > input_fetch_completed_timestamp:<seconds:1613753485 nanos:684137862 > execution_start_timestamp:<seconds:1613753485 nanos:684137862 > execution_completed_timestamp:<seconds:1613753486 nanos:169478899 > output_upload_start_timestamp:<seconds:1613753486 nanos:169478899 > output_upload_completed_timestamp:<seconds:1613753492 nanos:1210351 > auxiliary_metadata:<type_url:"type.googleapis.com/buildbarn.resourceusage.POSIXResourceUsage" value:"\n\004\020\350\217'\022\006\020\320\265\203\331\001\030\200\200\274\t8\315\001X\210\360ex\003\200\001\023" > auxiliary_metadata:<type_url:"type.googleapis.com/buildbarn.resourceusage.FilePoolResourceUsage" > > > message:"Action details (cached result): /action/blake-client/B3Z:bb9d66924a21cf5a7c8c98979ab1a6a5e23eef85f7d6ba3cb59cff02a79fcd76/76/" 
