Loading: 
Loading: 0 packages loaded
Analyzing: target //cmd/blake3zcc_hasher:blake3zcc_hasher (0 packages loaded, 0 targets configured)
INFO: Analyzed target //cmd/blake3zcc_hasher:blake3zcc_hasher (0 packages loaded, 0 targets configured).
INFO: Found 1 target...
[0 / 1] [Prepa] BazelWorkspaceStatusAction stable-status.txt
Target //cmd/blake3zcc_hasher:blake3zcc_hasher up-to-date:
  bazel-bin/cmd/blake3zcc_hasher/linux_amd64_stripped/blake3zcc_hasher
INFO: Elapsed time: 0.128s, Critical Path: 0.00s
INFO: 0 processes.
INFO: Build completed successfully, 1 total action
INFO: Running command line: bazel-bin/cmd/blake3zcc_hasher/linux_amd64_stripped/blake3zcc_hasher -a localhost:8980 -d /home/scott/buildbarn/blake-client/experiments/e10 -c 3 '-b=true'
INFO: Build completed successfully, 1 total action
2021/02/01 15:04:00 Hash: B3Z:ce309181461c10b716e16fb8eb29a7c8a22ed298d52934080502b23ef65d7750
2021/02/01 15:04:02 Hash: B3Z:5e1674872baa1508703bb8a7c839db599da5c2b9c22d8925fb02f09131359dde
2021/02/01 15:04:02 Hash: B3Z:ea19b6ff44f70e73caf858fac281fd4668906ea555649e38d52497021680c3ca
2021/02/01 15:04:02 Hash: B3Z:0379138517bc5811e645894edbef883e8d64f9056cdb7bdb54e23e31a6367972
2021/02/01 15:04:02 Hash: B3Z:44a1259ac118051f8fe46164e3e3617d47e67d37f13d702abdf5a1165be36e79
2021/02/01 15:04:02 Action Digest: [68 161 37 154 193 24 5 31 143 228 97 100 227 227 97 125 71 230 125 55 241 61 112 42 189 245 161 22 91 227 110 121] 44a1259ac118051f8fe46164e3e3617d47e67d37f13d702abdf5a1165be36e79  76
2021/02/01 15:04:02 Bytes Uploaded: 76
2021/02/01 15:04:02 Time Hashing: 3.44726013s
2021/02/01 15:04:02 Time Uploading: 1.229976ms
2021/02/01 15:04:02 Time Finding Missing Blobs: 149.70944ms
2021/02/01 15:04:06 Execute response: result:<output_files:<path:"out" digest:<size_bytes:288358400 hash_blake3zcc:"\3160\221\201F\034\020\267\026\341o\270\353)\247\310\242.\322\230\325)4\010\005\002\262>\366]wP" > > execution_metadata:<worker:"{\"datacenter\":\"paris\",\"hostname\":\"ubuntu-worker.example.com\",\"rack\":\"4\",\"slot\":\"15\",\"thread\":\"5\"}" queued_timestamp:<seconds:1612191842 nanos:650508456 > worker_start_timestamp:<seconds:1612191842 nanos:650712497 > worker_completed_timestamp:<seconds:1612191846 nanos:668637712 > input_fetch_start_timestamp:<seconds:1612191842 nanos:650908351 > input_fetch_completed_timestamp:<seconds:1612191842 nanos:651013690 > execution_start_timestamp:<seconds:1612191842 nanos:651013690 > execution_completed_timestamp:<seconds:1612191842 nanos:990020528 > output_upload_start_timestamp:<seconds:1612191842 nanos:990020528 > output_upload_completed_timestamp:<seconds:1612191846 nanos:668637712 > auxiliary_metadata:<type_url:"type.googleapis.com/buildbarn.resourceusage.POSIXResourceUsage" value:"\n\005\020\270\304\353\001\022\006\020\250\315\364\233\001\030\200\300\264\t8\227\002@\010P\230\003X\210\240Bx\014\200\001\022" > auxiliary_metadata:<type_url:"type.googleapis.com/buildbarn.resourceusage.FilePoolResourceUsage" > > > message:"Action details (cached result): /action/blake-client/B3Z:44a1259ac118051f8fe46164e3e3617d47e67d37f13d702abdf5a1165be36e79/76/" 
