Loading: 
Loading: 0 packages loaded
Analyzing: target //cmd/blake3zcc_hasher:blake3zcc_hasher (0 packages loaded, 0 targets configured)
INFO: Analyzed target //cmd/blake3zcc_hasher:blake3zcc_hasher (0 packages loaded, 0 targets configured).
INFO: Found 1 target...
[0 / 1] [Prepa] BazelWorkspaceStatusAction stable-status.txt
Target //cmd/blake3zcc_hasher:blake3zcc_hasher up-to-date:
  bazel-bin/cmd/blake3zcc_hasher/linux_amd64_stripped/blake3zcc_hasher
INFO: Elapsed time: 0.154s, Critical Path: 0.00s
INFO: 0 processes.
INFO: Build completed successfully, 1 total action
INFO: Running command line: bazel-bin/cmd/blake3zcc_hasher/linux_amd64_stripped/blake3zcc_hasher -a localhost:8980 -d /home/scott/buildbarn/blake-client/experiments/e7 -c 1 '-b=false'
INFO: Build completed successfully, 1 total action
2021/02/04 12:20:36 Hash: 5934f34cb75b58d93d9dc3ffa0abfe0eb68b80af61c5859b8a43f79a017e497e
2021/02/04 12:20:37 Hash: af8747f05455b99fbc76130fdbcbf0eb18681a825495fa3a7711209e2d5e3af3
2021/02/04 12:20:37 Hash: 57dba9bf4e0ec00069e4ff598bdcbe0efa5e924790da7c63c892b0c4e17755b8
2021/02/04 12:20:37 Hash: 8ac82c9245239eed86e41c610a024096adf5a90ff857e300c1b91d60ca13e856
2021/02/04 12:20:37 Hash: e5b49bc56f8dd2b04560119b7b8eecd28db75058e9150e415667e1f1a0d01289
2021/02/04 12:20:37 Time Hashing: 2.465875101s
2021/02/04 12:20:37 Error finalising blob uploads EOF
