Loading: 
Loading: 0 packages loaded
Analyzing: target //cmd/blake3zcc_hasher:blake3zcc_hasher (0 packages loaded, 0 targets configured)
INFO: Analyzed target //cmd/blake3zcc_hasher:blake3zcc_hasher (0 packages loaded, 0 targets configured).
INFO: Found 1 target...
[0 / 1] [Prepa] BazelWorkspaceStatusAction stable-status.txt
Target //cmd/blake3zcc_hasher:blake3zcc_hasher up-to-date:
  bazel-bin/cmd/blake3zcc_hasher/linux_amd64_stripped/blake3zcc_hasher
INFO: Elapsed time: 0.064s, Critical Path: 0.00s
INFO: 0 processes.
INFO: Build completed successfully, 1 total action
INFO: Running command line: bazel-bin/cmd/blake3zcc_hasher/linux_amd64_stripped/blake3zcc_hasher -a localhost:8980 -d /home/scott/buildbarn/blake-client/experiments/e2 -c 3 '-b=true'
INFO: Build completed successfully, 1 total action
2021/02/04 12:51:34 Hash: B3Z:5e1674872baa1508703bb8a7c839db599da5c2b9c22d8925fb02f09131359dde
2021/02/04 12:51:35 Hash: B3Z:5ca04cb34578cad7af281725bce53de5f3ab15a65619d361ce3e1a8de8317125
2021/02/04 12:51:35 Hash: B3Z:e6230854be66f55e4585b6e3e29727a8ecfef258727974ac4a4be755a7b029b6
2021/02/04 12:51:35 Hash: B3Z:0379138517bc5811e645894edbef883e8d64f9056cdb7bdb54e23e31a6367972
2021/02/04 12:51:35 Hash: B3Z:2c085b1746ac8d658bce3376dfd99a6c99f5704b6a718be48d12f2b01e418623
2021/02/04 12:51:35 Time Hashing: 1.688501804s
2021/02/04 12:51:35 Action Digest: [44 8 91 23 70 172 141 101 139 206 51 118 223 217 154 108 153 245 112 75 106 113 139 228 141 18 242 176 30 65 134 35] 2c085b1746ac8d658bce3376dfd99a6c99f5704b6a718be48d12f2b01e418623  76
2021/02/04 12:51:35 Bytes Uploaded: 76
2021/02/04 12:51:35 Time Uploading: 731.426µs
2021/02/04 12:51:35 Time Finding Missing Blobs: 111.307127ms
2021/02/04 12:51:39 Execute response: result:<output_files:<path:"out" digest:<size_bytes:555745281 hash_blake3zcc:"^\026t\207+\252\025\010p;\270\247\3109\333Y\235\245\302\271\302-\211%\373\002\360\22115\235\336" > > execution_metadata:<worker:"{\"datacenter\":\"paris\",\"hostname\":\"ubuntu-worker.example.com\",\"rack\":\"4\",\"slot\":\"15\",\"thread\":\"2\"}" queued_timestamp:<seconds:1612443095 nanos:261209918 > worker_start_timestamp:<seconds:1612443095 nanos:261419460 > worker_completed_timestamp:<seconds:1612443099 nanos:135931395 > input_fetch_start_timestamp:<seconds:1612443095 nanos:261561769 > input_fetch_completed_timestamp:<seconds:1612443095 nanos:261562720 > execution_start_timestamp:<seconds:1612443095 nanos:261562720 > execution_completed_timestamp:<seconds:1612443095 nanos:433999263 > output_upload_start_timestamp:<seconds:1612443095 nanos:433999263 > output_upload_completed_timestamp:<seconds:1612443099 nanos:135931395 > auxiliary_metadata:<type_url:"type.googleapis.com/buildbarn.resourceusage.POSIXResourceUsage" value:"\n\004\020\370\262_\022\005\020\330\373\210I\030\200\340\207\n8\213\002@!P\270\027X\210\220!x#\200\001\024" > auxiliary_metadata:<type_url:"type.googleapis.com/buildbarn.resourceusage.FilePoolResourceUsage" > > > message:"Action details (cached result): /action/blake-client/B3Z:2c085b1746ac8d658bce3376dfd99a6c99f5704b6a718be48d12f2b01e418623/76/" 
