Loading: 
Loading: 0 packages loaded
Analyzing: target //cmd/blake3zcc_hasher:blake3zcc_hasher (0 packages loaded, 0 targets configured)
INFO: Analyzed target //cmd/blake3zcc_hasher:blake3zcc_hasher (0 packages loaded, 0 targets configured).
INFO: Found 1 target...
[0 / 1] [Prepa] BazelWorkspaceStatusAction stable-status.txt
Target //cmd/blake3zcc_hasher:blake3zcc_hasher up-to-date:
  bazel-bin/cmd/blake3zcc_hasher/linux_amd64_stripped/blake3zcc_hasher
INFO: Elapsed time: 0.059s, Critical Path: 0.00s
INFO: 0 processes.
INFO: Build completed successfully, 1 total action
INFO: Running command line: bazel-bin/cmd/blake3zcc_hasher/linux_amd64_stripped/blake3zcc_hasher -a localhost:8980 -d /home/scott/buildbarn/blake-client/experiments/e1 -c 4 '-b=false'
INFO: Build completed successfully, 1 total action
2021/02/01 15:24:16 Hash: 125325dda2b1cbec7c6966920a73056fa9517f4dd3243a6432308324011aefb7
2021/02/01 15:24:17 Hash: 6d523cf5f78a61fa146c3550c40d4f23b11cd2d69c7fd0555dbe1355cba7a888
2021/02/01 15:24:17 Hash: 202dc65dbf4ea939fbabfeaf10b263c1717df7da0c41bd12e9c77ddb5d6c9817
2021/02/01 15:24:17 Command: arguments:"sh" arguments:"-c" arguments:"cp in0 out && printf ' ' | dd of=out bs=1 count=1 seek=138936320 conv=notrunc" output_paths:"out" 
2021/02/01 15:24:17 Hash: a3cff58f8cd135436a4180a95d6f7fcb665a6c1c3d53cd26345d2d6ed5e89f0e
2021/02/01 15:24:17 Hash: 5021214f524b705e120471ed1f22502f54b08970fe7f54ea2ec655742e3a9b76
2021/02/01 15:24:17 Action Digest: []  5021214f524b705e120471ed1f22502f54b08970fe7f54ea2ec655742e3a9b76 141
2021/02/01 15:24:17 Bytes Uploaded: 233
2021/02/01 15:24:17 Time Hashing: 1.277457001s
2021/02/01 15:24:17 Time Uploading: 837.058µs
2021/02/01 15:24:17 Time Finding Missing Blobs: 1.191015ms
2021/02/01 15:24:19 Execute response: result:<output_files:<path:"out" digest:<hash_other:"f7cbffccaf12f36514ac84b5036619e8297fb6e4bf0efa5d444fac9358964bcf" size_bytes:277872641 > > stderr_digest:<hash_other:"e7796219deb543de9ca4bd9e978ea4644b1a55a47c755c3a777ed7751c2a9f4d" size_bytes:69 > execution_metadata:<worker:"{\"datacenter\":\"paris\",\"hostname\":\"ubuntu-worker.example.com\",\"rack\":\"4\",\"slot\":\"15\",\"thread\":\"6\"}" queued_timestamp:<seconds:1612193057 nanos:627813096 > worker_start_timestamp:<seconds:1612193057 nanos:628019898 > worker_completed_timestamp:<seconds:1612193059 nanos:706101081 > input_fetch_start_timestamp:<seconds:1612193057 nanos:628119865 > input_fetch_completed_timestamp:<seconds:1612193057 nanos:628191130 > execution_start_timestamp:<seconds:1612193057 nanos:628191130 > execution_completed_timestamp:<seconds:1612193057 nanos:772951683 > output_upload_start_timestamp:<seconds:1612193057 nanos:772951683 > output_upload_completed_timestamp:<seconds:1612193059 nanos:706101081 > auxiliary_metadata:<type_url:"type.googleapis.com/buildbarn.resourceusage.POSIXResourceUsage" value:"\n\005\020\200\255\353\001\022\005\020\350\372\341B\030\200\240\310\t8\310\002X\220\220!x\006\200\001\013" > auxiliary_metadata:<type_url:"type.googleapis.com/buildbarn.resourceusage.FilePoolResourceUsage" > > > message:"Action details (cached result): /action/blake-client/5021214f524b705e120471ed1f22502f54b08970fe7f54ea2ec655742e3a9b76/141/" 
