Loading: 
Loading: 0 packages loaded
Analyzing: target //cmd/blake3zcc_hasher:blake3zcc_hasher (0 packages loaded, 0 targets configured)
INFO: Analyzed target //cmd/blake3zcc_hasher:blake3zcc_hasher (0 packages loaded, 0 targets configured).
INFO: Found 1 target...
[0 / 1] [Prepa] BazelWorkspaceStatusAction stable-status.txt
Target //cmd/blake3zcc_hasher:blake3zcc_hasher up-to-date:
  bazel-bin/cmd/blake3zcc_hasher/linux_amd64_stripped/blake3zcc_hasher
INFO: Elapsed time: 0.064s, Critical Path: 0.00s
INFO: 0 processes.
INFO: Build completed successfully, 1 total action
INFO: Running command line: bazel-bin/cmd/blake3zcc_hasher/linux_amd64_stripped/blake3zcc_hasher -a localhost:8980 -d /home/scott/buildbarn/blake-client/experiments/e10 -c 2 '-b=true'
INFO: Build completed successfully, 1 total action
2021/02/19 16:33:19 Hash: B3Z:ce309181461c10b716e16fb8eb29a7c8a22ed298d52934080502b23ef65d7750
2021/02/19 16:33:20 Hash: B3Z:5e1674872baa1508703bb8a7c839db599da5c2b9c22d8925fb02f09131359dde
2021/02/19 16:33:20 Hash: B3Z:ea19b6ff44f70e73caf858fac281fd4668906ea555649e38d52497021680c3ca
2021/02/19 16:33:20 Hash: B3Z:d9255d8105ee52b23f018fbd0eb54ae8d464e1f3b0c8729492b39af69afd9ec0
2021/02/19 16:33:20 Hash: B3Z:f91433532749209aae154aa9cd110dd4346d293c75e320921bd3d8b7457bc2e2
2021/02/19 16:33:57 Action Digest: [249 20 51 83 39 73 32 154 174 21 74 169 205 17 13 212 52 109 41 60 117 227 32 146 27 211 216 183 69 123 194 226] f91433532749209aae154aa9cd110dd4346d293c75e320921bd3d8b7457bc2e2  76
2021/02/19 16:33:57 Bytes Uploaded: 844103855
2021/02/19 16:33:57 Bytes Hashed: 844103887
2021/02/19 16:33:57 Time Hashing: 1.996419108s
2021/02/19 16:33:57 Time Uploading: 37.002125134s
2021/02/19 16:33:57 Time Finding Missing Blobs: 1.206612ms
2021/02/19 16:34:50 Execute response: result:<output_files:<path:"out" digest:<size_bytes:844103681 hash_blake3zcc:"D\276\233\320\212\375\237\237l\3422\t\375\224*\332\256XnJ\375b\010\347\013\233\273\305\347vs\271" > > execution_metadata:<worker:"{\"datacenter\":\"paris\",\"hostname\":\"ubuntu-worker.example.com\",\"rack\":\"4\",\"slot\":\"15\",\"thread\":\"2\"}" queued_timestamp:<seconds:1613752437 nanos:682429114 > worker_start_timestamp:<seconds:1613752437 nanos:682638285 > worker_completed_timestamp:<seconds:1613752490 nanos:293916342 > input_fetch_start_timestamp:<seconds:1613752437 nanos:682782215 > input_fetch_completed_timestamp:<seconds:1613752484 nanos:305915241 > execution_start_timestamp:<seconds:1613752484 nanos:305915241 > execution_completed_timestamp:<seconds:1613752484 nanos:727010158 > output_upload_start_timestamp:<seconds:1613752484 nanos:727010158 > output_upload_completed_timestamp:<seconds:1613752490 nanos:293916342 > auxiliary_metadata:<type_url:"type.googleapis.com/buildbarn.resourceusage.POSIXResourceUsage" value:"\n\005\020\220\215\346\001\022\006\020\210\321\240\301\001\030\200\200\274\t8\307\001X\210\320dx\002\200\001 " > auxiliary_metadata:<type_url:"type.googleapis.com/buildbarn.resourceusage.FilePoolResourceUsage" > > > message:"Action details (cached result): /action/blake-client/B3Z:f91433532749209aae154aa9cd110dd4346d293c75e320921bd3d8b7457bc2e2/76/" 
