Loading: 
Loading: 0 packages loaded
Analyzing: target //cmd/blake3zcc_hasher:blake3zcc_hasher (0 packages loaded, 0 targets configured)
INFO: Analyzed target //cmd/blake3zcc_hasher:blake3zcc_hasher (0 packages loaded, 0 targets configured).
INFO: Found 1 target...
[0 / 1] [Prepa] BazelWorkspaceStatusAction stable-status.txt
Target //cmd/blake3zcc_hasher:blake3zcc_hasher up-to-date:
  bazel-bin/cmd/blake3zcc_hasher/linux_amd64_stripped/blake3zcc_hasher
INFO: Elapsed time: 0.078s, Critical Path: 0.00s
INFO: 0 processes.
INFO: Build completed successfully, 1 total action
INFO: Running command line: bazel-bin/cmd/blake3zcc_hasher/linux_amd64_stripped/blake3zcc_hasher -a localhost:8980 -d /home/scott/buildbarn/blake-client/experiments/e2 -c 2 '-b=true'
INFO: Build completed successfully, 1 total action
2021/02/01 15:05:27 Hash: B3Z:5e1674872baa1508703bb8a7c839db599da5c2b9c22d8925fb02f09131359dde
2021/02/01 15:05:29 Hash: B3Z:5ca04cb34578cad7af281725bce53de5f3ab15a65619d361ce3e1a8de8317125
2021/02/01 15:05:29 Hash: B3Z:e6230854be66f55e4585b6e3e29727a8ecfef258727974ac4a4be755a7b029b6
2021/02/01 15:05:29 Hash: B3Z:d9255d8105ee52b23f018fbd0eb54ae8d464e1f3b0c8729492b39af69afd9ec0
2021/02/01 15:05:29 Hash: B3Z:4d71232ec7c65532fd62206f41a5b28963ee7942852b8010f32a738afc4273ed
2021/02/01 15:05:29 Action Digest: [77 113 35 46 199 198 85 50 253 98 32 111 65 165 178 137 99 238 121 66 133 43 128 16 243 42 115 138 252 66 115 237] 4d71232ec7c65532fd62206f41a5b28963ee7942852b8010f32a738afc4273ed  76
2021/02/01 15:05:29 Bytes Uploaded: 174
2021/02/01 15:05:29 Time Hashing: 3.538190815s
2021/02/01 15:05:29 Time Uploading: 772.398µs
2021/02/01 15:05:29 Time Finding Missing Blobs: 147.810685ms
2021/02/01 15:06:20 Execute response: result:<output_files:<path:"out" digest:<size_bytes:833617922 hash_blake3zcc:"\253&\034\333\025\336Y\233-\251\024\300d5\236\237\376Y\274\351\036\220\030\242\177gd`8\347#\371" > > execution_metadata:<worker:"{\"datacenter\":\"paris\",\"hostname\":\"ubuntu-worker.example.com\",\"rack\":\"4\",\"slot\":\"15\",\"thread\":\"5\"}" queued_timestamp:<seconds:1612191929 nanos:392121377 > worker_start_timestamp:<seconds:1612191929 nanos:392332339 > worker_completed_timestamp:<seconds:1612191980 nanos:720702358 > input_fetch_start_timestamp:<seconds:1612191929 nanos:392442601 > input_fetch_completed_timestamp:<seconds:1612191969 nanos:683324109 > execution_start_timestamp:<seconds:1612191969 nanos:683324109 > execution_completed_timestamp:<seconds:1612191970 nanos:124278766 > output_upload_start_timestamp:<seconds:1612191970 nanos:124278766 > output_upload_completed_timestamp:<seconds:1612191980 nanos:720702358 > auxiliary_metadata:<type_url:"type.googleapis.com/buildbarn.resourceusage.POSIXResourceUsage" value:"\n\004\020\300\344\035\022\006\020\240\217\255\321\001\030\200\300\264\t8\304\001X\210\260cx\002\200\001\007" > auxiliary_metadata:<type_url:"type.googleapis.com/buildbarn.resourceusage.FilePoolResourceUsage" > > > message:"Action details (cached result): /action/blake-client/B3Z:4d71232ec7c65532fd62206f41a5b28963ee7942852b8010f32a738afc4273ed/76/" 
