Loading: 
Loading: 0 packages loaded
Analyzing: target //cmd/blake3zcc_hasher:blake3zcc_hasher (0 packages loaded, 0 targets configured)
INFO: Analyzed target //cmd/blake3zcc_hasher:blake3zcc_hasher (0 packages loaded, 0 targets configured).
INFO: Found 1 target...
[0 / 1] [Prepa] BazelWorkspaceStatusAction stable-status.txt
Target //cmd/blake3zcc_hasher:blake3zcc_hasher up-to-date:
  bazel-bin/cmd/blake3zcc_hasher/linux_amd64_stripped/blake3zcc_hasher
INFO: Elapsed time: 0.123s, Critical Path: 0.00s
INFO: 0 processes.
INFO: Build completed successfully, 1 total action
INFO: Running command line: bazel-bin/cmd/blake3zcc_hasher/linux_amd64_stripped/blake3zcc_hasher -a localhost:8980 -d /home/scott/buildbarn/blake-client/experiments/e1 -c 0 '-b=false'
INFO: Build completed successfully, 1 total action
2021/02/19 16:28:03 Hash: 125325dda2b1cbec7c6966920a73056fa9517f4dd3243a6432308324011aefb7
2021/02/19 16:28:04 Hash: 6d523cf5f78a61fa146c3550c40d4f23b11cd2d69c7fd0555dbe1355cba7a888
2021/02/19 16:28:04 Hash: 202dc65dbf4ea939fbabfeaf10b263c1717df7da0c41bd12e9c77ddb5d6c9817
2021/02/19 16:28:04 Hash: a13e5774979b9aac00eace0526fcfa2a673226c22b649d685f3540cdc7b38f9c
2021/02/19 16:28:04 Hash: 3434d6edd4d37b34758dcf7bba814f9de73752c9b3da8d08039d225a3e4e9ccc
2021/02/19 16:28:08 Action Digest: []  3434d6edd4d37b34758dcf7bba814f9de73752c9b3da8d08039d225a3e4e9ccc 141
2021/02/19 16:28:08 Bytes Uploaded: 566231364
2021/02/19 16:28:08 Bytes Hashed: 566231364
2021/02/19 16:28:08 Time Hashing: 1.378026205s
2021/02/19 16:28:08 Time Uploading: 3.931793441s
2021/02/19 16:28:08 Time Finding Missing Blobs: 15.305512ms
2021/02/19 16:28:12 Execute response: result:<output_files:<path:"out" digest:<hash_other:"6d523cf5f78a61fa146c3550c40d4f23b11cd2d69c7fd0555dbe1355cba7a888" size_bytes:277872641 > > execution_metadata:<worker:"{\"datacenter\":\"paris\",\"hostname\":\"ubuntu-worker.example.com\",\"rack\":\"4\",\"slot\":\"15\",\"thread\":\"1\"}" queued_timestamp:<seconds:1613752088 nanos:224677001 > worker_start_timestamp:<seconds:1613752088 nanos:225136615 > worker_completed_timestamp:<seconds:1613752092 nanos:932760680 > input_fetch_start_timestamp:<seconds:1613752088 nanos:226669236 > input_fetch_completed_timestamp:<seconds:1613752091 nanos:795358349 > execution_start_timestamp:<seconds:1613752091 nanos:795358349 > execution_completed_timestamp:<seconds:1613752091 nanos:963922595 > output_upload_start_timestamp:<seconds:1613752091 nanos:963922595 > output_upload_completed_timestamp:<seconds:1613752092 nanos:932760680 > auxiliary_metadata:<type_url:"type.googleapis.com/buildbarn.resourceusage.POSIXResourceUsage" value:"\n\005\020\360\273\314\001\022\005\020\260\307\243>\030\200\300\310\t8m@*P\370%X\210\220!x%\200\001\026" > auxiliary_metadata:<type_url:"type.googleapis.com/buildbarn.resourceusage.FilePoolResourceUsage" > > > message:"Action details (cached result): /action/blake-client/3434d6edd4d37b34758dcf7bba814f9de73752c9b3da8d08039d225a3e4e9ccc/141/" 
