Loading: 
Loading: 0 packages loaded
Analyzing: target //cmd/blake3zcc_hasher:blake3zcc_hasher (0 packages loaded, 0 targets configured)
INFO: Analyzed target //cmd/blake3zcc_hasher:blake3zcc_hasher (0 packages loaded, 0 targets configured).
INFO: Found 1 target...
[0 / 1] [Prepa] BazelWorkspaceStatusAction stable-status.txt
Target //cmd/blake3zcc_hasher:blake3zcc_hasher up-to-date:
  bazel-bin/cmd/blake3zcc_hasher/linux_amd64_stripped/blake3zcc_hasher
INFO: Elapsed time: 0.066s, Critical Path: 0.00s
INFO: 0 processes.
INFO: Build completed successfully, 1 total action
INFO: Running command line: bazel-bin/cmd/blake3zcc_hasher/linux_amd64_stripped/blake3zcc_hasher -a localhost:8980 -d /home/scott/buildbarn/blake-client/experiments/e7 -c 4 '-b=false'
INFO: Build completed successfully, 1 total action
2021/02/19 16:30:31 Hash: 5934f34cb75b58d93d9dc3ffa0abfe0eb68b80af61c5859b8a43f79a017e497e
2021/02/19 16:30:33 Hash: af8747f05455b99fbc76130fdbcbf0eb18681a825495fa3a7711209e2d5e3af3
2021/02/19 16:30:33 Hash: 57dba9bf4e0ec00069e4ff598bdcbe0efa5e924790da7c63c892b0c4e17755b8
2021/02/19 16:30:33 Command: arguments:"sh" arguments:"-c" arguments:"cp in0 out && printf ' ' | dd of=out bs=1 count=1 seek=283115520 conv=notrunc" output_paths:"out" 
2021/02/19 16:30:33 Hash: b4a972238d3a0e1b99531dc4b9d4441798cf433c02f19bd17139cdea1ed9d53c
2021/02/19 16:30:33 Hash: a9a2d6e097dcf56c825a591db0a0949714e6c4ad7a1189705ad243744f4f772d
2021/02/19 16:30:33 Error finalising blob uploads EOF
