Loading: 
Loading: 0 packages loaded
Analyzing: target //cmd/blake3zcc_hasher:blake3zcc_hasher (0 packages loaded, 0 targets configured)
INFO: Analyzed target //cmd/blake3zcc_hasher:blake3zcc_hasher (0 packages loaded, 0 targets configured).
INFO: Found 1 target...
[0 / 1] [Prepa] BazelWorkspaceStatusAction stable-status.txt
Target //cmd/blake3zcc_hasher:blake3zcc_hasher up-to-date:
  bazel-bin/cmd/blake3zcc_hasher/linux_amd64_stripped/blake3zcc_hasher
INFO: Elapsed time: 0.114s, Critical Path: 0.00s
INFO: 0 processes.
INFO: Build completed successfully, 1 total action
INFO: Running command line: bazel-bin/cmd/blake3zcc_hasher/linux_amd64_stripped/blake3zcc_hasher -a localhost:8980 -d /home/scott/buildbarn/blake-client/experiments/e6 -c 2 '-b=false'
INFO: Build completed successfully, 1 total action
2021/02/04 12:20:24 Hash: fce39a0f0e6ce839cf5a10407ec90135e2a80fd62e94511217a1d3e629291b9b
2021/02/04 12:20:25 Hash: 17a80b40edcd6d3ac836ca056f83cb6c844bc96f65bc397f2b0578ba60db3093
2021/02/04 12:20:25 Hash: 8a10cae5f0b77d4e86b7491e3a0533a1985d41598bb42de661b4405f2958eb4e
2021/02/04 12:20:25 Hash: 44a4c12b5acf05295e010a26c1a0ee9961303f33eb04ac8152ae9971faff091e
2021/02/04 12:20:25 Hash: 9a2a674301bfb7581281aa368d0f6e1600ada2f9d139b10d9a857d1695035875
2021/02/04 12:20:25 Time Hashing: 2.468922418s
2021/02/04 12:20:25 Error finalising blob uploads EOF
