Loading: 
Loading: 0 packages loaded
Analyzing: target //cmd/blake3zcc_hasher:blake3zcc_hasher (0 packages loaded, 0 targets configured)
INFO: Analyzed target //cmd/blake3zcc_hasher:blake3zcc_hasher (0 packages loaded, 0 targets configured).
INFO: Found 1 target...
[0 / 1] [Prepa] BazelWorkspaceStatusAction stable-status.txt
Target //cmd/blake3zcc_hasher:blake3zcc_hasher up-to-date:
  bazel-bin/cmd/blake3zcc_hasher/linux_amd64_stripped/blake3zcc_hasher
INFO: Elapsed time: 0.084s, Critical Path: 0.00s
INFO: 0 processes.
INFO: Build completed successfully, 1 total action
INFO: Running command line: bazel-bin/cmd/blake3zcc_hasher/linux_amd64_stripped/blake3zcc_hasher -a localhost:8980 -d /home/scott/buildbarn/blake-client/experiments/e5 -c 3 '-b=true'
INFO: Build completed successfully, 1 total action
2021/02/19 16:40:29 Hash: B3Z:9bb17aa8e1e1fa7dd8e4c30303a8aac9cccb1c385871033c51cfa405841ab51d
2021/02/19 16:40:30 Hash: B3Z:cf1dd238456e6edde2463f09b51051a6bb87e04f1cdea0e2147089f810c590de
2021/02/19 16:40:30 Hash: B3Z:9176f1f6118b2fe1661300ec7abbfc3f093593687afb445fca9fa2c8ad2105e2
2021/02/19 16:40:30 Hash: B3Z:0379138517bc5811e645894edbef883e8d64f9056cdb7bdb54e23e31a6367972
2021/02/19 16:40:30 Hash: B3Z:68b3083db9af1b02b3593e238bef869f85d62dcd6a276abe6b53d42e6c64d82c
2021/02/19 16:40:30 Action Digest: [104 179 8 61 185 175 27 2 179 89 62 35 139 239 134 159 133 214 45 205 106 39 106 190 107 83 212 46 108 100 216 44] 68b3083db9af1b02b3593e238bef869f85d62dcd6a276abe6b53d42e6c64d82c  76
2021/02/19 16:40:30 Bytes Uploaded: 76
2021/02/19 16:40:30 Bytes Hashed: 854589663
2021/02/19 16:40:30 Time Hashing: 1.736164471s
2021/02/19 16:40:30 Time Uploading: 769.507µs
2021/02/19 16:40:30 Time Finding Missing Blobs: 118.605837ms
2021/02/19 16:40:34 Execute response: result:<output_files:<path:"out" digest:<size_bytes:566231040 hash_blake3zcc:"\233\261z\250\341\341\372}\330\344\303\003\003\250\252\311\314\313\0348Xq\003<Q\317\244\005\204\032\265\035" > > execution_metadata:<worker:"{\"datacenter\":\"paris\",\"hostname\":\"ubuntu-worker.example.com\",\"rack\":\"4\",\"slot\":\"15\",\"thread\":\"2\"}" queued_timestamp:<seconds:1613752830 nanos:174665898 > worker_start_timestamp:<seconds:1613752830 nanos:174990221 > worker_completed_timestamp:<seconds:1613752834 nanos:230136071 > input_fetch_start_timestamp:<seconds:1613752830 nanos:175143076 > input_fetch_completed_timestamp:<seconds:1613752830 nanos:175143982 > execution_start_timestamp:<seconds:1613752830 nanos:175143982 > execution_completed_timestamp:<seconds:1613752830 nanos:320766887 > output_upload_start_timestamp:<seconds:1613752830 nanos:320766887 > output_upload_completed_timestamp:<seconds:1613752834 nanos:230136071 > auxiliary_metadata:<type_url:"type.googleapis.com/buildbarn.resourceusage.POSIXResourceUsage" value:"\n\004\020\250\2445\022\005\020\260\223\314D\030\200\200\274\t8\244\002X\210\260\"x\005\200\001\n" > auxiliary_metadata:<type_url:"type.googleapis.com/buildbarn.resourceusage.FilePoolResourceUsage" > > > message:"Action details (cached result): /action/blake-client/B3Z:68b3083db9af1b02b3593e238bef869f85d62dcd6a276abe6b53d42e6c64d82c/76/" 
