Loading: 
Loading: 0 packages loaded
Analyzing: target //cmd/blake3zcc_hasher:blake3zcc_hasher (0 packages loaded, 0 targets configured)
INFO: Analyzed target //cmd/blake3zcc_hasher:blake3zcc_hasher (0 packages loaded, 0 targets configured).
INFO: Found 1 target...
[0 / 1] [Prepa] BazelWorkspaceStatusAction stable-status.txt
Target //cmd/blake3zcc_hasher:blake3zcc_hasher up-to-date:
  bazel-bin/cmd/blake3zcc_hasher/linux_amd64_stripped/blake3zcc_hasher
INFO: Elapsed time: 0.073s, Critical Path: 0.00s
INFO: 0 processes.
INFO: Build completed successfully, 1 total action
INFO: Running command line: bazel-bin/cmd/blake3zcc_hasher/linux_amd64_stripped/blake3zcc_hasher -a localhost:8980 -d /home/scott/buildbarn/blake-client/experiments/e5 -c 3 '-b=false'
INFO: Build completed successfully, 1 total action
2021/02/04 12:20:15 Hash: fce39a0f0e6ce839cf5a10407ec90135e2a80fd62e94511217a1d3e629291b9b
2021/02/04 12:20:16 Hash: 125325dda2b1cbec7c6966920a73056fa9517f4dd3243a6432308324011aefb7
2021/02/04 12:20:16 Hash: eb056602075d52aa444671387504bf15ad0b97fab9d92539b4b7f0f8be38263f
2021/02/04 12:20:16 Hash: fc8f7ebcae29b1a99f8ef31c259df5db6244c70ebfb86af990c2af6cd4ee41fc
2021/02/04 12:20:16 Hash: 5d088c6192c825ac777bd9e49676cdb6d2a71fae8b1895ffe37ca08961562ae7
2021/02/04 12:20:16 Time Hashing: 1.920597508s
2021/02/04 12:20:16 Error finalising blob uploads EOF
