Loading: 
Loading: 0 packages loaded
Analyzing: target //cmd/blake3zcc_hasher:blake3zcc_hasher (0 packages loaded, 0 targets configured)
INFO: Analyzed target //cmd/blake3zcc_hasher:blake3zcc_hasher (0 packages loaded, 0 targets configured).
INFO: Found 1 target...
[0 / 1] [Prepa] BazelWorkspaceStatusAction stable-status.txt
Target //cmd/blake3zcc_hasher:blake3zcc_hasher up-to-date:
  bazel-bin/cmd/blake3zcc_hasher/blake3zcc_hasher_/blake3zcc_hasher
INFO: Elapsed time: 0.130s, Critical Path: 0.00s
INFO: 0 processes.
INFO: Build completed successfully, 1 total action
INFO: Running command line: bazel-bin/cmd/blake3zcc_hasher/blake3zcc_hasher_/blake3zcc_hasher -a localhost:8980 -d /home/debian/blake-client/experiments/e1 -c 1 '-b=false'
INFO: Build completed successfully, 1 total action
2021/03/09 13:20:48 Hash: 125325dda2b1cbec7c6966920a73056fa9517f4dd3243a6432308324011aefb7
2021/03/09 13:20:49 Hash: 6d523cf5f78a61fa146c3550c40d4f23b11cd2d69c7fd0555dbe1355cba7a888
2021/03/09 13:20:49 Hash: 202dc65dbf4ea939fbabfeaf10b263c1717df7da0c41bd12e9c77ddb5d6c9817
2021/03/09 13:20:49 Hash: 8ac82c9245239eed86e41c610a024096adf5a90ff857e300c1b91d60ca13e856
2021/03/09 13:20:49 Hash: 28f73066f29c30d0e3e661b11885c22b8d6c2c7753ec48971b73ac61f8554760
2021/03/09 13:20:49 Time Hashing: 2.357305322s
2021/03/09 13:20:49 Bytes Hashed: 566231377
2021/03/09 13:20:49 Action Digest: []  28f73066f29c30d0e3e661b11885c22b8d6c2c7753ec48971b73ac61f8554760 141
2021/03/09 13:20:49 Bytes Uploaded: 173
2021/03/09 13:20:49 Time Uploading: 1.531963ms
2021/03/09 13:20:49 Time Finding Missing Blobs: 1.425993ms
2021/03/09 13:20:58 Execute response: result:{output_files:{path:"out"  digest:{hash_other:"271649328215264a458b5c5ba96cc91a091a957b76cc39c7e201e37836193550"  size_bytes:555745282}}  execution_metadata:{worker:"{\"datacenter\":\"paris\",\"hostname\":\"ubuntu-worker.example.com\",\"rack\":\"4\",\"slot\":\"15\",\"thread\":\"2\"}"  queued_timestamp:{seconds:1615296049  nanos:676500250}  worker_start_timestamp:{seconds:1615296049  nanos:680944632}  worker_completed_timestamp:{seconds:1615296058  nanos:390522474}  input_fetch_start_timestamp:{seconds:1615296049  nanos:683608277}  input_fetch_completed_timestamp:{seconds:1615296049  nanos:684163794}  execution_start_timestamp:{seconds:1615296049  nanos:684163794}  execution_completed_timestamp:{seconds:1615296050  nanos:275380525}  output_upload_start_timestamp:{seconds:1615296050  nanos:275380525}  output_upload_completed_timestamp:{seconds:1615296058  nanos:390522474}  auxiliary_metadata:{type_url:"type.googleapis.com/buildbarn.resourceusage.POSIXResourceUsage"  value:"\n\x05\x10\xa0\xa4\xa2\x02\x12\x06\x10\xa8\xd3\xf1\xc5\x01\x18\x80\xc0\xa8\x0e8\xbf\x01@\x08P\xa8\x97!X\x88\xa0Bx\xa3\x02\x80\x01q"}  auxiliary_metadata:{type_url:"type.googleapis.com/buildbarn.resourceusage.FilePoolResourceUsage"}}}  message:"Action details (cached result): /action/blake-client/28f73066f29c30d0e3e661b11885c22b8d6c2c7753ec48971b73ac61f8554760/141/"
