Loading: 
Loading: 0 packages loaded
Analyzing: target //cmd/blake3zcc_hasher:blake3zcc_hasher (0 packages loaded, 0 targets configured)
INFO: Analyzed target //cmd/blake3zcc_hasher:blake3zcc_hasher (0 packages loaded, 0 targets configured).
INFO: Found 1 target...
[0 / 1] [Prepa] BazelWorkspaceStatusAction stable-status.txt
Target //cmd/blake3zcc_hasher:blake3zcc_hasher up-to-date:
  bazel-bin/cmd/blake3zcc_hasher/linux_amd64_stripped/blake3zcc_hasher
INFO: Elapsed time: 0.067s, Critical Path: 0.00s
INFO: 0 processes.
INFO: Build completed successfully, 1 total action
INFO: Running command line: bazel-bin/cmd/blake3zcc_hasher/linux_amd64_stripped/blake3zcc_hasher -a localhost:8980 -d /home/scott/buildbarn/blake-client/experiments/e4 -c 4 '-b=false'
INFO: Build completed successfully, 1 total action
2021/02/01 15:25:35 Hash: 5934f34cb75b58d93d9dc3ffa0abfe0eb68b80af61c5859b8a43f79a017e497e
2021/02/01 15:25:35 Hash: 125325dda2b1cbec7c6966920a73056fa9517f4dd3243a6432308324011aefb7
2021/02/01 15:25:35 Hash: a411fa6dda2a4115b6a609bcccc429bcfb62bae4aae2d52a6d1f0075af4d6d12
2021/02/01 15:25:35 Command: arguments:"sh" arguments:"-c" arguments:"cp in0 out && printf ' ' | dd of=out bs=1 count=1 seek=144179200 conv=notrunc" output_paths:"out" 
2021/02/01 15:25:35 Hash: bfb99e54b6aed1744401d52a7ebe379c68784900baaef61417bb86565219d98f
2021/02/01 15:25:35 Hash: cbe7c28e0ab8bd45a8d11eeffd76f061be28afe3b0f9e060d4f771eb5959a237
2021/02/01 15:25:35 Action Digest: []  cbe7c28e0ab8bd45a8d11eeffd76f061be28afe3b0f9e060d4f771eb5959a237 141
2021/02/01 15:25:35 Bytes Uploaded: 233
2021/02/01 15:25:35 Time Hashing: 1.904835137s
2021/02/01 15:25:35 Time Uploading: 821.683µs
2021/02/01 15:25:35 Time Finding Missing Blobs: 890.863µs
2021/02/01 15:25:38 Execute response: result:<output_files:<path:"out" digest:<hash_other:"c5f3ed4dd9723eebb67848947a16f387707f71494c339ec43a7431b162cced94" size_bytes:288358401 > > stderr_digest:<hash_other:"ca138b95d45c267f0cd5e58f47f5187268d8423402739a889c7f34cc6fd6dc66" size_bytes:70 > execution_metadata:<worker:"{\"datacenter\":\"paris\",\"hostname\":\"ubuntu-worker.example.com\",\"rack\":\"4\",\"slot\":\"15\",\"thread\":\"2\"}" queued_timestamp:<seconds:1612193135 nanos:967498800 > worker_start_timestamp:<seconds:1612193135 nanos:967883469 > worker_completed_timestamp:<seconds:1612193138 nanos:13368833 > input_fetch_start_timestamp:<seconds:1612193135 nanos:968002440 > input_fetch_completed_timestamp:<seconds:1612193135 nanos:968081401 > execution_start_timestamp:<seconds:1612193135 nanos:968081401 > execution_completed_timestamp:<seconds:1612193136 nanos:123573440 > output_upload_start_timestamp:<seconds:1612193136 nanos:123573440 > output_upload_completed_timestamp:<seconds:1612193138 nanos:13368833 > auxiliary_metadata:<type_url:"type.googleapis.com/buildbarn.resourceusage.POSIXResourceUsage" value:"\n\004\020\240\334?\022\005\020\250\204\273G\030\200\240\310\t8\276\002X\220\260\"x\007\200\001-" > auxiliary_metadata:<type_url:"type.googleapis.com/buildbarn.resourceusage.FilePoolResourceUsage" > > > message:"Action details (cached result): /action/blake-client/cbe7c28e0ab8bd45a8d11eeffd76f061be28afe3b0f9e060d4f771eb5959a237/141/" 
