Loading: 
Loading: 0 packages loaded
Analyzing: target //cmd/blake3zcc_hasher:blake3zcc_hasher (0 packages loaded, 0 targets configured)
INFO: Analyzed target //cmd/blake3zcc_hasher:blake3zcc_hasher (0 packages loaded, 0 targets configured).
INFO: Found 1 target...
[0 / 1] [Prepa] BazelWorkspaceStatusAction stable-status.txt
Target //cmd/blake3zcc_hasher:blake3zcc_hasher up-to-date:
  bazel-bin/cmd/blake3zcc_hasher/linux_amd64_stripped/blake3zcc_hasher
INFO: Elapsed time: 0.077s, Critical Path: 0.00s
INFO: 0 processes.
INFO: Build completed successfully, 1 total action
INFO: Running command line: bazel-bin/cmd/blake3zcc_hasher/linux_amd64_stripped/blake3zcc_hasher -a localhost:8980 -d /home/scott/buildbarn/blake-client/experiments/e5 -c 2 '-b=false'
INFO: Build completed successfully, 1 total action
2021/02/04 12:20:12 Hash: fce39a0f0e6ce839cf5a10407ec90135e2a80fd62e94511217a1d3e629291b9b
2021/02/04 12:20:13 Hash: 125325dda2b1cbec7c6966920a73056fa9517f4dd3243a6432308324011aefb7
2021/02/04 12:20:13 Hash: eb056602075d52aa444671387504bf15ad0b97fab9d92539b4b7f0f8be38263f
2021/02/04 12:20:13 Hash: 44a4c12b5acf05295e010a26c1a0ee9961303f33eb04ac8152ae9971faff091e
2021/02/04 12:20:13 Hash: 9ae72cb5b5c0e94b2cd14bc0f43bcd94321393a8526bb81bb91a77f8e4a7f6af
2021/02/04 12:20:13 Time Hashing: 2.004679615s
2021/02/04 12:20:13 Error finalising blob uploads EOF
