Loading: 
Loading: 0 packages loaded
Analyzing: target //cmd/blake3zcc_hasher:blake3zcc_hasher (0 packages loaded, 0 targets configured)
INFO: Analyzed target //cmd/blake3zcc_hasher:blake3zcc_hasher (0 packages loaded, 0 targets configured).
INFO: Found 1 target...
[0 / 1] [Prepa] BazelWorkspaceStatusAction stable-status.txt
Target //cmd/blake3zcc_hasher:blake3zcc_hasher up-to-date:
  bazel-bin/cmd/blake3zcc_hasher/linux_amd64_stripped/blake3zcc_hasher
INFO: Elapsed time: 0.078s, Critical Path: 0.00s
INFO: 0 processes.
INFO: Build completed successfully, 1 total action
INFO: Running command line: bazel-bin/cmd/blake3zcc_hasher/linux_amd64_stripped/blake3zcc_hasher -a localhost:8980 -d /home/scott/buildbarn/blake-client/experiments/e6 -c 2 '-b=true'
INFO: Build completed successfully, 1 total action
2021/02/19 16:42:17 Hash: B3Z:9bb17aa8e1e1fa7dd8e4c30303a8aac9cccb1c385871033c51cfa405841ab51d
2021/02/19 16:42:18 Hash: B3Z:5e1674872baa1508703bb8a7c839db599da5c2b9c22d8925fb02f09131359dde
2021/02/19 16:42:18 Hash: B3Z:750b8813dcbe03a5547823fefefd34c6b164b0daa227d7143ed2bfe9ed19a316
2021/02/19 16:42:18 Hash: B3Z:d9255d8105ee52b23f018fbd0eb54ae8d464e1f3b0c8729492b39af69afd9ec0
2021/02/19 16:42:18 Hash: B3Z:cd7eb0264a431135cf715deb248e61261fec444a44af84d362eed330ad198547
2021/02/19 16:42:18 Action Digest: [205 126 176 38 74 67 17 53 207 113 93 235 36 142 97 38 31 236 68 74 68 175 132 211 98 238 211 48 173 25 133 71] cd7eb0264a431135cf715deb248e61261fec444a44af84d362eed330ad198547  76
2021/02/19 16:42:18 Bytes Uploaded: 76
2021/02/19 16:42:18 Bytes Hashed: 1121976527
2021/02/19 16:42:18 Time Hashing: 2.272678634s
2021/02/19 16:42:18 Time Uploading: 454.435µs
2021/02/19 16:42:18 Time Finding Missing Blobs: 154.037682ms
2021/02/19 16:43:19 Execute response: result:<execution_metadata:<worker:"{\"datacenter\":\"paris\",\"hostname\":\"ubuntu-worker.example.com\",\"rack\":\"4\",\"slot\":\"15\",\"thread\":\"2\"}" queued_timestamp:<seconds:1613752938 nanos:440432878 > worker_start_timestamp:<seconds:1613752938 nanos:441004447 > worker_completed_timestamp:<seconds:1613752999 nanos:48313820 > input_fetch_start_timestamp:<seconds:1613752938 nanos:441182899 > input_fetch_completed_timestamp:<seconds:1613752996 nanos:19152965 > execution_start_timestamp:<seconds:1613752996 nanos:19152965 > execution_completed_timestamp:<seconds:1613752996 nanos:587756512 > output_upload_start_timestamp:<seconds:1613752996 nanos:587756512 > output_upload_completed_timestamp:<seconds:1613752999 nanos:48313820 > auxiliary_metadata:<type_url:"type.googleapis.com/buildbarn.resourceusage.POSIXResourceUsage" value:"\n\004\020\200\224#\022\006\020\370\270\252\213\002\030\200\200\274\t8\305\001X\210\340\205\001x\005\200\001 " > auxiliary_metadata:<type_url:"type.googleapis.com/buildbarn.resourceusage.FilePoolResourceUsage" > > > status:<code:3 message:"Failed to store output file \"out\": Failed to upload file: Buffer requires a manifest that is 8765537 bytes in size, while a maximum of 8388608 bytes is permitted" > message:"Action details (uncached result): /uncached_action_result/blake-client/B3Z:086f86155a4bd5d7b064433478d564b5676e97e8f820ab4c2e55eafcf3d7758a/606/" 
