Loading: 
Loading: 0 packages loaded
Analyzing: target //cmd/blake3zcc_hasher:blake3zcc_hasher (0 packages loaded, 0 targets configured)
INFO: Analyzed target //cmd/blake3zcc_hasher:blake3zcc_hasher (0 packages loaded, 0 targets configured).
INFO: Found 1 target...
[0 / 1] [Prepa] BazelWorkspaceStatusAction stable-status.txt
Target //cmd/blake3zcc_hasher:blake3zcc_hasher up-to-date:
  bazel-bin/cmd/blake3zcc_hasher/linux_amd64_stripped/blake3zcc_hasher
INFO: Elapsed time: 0.123s, Critical Path: 0.00s
INFO: 0 processes.
INFO: Build completed successfully, 1 total action
INFO: Running command line: bazel-bin/cmd/blake3zcc_hasher/linux_amd64_stripped/blake3zcc_hasher -a localhost:8980 -d /home/scott/buildbarn/blake-client/experiments/e9 -c 3 '-b=true'
INFO: Build completed successfully, 1 total action
2021/02/19 16:52:00 Hash: B3Z:9b6701e748e821ebfb052b1214508749883cf66134aa79991c6423435acdb90f
2021/02/19 16:52:01 Hash: B3Z:48bfa2c5c40ab7e81e2893e2c9394b768f7f4cc6300f86b8d23973b548b5715e
2021/02/19 16:52:01 Hash: B3Z:8678880d1931e1a05d634800698253b72853c542c7dd904971b3a9ed0cc08645
2021/02/19 16:52:01 Hash: B3Z:0379138517bc5811e645894edbef883e8d64f9056cdb7bdb54e23e31a6367972
2021/02/19 16:52:01 Hash: B3Z:616e8e6398ea37df24bfa590f513aee9c076636dbf8be0f194ef53039d23ae14
2021/02/19 16:52:01 Action Digest: [97 110 142 99 152 234 55 223 36 191 165 144 245 19 174 233 192 118 99 109 191 139 224 241 148 239 83 3 157 35 174 20] 616e8e6398ea37df24bfa590f513aee9c076636dbf8be0f194ef53039d23ae14  76
2021/02/19 16:52:01 Bytes Uploaded: 76
2021/02/19 16:52:01 Bytes Hashed: 844103903
2021/02/19 16:52:01 Time Hashing: 1.721562522s
2021/02/19 16:52:01 Time Uploading: 810.925µs
2021/02/19 16:52:01 Time Finding Missing Blobs: 114.941235ms
2021/02/19 16:52:03 Execute response: result:<output_files:<path:"out" digest:<size_bytes:277872640 hash_blake3zcc:"\233g\001\347H\350!\353\373\005+\022\024P\207I\210<\366a4\252y\231\034d#CZ\315\271\017" > > execution_metadata:<worker:"{\"datacenter\":\"paris\",\"hostname\":\"ubuntu-worker.example.com\",\"rack\":\"4\",\"slot\":\"15\",\"thread\":\"5\"}" queued_timestamp:<seconds:1613753521 nanos:615516925 > worker_start_timestamp:<seconds:1613753521 nanos:615770003 > worker_completed_timestamp:<seconds:1613753523 nanos:864766777 > input_fetch_start_timestamp:<seconds:1613753521 nanos:615910219 > input_fetch_completed_timestamp:<seconds:1613753521 nanos:615911095 > execution_start_timestamp:<seconds:1613753521 nanos:615911095 > execution_completed_timestamp:<seconds:1613753521 nanos:952742228 > output_upload_start_timestamp:<seconds:1613753521 nanos:952742228 > output_upload_completed_timestamp:<seconds:1613753523 nanos:864766777 > auxiliary_metadata:<type_url:"type.googleapis.com/buildbarn.resourceusage.POSIXResourceUsage" value:"\n\005\020\330\335\355\001\022\006\020\350\234\245\230\001\030\200\200\274\t8\234\002X\210\300Cx\004\200\001B" > auxiliary_metadata:<type_url:"type.googleapis.com/buildbarn.resourceusage.FilePoolResourceUsage" > > > message:"Action details (cached result): /action/blake-client/B3Z:616e8e6398ea37df24bfa590f513aee9c076636dbf8be0f194ef53039d23ae14/76/" 
