Loading: 
Loading: 0 packages loaded
Analyzing: target //cmd/blake3zcc_hasher:blake3zcc_hasher (0 packages loaded, 0 targets configured)
INFO: Analyzed target //cmd/blake3zcc_hasher:blake3zcc_hasher (0 packages loaded, 0 targets configured).
INFO: Found 1 target...
[0 / 1] [Prepa] BazelWorkspaceStatusAction stable-status.txt
Target //cmd/blake3zcc_hasher:blake3zcc_hasher up-to-date:
  bazel-bin/cmd/blake3zcc_hasher/linux_amd64_stripped/blake3zcc_hasher
INFO: Elapsed time: 0.072s, Critical Path: 0.00s
INFO: 0 processes.
INFO: Build completed successfully, 1 total action
INFO: Running command line: bazel-bin/cmd/blake3zcc_hasher/linux_amd64_stripped/blake3zcc_hasher -a localhost:8980 -d /home/scott/buildbarn/blake-client/experiments/e9 -c 3 '-b=false'
INFO: Build completed successfully, 1 total action
2021/02/04 12:20:53 Hash: de25a87f4acbc7e902422caab5fbf0f0d91e6e8666188658411687f4a515bd66
2021/02/04 12:20:55 Hash: af8747f05455b99fbc76130fdbcbf0eb18681a825495fa3a7711209e2d5e3af3
2021/02/04 12:20:55 Hash: 1d0774e69d61dbcc878f8ac44001bee636319cb5326a2b0420c1aefdfeca9275
2021/02/04 12:20:55 Hash: fc8f7ebcae29b1a99f8ef31c259df5db6244c70ebfb86af990c2af6cd4ee41fc
2021/02/04 12:20:55 Hash: a6e52096aa31f9bc112b2211f66e9c15cadb974fb0d980465fd4c7cbb4f0477f
2021/02/04 12:20:55 Time Hashing: 1.844636782s
2021/02/04 12:20:55 Error finalising blob uploads EOF
