Loading: 
Loading: 0 packages loaded
Analyzing: target //cmd/blake3zcc_hasher:blake3zcc_hasher (0 packages loaded, 0 targets configured)
INFO: Analyzed target //cmd/blake3zcc_hasher:blake3zcc_hasher (0 packages loaded, 0 targets configured).
INFO: Found 1 target...
[0 / 1] [Prepa] BazelWorkspaceStatusAction stable-status.txt
Target //cmd/blake3zcc_hasher:blake3zcc_hasher up-to-date:
  bazel-bin/cmd/blake3zcc_hasher/linux_amd64_stripped/blake3zcc_hasher
INFO: Elapsed time: 0.094s, Critical Path: 0.00s
INFO: 0 processes.
INFO: Build completed successfully, 1 total action
INFO: Running command line: bazel-bin/cmd/blake3zcc_hasher/linux_amd64_stripped/blake3zcc_hasher -a localhost:8980 -d /home/scott/buildbarn/blake-client/experiments/e7 -c 2 '-b=true'
INFO: Build completed successfully, 1 total action
2021/02/19 16:47:47 Hash: B3Z:6ef6b4a9579e1a902114eec0247e0b5a2fdde1176f6682e985b7343e261b1296
2021/02/19 16:47:48 Hash: B3Z:48bfa2c5c40ab7e81e2893e2c9394b768f7f4cc6300f86b8d23973b548b5715e
2021/02/19 16:47:48 Hash: B3Z:ffa328f23aa90d8e15aa4a61200e155a214553755acaf568156dc4b7419d0c77
2021/02/19 16:47:48 Hash: B3Z:d9255d8105ee52b23f018fbd0eb54ae8d464e1f3b0c8729492b39af69afd9ec0
2021/02/19 16:47:48 Hash: B3Z:b71aad7fe9d623b77e5e003d8cc8ad4bea5c12d5fcbe01f85bd8ee7d874c42b2
2021/02/19 16:47:48 Action Digest: [183 26 173 127 233 214 35 183 126 94 0 61 140 200 173 75 234 92 18 213 252 190 1 248 91 216 238 125 135 76 66 178] b71aad7fe9d623b77e5e003d8cc8ad4bea5c12d5fcbe01f85bd8ee7d874c42b2  76
2021/02/19 16:47:48 Bytes Uploaded: 76
2021/02/19 16:47:48 Bytes Hashed: 1121976527
2021/02/19 16:47:48 Time Hashing: 2.283976001s
2021/02/19 16:47:48 Time Uploading: 1.070717ms
2021/02/19 16:47:48 Time Finding Missing Blobs: 182.70599ms
2021/02/19 16:48:51 Execute response: result:<execution_metadata:<worker:"{\"datacenter\":\"paris\",\"hostname\":\"ubuntu-worker.example.com\",\"rack\":\"4\",\"slot\":\"15\",\"thread\":\"2\"}" queued_timestamp:<seconds:1613753268 nanos:976834186 > worker_start_timestamp:<seconds:1613753268 nanos:977429699 > worker_completed_timestamp:<seconds:1613753331 nanos:447757121 > input_fetch_start_timestamp:<seconds:1613753268 nanos:977529296 > input_fetch_completed_timestamp:<seconds:1613753328 nanos:419987724 > execution_start_timestamp:<seconds:1613753328 nanos:419987724 > execution_completed_timestamp:<seconds:1613753329 nanos:2850637 > output_upload_start_timestamp:<seconds:1613753329 nanos:2850637 > output_upload_completed_timestamp:<seconds:1613753331 nanos:447757121 > auxiliary_metadata:<type_url:"type.googleapis.com/buildbarn.resourceusage.POSIXResourceUsage" value:"\n\005\020\320\266\355\001\022\006\020\370\247\372\216\002\030\200\200\274\t8\312\001@\001P X\210\340\205\001x\004\200\001\023" > auxiliary_metadata:<type_url:"type.googleapis.com/buildbarn.resourceusage.FilePoolResourceUsage" > > > status:<code:3 message:"Failed to store output file \"out\": Failed to upload file: Buffer requires a manifest that is 8765537 bytes in size, while a maximum of 8388608 bytes is permitted" > message:"Action details (uncached result): /uncached_action_result/blake-client/B3Z:6daff3fb1ba3c3d5d510d8754aa20b6d844c33dbbfe8f49b34cebc1ad18d0af1/613/" 
