Loading: 
Loading: 0 packages loaded
Analyzing: target //cmd/blake3zcc_hasher:blake3zcc_hasher (0 packages loaded, 0 targets configured)
INFO: Analyzed target //cmd/blake3zcc_hasher:blake3zcc_hasher (0 packages loaded, 0 targets configured).
INFO: Found 1 target...
[0 / 1] [Prepa] BazelWorkspaceStatusAction stable-status.txt
Target //cmd/blake3zcc_hasher:blake3zcc_hasher up-to-date:
  bazel-bin/cmd/blake3zcc_hasher/linux_amd64_stripped/blake3zcc_hasher
INFO: Elapsed time: 0.066s, Critical Path: 0.00s
INFO: 0 processes.
INFO: Build completed successfully, 1 total action
INFO: Running command line: bazel-bin/cmd/blake3zcc_hasher/linux_amd64_stripped/blake3zcc_hasher -a localhost:8980 -d /home/scott/buildbarn/blake-client/experiments/e4 -c 4 '-b=true'
INFO: Build completed successfully, 1 total action
2021/02/04 12:53:53 Hash: B3Z:6ef6b4a9579e1a902114eec0247e0b5a2fdde1176f6682e985b7343e261b1296
2021/02/04 12:53:54 Hash: B3Z:cf1dd238456e6edde2463f09b51051a6bb87e04f1cdea0e2147089f810c590de
2021/02/04 12:53:54 Hash: B3Z:9b06c6daf43bc9e5f352c960c1ac879bad8bed2e49b2a93e38887a79c8a5e5d6
2021/02/04 12:53:54 Command: arguments:"sh" arguments:"-c" arguments:"cp in0 out && printf ' ' | dd of=out bs=1 count=1 seek=144179200 conv=notrunc" output_paths:"out" 
2021/02/04 12:53:54 Hash: B3Z:7753f8339098a8086bf80f5dd1636932e33f1f6730f916bcd2f85813c0b7fea9
2021/02/04 12:53:54 Hash: B3Z:326108b5eda8a72e79410f318e72ed29dd79804951f20d76772369e0dbd2dc39
2021/02/04 12:53:54 Time Hashing: 1.69062747s
2021/02/04 12:53:54 Action Digest: [50 97 8 181 237 168 167 46 121 65 15 49 142 114 237 41 221 121 128 73 81 242 13 118 119 35 105 224 219 210 220 57] 326108b5eda8a72e79410f318e72ed29dd79804951f20d76772369e0dbd2dc39  76
2021/02/04 12:53:54 Bytes Uploaded: 168
2021/02/04 12:53:54 Time Uploading: 1.046513ms
2021/02/04 12:53:54 Time Finding Missing Blobs: 106.230488ms
2021/02/04 12:53:56 Execute response: result:<output_files:<path:"out" digest:<size_bytes:288358401 hash_blake3zcc:"\232\215S\372\261p,\332\363\261\310\324\373\223\237\276Z\177W&\330\243yH\021\003\321v\244\001\226\343" > > stderr_digest:<size_bytes:69 hash_blake3zcc:"\037\266b\027\017\222 -\326/\304\r4\323\341\357\203\263Sd\240\260BM8\216\275\030\025\376O\205" > execution_metadata:<worker:"{\"datacenter\":\"paris\",\"hostname\":\"ubuntu-worker.example.com\",\"rack\":\"4\",\"slot\":\"15\",\"thread\":\"4\"}" queued_timestamp:<seconds:1612443234 nanos:588304157 > worker_start_timestamp:<seconds:1612443234 nanos:588558678 > worker_completed_timestamp:<seconds:1612443236 nanos:664159908 > input_fetch_start_timestamp:<seconds:1612443234 nanos:588682683 > input_fetch_completed_timestamp:<seconds:1612443234 nanos:588753289 > execution_start_timestamp:<seconds:1612443234 nanos:588753289 > execution_completed_timestamp:<seconds:1612443234 nanos:753986781 > output_upload_start_timestamp:<seconds:1612443234 nanos:753986781 > output_upload_completed_timestamp:<seconds:1612443236 nanos:664159908 > auxiliary_metadata:<type_url:"type.googleapis.com/buildbarn.resourceusage.POSIXResourceUsage" value:"\n\005\020\310\243\220\002\022\005\020\360\353\341H\030\200\340\207\n8\305\002@\003P\240\002X\220\260\"x\n\200\0010" > auxiliary_metadata:<type_url:"type.googleapis.com/buildbarn.resourceusage.FilePoolResourceUsage" > > > message:"Action details (cached result): /action/blake-client/B3Z:326108b5eda8a72e79410f318e72ed29dd79804951f20d76772369e0dbd2dc39/76/" 
