Loading: 
Loading: 0 packages loaded
Analyzing: target //cmd/blake3zcc_hasher:blake3zcc_hasher (0 packages loaded, 0 targets configured)
INFO: Analyzed target //cmd/blake3zcc_hasher:blake3zcc_hasher (0 packages loaded, 0 targets configured).
INFO: Found 1 target...
[0 / 1] [Prepa] BazelWorkspaceStatusAction stable-status.txt
Target //cmd/blake3zcc_hasher:blake3zcc_hasher up-to-date:
  bazel-bin/cmd/blake3zcc_hasher/linux_amd64_stripped/blake3zcc_hasher
INFO: Elapsed time: 0.090s, Critical Path: 0.00s
INFO: 0 processes.
INFO: Build completed successfully, 1 total action
INFO: Running command line: bazel-bin/cmd/blake3zcc_hasher/linux_amd64_stripped/blake3zcc_hasher -a localhost:8980 -d /home/scott/buildbarn/blake-client/experiments/e9 -c 2 '-b=true'
INFO: Build completed successfully, 1 total action
2021/02/19 16:51:37 Hash: B3Z:9b6701e748e821ebfb052b1214508749883cf66134aa79991c6423435acdb90f
2021/02/19 16:51:38 Hash: B3Z:48bfa2c5c40ab7e81e2893e2c9394b768f7f4cc6300f86b8d23973b548b5715e
2021/02/19 16:51:38 Hash: B3Z:8678880d1931e1a05d634800698253b72853c542c7dd904971b3a9ed0cc08645
2021/02/19 16:51:38 Hash: B3Z:d9255d8105ee52b23f018fbd0eb54ae8d464e1f3b0c8729492b39af69afd9ec0
2021/02/19 16:51:38 Hash: B3Z:9291322e49b1509097d5d187d8b5bd95e86b020b97b70c8f37490725da675a20
2021/02/19 16:51:38 Action Digest: [146 145 50 46 73 177 80 144 151 213 209 135 216 181 189 149 232 107 2 11 151 183 12 143 55 73 7 37 218 103 90 32] 9291322e49b1509097d5d187d8b5bd95e86b020b97b70c8f37490725da675a20  76
2021/02/19 16:51:38 Bytes Uploaded: 174
2021/02/19 16:51:38 Bytes Hashed: 844103887
2021/02/19 16:51:38 Time Hashing: 1.882822453s
2021/02/19 16:51:38 Time Uploading: 860.35µs
2021/02/19 16:51:38 Time Finding Missing Blobs: 124.223607ms
2021/02/19 16:51:59 Execute response: result:<output_files:<path:"out" digest:<size_bytes:844103681 hash_blake3zcc:"D\276\233\320\212\375\237\237l\3422\t\375\224*\332\256XnJ\375b\010\347\013\233\273\305\347vs\271" > > execution_metadata:<worker:"{\"datacenter\":\"paris\",\"hostname\":\"ubuntu-worker.example.com\",\"rack\":\"4\",\"slot\":\"15\",\"thread\":\"1\"}" queued_timestamp:<seconds:1613753498 nanos:880930209 > worker_start_timestamp:<seconds:1613753498 nanos:881191499 > worker_completed_timestamp:<seconds:1613753519 nanos:452861829 > input_fetch_start_timestamp:<seconds:1613753498 nanos:881362166 > input_fetch_completed_timestamp:<seconds:1613753513 nanos:345040610 > execution_start_timestamp:<seconds:1613753513 nanos:345040610 > execution_completed_timestamp:<seconds:1613753513 nanos:856877680 > output_upload_start_timestamp:<seconds:1613753513 nanos:856877680 > output_upload_completed_timestamp:<seconds:1613753519 nanos:452861829 > auxiliary_metadata:<type_url:"type.googleapis.com/buildbarn.resourceusage.POSIXResourceUsage" value:"\n\004\020\310\213\036\022\006\020\350\213\326\317\001\030\200\200\274\t8\312\001P\250)X\210\320dx\r\200\001)" > auxiliary_metadata:<type_url:"type.googleapis.com/buildbarn.resourceusage.FilePoolResourceUsage" > > > message:"Action details (cached result): /action/blake-client/B3Z:9291322e49b1509097d5d187d8b5bd95e86b020b97b70c8f37490725da675a20/76/" 
