Loading: 
Loading: 0 packages loaded
Analyzing: target //cmd/blake3zcc_hasher:blake3zcc_hasher (0 packages loaded, 0 targets configured)
INFO: Analyzed target //cmd/blake3zcc_hasher:blake3zcc_hasher (0 packages loaded, 0 targets configured).
INFO: Found 1 target...
[0 / 1] [Prepa] BazelWorkspaceStatusAction stable-status.txt
Target //cmd/blake3zcc_hasher:blake3zcc_hasher up-to-date:
  bazel-bin/cmd/blake3zcc_hasher/linux_amd64_stripped/blake3zcc_hasher
INFO: Elapsed time: 0.117s, Critical Path: 0.00s
INFO: 0 processes.
INFO: Build completed successfully, 1 total action
INFO: Running command line: bazel-bin/cmd/blake3zcc_hasher/linux_amd64_stripped/blake3zcc_hasher -a localhost:8980 -d /home/scott/buildbarn/blake-client/experiments/e12 -c 3 '-b=true'
INFO: Build completed successfully, 1 total action
2021/02/01 15:05:20 Hash: B3Z:9b6701e748e821ebfb052b1214508749883cf66134aa79991c6423435acdb90f
2021/02/01 15:05:21 Hash: B3Z:cf1dd238456e6edde2463f09b51051a6bb87e04f1cdea0e2147089f810c590de
2021/02/01 15:05:21 Hash: B3Z:18d9090c2bd9bb269e84615a3b6d82a2501650f4fc2bb752e88696409f1136bd
2021/02/01 15:05:21 Hash: B3Z:0379138517bc5811e645894edbef883e8d64f9056cdb7bdb54e23e31a6367972
2021/02/01 15:05:21 Hash: B3Z:ab09d172876b7df9f912336e4cc4ea00a5c5553567fc601ac475e1162f5c36b0
2021/02/01 15:05:21 Action Digest: [171 9 209 114 135 107 125 249 249 18 51 110 76 196 234 0 165 197 85 53 103 252 96 26 196 117 225 22 47 92 54 176] ab09d172876b7df9f912336e4cc4ea00a5c5553567fc601ac475e1162f5c36b0  76
2021/02/01 15:05:21 Bytes Uploaded: 76
2021/02/01 15:05:21 Time Hashing: 2.301796885s
2021/02/01 15:05:21 Time Uploading: 427.092µs
2021/02/01 15:05:21 Time Finding Missing Blobs: 99.150267ms
2021/02/01 15:05:25 Execute response: result:<output_files:<path:"out" digest:<size_bytes:277872640 hash_blake3zcc:"\233g\001\347H\350!\353\373\005+\022\024P\207I\210<\366a4\252y\231\034d#CZ\315\271\017" > > execution_metadata:<worker:"{\"datacenter\":\"paris\",\"hostname\":\"ubuntu-worker.example.com\",\"rack\":\"4\",\"slot\":\"15\",\"thread\":\"7\"}" queued_timestamp:<seconds:1612191921 nanos:703734326 > worker_start_timestamp:<seconds:1612191921 nanos:704001506 > worker_completed_timestamp:<seconds:1612191925 nanos:398120261 > input_fetch_start_timestamp:<seconds:1612191921 nanos:704105202 > input_fetch_completed_timestamp:<seconds:1612191921 nanos:704194543 > execution_start_timestamp:<seconds:1612191921 nanos:704194543 > execution_completed_timestamp:<seconds:1612191921 nanos:863752782 > output_upload_start_timestamp:<seconds:1612191921 nanos:863752782 > output_upload_completed_timestamp:<seconds:1612191925 nanos:398120261 > auxiliary_metadata:<type_url:"type.googleapis.com/buildbarn.resourceusage.POSIXResourceUsage" value:"\n\004\020\340\375\037\022\005\020\260\365\300K\030\200\300\264\t8\241\002X\210\260\"x\005\200\001\004" > auxiliary_metadata:<type_url:"type.googleapis.com/buildbarn.resourceusage.FilePoolResourceUsage" > > > message:"Action details (cached result): /action/blake-client/B3Z:ab09d172876b7df9f912336e4cc4ea00a5c5553567fc601ac475e1162f5c36b0/76/" 
