Starting local Bazel server and connecting to it...
Loading: 
Loading: 0 packages loaded
Loading: 0 packages loaded
Loading: 0 packages loaded
    currently loading: cmd/blake3zcc_hasher
Analyzing: target //cmd/blake3zcc_hasher:blake3zcc_hasher (1 packages loaded, 0 targets configured)
Analyzing: target //cmd/blake3zcc_hasher:blake3zcc_hasher (14 packages loaded, 32 targets configured)
Analyzing: target //cmd/blake3zcc_hasher:blake3zcc_hasher (55 packages loaded, 677 targets configured)
Analyzing: target //cmd/blake3zcc_hasher:blake3zcc_hasher (123 packages loaded, 5466 targets configured)
Analyzing: target //cmd/blake3zcc_hasher:blake3zcc_hasher (171 packages loaded, 8358 targets configured)
INFO: Analyzed target //cmd/blake3zcc_hasher:blake3zcc_hasher (195 packages loaded, 8620 targets configured).

INFO: Found 1 target...
[0 / 4] [Prepa] BazelWorkspaceStatusAction stable-status.txt
[313 / 551] checking cached actions
Target //cmd/blake3zcc_hasher:blake3zcc_hasher up-to-date:
  bazel-bin/cmd/blake3zcc_hasher/blake3zcc_hasher_/blake3zcc_hasher
INFO: Elapsed time: 14.993s, Critical Path: 0.64s
INFO: 0 processes.
INFO: Build completed successfully, 1 total action
INFO: Running command line: bazel-bin/cmd/blake3zcc_hasher/blake3zcc_hasher_/blake3zcc_hasher -a localhost:8980 -d /home/debian/blake-client/experiments/e1 -c 0 '-b=true'
INFO: Build completed successfully, 1 total action
2021/03/14 23:08:18 Hash: B3Z:f0662e5527ac19f23b9f697db09eb6971049101a1907538212a830d7cd206061
2021/03/14 23:08:18 Hash: B3Z:d6fd9de5bccf223f523b316c9cd1cf9a9d87ea42473d68e011dad13f09bf8917
2021/03/14 23:08:18 Hash: B3Z:d13c33ab66afaf85997bf7b7bb29609c3b4c3e311b259a23cb6e5eb8972da3b7
2021/03/14 23:08:18 Hash: B3Z:0efe2b763d0ef25ab606352f2bdaf1041c4cc049855cbb1ed1c45be863334bcd
2021/03/14 23:08:18 Hash: B3Z:116b74052456df4dd4ff83ab1e4d191d47be793c1f3e4fad3ed20007f0588cce
2021/03/14 23:08:18 Time Hashing: 33.893µs
2021/03/14 23:08:18 Bytes Hashed: 2747
2021/03/14 23:08:18 Action Digest: [17 107 116 5 36 86 223 77 212 255 131 171 30 77 25 29 71 190 121 60 31 62 79 173 62 210 0 7 240 88 140 206] 116b74052456df4dd4ff83ab1e4d191d47be793c1f3e4fad3ed20007f0588cce  76
2021/03/14 23:08:18 Bytes Uploaded: 2747
2021/03/14 23:08:18 Time Uploading: 3.253166ms
2021/03/14 23:08:18 Time Finding Missing Blobs: 7.846514ms
2021/03/14 23:08:18 Execute response: result:{output_files:{path:"out"  digest:{size_bytes:1024  hash_blake3zcc:"\xd6\xfd\x9d\xe5\xbc\xcf\"?R;1l\x9c\xd1Ϛ\x9d\x87\xeaBG=h\xe0\x11\xda\xd1?\t\xbf\x89\x17"}}  execution_metadata:{worker:"{\"datacenter\":\"paris\",\"hostname\":\"ubuntu-worker.example.com\",\"rack\":\"4\",\"slot\":\"15\",\"thread\":\"1\"}"  queued_timestamp:{seconds:1615763298  nanos:521491433}  worker_start_timestamp:{seconds:1615763298  nanos:522234270}  worker_completed_timestamp:{seconds:1615763298  nanos:541749948}  input_fetch_start_timestamp:{seconds:1615763298  nanos:522755116}  input_fetch_completed_timestamp:{seconds:1615763298  nanos:526903032}  execution_start_timestamp:{seconds:1615763298  nanos:526903032}  execution_completed_timestamp:{seconds:1615763298  nanos:540825929}  output_upload_start_timestamp:{seconds:1615763298  nanos:540825929}  output_upload_completed_timestamp:{seconds:1615763298  nanos:541749948}  auxiliary_metadata:{type_url:"type.googleapis.com/buildbarn.resourceusage.POSIXResourceUsage"  value:"\n\x04\x10\xe0\x82H\x12\x00\x18\x80\xa0\xa7\x0e8`@\x07P\x90\x03X\x08x\t\x80\x01\x02"}  auxiliary_metadata:{type_url:"type.googleapis.com/buildbarn.resourceusage.FilePoolResourceUsage"}}}  message:"Action details (cached result): /action/blake-client/B3Z:116b74052456df4dd4ff83ab1e4d191d47be793c1f3e4fad3ed20007f0588cce/76/"
