Loading: 
Loading: 0 packages loaded
Analyzing: target //cmd/blake3zcc_hasher:blake3zcc_hasher (0 packages loaded, 0 targets configured)
INFO: Analyzed target //cmd/blake3zcc_hasher:blake3zcc_hasher (0 packages loaded, 0 targets configured).
INFO: Found 1 target...
[0 / 1] [Prepa] BazelWorkspaceStatusAction stable-status.txt
Target //cmd/blake3zcc_hasher:blake3zcc_hasher up-to-date:
  bazel-bin/cmd/blake3zcc_hasher/blake3zcc_hasher_/blake3zcc_hasher
INFO: Elapsed time: 0.213s, Critical Path: 0.00s
INFO: 0 processes.
INFO: Build completed successfully, 1 total action
INFO: Running command line: bazel-bin/cmd/blake3zcc_hasher/blake3zcc_hasher_/blake3zcc_hasher -a localhost:8980 -d /home/debian/blake-client/experiments/e1 -c 2 '-b=true'
INFO: Build completed successfully, 1 total action
2021/03/14 23:08:19 Hash: B3Z:f0662e5527ac19f23b9f697db09eb6971049101a1907538212a830d7cd206061
2021/03/14 23:08:19 Hash: B3Z:d6fd9de5bccf223f523b316c9cd1cf9a9d87ea42473d68e011dad13f09bf8917
2021/03/14 23:08:19 Hash: B3Z:d13c33ab66afaf85997bf7b7bb29609c3b4c3e311b259a23cb6e5eb8972da3b7
2021/03/14 23:08:19 Hash: B3Z:d9255d8105ee52b23f018fbd0eb54ae8d464e1f3b0c8729492b39af69afd9ec0
2021/03/14 23:08:19 Hash: B3Z:d0f07c58a7fe70d3cff9b4d99c7a62a489f88c113cea222c037ae7eba222f16d
2021/03/14 23:08:19 Time Hashing: 29.794µs
2021/03/14 23:08:19 Bytes Hashed: 2760
2021/03/14 23:08:19 Action Digest: [208 240 124 88 167 254 112 211 207 249 180 217 156 122 98 164 137 248 140 17 60 234 34 44 3 122 231 235 162 34 241 109] d0f07c58a7fe70d3cff9b4d99c7a62a489f88c113cea222c037ae7eba222f16d  76
2021/03/14 23:08:19 Bytes Uploaded: 108
2021/03/14 23:08:19 Time Uploading: 2.32273ms
2021/03/14 23:08:19 Time Finding Missing Blobs: 2.780603ms
2021/03/14 23:08:19 Execute response: result:{output_files:{path:"out"  digest:{size_bytes:2560  hash_blake3zcc:"\xfd\xd5\\9R\xdek<\xe8?\xb4\x8c\xd9و\xb0:\xceJ\xf2+\xfc2\x97\x88\xfc\xe2\x18\xab\xf6\xbbA"}}  execution_metadata:{worker:"{\"datacenter\":\"paris\",\"hostname\":\"ubuntu-worker.example.com\",\"rack\":\"4\",\"slot\":\"15\",\"thread\":\"2\"}"  queued_timestamp:{seconds:1615763299  nanos:207957825}  worker_start_timestamp:{seconds:1615763299  nanos:208385288}  worker_completed_timestamp:{seconds:1615763299  nanos:212973070}  input_fetch_start_timestamp:{seconds:1615763299  nanos:208542318}  input_fetch_completed_timestamp:{seconds:1615763299  nanos:209609865}  execution_start_timestamp:{seconds:1615763299  nanos:209609865}  execution_completed_timestamp:{seconds:1615763299  nanos:211900109}  output_upload_start_timestamp:{seconds:1615763299  nanos:211900109}  output_upload_completed_timestamp:{seconds:1615763299  nanos:212973070}  auxiliary_metadata:{type_url:"type.googleapis.com/buildbarn.resourceusage.POSIXResourceUsage"  value:"\n\x04\x10\xe8\xc1@\x12\x00\x18\x80\xa0\xa7\x0e8\x8b\x01X\x08x\x03\x80\x01\x04"}  auxiliary_metadata:{type_url:"type.googleapis.com/buildbarn.resourceusage.FilePoolResourceUsage"}}}  message:"Action details (cached result): /action/blake-client/B3Z:d0f07c58a7fe70d3cff9b4d99c7a62a489f88c113cea222c037ae7eba222f16d/76/"
