Loading: 
Loading: 0 packages loaded
Analyzing: target //cmd/blake3zcc_hasher:blake3zcc_hasher (0 packages loaded, 0 targets configured)
INFO: Analyzed target //cmd/blake3zcc_hasher:blake3zcc_hasher (0 packages loaded, 0 targets configured).
INFO: Found 1 target...
[0 / 1] [Prepa] BazelWorkspaceStatusAction stable-status.txt
Target //cmd/blake3zcc_hasher:blake3zcc_hasher up-to-date:
  bazel-bin/cmd/blake3zcc_hasher/blake3zcc_hasher_/blake3zcc_hasher
INFO: Elapsed time: 0.197s, Critical Path: 0.01s
INFO: 0 processes.
INFO: Build completed successfully, 1 total action
INFO: Running command line: bazel-bin/cmd/blake3zcc_hasher/blake3zcc_hasher_/blake3zcc_hasher -a localhost:8980 -d /home/debian/blake-client/experiments/e12 -c 3 '-b=true'
INFO: Build completed successfully, 1 total action
2021/03/14 23:08:21 Hash: B3Z:d6fd9de5bccf223f523b316c9cd1cf9a9d87ea42473d68e011dad13f09bf8917
2021/03/14 23:08:21 Hash: B3Z:f0662e5527ac19f23b9f697db09eb6971049101a1907538212a830d7cd206061
2021/03/14 23:08:21 Hash: B3Z:02ab4a2804232bd723b5941e7d456c5b9bd03dd581e7a9c25e9e8634bfc6f785
2021/03/14 23:08:21 Hash: B3Z:0379138517bc5811e645894edbef883e8d64f9056cdb7bdb54e23e31a6367972
2021/03/14 23:08:21 Hash: B3Z:c019e8fadb3657e3cb66cc13ca541cf4be7377de46740fab6744163765adea95
2021/03/14 23:08:21 Time Hashing: 24.744µs
2021/03/14 23:08:21 Bytes Hashed: 2776
2021/03/14 23:08:21 Action Digest: [192 25 232 250 219 54 87 227 203 102 204 19 202 84 28 244 190 115 119 222 70 116 15 171 103 68 22 55 101 173 234 149] c019e8fadb3657e3cb66cc13ca541cf4be7377de46740fab6744163765adea95  76
2021/03/14 23:08:21 Bytes Uploaded: 76
2021/03/14 23:08:21 Time Uploading: 2.105414ms
2021/03/14 23:08:21 Time Finding Missing Blobs: 1.788986ms
2021/03/14 23:08:21 Execute response: result:{output_files:{path:"out"  digest:{size_bytes:1024  hash_blake3zcc:"\xd6\xfd\x9d\xe5\xbc\xcf\"?R;1l\x9c\xd1Ϛ\x9d\x87\xeaBG=h\xe0\x11\xda\xd1?\t\xbf\x89\x17"}}  execution_metadata:{worker:"{\"datacenter\":\"paris\",\"hostname\":\"ubuntu-worker.example.com\",\"rack\":\"4\",\"slot\":\"15\",\"thread\":\"2\"}"  queued_timestamp:{seconds:1615763301  nanos:206440974}  worker_start_timestamp:{seconds:1615763301  nanos:206740696}  worker_completed_timestamp:{seconds:1615763301  nanos:213508054}  input_fetch_start_timestamp:{seconds:1615763301  nanos:206908552}  input_fetch_completed_timestamp:{seconds:1615763301  nanos:208202504}  execution_start_timestamp:{seconds:1615763301  nanos:208202504}  execution_completed_timestamp:{seconds:1615763301  nanos:211878046}  output_upload_start_timestamp:{seconds:1615763301  nanos:211878046}  output_upload_completed_timestamp:{seconds:1615763301  nanos:213508054}  auxiliary_metadata:{type_url:"type.googleapis.com/buildbarn.resourceusage.POSIXResourceUsage"  value:"\n\x05\x10\xb0ۃ\x01\x12\x00\x18\x80\xa0\xa7\x0e8\x82\x02X\x08x\x05\x80\x01\n"}  auxiliary_metadata:{type_url:"type.googleapis.com/buildbarn.resourceusage.FilePoolResourceUsage"}}}  message:"Action details (cached result): /action/blake-client/B3Z:c019e8fadb3657e3cb66cc13ca541cf4be7377de46740fab6744163765adea95/76/"
