Loading: 
Loading: 0 packages loaded
Analyzing: target //cmd/blake3zcc_hasher:blake3zcc_hasher (0 packages loaded, 0 targets configured)
INFO: Analyzed target //cmd/blake3zcc_hasher:blake3zcc_hasher (0 packages loaded, 0 targets configured).
INFO: Found 1 target...
[0 / 1] [Prepa] BazelWorkspaceStatusAction stable-status.txt
Target //cmd/blake3zcc_hasher:blake3zcc_hasher up-to-date:
  bazel-bin/cmd/blake3zcc_hasher/blake3zcc_hasher_/blake3zcc_hasher
INFO: Elapsed time: 0.151s, Critical Path: 0.00s
INFO: 0 processes.
INFO: Build completed successfully, 1 total action
INFO: Running command line: bazel-bin/cmd/blake3zcc_hasher/blake3zcc_hasher_/blake3zcc_hasher -a localhost:8980 -d /home/debian/blake-client/experiments/e2 -c 3 '-b=true'
INFO: Build completed successfully, 1 total action
2021/03/14 23:08:21 Hash: B3Z:befe2c5e66314b31306be15ce2b32c0d3f6e986f52a1cf9c8b7d26be8348bbb7
2021/03/14 23:08:21 Hash: B3Z:d6fd9de5bccf223f523b316c9cd1cf9a9d87ea42473d68e011dad13f09bf8917
2021/03/14 23:08:21 Hash: B3Z:a4ea8d870cd11e1ca62800b683c521451e157f770754a5a98354c09b4bd8de56
2021/03/14 23:08:21 Hash: B3Z:0379138517bc5811e645894edbef883e8d64f9056cdb7bdb54e23e31a6367972
2021/03/14 23:08:21 Hash: B3Z:4652e1e925fa9be9e501dd65bbcdf564f7249f2ab35600835633f7f7665e64df
2021/03/14 23:08:21 Time Hashing: 39.38µs
2021/03/14 23:08:21 Bytes Hashed: 8920
2021/03/14 23:08:21 Action Digest: [70 82 225 233 37 250 155 233 229 1 221 101 187 205 245 100 247 36 159 42 179 86 0 131 86 51 247 247 102 94 100 223] 4652e1e925fa9be9e501dd65bbcdf564f7249f2ab35600835633f7f7665e64df  76
2021/03/14 23:08:21 Bytes Uploaded: 76
2021/03/14 23:08:21 Time Uploading: 959.535µs
2021/03/14 23:08:21 Time Finding Missing Blobs: 1.275575ms
2021/03/14 23:08:21 Execute response: result:{output_files:{path:"out"  digest:{size_bytes:7680  hash_blake3zcc:"\xbe\xfe,^f1K10k\xe1\\\xe2\xb3,\r?n\x98oR\xa1Ϝ\x8b}&\xbe\x83H\xbb\xb7"}}  execution_metadata:{worker:"{\"datacenter\":\"paris\",\"hostname\":\"ubuntu-worker.example.com\",\"rack\":\"4\",\"slot\":\"15\",\"thread\":\"6\"}"  queued_timestamp:{seconds:1615763301  nanos:630861895}  worker_start_timestamp:{seconds:1615763301  nanos:631644805}  worker_completed_timestamp:{seconds:1615763301  nanos:637568294}  input_fetch_start_timestamp:{seconds:1615763301  nanos:632131534}  input_fetch_completed_timestamp:{seconds:1615763301  nanos:633014728}  execution_start_timestamp:{seconds:1615763301  nanos:633014728}  execution_completed_timestamp:{seconds:1615763301  nanos:636991543}  output_upload_start_timestamp:{seconds:1615763301  nanos:636991543}  output_upload_completed_timestamp:{seconds:1615763301  nanos:637568294}  auxiliary_metadata:{type_url:"type.googleapis.com/buildbarn.resourceusage.POSIXResourceUsage"  value:"\n\x05\x10о\x97\x01\x12\x00\x18\x80\xa0\xa7\x0e8\x84\x02X\x08x\x05\x80\x01\x0c"}  auxiliary_metadata:{type_url:"type.googleapis.com/buildbarn.resourceusage.FilePoolResourceUsage"}}}  message:"Action details (cached result): /action/blake-client/B3Z:4652e1e925fa9be9e501dd65bbcdf564f7249f2ab35600835633f7f7665e64df/76/"
