Loading: 
Loading: 0 packages loaded
Analyzing: target //cmd/blake3zcc_hasher:blake3zcc_hasher (0 packages loaded, 0 targets configured)
INFO: Analyzed target //cmd/blake3zcc_hasher:blake3zcc_hasher (0 packages loaded, 0 targets configured).
INFO: Found 1 target...
[0 / 1] [Prepa] BazelWorkspaceStatusAction stable-status.txt
Target //cmd/blake3zcc_hasher:blake3zcc_hasher up-to-date:
  bazel-bin/cmd/blake3zcc_hasher/blake3zcc_hasher_/blake3zcc_hasher
INFO: Elapsed time: 0.133s, Critical Path: 0.00s
INFO: 0 processes.
INFO: Build completed successfully, 1 total action
INFO: Running command line: bazel-bin/cmd/blake3zcc_hasher/blake3zcc_hasher_/blake3zcc_hasher -a localhost:8980 -d /home/debian/blake-client/experiments/e6 -c 0 '-b=true'
INFO: Build completed successfully, 1 total action
2021/03/14 23:08:23 Hash: B3Z:5dd8ca499a27fdca7781b2347ef1c99c32601170d215b7940fe94959c74e9722
2021/03/14 23:08:23 Hash: B3Z:befe2c5e66314b31306be15ce2b32c0d3f6e986f52a1cf9c8b7d26be8348bbb7
2021/03/14 23:08:23 Hash: B3Z:b9c6ea034da937ff83347e60a681dbacf9bed3fec0cfcf6208663f6e5a85c71f
2021/03/14 23:08:23 Hash: B3Z:0efe2b763d0ef25ab606352f2bdaf1041c4cc049855cbb1ed1c45be863334bcd
2021/03/14 23:08:23 Hash: B3Z:c216325e4be4b7bb16bcac527706a8da428a3aa59a365cacd0a7250950ccf3f9
2021/03/14 23:08:23 Time Hashing: 76.333µs
2021/03/14 23:08:23 Bytes Hashed: 16059
2021/03/14 23:08:23 Action Digest: [194 22 50 94 75 228 183 187 22 188 172 82 119 6 168 218 66 138 58 165 154 54 92 172 208 167 37 9 80 204 243 249] c216325e4be4b7bb16bcac527706a8da428a3aa59a365cacd0a7250950ccf3f9  76
2021/03/14 23:08:23 Bytes Uploaded: 168
2021/03/14 23:08:23 Time Uploading: 1.770456ms
2021/03/14 23:08:23 Time Finding Missing Blobs: 1.829543ms
2021/03/14 23:08:23 Execute response: result:{output_files:{path:"out"  digest:{size_bytes:7680  hash_blake3zcc:"\xbe\xfe,^f1K10k\xe1\\\xe2\xb3,\r?n\x98oR\xa1Ϝ\x8b}&\xbe\x83H\xbb\xb7"}}  execution_metadata:{worker:"{\"datacenter\":\"paris\",\"hostname\":\"ubuntu-worker.example.com\",\"rack\":\"4\",\"slot\":\"15\",\"thread\":\"3\"}"  queued_timestamp:{seconds:1615763303  nanos:814324826}  worker_start_timestamp:{seconds:1615763303  nanos:815234234}  worker_completed_timestamp:{seconds:1615763303  nanos:820067116}  input_fetch_start_timestamp:{seconds:1615763303  nanos:815394061}  input_fetch_completed_timestamp:{seconds:1615763303  nanos:816508044}  execution_start_timestamp:{seconds:1615763303  nanos:816508044}  execution_completed_timestamp:{seconds:1615763303  nanos:818507925}  output_upload_start_timestamp:{seconds:1615763303  nanos:818507925}  output_upload_completed_timestamp:{seconds:1615763303  nanos:820067116}  auxiliary_metadata:{type_url:"type.googleapis.com/buildbarn.resourceusage.POSIXResourceUsage"  value:"\n\x04\x10\xd0\xf03\x12\x00\x18\x80\xa0\xa7\x0e8fX\x10x\x01\x80\x01\x04"}  auxiliary_metadata:{type_url:"type.googleapis.com/buildbarn.resourceusage.FilePoolResourceUsage"}}}  message:"Action details (cached result): /action/blake-client/B3Z:c216325e4be4b7bb16bcac527706a8da428a3aa59a365cacd0a7250950ccf3f9/76/"
