Loading: 
Loading: 0 packages loaded
Analyzing: target //cmd/blake3zcc_hasher:blake3zcc_hasher (0 packages loaded, 0 targets configured)
INFO: Analyzed target //cmd/blake3zcc_hasher:blake3zcc_hasher (0 packages loaded, 0 targets configured).
INFO: Found 1 target...
[0 / 1] [Prepa] BazelWorkspaceStatusAction stable-status.txt
Target //cmd/blake3zcc_hasher:blake3zcc_hasher up-to-date:
  bazel-bin/cmd/blake3zcc_hasher/blake3zcc_hasher_/blake3zcc_hasher
INFO: Elapsed time: 0.146s, Critical Path: 0.00s
INFO: 0 processes.
INFO: Build completed successfully, 1 total action
INFO: Running command line: bazel-bin/cmd/blake3zcc_hasher/blake3zcc_hasher_/blake3zcc_hasher -a localhost:8980 -d /home/debian/blake-client/experiments/e7 -c 1 '-b=true'
INFO: Build completed successfully, 1 total action
2021/03/14 23:08:24 Hash: B3Z:befe2c5e66314b31306be15ce2b32c0d3f6e986f52a1cf9c8b7d26be8348bbb7
2021/03/14 23:08:24 Hash: B3Z:5dd8ca499a27fdca7781b2347ef1c99c32601170d215b7940fe94959c74e9722
2021/03/14 23:08:24 Hash: B3Z:20131581920fe188fe268fd4cd8d7722e5bcefe80eba9bc68d773d47ee8eb222
2021/03/14 23:08:24 Hash: B3Z:95f1a8b8421e32df87826aa0d29f40b20c295a3f603de6d2533dc0d717f40852
2021/03/14 23:08:24 Hash: B3Z:f87201fda4690ee708fa25f0579bcdf3dbe08a5946b37302af2b3b7bf90b144a
2021/03/14 23:08:24 Time Hashing: 57.906µs
2021/03/14 23:08:24 Bytes Hashed: 16072
2021/03/14 23:08:24 Action Digest: [248 114 1 253 164 105 14 231 8 250 37 240 87 155 205 243 219 224 138 89 70 179 115 2 175 43 59 123 249 11 20 74] f87201fda4690ee708fa25f0579bcdf3dbe08a5946b37302af2b3b7bf90b144a  76
2021/03/14 23:08:24 Bytes Uploaded: 76
2021/03/14 23:08:24 Time Uploading: 1.170439ms
2021/03/14 23:08:24 Time Finding Missing Blobs: 1.512345ms
2021/03/14 23:08:24 Execute response: result:{output_files:{path:"out"  digest:{size_bytes:16384  hash_blake3zcc:"\xb0L\xb64\xfd\xfeo\x96K\xe0=\xe0U\x10\xf9\x01ӱ,)\xc0\x87\xb0\x9d\x9d2\xa4?橭6"}}  execution_metadata:{worker:"{\"datacenter\":\"paris\",\"hostname\":\"ubuntu-worker.example.com\",\"rack\":\"4\",\"slot\":\"15\",\"thread\":\"6\"}"  queued_timestamp:{seconds:1615763304  nanos:954758431}  worker_start_timestamp:{seconds:1615763304  nanos:955513052}  worker_completed_timestamp:{seconds:1615763304  nanos:961101845}  input_fetch_start_timestamp:{seconds:1615763304  nanos:955768393}  input_fetch_completed_timestamp:{seconds:1615763304  nanos:956724491}  execution_start_timestamp:{seconds:1615763304  nanos:956724491}  execution_completed_timestamp:{seconds:1615763304  nanos:959971745}  output_upload_start_timestamp:{seconds:1615763304  nanos:959971745}  output_upload_completed_timestamp:{seconds:1615763304  nanos:961101845}  auxiliary_metadata:{type_url:"type.googleapis.com/buildbarn.resourceusage.POSIXResourceUsage"  value:"\n\x04\x10ȖD\x12\x00\x18\x80\xa0\xa7\x0e8\x91\x01X x\x03\x80\x01\n"}  auxiliary_metadata:{type_url:"type.googleapis.com/buildbarn.resourceusage.FilePoolResourceUsage"}}}  message:"Action details (cached result): /action/blake-client/B3Z:f87201fda4690ee708fa25f0579bcdf3dbe08a5946b37302af2b3b7bf90b144a/76/"
