Loading: 
Loading: 0 packages loaded
Analyzing: target //cmd/blake3zcc_hasher:blake3zcc_hasher (0 packages loaded, 0 targets configured)
INFO: Analyzed target //cmd/blake3zcc_hasher:blake3zcc_hasher (0 packages loaded, 0 targets configured).
INFO: Found 1 target...
[0 / 1] [Prepa] BazelWorkspaceStatusAction stable-status.txt
Target //cmd/blake3zcc_hasher:blake3zcc_hasher up-to-date:
  bazel-bin/cmd/blake3zcc_hasher/blake3zcc_hasher_/blake3zcc_hasher
INFO: Elapsed time: 0.136s, Critical Path: 0.00s
INFO: 0 processes.
INFO: Build completed successfully, 1 total action
INFO: Running command line: bazel-bin/cmd/blake3zcc_hasher/blake3zcc_hasher_/blake3zcc_hasher -a localhost:8980 -d /home/debian/blake-client/experiments/e4 -c 1 '-b=true'
INFO: Build completed successfully, 1 total action
2021/03/14 23:08:22 Hash: B3Z:befe2c5e66314b31306be15ce2b32c0d3f6e986f52a1cf9c8b7d26be8348bbb7
2021/03/14 23:08:22 Hash: B3Z:f0662e5527ac19f23b9f697db09eb6971049101a1907538212a830d7cd206061
2021/03/14 23:08:22 Hash: B3Z:d81a4e409027d54f6cd426308ada5691ef2e4ffc8345be6a3b0676b49ae5ea6e
2021/03/14 23:08:22 Hash: B3Z:95f1a8b8421e32df87826aa0d29f40b20c295a3f603de6d2533dc0d717f40852
2021/03/14 23:08:22 Hash: B3Z:d4292f0de8f29305ff1ed31fbf209e76684f65ab916b99bcab2da607ccb4288c
2021/03/14 23:08:22 Time Hashing: 62.22µs
2021/03/14 23:08:22 Bytes Hashed: 9416
2021/03/14 23:08:22 Action Digest: [212 41 47 13 232 242 147 5 255 30 211 31 191 32 158 118 104 79 101 171 145 107 153 188 171 45 166 7 204 180 40 140] d4292f0de8f29305ff1ed31fbf209e76684f65ab916b99bcab2da607ccb4288c  76
2021/03/14 23:08:22 Bytes Uploaded: 76
2021/03/14 23:08:22 Time Uploading: 4.421424ms
2021/03/14 23:08:22 Time Finding Missing Blobs: 1.564274ms
2021/03/14 23:08:22 Execute response: result:{output_files:{path:"out"  digest:{size_bytes:3072  hash_blake3zcc:"\xaf\xf4l\x82\xf8\x14O\xce\x19`\xa6V\xc73\xaa\xb0\x04\xe1o\x9b>\xdf\xd0\xce\xde_\n\xe1\xa5\xe6h"}}  execution_metadata:{worker:"{\"datacenter\":\"paris\",\"hostname\":\"ubuntu-worker.example.com\",\"rack\":\"4\",\"slot\":\"15\",\"thread\":\"1\"}"  queued_timestamp:{seconds:1615763302  nanos:604190370}  worker_start_timestamp:{seconds:1615763302  nanos:605112401}  worker_completed_timestamp:{seconds:1615763302  nanos:614180233}  input_fetch_start_timestamp:{seconds:1615763302  nanos:605404103}  input_fetch_completed_timestamp:{seconds:1615763302  nanos:607246039}  execution_start_timestamp:{seconds:1615763302  nanos:607246039}  execution_completed_timestamp:{seconds:1615763302  nanos:611086340}  output_upload_start_timestamp:{seconds:1615763302  nanos:611086340}  output_upload_completed_timestamp:{seconds:1615763302  nanos:614180233}  auxiliary_metadata:{type_url:"type.googleapis.com/buildbarn.resourceusage.POSIXResourceUsage"  value:"\n\x04\x10\xe8\xc1@\x12\x00\x18\x80\xa0\xa7\x0e8\x85\x01X\x08x\x03\x80\x01\x03"}  auxiliary_metadata:{type_url:"type.googleapis.com/buildbarn.resourceusage.FilePoolResourceUsage"}}}  message:"Action details (cached result): /action/blake-client/B3Z:d4292f0de8f29305ff1ed31fbf209e76684f65ab916b99bcab2da607ccb4288c/76/"
