Loading: 
Loading: 0 packages loaded
Analyzing: target //cmd/blake3zcc_hasher:blake3zcc_hasher (0 packages loaded, 0 targets configured)
INFO: Analyzed target //cmd/blake3zcc_hasher:blake3zcc_hasher (0 packages loaded, 0 targets configured).
INFO: Found 1 target...
[0 / 1] [Prepa] BazelWorkspaceStatusAction stable-status.txt
Target //cmd/blake3zcc_hasher:blake3zcc_hasher up-to-date:
  bazel-bin/cmd/blake3zcc_hasher/blake3zcc_hasher_/blake3zcc_hasher
INFO: Elapsed time: 0.164s, Critical Path: 0.00s
INFO: 0 processes.
INFO: Build completed successfully, 1 total action
INFO: Running command line: bazel-bin/cmd/blake3zcc_hasher/blake3zcc_hasher_/blake3zcc_hasher -a localhost:8980 -d /home/debian/blake-client/experiments/e4 -c 3 '-b=true'
INFO: Build completed successfully, 1 total action
2021/03/14 23:08:23 Hash: B3Z:befe2c5e66314b31306be15ce2b32c0d3f6e986f52a1cf9c8b7d26be8348bbb7
2021/03/14 23:08:23 Hash: B3Z:f0662e5527ac19f23b9f697db09eb6971049101a1907538212a830d7cd206061
2021/03/14 23:08:23 Hash: B3Z:d81a4e409027d54f6cd426308ada5691ef2e4ffc8345be6a3b0676b49ae5ea6e
2021/03/14 23:08:23 Hash: B3Z:0379138517bc5811e645894edbef883e8d64f9056cdb7bdb54e23e31a6367972
2021/03/14 23:08:23 Hash: B3Z:c9e86a19903bb510f260e44abb52e44f10e381bb2843bff551c464c474091681
2021/03/14 23:08:23 Time Hashing: 32.271µs
2021/03/14 23:08:23 Bytes Hashed: 9432
2021/03/14 23:08:23 Action Digest: [201 232 106 25 144 59 181 16 242 96 228 74 187 82 228 79 16 227 129 187 40 67 191 245 81 196 100 196 116 9 22 129] c9e86a19903bb510f260e44abb52e44f10e381bb2843bff551c464c474091681  76
2021/03/14 23:08:23 Bytes Uploaded: 76
2021/03/14 23:08:23 Time Uploading: 818.63µs
2021/03/14 23:08:23 Time Finding Missing Blobs: 1.350028ms
2021/03/14 23:08:23 Execute response: result:{output_files:{path:"out"  digest:{size_bytes:7680  hash_blake3zcc:"\xbe\xfe,^f1K10k\xe1\\\xe2\xb3,\r?n\x98oR\xa1Ϝ\x8b}&\xbe\x83H\xbb\xb7"}}  execution_metadata:{worker:"{\"datacenter\":\"paris\",\"hostname\":\"ubuntu-worker.example.com\",\"rack\":\"4\",\"slot\":\"15\",\"thread\":\"2\"}"  queued_timestamp:{seconds:1615763303  nanos:17612072}  worker_start_timestamp:{seconds:1615763303  nanos:17979025}  worker_completed_timestamp:{seconds:1615763303  nanos:28121835}  input_fetch_start_timestamp:{seconds:1615763303  nanos:18218382}  input_fetch_completed_timestamp:{seconds:1615763303  nanos:18894614}  execution_start_timestamp:{seconds:1615763303  nanos:18894614}  execution_completed_timestamp:{seconds:1615763303  nanos:27213146}  output_upload_start_timestamp:{seconds:1615763303  nanos:27213146}  output_upload_completed_timestamp:{seconds:1615763303  nanos:28121835}  auxiliary_metadata:{type_url:"type.googleapis.com/buildbarn.resourceusage.POSIXResourceUsage"  value:"\n\x04\x10\xe8\xa6I\x12\x04\x10\x90\x85B\x18\x80\xa0\xa7\x0e8\x84\x02X\x08x\x05\x80\x01\x05"}  auxiliary_metadata:{type_url:"type.googleapis.com/buildbarn.resourceusage.FilePoolResourceUsage"}}}  message:"Action details (cached result): /action/blake-client/B3Z:c9e86a19903bb510f260e44abb52e44f10e381bb2843bff551c464c474091681/76/"
