Loading: 
Loading: 0 packages loaded
Analyzing: target //cmd/blake3zcc_hasher:blake3zcc_hasher (0 packages loaded, 0 targets configured)
INFO: Analyzed target //cmd/blake3zcc_hasher:blake3zcc_hasher (0 packages loaded, 0 targets configured).
INFO: Found 1 target...
[0 / 1] [Prepa] BazelWorkspaceStatusAction stable-status.txt
Target //cmd/blake3zcc_hasher:blake3zcc_hasher up-to-date:
  bazel-bin/cmd/blake3zcc_hasher/blake3zcc_hasher_/blake3zcc_hasher
INFO: Elapsed time: 0.262s, Critical Path: 0.00s
INFO: 0 processes.
INFO: Build completed successfully, 1 total action
INFO: Running command line: bazel-bin/cmd/blake3zcc_hasher/blake3zcc_hasher_/blake3zcc_hasher -a localhost:8980 -d /home/debian/blake-client/experiments/e1 -c 3 '-b=true'
INFO: Build completed successfully, 1 total action
2021/03/14 23:08:19 Hash: B3Z:f0662e5527ac19f23b9f697db09eb6971049101a1907538212a830d7cd206061
2021/03/14 23:08:19 Hash: B3Z:d6fd9de5bccf223f523b316c9cd1cf9a9d87ea42473d68e011dad13f09bf8917
2021/03/14 23:08:19 Hash: B3Z:d13c33ab66afaf85997bf7b7bb29609c3b4c3e311b259a23cb6e5eb8972da3b7
2021/03/14 23:08:19 Hash: B3Z:0379138517bc5811e645894edbef883e8d64f9056cdb7bdb54e23e31a6367972
2021/03/14 23:08:19 Hash: B3Z:39d4777ac1ddb9d1685396c8bd51dd00c0781c4a8472766a9e0a12533625cce6
2021/03/14 23:08:19 Time Hashing: 24.299µs
2021/03/14 23:08:19 Bytes Hashed: 2776
2021/03/14 23:08:19 Action Digest: [57 212 119 122 193 221 185 209 104 83 150 200 189 81 221 0 192 120 28 74 132 114 118 106 158 10 18 83 54 37 204 230] 39d4777ac1ddb9d1685396c8bd51dd00c0781c4a8472766a9e0a12533625cce6  76
2021/03/14 23:08:19 Bytes Uploaded: 124
2021/03/14 23:08:19 Time Uploading: 3.989369ms
2021/03/14 23:08:19 Time Finding Missing Blobs: 1.546607ms
2021/03/14 23:08:19 Execute response: result:{output_files:{path:"out"  digest:{size_bytes:1536  hash_blake3zcc:"\xf0f.U'\xac\x19\xf2;\x9fi}\xb0\x9e\xb6\x97\x10I\x10\x1a\x19\x07S\x82\x12\xa80\xd7\xcd `a"}}  execution_metadata:{worker:"{\"datacenter\":\"paris\",\"hostname\":\"ubuntu-worker.example.com\",\"rack\":\"4\",\"slot\":\"15\",\"thread\":\"0\"}"  queued_timestamp:{seconds:1615763299  nanos:524666762}  worker_start_timestamp:{seconds:1615763299  nanos:525123115}  worker_completed_timestamp:{seconds:1615763299  nanos:537049091}  input_fetch_start_timestamp:{seconds:1615763299  nanos:525544649}  input_fetch_completed_timestamp:{seconds:1615763299  nanos:526701064}  execution_start_timestamp:{seconds:1615763299  nanos:526701064}  execution_completed_timestamp:{seconds:1615763299  nanos:536171943}  output_upload_start_timestamp:{seconds:1615763299  nanos:536171943}  output_upload_completed_timestamp:{seconds:1615763299  nanos:537049091}  auxiliary_metadata:{type_url:"type.googleapis.com/buildbarn.resourceusage.POSIXResourceUsage"  value:"\n\x05\x10\xb8\xa5\xa2\x01\x12\x00\x18\x80\xa0\xa7\x0e8\x84\x02@\x01PPX\x08x\x06\x80\x01\x07"}  auxiliary_metadata:{type_url:"type.googleapis.com/buildbarn.resourceusage.FilePoolResourceUsage"}}}  message:"Action details (cached result): /action/blake-client/B3Z:39d4777ac1ddb9d1685396c8bd51dd00c0781c4a8472766a9e0a12533625cce6/76/"
