Loading: 
Loading: 0 packages loaded
Analyzing: target //cmd/blake3zcc_hasher:blake3zcc_hasher (0 packages loaded, 0 targets configured)
INFO: Analyzed target //cmd/blake3zcc_hasher:blake3zcc_hasher (0 packages loaded, 0 targets configured).
INFO: Found 1 target...
[0 / 1] [Prepa] BazelWorkspaceStatusAction stable-status.txt
Target //cmd/blake3zcc_hasher:blake3zcc_hasher up-to-date:
  bazel-bin/cmd/blake3zcc_hasher/blake3zcc_hasher_/blake3zcc_hasher
INFO: Elapsed time: 0.142s, Critical Path: 0.00s
INFO: 0 processes.
INFO: Build completed successfully, 1 total action
INFO: Running command line: bazel-bin/cmd/blake3zcc_hasher/blake3zcc_hasher_/blake3zcc_hasher -a localhost:8980 -d /home/debian/blake-client/experiments/e7 -c 4 '-b=true'
INFO: Build completed successfully, 1 total action
2021/03/14 23:08:25 Hash: B3Z:befe2c5e66314b31306be15ce2b32c0d3f6e986f52a1cf9c8b7d26be8348bbb7
2021/03/14 23:08:25 Hash: B3Z:5dd8ca499a27fdca7781b2347ef1c99c32601170d215b7940fe94959c74e9722
2021/03/14 23:08:25 Hash: B3Z:20131581920fe188fe268fd4cd8d7722e5bcefe80eba9bc68d773d47ee8eb222
2021/03/14 23:08:25 Command: arguments:"sh"  arguments:"-c"  arguments:"cp in0 out && printf ' ' | dd of=out bs=1 count=1 seek=4096 conv=notrunc"  output_paths:"out"
2021/03/14 23:08:25 Hash: B3Z:0ab4f6212b892924e26b40865d84b17a54f85362df684e93cc72525f7466c6bf
2021/03/14 23:08:25 Hash: B3Z:5b2889420133be056333872511259404f09e6c3e1859e656bbd0bdcea5857e4c
2021/03/14 23:08:25 Time Hashing: 73.28µs
2021/03/14 23:08:25 Bytes Hashed: 16127
2021/03/14 23:08:25 Action Digest: [91 40 137 66 1 51 190 5 99 51 135 37 17 37 148 4 240 158 108 62 24 89 230 86 187 208 189 206 165 133 126 76] 5b2889420133be056333872511259404f09e6c3e1859e656bbd0bdcea5857e4c  76
2021/03/14 23:08:25 Bytes Uploaded: 163
2021/03/14 23:08:25 Time Uploading: 2.091599ms
2021/03/14 23:08:25 Time Finding Missing Blobs: 5.603529ms
2021/03/14 23:08:25 Execute response: result:{output_files:{path:"out"  digest:{size_bytes:8192  hash_blake3zcc:"\x11\x1d?\xb8\xb9\x90\x13״m\x0f\xb6<'@w*&\xc5#\x05\xbe\xd6\x15\x8c\x82s\x1b\xe4\xfa\x8e"}}  stderr_digest:{size_bytes:69  hash_blake3zcc:"\x9dy\xf0\xbeI9\xb3s\x17\x9d4\xea\xbb\x0f!m\xf6C}>\xf6C\x17\xe6(*\xfe*&\xe8\xb7]"}  execution_metadata:{worker:"{\"datacenter\":\"paris\",\"hostname\":\"ubuntu-worker.example.com\",\"rack\":\"4\",\"slot\":\"15\",\"thread\":\"5\"}"  queued_timestamp:{seconds:1615763305  nanos:524910771}  worker_start_timestamp:{seconds:1615763305  nanos:525467737}  worker_completed_timestamp:{seconds:1615763305  nanos:536877308}  input_fetch_start_timestamp:{seconds:1615763305  nanos:525711906}  input_fetch_completed_timestamp:{seconds:1615763305  nanos:530032084}  execution_start_timestamp:{seconds:1615763305  nanos:530032084}  execution_completed_timestamp:{seconds:1615763305  nanos:534241990}  output_upload_start_timestamp:{seconds:1615763305  nanos:534241990}  output_upload_completed_timestamp:{seconds:1615763305  nanos:536877308}  auxiliary_metadata:{type_url:"type.googleapis.com/buildbarn.resourceusage.POSIXResourceUsage"  value:"\n\x04\x10\xc0\xceN\x12\x04\x10\xb8\xf83\x18\x80\xa0\xa7\x0e8\xa2\x02X\x18x\x06\x80\x01\n"}  auxiliary_metadata:{type_url:"type.googleapis.com/buildbarn.resourceusage.FilePoolResourceUsage"}}}  message:"Action details (cached result): /action/blake-client/B3Z:5b2889420133be056333872511259404f09e6c3e1859e656bbd0bdcea5857e4c/76/"
