Loading: 
Loading: 0 packages loaded
Analyzing: target //cmd/blake3zcc_hasher:blake3zcc_hasher (0 packages loaded, 0 targets configured)
INFO: Analyzed target //cmd/blake3zcc_hasher:blake3zcc_hasher (0 packages loaded, 0 targets configured).
INFO: Found 1 target...
[0 / 1] [Prepa] BazelWorkspaceStatusAction stable-status.txt
Target //cmd/blake3zcc_hasher:blake3zcc_hasher up-to-date:
  bazel-bin/cmd/blake3zcc_hasher/blake3zcc_hasher_/blake3zcc_hasher
INFO: Elapsed time: 0.187s, Critical Path: 0.00s
INFO: 0 processes.
INFO: Build completed successfully, 1 total action
INFO: Running command line: bazel-bin/cmd/blake3zcc_hasher/blake3zcc_hasher_/blake3zcc_hasher -a localhost:8980 -d /home/debian/blake-client/experiments/e11 -c 2 '-b=true'
INFO: Build completed successfully, 1 total action
2021/03/14 23:08:20 Hash: B3Z:d6fd9de5bccf223f523b316c9cd1cf9a9d87ea42473d68e011dad13f09bf8917
2021/03/14 23:08:20 Hash: B3Z:befe2c5e66314b31306be15ce2b32c0d3f6e986f52a1cf9c8b7d26be8348bbb7
2021/03/14 23:08:20 Hash: B3Z:51d5a72dc13ca87e47ae4db7331e7577d36fdec16c2e35e88149a44502952d3f
2021/03/14 23:08:20 Hash: B3Z:d9255d8105ee52b23f018fbd0eb54ae8d464e1f3b0c8729492b39af69afd9ec0
2021/03/14 23:08:20 Hash: B3Z:d305bf1f918279e52602125b04fc0493785ddfe1450aeda4ac02c04cb2a55c2d
2021/03/14 23:08:20 Time Hashing: 44.108µs
2021/03/14 23:08:20 Bytes Hashed: 8904
2021/03/14 23:08:20 Action Digest: [211 5 191 31 145 130 121 229 38 2 18 91 4 252 4 147 120 93 223 225 69 10 237 164 172 2 192 76 178 165 92 45] d305bf1f918279e52602125b04fc0493785ddfe1450aeda4ac02c04cb2a55c2d  76
2021/03/14 23:08:20 Bytes Uploaded: 168
2021/03/14 23:08:20 Time Uploading: 1.846801ms
2021/03/14 23:08:20 Time Finding Missing Blobs: 4.149499ms
2021/03/14 23:08:20 Execute response: result:{output_files:{path:"out"  digest:{size_bytes:8704  hash_blake3zcc:"\x0f\\\xb07`\xa4\xbc\xe2Ie\x16f\xc3\t\x88~\xfc\x8e\xfcG\xbb\x8f\x02{\x9f\x92\x11:OO\xfa"}}  execution_metadata:{worker:"{\"datacenter\":\"paris\",\"hostname\":\"ubuntu-worker.example.com\",\"rack\":\"4\",\"slot\":\"15\",\"thread\":\"5\"}"  queued_timestamp:{seconds:1615763300  nanos:469109342}  worker_start_timestamp:{seconds:1615763300  nanos:470017202}  worker_completed_timestamp:{seconds:1615763300  nanos:477347957}  input_fetch_start_timestamp:{seconds:1615763300  nanos:470376334}  input_fetch_completed_timestamp:{seconds:1615763300  nanos:472710781}  execution_start_timestamp:{seconds:1615763300  nanos:472710781}  execution_completed_timestamp:{seconds:1615763300  nanos:476025452}  output_upload_start_timestamp:{seconds:1615763300  nanos:476025452}  output_upload_completed_timestamp:{seconds:1615763300  nanos:477347957}  auxiliary_metadata:{type_url:"type.googleapis.com/buildbarn.resourceusage.POSIXResourceUsage"  value:"\n\x04\x10\xf8\xdfP\x12\x00\x18\x80\xa0\xa7\x0e8\x88\x01X\x18x\x03\x80\x01\x05"}  auxiliary_metadata:{type_url:"type.googleapis.com/buildbarn.resourceusage.FilePoolResourceUsage"}}}  message:"Action details (cached result): /action/blake-client/B3Z:d305bf1f918279e52602125b04fc0493785ddfe1450aeda4ac02c04cb2a55c2d/76/"
