Loading: 
Loading: 0 packages loaded
Analyzing: target //cmd/blake3zcc_hasher:blake3zcc_hasher (0 packages loaded, 0 targets configured)
INFO: Analyzed target //cmd/blake3zcc_hasher:blake3zcc_hasher (0 packages loaded, 0 targets configured).
INFO: Found 1 target...
[0 / 1] [Prepa] BazelWorkspaceStatusAction stable-status.txt
Target //cmd/blake3zcc_hasher:blake3zcc_hasher up-to-date:
  bazel-bin/cmd/blake3zcc_hasher/blake3zcc_hasher_/blake3zcc_hasher
INFO: Elapsed time: 0.254s, Critical Path: 0.00s
INFO: 0 processes.
INFO: Build completed successfully, 1 total action
INFO: Running command line: bazel-bin/cmd/blake3zcc_hasher/blake3zcc_hasher_/blake3zcc_hasher -a localhost:8980 -d /home/debian/blake-client/experiments/e3 -c 3 '-b=true'
INFO: Build completed successfully, 1 total action
2021/03/14 23:08:22 Hash: B3Z:5dd8ca499a27fdca7781b2347ef1c99c32601170d215b7940fe94959c74e9722
2021/03/14 23:08:22 Hash: B3Z:d6fd9de5bccf223f523b316c9cd1cf9a9d87ea42473d68e011dad13f09bf8917
2021/03/14 23:08:22 Hash: B3Z:1cc2f17477b62fc609ec5e8fea05a73217a1fe07ddc705fc31520d48116d9d0a
2021/03/14 23:08:22 Hash: B3Z:0379138517bc5811e645894edbef883e8d64f9056cdb7bdb54e23e31a6367972
2021/03/14 23:08:22 Hash: B3Z:87adfb2fccec450452be55857a20931d2bbdba2770b8974d523e48b8ad9a6bdd
2021/03/14 23:08:22 Time Hashing: 46.87µs
2021/03/14 23:08:22 Bytes Hashed: 9432
2021/03/14 23:08:22 Action Digest: [135 173 251 47 204 236 69 4 82 190 85 133 122 32 147 29 43 189 186 39 112 184 151 77 82 62 72 184 173 154 107 221] 87adfb2fccec450452be55857a20931d2bbdba2770b8974d523e48b8ad9a6bdd  76
2021/03/14 23:08:22 Bytes Uploaded: 76
2021/03/14 23:08:22 Time Uploading: 989.051µs
2021/03/14 23:08:22 Time Finding Missing Blobs: 1.832461ms
2021/03/14 23:08:22 Execute response: result:{output_files:{path:"out"  digest:{size_bytes:8192  hash_blake3zcc:"]\xd8\xcaI\x9a'\xfd\xcaw\x81\xb24~\xf1ɜ2`\x11p\xd2\x15\xb7\x94\x0f\xe9IY\xc7N\x97\""}}  execution_metadata:{worker:"{\"datacenter\":\"paris\",\"hostname\":\"ubuntu-worker.example.com\",\"rack\":\"4\",\"slot\":\"15\",\"thread\":\"3\"}"  queued_timestamp:{seconds:1615763302  nanos:168589896}  worker_start_timestamp:{seconds:1615763302  nanos:169241269}  worker_completed_timestamp:{seconds:1615763302  nanos:174390330}  input_fetch_start_timestamp:{seconds:1615763302  nanos:169509258}  input_fetch_completed_timestamp:{seconds:1615763302  nanos:169991256}  execution_start_timestamp:{seconds:1615763302  nanos:169991256}  execution_completed_timestamp:{seconds:1615763302  nanos:173551147}  output_upload_start_timestamp:{seconds:1615763302  nanos:173551147}  output_upload_completed_timestamp:{seconds:1615763302  nanos:174390330}  auxiliary_metadata:{type_url:"type.googleapis.com/buildbarn.resourceusage.POSIXResourceUsage"  value:"\n\x04\x10\xe8\xa9H\x12\x04\x10\x98\xdf1\x18\x80\xa0\xa7\x0e8\x80\x02X\x08x\x05\x80\x01\x04"}  auxiliary_metadata:{type_url:"type.googleapis.com/buildbarn.resourceusage.FilePoolResourceUsage"}}}  message:"Action details (cached result): /action/blake-client/B3Z:87adfb2fccec450452be55857a20931d2bbdba2770b8974d523e48b8ad9a6bdd/76/"
