Loading: 
Loading: 0 packages loaded
Analyzing: target //cmd/blake3zcc_hasher:blake3zcc_hasher (0 packages loaded, 0 targets configured)
INFO: Analyzed target //cmd/blake3zcc_hasher:blake3zcc_hasher (0 packages loaded, 0 targets configured).
INFO: Found 1 target...
[0 / 1] [Prepa] BazelWorkspaceStatusAction stable-status.txt
Target //cmd/blake3zcc_hasher:blake3zcc_hasher up-to-date:
  bazel-bin/cmd/blake3zcc_hasher/blake3zcc_hasher_/blake3zcc_hasher
INFO: Elapsed time: 0.144s, Critical Path: 0.00s
INFO: 0 processes.
INFO: Build completed successfully, 1 total action
INFO: Running command line: bazel-bin/cmd/blake3zcc_hasher/blake3zcc_hasher_/blake3zcc_hasher -a localhost:8980 -d /home/debian/blake-client/experiments/e9 -c 3 '-b=true'
INFO: Build completed successfully, 1 total action
2021/03/14 23:08:26 Hash: B3Z:d6fd9de5bccf223f523b316c9cd1cf9a9d87ea42473d68e011dad13f09bf8917
2021/03/14 23:08:26 Hash: B3Z:5dd8ca499a27fdca7781b2347ef1c99c32601170d215b7940fe94959c74e9722
2021/03/14 23:08:26 Hash: B3Z:f10fac21a8f1803a824cf22121ae5d1fd20f1783a04a694d1c0222c422ee9074
2021/03/14 23:08:26 Hash: B3Z:0379138517bc5811e645894edbef883e8d64f9056cdb7bdb54e23e31a6367972
2021/03/14 23:08:26 Hash: B3Z:e8341474002e30d503e0652361d69fc5c6c417e9941d34d0f9f9bc5173e8049f
2021/03/14 23:08:26 Time Hashing: 79.454µs
2021/03/14 23:08:26 Bytes Hashed: 9432
2021/03/14 23:08:26 Action Digest: [232 52 20 116 0 46 48 213 3 224 101 35 97 214 159 197 198 196 23 233 148 29 52 208 249 249 188 81 115 232 4 159] e8341474002e30d503e0652361d69fc5c6c417e9941d34d0f9f9bc5173e8049f  76
2021/03/14 23:08:26 Bytes Uploaded: 76
2021/03/14 23:08:26 Time Uploading: 832.895µs
2021/03/14 23:08:26 Time Finding Missing Blobs: 1.782543ms
2021/03/14 23:08:26 Execute response: result:{output_files:{path:"out"  digest:{size_bytes:1024  hash_blake3zcc:"\xd6\xfd\x9d\xe5\xbc\xcf\"?R;1l\x9c\xd1Ϛ\x9d\x87\xeaBG=h\xe0\x11\xda\xd1?\t\xbf\x89\x17"}}  execution_metadata:{worker:"{\"datacenter\":\"paris\",\"hostname\":\"ubuntu-worker.example.com\",\"rack\":\"4\",\"slot\":\"15\",\"thread\":\"0\"}"  queued_timestamp:{seconds:1615763306  nanos:282539902}  worker_start_timestamp:{seconds:1615763306  nanos:282911979}  worker_completed_timestamp:{seconds:1615763306  nanos:288203103}  input_fetch_start_timestamp:{seconds:1615763306  nanos:283182255}  input_fetch_completed_timestamp:{seconds:1615763306  nanos:283653889}  execution_start_timestamp:{seconds:1615763306  nanos:283653889}  execution_completed_timestamp:{seconds:1615763306  nanos:287604904}  output_upload_start_timestamp:{seconds:1615763306  nanos:287604904}  output_upload_completed_timestamp:{seconds:1615763306  nanos:288203103}  auxiliary_metadata:{type_url:"type.googleapis.com/buildbarn.resourceusage.POSIXResourceUsage"  value:"\n\x04\x10ȶc\x12\x04\x10\xd0\xf61\x18\x80\xa0\xa7\x0e8\xfc\x01X\x10x\x05\x80\x01\x10"}  auxiliary_metadata:{type_url:"type.googleapis.com/buildbarn.resourceusage.FilePoolResourceUsage"}}}  message:"Action details (cached result): /action/blake-client/B3Z:e8341474002e30d503e0652361d69fc5c6c417e9941d34d0f9f9bc5173e8049f/76/"
