Loading: 
Loading: 0 packages loaded
Analyzing: target //cmd/blake3zcc_hasher:blake3zcc_hasher (0 packages loaded, 0 targets configured)
INFO: Analyzed target //cmd/blake3zcc_hasher:blake3zcc_hasher (0 packages loaded, 0 targets configured).
INFO: Found 1 target...
[0 / 1] [Prepa] BazelWorkspaceStatusAction stable-status.txt
Target //cmd/blake3zcc_hasher:blake3zcc_hasher up-to-date:
  bazel-bin/cmd/blake3zcc_hasher/blake3zcc_hasher_/blake3zcc_hasher
INFO: Elapsed time: 0.118s, Critical Path: 0.00s
INFO: 0 processes.
INFO: Build completed successfully, 1 total action
INFO: Running command line: bazel-bin/cmd/blake3zcc_hasher/blake3zcc_hasher_/blake3zcc_hasher -a localhost:8980 -d /home/debian/blake-client/experiments/e12 -c 3 '-b=true'
INFO: Build completed successfully, 1 total action
2021/03/14 23:36:06 Hash: B3Z:8f03513c2b125990dae757ea2819492d2141f4da250c95a4218b2b6742be6168
2021/03/14 23:36:06 Hash: B3Z:8fd34c336c315282c5a0d079d824b74754d3535f15539d6a78c867c24b3e1873
2021/03/14 23:36:06 Hash: B3Z:7ccad5986c593b2a891b654876d3d87039fa319dc9e5f2ccd2c8e389884ba880
2021/03/14 23:36:06 Hash: B3Z:0379138517bc5811e645894edbef883e8d64f9056cdb7bdb54e23e31a6367972
2021/03/14 23:36:06 Hash: B3Z:e91d8859c69d61a822b8714cc8893cae55f47afd4a20f3ae5669db52d0742cf4
2021/03/14 23:36:06 Time Hashing: 2.974114ms
2021/03/14 23:36:06 Bytes Hashed: 1409244
2021/03/14 23:36:06 Action Digest: [233 29 136 89 198 157 97 168 34 184 113 76 200 137 60 174 85 244 122 253 74 32 243 174 86 105 219 82 208 116 44 244] e91d8859c69d61a822b8714cc8893cae55f47afd4a20f3ae5669db52d0742cf4  76
2021/03/14 23:36:06 Bytes Uploaded: 76
2021/03/14 23:36:06 Time Uploading: 1.386654ms
2021/03/14 23:36:06 Time Finding Missing Blobs: 5.55669ms
2021/03/14 23:36:06 Execute response: result:{output_files:{path:"out"  digest:{size_bytes:532481  hash_blake3zcc:"\x8f\x03Q<+\x12Y\x90\xda\xe7W\xea(\x19I-!A\xf4\xda%\x0c\x95\xa4!\x8b+gB\xbeah"}}  execution_metadata:{worker:"{\"datacenter\":\"paris\",\"hostname\":\"ubuntu-worker.example.com\",\"rack\":\"4\",\"slot\":\"15\",\"thread\":\"2\"}"  queued_timestamp:{seconds:1615764966  nanos:819692987}  worker_start_timestamp:{seconds:1615764966  nanos:820119161}  worker_completed_timestamp:{seconds:1615764966  nanos:829007555}  input_fetch_start_timestamp:{seconds:1615764966  nanos:820348499}  input_fetch_completed_timestamp:{seconds:1615764966  nanos:820772158}  execution_start_timestamp:{seconds:1615764966  nanos:820772158}  execution_completed_timestamp:{seconds:1615764966  nanos:826422206}  output_upload_start_timestamp:{seconds:1615764966  nanos:826422206}  output_upload_completed_timestamp:{seconds:1615764966  nanos:829007555}  auxiliary_metadata:{type_url:"type.googleapis.com/buildbarn.resourceusage.POSIXResourceUsage"  value:"\n\x05\x10\xd8ою\x01\x12\x00\x18\x80\xc0\xbc\r8\xa0\x02X\xb8\rx\x05\x80\x01\x12"}  auxiliary_metadata:{type_url:"type.googleapis.com/buildbarn.resourceusage.FilePoolResourceUsage"}}}  message:"Action details (cached result): /action/blake-client/B3Z:e91d8859c69d61a822b8714cc8893cae55f47afd4a20f3ae5669db52d0742cf4/76/"
