Loading: 
Loading: 0 packages loaded
Analyzing: target //cmd/blake3zcc_hasher:blake3zcc_hasher (0 packages loaded, 0 targets configured)
INFO: Analyzed target //cmd/blake3zcc_hasher:blake3zcc_hasher (0 packages loaded, 0 targets configured).
INFO: Found 1 target...
[0 / 1] [Prepa] BazelWorkspaceStatusAction stable-status.txt
Target //cmd/blake3zcc_hasher:blake3zcc_hasher up-to-date:
  bazel-bin/cmd/blake3zcc_hasher/blake3zcc_hasher_/blake3zcc_hasher
INFO: Elapsed time: 0.103s, Critical Path: 0.00s
INFO: 0 processes.
INFO: Build completed successfully, 1 total action
INFO: Running command line: bazel-bin/cmd/blake3zcc_hasher/blake3zcc_hasher_/blake3zcc_hasher -a localhost:8980 -d /home/debian/blake-client/experiments/e4 -c 4 '-b=true'
INFO: Build completed successfully, 1 total action
2021/03/14 23:36:08 Hash: B3Z:1093f28be4fd7f08e1bc7c5a74325374283905df0366e4147b9cd694c3ad2d72
2021/03/14 23:36:08 Hash: B3Z:8fd34c336c315282c5a0d079d824b74754d3535f15539d6a78c867c24b3e1873
2021/03/14 23:36:08 Hash: B3Z:69fd5b364873e0cf9288383e42212200ba45ba940ec4bde713e79b2f983a924c
2021/03/14 23:36:08 Command: arguments:"sh"  arguments:"-c"  arguments:"cp in0 out && printf ' ' | dd of=out bs=1 count=1 seek=438272 conv=notrunc"  output_paths:"out"
2021/03/14 23:36:08 Hash: B3Z:255a7f18b2c303ea64794901a370297415d593338c79ab88d842437489c277d1
2021/03/14 23:36:08 Hash: B3Z:a8c2c3d7f23a89582e6c079beebac888e709ca1484077bc6fe1a2cec99c31c5a
2021/03/14 23:36:08 Time Hashing: 4.332999ms
2021/03/14 23:36:08 Bytes Hashed: 2097413
2021/03/14 23:36:08 Action Digest: [168 194 195 215 242 58 137 88 46 108 7 155 238 186 200 136 231 9 202 20 132 7 123 198 254 26 44 236 153 195 28 90] a8c2c3d7f23a89582e6c079beebac888e709ca1484077bc6fe1a2cec99c31c5a  76
2021/03/14 23:36:08 Bytes Uploaded: 165
2021/03/14 23:36:08 Time Uploading: 1.396385ms
2021/03/14 23:36:08 Time Finding Missing Blobs: 2.654819ms
2021/03/14 23:36:08 Execute response: result:{output_files:{path:"out"  digest:{size_bytes:876545  hash_blake3zcc:"ɔ\x98/5\xa0W\xd6\xd8\xe1_'\x01\xdbP\xf0h\xc0ҋ\xe0i\xc13\xd3H\x99\x1e܎ƴ"}}  stderr_digest:{size_bytes:69  hash_blake3zcc:"\x0cr\xe75\x88\"ٕ\xba\x0c@\xd0C\x10\xa9\xc5\x13\x18oY\x81\x83>`\x0e\x89\x91ǽ/\xe8\x9d"}  execution_metadata:{worker:"{\"datacenter\":\"paris\",\"hostname\":\"ubuntu-worker.example.com\",\"rack\":\"4\",\"slot\":\"15\",\"thread\":\"1\"}"  queued_timestamp:{seconds:1615764968  nanos:413487166}  worker_start_timestamp:{seconds:1615764968  nanos:414177418}  worker_completed_timestamp:{seconds:1615764968  nanos:435549554}  input_fetch_start_timestamp:{seconds:1615764968  nanos:414431767}  input_fetch_completed_timestamp:{seconds:1615764968  nanos:416281673}  execution_start_timestamp:{seconds:1615764968  nanos:416281673}  execution_completed_timestamp:{seconds:1615764968  nanos:421271062}  output_upload_start_timestamp:{seconds:1615764968  nanos:421271062}  output_upload_completed_timestamp:{seconds:1615764968  nanos:435549554}  auxiliary_metadata:{type_url:"type.googleapis.com/buildbarn.resourceusage.POSIXResourceUsage"  value:"\n\x05\x10\xe8݇\x02\x12\x00\x18\x80\xc0\xbc\r8\xce\x02X\xc0\rx\x07\x80\x01\x06"}  auxiliary_metadata:{type_url:"type.googleapis.com/buildbarn.resourceusage.FilePoolResourceUsage"}}}  message:"Action details (cached result): /action/blake-client/B3Z:a8c2c3d7f23a89582e6c079beebac888e709ca1484077bc6fe1a2cec99c31c5a/76/"
