Loading: 
Loading: 0 packages loaded
Analyzing: target //cmd/blake3zcc_hasher:blake3zcc_hasher (0 packages loaded, 0 targets configured)
INFO: Analyzed target //cmd/blake3zcc_hasher:blake3zcc_hasher (0 packages loaded, 0 targets configured).
INFO: Found 1 target...
[0 / 1] [Prepa] BazelWorkspaceStatusAction stable-status.txt
Target //cmd/blake3zcc_hasher:blake3zcc_hasher up-to-date:
  bazel-bin/cmd/blake3zcc_hasher/blake3zcc_hasher_/blake3zcc_hasher
INFO: Elapsed time: 0.149s, Critical Path: 0.00s
INFO: 0 processes.
INFO: Build completed successfully, 1 total action
INFO: Running command line: bazel-bin/cmd/blake3zcc_hasher/blake3zcc_hasher_/blake3zcc_hasher -a localhost:8980 -d /home/debian/blake-client/experiments/e3 -c 2 '-b=true'
INFO: Build completed successfully, 1 total action
2021/03/14 23:36:07 Hash: B3Z:44702a444bd92ac4e4e7f5b4c4523862905dc7e6b25fde18b458fe6e3b5c51e8
2021/03/14 23:36:07 Hash: B3Z:8f03513c2b125990dae757ea2819492d2141f4da250c95a4218b2b6742be6168
2021/03/14 23:36:07 Hash: B3Z:6cca65bbc2d91a2afa6cc31c52a42f4814832a5c69b86dd2fba39967d55d4b2e
2021/03/14 23:36:07 Hash: B3Z:d9255d8105ee52b23f018fbd0eb54ae8d464e1f3b0c8729492b39af69afd9ec0
2021/03/14 23:36:07 Hash: B3Z:eacfd62b92e50e6d23f3c300033263b47368f636ad6e7769488e4facac13c671
2021/03/14 23:36:07 Time Hashing: 4.694969ms
2021/03/14 23:36:07 Bytes Hashed: 2097356
2021/03/14 23:36:07 Action Digest: [234 207 214 43 146 229 14 109 35 243 195 0 3 50 99 180 115 104 246 54 173 110 119 105 72 142 79 172 172 19 198 113] eacfd62b92e50e6d23f3c300033263b47368f636ad6e7769488e4facac13c671  76
2021/03/14 23:36:07 Bytes Uploaded: 1564843
2021/03/14 23:36:07 Time Uploading: 44.259987ms
2021/03/14 23:36:07 Time Finding Missing Blobs: 2.196948ms
2021/03/14 23:36:07 Execute response: result:{output_files:{path:"out"  digest:{size_bytes:2097154  hash_blake3zcc:"&\xb9+\xfdn\xf4ޏ\xaaͨ+\x11]\xbe\xa4\"\x91\x05\x8e\xe7z\xab7\x80\x16s\xdaWQ\xac\xd0"}}  execution_metadata:{worker:"{\"datacenter\":\"paris\",\"hostname\":\"ubuntu-worker.example.com\",\"rack\":\"4\",\"slot\":\"15\",\"thread\":\"7\"}"  queued_timestamp:{seconds:1615764967  nanos:362513998}  worker_start_timestamp:{seconds:1615764967  nanos:362964718}  worker_completed_timestamp:{seconds:1615764967  nanos:409168221}  input_fetch_start_timestamp:{seconds:1615764967  nanos:363187241}  input_fetch_completed_timestamp:{seconds:1615764967  nanos:386742127}  execution_start_timestamp:{seconds:1615764967  nanos:386742127}  execution_completed_timestamp:{seconds:1615764967  nanos:394080015}  output_upload_start_timestamp:{seconds:1615764967  nanos:394080015}  output_upload_completed_timestamp:{seconds:1615764967  nanos:409168221}  auxiliary_metadata:{type_url:"type.googleapis.com/buildbarn.resourceusage.POSIXResourceUsage"  value:"\n\x05\x10\xe8\xf1\xad\x01\x12\x00\x18\x80\xc0\xbc\r8\xca\x01X\x88 x\x03\x80\x01\x04"}  auxiliary_metadata:{type_url:"type.googleapis.com/buildbarn.resourceusage.FilePoolResourceUsage"}}}  message:"Action details (cached result): /action/blake-client/B3Z:eacfd62b92e50e6d23f3c300033263b47368f636ad6e7769488e4facac13c671/76/"
