Loading: 
Loading: 0 packages loaded
Analyzing: target //cmd/blake3zcc_hasher:blake3zcc_hasher (0 packages loaded, 0 targets configured)
INFO: Analyzed target //cmd/blake3zcc_hasher:blake3zcc_hasher (0 packages loaded, 0 targets configured).
INFO: Found 1 target...
[0 / 1] [Prepa] BazelWorkspaceStatusAction stable-status.txt
Target //cmd/blake3zcc_hasher:blake3zcc_hasher up-to-date:
  bazel-bin/cmd/blake3zcc_hasher/blake3zcc_hasher_/blake3zcc_hasher
INFO: Elapsed time: 0.102s, Critical Path: 0.00s
INFO: 0 processes.
INFO: Build completed successfully, 1 total action
INFO: Running command line: bazel-bin/cmd/blake3zcc_hasher/blake3zcc_hasher_/blake3zcc_hasher -a localhost:8980 -d /home/debian/blake-client/experiments/e9 -c 3 '-b=true'
INFO: Build completed successfully, 1 total action
2021/03/14 23:36:11 Hash: B3Z:8f03513c2b125990dae757ea2819492d2141f4da250c95a4218b2b6742be6168
2021/03/14 23:36:11 Hash: B3Z:44702a444bd92ac4e4e7f5b4c4523862905dc7e6b25fde18b458fe6e3b5c51e8
2021/03/14 23:36:11 Hash: B3Z:d317113ba6029afbfc005b5e291ee877e62e3a2095428708435aae6d1b570b55
2021/03/14 23:36:11 Hash: B3Z:0379138517bc5811e645894edbef883e8d64f9056cdb7bdb54e23e31a6367972
2021/03/14 23:36:11 Hash: B3Z:4b7326a4dc1254f2915d42ffb80997638618b2c4d82ae6b41b8283e15d4e5b42
2021/03/14 23:36:11 Time Hashing: 4.553026ms
2021/03/14 23:36:11 Bytes Hashed: 2097372
2021/03/14 23:36:11 Action Digest: [75 115 38 164 220 18 84 242 145 93 66 255 184 9 151 99 134 24 178 196 216 42 230 180 27 130 131 225 93 78 91 66] 4b7326a4dc1254f2915d42ffb80997638618b2c4d82ae6b41b8283e15d4e5b42  76
2021/03/14 23:36:11 Bytes Uploaded: 76
2021/03/14 23:36:11 Time Uploading: 942.314µs
2021/03/14 23:36:11 Time Finding Missing Blobs: 2.247452ms
2021/03/14 23:36:11 Execute response: result:{output_files:{path:"out"  digest:{size_bytes:532481  hash_blake3zcc:"\x8f\x03Q<+\x12Y\x90\xda\xe7W\xea(\x19I-!A\xf4\xda%\x0c\x95\xa4!\x8b+gB\xbeah"}}  execution_metadata:{worker:"{\"datacenter\":\"paris\",\"hostname\":\"ubuntu-worker.example.com\",\"rack\":\"4\",\"slot\":\"15\",\"thread\":\"1\"}"  queued_timestamp:{seconds:1615764971  nanos:252614771}  worker_start_timestamp:{seconds:1615764971  nanos:253332996}  worker_completed_timestamp:{seconds:1615764971  nanos:263288724}  input_fetch_start_timestamp:{seconds:1615764971  nanos:253557115}  input_fetch_completed_timestamp:{seconds:1615764971  nanos:254280544}  execution_start_timestamp:{seconds:1615764971  nanos:254280544}  execution_completed_timestamp:{seconds:1615764971  nanos:261813293}  output_upload_start_timestamp:{seconds:1615764971  nanos:261813293}  output_upload_completed_timestamp:{seconds:1615764971  nanos:263288724}  auxiliary_metadata:{type_url:"type.googleapis.com/buildbarn.resourceusage.POSIXResourceUsage"  value:"\n\x05\x10\x88\x9a\xab\x01\x12\x04\x10Ъt\x18\x80\xc0\x92\x0e8\xa2\x02X\xf8\x17x\x05\x80\x01\x07"}  auxiliary_metadata:{type_url:"type.googleapis.com/buildbarn.resourceusage.FilePoolResourceUsage"}}}  message:"Action details (cached result): /action/blake-client/B3Z:4b7326a4dc1254f2915d42ffb80997638618b2c4d82ae6b41b8283e15d4e5b42/76/"
