Loading: 
Loading: 0 packages loaded
Analyzing: target //cmd/blake3zcc_hasher:blake3zcc_hasher (0 packages loaded, 0 targets configured)
INFO: Analyzed target //cmd/blake3zcc_hasher:blake3zcc_hasher (0 packages loaded, 0 targets configured).
INFO: Found 1 target...
[0 / 1] [Prepa] BazelWorkspaceStatusAction stable-status.txt
Target //cmd/blake3zcc_hasher:blake3zcc_hasher up-to-date:
  bazel-bin/cmd/blake3zcc_hasher/blake3zcc_hasher_/blake3zcc_hasher
INFO: Elapsed time: 0.101s, Critical Path: 0.01s
INFO: 0 processes.
INFO: Build completed successfully, 1 total action
INFO: Running command line: bazel-bin/cmd/blake3zcc_hasher/blake3zcc_hasher_/blake3zcc_hasher -a localhost:8980 -d /home/debian/blake-client/experiments/e4 -c 2 '-b=true'
INFO: Build completed successfully, 1 total action
2021/03/14 23:36:08 Hash: B3Z:1093f28be4fd7f08e1bc7c5a74325374283905df0366e4147b9cd694c3ad2d72
2021/03/14 23:36:08 Hash: B3Z:8fd34c336c315282c5a0d079d824b74754d3535f15539d6a78c867c24b3e1873
2021/03/14 23:36:08 Hash: B3Z:69fd5b364873e0cf9288383e42212200ba45ba940ec4bde713e79b2f983a924c
2021/03/14 23:36:08 Hash: B3Z:d9255d8105ee52b23f018fbd0eb54ae8d464e1f3b0c8729492b39af69afd9ec0
2021/03/14 23:36:08 Hash: B3Z:fc97ab5c4d94c461ae8285e0a8aa4a7631c3a97c0d3d8d025994e0551eb3ef22
2021/03/14 23:36:08 Time Hashing: 5.010019ms
2021/03/14 23:36:08 Bytes Hashed: 2097356
2021/03/14 23:36:08 Action Digest: [252 151 171 92 77 148 196 97 174 130 133 224 168 170 74 118 49 195 169 124 13 61 141 2 89 148 224 85 30 179 239 34] fc97ab5c4d94c461ae8285e0a8aa4a7631c3a97c0d3d8d025994e0551eb3ef22  76
2021/03/14 23:36:08 Bytes Uploaded: 76
2021/03/14 23:36:08 Time Uploading: 4.023549ms
2021/03/14 23:36:08 Time Finding Missing Blobs: 6.97458ms
2021/03/14 23:36:08 Execute response: result:{output_files:{path:"out"  digest:{size_bytes:2097154  hash_blake3zcc:"&\xb9+\xfdn\xf4ޏ\xaaͨ+\x11]\xbe\xa4\"\x91\x05\x8e\xe7z\xab7\x80\x16s\xdaWQ\xac\xd0"}}  execution_metadata:{worker:"{\"datacenter\":\"paris\",\"hostname\":\"ubuntu-worker.example.com\",\"rack\":\"4\",\"slot\":\"15\",\"thread\":\"3\"}"  queued_timestamp:{seconds:1615764968  nanos:63315176}  worker_start_timestamp:{seconds:1615764968  nanos:64555460}  worker_completed_timestamp:{seconds:1615764968  nanos:98246575}  input_fetch_start_timestamp:{seconds:1615764968  nanos:64879413}  input_fetch_completed_timestamp:{seconds:1615764968  nanos:66728629}  execution_start_timestamp:{seconds:1615764968  nanos:66728629}  execution_completed_timestamp:{seconds:1615764968  nanos:82504359}  output_upload_start_timestamp:{seconds:1615764968  nanos:82504359}  output_upload_completed_timestamp:{seconds:1615764968  nanos:98246575}  auxiliary_metadata:{type_url:"type.googleapis.com/buildbarn.resourceusage.POSIXResourceUsage"  value:"\n\x05\x10У\xa0\x01\x12\x00\x18\x80\xc0\xbc\r8\xc7\x01X\x88 x\x03\x80\x01\x07"}  auxiliary_metadata:{type_url:"type.googleapis.com/buildbarn.resourceusage.FilePoolResourceUsage"}}}  message:"Action details (cached result): /action/blake-client/B3Z:fc97ab5c4d94c461ae8285e0a8aa4a7631c3a97c0d3d8d025994e0551eb3ef22/76/"
