Loading: 
Loading: 0 packages loaded
Analyzing: target //cmd/blake3zcc_hasher:blake3zcc_hasher (0 packages loaded, 0 targets configured)
INFO: Analyzed target //cmd/blake3zcc_hasher:blake3zcc_hasher (0 packages loaded, 0 targets configured).
INFO: Found 1 target...
[0 / 1] [Prepa] BazelWorkspaceStatusAction stable-status.txt
Target //cmd/blake3zcc_hasher:blake3zcc_hasher up-to-date:
  bazel-bin/cmd/blake3zcc_hasher/blake3zcc_hasher_/blake3zcc_hasher
INFO: Elapsed time: 0.091s, Critical Path: 0.00s
INFO: 0 processes.
INFO: Build completed successfully, 1 total action
INFO: Running command line: bazel-bin/cmd/blake3zcc_hasher/blake3zcc_hasher_/blake3zcc_hasher -a localhost:8980 -d /home/debian/blake-client/experiments/e2 -c 2 '-b=true'
INFO: Build completed successfully, 1 total action
2021/03/14 23:36:06 Hash: B3Z:1093f28be4fd7f08e1bc7c5a74325374283905df0366e4147b9cd694c3ad2d72
2021/03/14 23:36:06 Hash: B3Z:8f03513c2b125990dae757ea2819492d2141f4da250c95a4218b2b6742be6168
2021/03/14 23:36:06 Hash: B3Z:fb7f0840df41e52a32d623a74e78e61515755dca36a19b68c4899fd7c2e65fb7
2021/03/14 23:36:06 Hash: B3Z:d9255d8105ee52b23f018fbd0eb54ae8d464e1f3b0c8729492b39af69afd9ec0
2021/03/14 23:36:06 Hash: B3Z:cd1659b6843232d2baf576e7dcd7bcbf832e6a71cace4c20ba154400c16bc3d0
2021/03/14 23:36:06 Time Hashing: 3.728713ms
2021/03/14 23:36:06 Bytes Hashed: 1753292
2021/03/14 23:36:06 Action Digest: [205 22 89 182 132 50 50 210 186 245 118 231 220 215 188 191 131 46 106 113 202 206 76 32 186 21 68 0 193 107 195 208] cd1659b6843232d2baf576e7dcd7bcbf832e6a71cace4c20ba154400c16bc3d0  76
2021/03/14 23:36:06 Bytes Uploaded: 170
2021/03/14 23:36:06 Time Uploading: 1.620364ms
2021/03/14 23:36:06 Time Finding Missing Blobs: 3.159254ms
2021/03/14 23:36:06 Execute response: result:{output_files:{path:"out"  digest:{size_bytes:1753090  hash_blake3zcc:"\x05S[\x92\xadI\xa1M\x1a\xb6\x82u\x9e\xf1/7uU\xd5\xed\x05ۭf\x91\x12{?\x14v\xc5"}}  execution_metadata:{worker:"{\"datacenter\":\"paris\",\"hostname\":\"ubuntu-worker.example.com\",\"rack\":\"4\",\"slot\":\"15\",\"thread\":\"1\"}"  queued_timestamp:{seconds:1615764966  nanos:956989032}  worker_start_timestamp:{seconds:1615764966  nanos:959919841}  worker_completed_timestamp:{seconds:1615764966  nanos:987293208}  input_fetch_start_timestamp:{seconds:1615764966  nanos:960205269}  input_fetch_completed_timestamp:{seconds:1615764966  nanos:961928851}  execution_start_timestamp:{seconds:1615764966  nanos:961928851}  execution_completed_timestamp:{seconds:1615764966  nanos:965193219}  output_upload_start_timestamp:{seconds:1615764966  nanos:965193219}  output_upload_completed_timestamp:{seconds:1615764966  nanos:987293208}  auxiliary_metadata:{type_url:"type.googleapis.com/buildbarn.resourceusage.POSIXResourceUsage"  value:"\n\x04\x10ص*\x12\x04\x10\xa0\xd8j\x18\x80\xc0\xbc\r8\xc6\x01X\xe8\x1ax\x03\x80\x01\x04"}  auxiliary_metadata:{type_url:"type.googleapis.com/buildbarn.resourceusage.FilePoolResourceUsage"}}}  message:"Action details (cached result): /action/blake-client/B3Z:cd1659b6843232d2baf576e7dcd7bcbf832e6a71cace4c20ba154400c16bc3d0/76/"
