Loading: 
Loading: 0 packages loaded
Analyzing: target //cmd/blake3zcc_hasher:blake3zcc_hasher (0 packages loaded, 0 targets configured)
INFO: Analyzed target //cmd/blake3zcc_hasher:blake3zcc_hasher (0 packages loaded, 0 targets configured).
INFO: Found 1 target...
[0 / 1] [Prepa] BazelWorkspaceStatusAction stable-status.txt
Target //cmd/blake3zcc_hasher:blake3zcc_hasher up-to-date:
  bazel-bin/cmd/blake3zcc_hasher/blake3zcc_hasher_/blake3zcc_hasher
INFO: Elapsed time: 0.097s, Critical Path: 0.00s
INFO: 0 processes.
INFO: Build completed successfully, 1 total action
INFO: Running command line: bazel-bin/cmd/blake3zcc_hasher/blake3zcc_hasher_/blake3zcc_hasher -a localhost:8980 -d /home/debian/blake-client/experiments/e11 -c 3 '-b=true'
INFO: Build completed successfully, 1 total action
2021/03/14 23:36:06 Hash: B3Z:8f03513c2b125990dae757ea2819492d2141f4da250c95a4218b2b6742be6168
2021/03/14 23:36:06 Hash: B3Z:1093f28be4fd7f08e1bc7c5a74325374283905df0366e4147b9cd694c3ad2d72
2021/03/14 23:36:06 Hash: B3Z:6a825b3e424664abf616a7ea39225485e01c9f4731b184788b55e5f2fb0c8151
2021/03/14 23:36:06 Hash: B3Z:0379138517bc5811e645894edbef883e8d64f9056cdb7bdb54e23e31a6367972
2021/03/14 23:36:06 Hash: B3Z:7bc600ae57fd91c05b4d3e6db13cc50c72ccbef289f866e7c49012506a37ace4
2021/03/14 23:36:06 Time Hashing: 4.314764ms
2021/03/14 23:36:06 Bytes Hashed: 1753308
2021/03/14 23:36:06 Action Digest: [123 198 0 174 87 253 145 192 91 77 62 109 177 60 197 12 114 204 190 242 137 248 102 231 196 144 18 80 106 55 172 228] 7bc600ae57fd91c05b4d3e6db13cc50c72ccbef289f866e7c49012506a37ace4  76
2021/03/14 23:36:06 Bytes Uploaded: 76
2021/03/14 23:36:06 Time Uploading: 916.287µs
2021/03/14 23:36:06 Time Finding Missing Blobs: 5.376177ms
2021/03/14 23:36:06 Execute response: result:{output_files:{path:"out"  digest:{size_bytes:532481  hash_blake3zcc:"\x8f\x03Q<+\x12Y\x90\xda\xe7W\xea(\x19I-!A\xf4\xda%\x0c\x95\xa4!\x8b+gB\xbeah"}}  execution_metadata:{worker:"{\"datacenter\":\"paris\",\"hostname\":\"ubuntu-worker.example.com\",\"rack\":\"4\",\"slot\":\"15\",\"thread\":\"4\"}"  queued_timestamp:{seconds:1615764966  nanos:475857732}  worker_start_timestamp:{seconds:1615764966  nanos:476274249}  worker_completed_timestamp:{seconds:1615764966  nanos:485871143}  input_fetch_start_timestamp:{seconds:1615764966  nanos:476506166}  input_fetch_completed_timestamp:{seconds:1615764966  nanos:477217622}  execution_start_timestamp:{seconds:1615764966  nanos:477217622}  execution_completed_timestamp:{seconds:1615764966  nanos:485261048}  output_upload_start_timestamp:{seconds:1615764966  nanos:485261048}  output_upload_completed_timestamp:{seconds:1615764966  nanos:485871143}  auxiliary_metadata:{type_url:"type.googleapis.com/buildbarn.resourceusage.POSIXResourceUsage"  value:"\n\x04\x10\xe0\xa2g\x12\x05\x10\x98\xc9\xdf\x01\x18\x80\xc0\xbc\r8\xa2\x02X\xd8\x12x\x05\x80\x01\x0e"}  auxiliary_metadata:{type_url:"type.googleapis.com/buildbarn.resourceusage.FilePoolResourceUsage"}}}  message:"Action details (cached result): /action/blake-client/B3Z:7bc600ae57fd91c05b4d3e6db13cc50c72ccbef289f866e7c49012506a37ace4/76/"
