Loading: 
Loading: 0 packages loaded
Analyzing: target //cmd/blake3zcc_hasher:blake3zcc_hasher (0 packages loaded, 0 targets configured)
INFO: Analyzed target //cmd/blake3zcc_hasher:blake3zcc_hasher (0 packages loaded, 0 targets configured).
INFO: Found 1 target...
[0 / 1] [Prepa] BazelWorkspaceStatusAction stable-status.txt
Target //cmd/blake3zcc_hasher:blake3zcc_hasher up-to-date:
  bazel-bin/cmd/blake3zcc_hasher/blake3zcc_hasher_/blake3zcc_hasher
INFO: Elapsed time: 0.110s, Critical Path: 0.00s
INFO: 0 processes.
INFO: Build completed successfully, 1 total action
INFO: Running command line: bazel-bin/cmd/blake3zcc_hasher/blake3zcc_hasher_/blake3zcc_hasher -a localhost:8980 -d /home/debian/blake-client/experiments/e1 -c 3 '-b=true'
INFO: Build completed successfully, 1 total action
2021/03/14 23:36:05 Hash: B3Z:8fd34c336c315282c5a0d079d824b74754d3535f15539d6a78c867c24b3e1873
2021/03/14 23:36:05 Hash: B3Z:8f03513c2b125990dae757ea2819492d2141f4da250c95a4218b2b6742be6168
2021/03/14 23:36:05 Hash: B3Z:bdcc7322f9d633864ee6cf0eef227f6740bb77585225a9c749c16c70788ed9fc
2021/03/14 23:36:05 Hash: B3Z:0379138517bc5811e645894edbef883e8d64f9056cdb7bdb54e23e31a6367972
2021/03/14 23:36:05 Hash: B3Z:a6f1f4f77f648d5d31d7bf99d8e513b1c90b45ef22220217ea6650e709a2e576
2021/03/14 23:36:05 Time Hashing: 3.189417ms
2021/03/14 23:36:05 Bytes Hashed: 1409244
2021/03/14 23:36:05 Action Digest: [166 241 244 247 127 100 141 93 49 215 191 153 216 229 19 177 201 11 69 239 34 34 2 23 234 102 80 231 9 162 229 118] a6f1f4f77f648d5d31d7bf99d8e513b1c90b45ef22220217ea6650e709a2e576  76
2021/03/14 23:36:05 Bytes Uploaded: 124
2021/03/14 23:36:05 Time Uploading: 2.006146ms
2021/03/14 23:36:05 Time Finding Missing Blobs: 1.61639ms
2021/03/14 23:36:05 Execute response: result:{output_files:{path:"out"  digest:{size_bytes:876545  hash_blake3zcc:"\x8f\xd3L3l1R\x82Š\xd0y\xd8$\xb7GT\xd3S_\x15S\x9djx\xc8g\xc2K>\x18s"}}  execution_metadata:{worker:"{\"datacenter\":\"paris\",\"hostname\":\"ubuntu-worker.example.com\",\"rack\":\"4\",\"slot\":\"15\",\"thread\":\"1\"}"  queued_timestamp:{seconds:1615764965  nanos:591116601}  worker_start_timestamp:{seconds:1615764965  nanos:591634248}  worker_completed_timestamp:{seconds:1615764965  nanos:601312117}  input_fetch_start_timestamp:{seconds:1615764965  nanos:591868398}  input_fetch_completed_timestamp:{seconds:1615764965  nanos:593517130}  execution_start_timestamp:{seconds:1615764965  nanos:593517130}  execution_completed_timestamp:{seconds:1615764965  nanos:598753717}  output_upload_start_timestamp:{seconds:1615764965  nanos:598753717}  output_upload_completed_timestamp:{seconds:1615764965  nanos:601312117}  auxiliary_metadata:{type_url:"type.googleapis.com/buildbarn.resourceusage.POSIXResourceUsage"  value:"\n\x05\x10\xa8\xec\x9a\x01\x12\x00\x18\x80\xc0\xbc\r8\x9f\x02X\x98\x08x\x05\x80\x01\x12"}  auxiliary_metadata:{type_url:"type.googleapis.com/buildbarn.resourceusage.FilePoolResourceUsage"}}}  message:"Action details (cached result): /action/blake-client/B3Z:a6f1f4f77f648d5d31d7bf99d8e513b1c90b45ef22220217ea6650e709a2e576/76/"
