Loading: 
Loading: 0 packages loaded
Analyzing: target //cmd/blake3zcc_hasher:blake3zcc_hasher (0 packages loaded, 0 targets configured)
INFO: Analyzed target //cmd/blake3zcc_hasher:blake3zcc_hasher (0 packages loaded, 0 targets configured).
INFO: Found 1 target...
[0 / 1] [Prepa] BazelWorkspaceStatusAction stable-status.txt
Target //cmd/blake3zcc_hasher:blake3zcc_hasher up-to-date:
  bazel-bin/cmd/blake3zcc_hasher/blake3zcc_hasher_/blake3zcc_hasher
INFO: Elapsed time: 0.100s, Critical Path: 0.00s
INFO: 0 processes.
INFO: Build completed successfully, 1 total action
INFO: Running command line: bazel-bin/cmd/blake3zcc_hasher/blake3zcc_hasher_/blake3zcc_hasher -a localhost:8980 -d /home/debian/blake-client/experiments/e6 -c 4 '-b=true'
INFO: Build completed successfully, 1 total action
2021/03/14 23:36:09 Hash: B3Z:44702a444bd92ac4e4e7f5b4c4523862905dc7e6b25fde18b458fe6e3b5c51e8
2021/03/14 23:36:09 Hash: B3Z:1093f28be4fd7f08e1bc7c5a74325374283905df0366e4147b9cd694c3ad2d72
2021/03/14 23:36:09 Hash: B3Z:7dd730153ea7e424627ea3eb2545c406462eab55730794396b114f5fed1549b1
2021/03/14 23:36:09 Command: arguments:"sh"  arguments:"-c"  arguments:"cp in0 out && printf ' ' | dd of=out bs=1 count=1 seek=610304 conv=notrunc"  output_paths:"out"
2021/03/14 23:36:09 Hash: B3Z:862eea82aecb85d22fb4cbbd915d7ab839625cd2e56e58ea0a8f65d682934661
2021/03/14 23:36:09 Hash: B3Z:e8aa9d71feca15d0bcf8967da85ddc32b2d0dcb61619477c14a5267bc8d1d07c
2021/03/14 23:36:09 Time Hashing: 6.217803ms
2021/03/14 23:36:09 Bytes Hashed: 2785541
2021/03/14 23:36:09 Action Digest: [232 170 157 113 254 202 21 208 188 248 150 125 168 93 220 50 178 208 220 182 22 25 71 124 20 165 38 123 200 209 208 124] e8aa9d71feca15d0bcf8967da85ddc32b2d0dcb61619477c14a5267bc8d1d07c  76
2021/03/14 23:36:09 Bytes Uploaded: 165
2021/03/14 23:36:09 Time Uploading: 2.521712ms
2021/03/14 23:36:09 Time Finding Missing Blobs: 3.197496ms
2021/03/14 23:36:09 Execute response: result:{output_files:{path:"out"  digest:{size_bytes:1220609  hash_blake3zcc:"~\x04\x1d\xf8\xe5~{ȗQ\xaf\x81%\xa41[}]\x84A?\x8f\xc7\xc9\xdfI\xb0,\x8a\xe4*\x18"}}  stderr_digest:{size_bytes:70  hash_blake3zcc:"Y5t(P3\\79V}Kr\xbam\x0bŇ\xfat\x15̜\xbew\xcf\xc4K\xca\x02>\xec"}  execution_metadata:{worker:"{\"datacenter\":\"paris\",\"hostname\":\"ubuntu-worker.example.com\",\"rack\":\"4\",\"slot\":\"15\",\"thread\":\"2\"}"  queued_timestamp:{seconds:1615764969  nanos:656883576}  worker_start_timestamp:{seconds:1615764969  nanos:657766024}  worker_completed_timestamp:{seconds:1615764969  nanos:688421568}  input_fetch_start_timestamp:{seconds:1615764969  nanos:657998558}  input_fetch_completed_timestamp:{seconds:1615764969  nanos:659075395}  execution_start_timestamp:{seconds:1615764969  nanos:659075395}  execution_completed_timestamp:{seconds:1615764969  nanos:667926491}  output_upload_start_timestamp:{seconds:1615764969  nanos:667926491}  output_upload_completed_timestamp:{seconds:1615764969  nanos:688421568}  auxiliary_metadata:{type_url:"type.googleapis.com/buildbarn.resourceusage.POSIXResourceUsage"  value:"\n\x05\x10\xa0\x97\xd3\x01\x12\x00\x18\x80\xc0\xbc\r8\xc6\x02X\xe0\x12x\x07\x80\x01\x06"}  auxiliary_metadata:{type_url:"type.googleapis.com/buildbarn.resourceusage.FilePoolResourceUsage"}}}  message:"Action details (cached result): /action/blake-client/B3Z:e8aa9d71feca15d0bcf8967da85ddc32b2d0dcb61619477c14a5267bc8d1d07c/76/"
