Loading: 
Loading: 0 packages loaded
Analyzing: target //cmd/blake3zcc_hasher:blake3zcc_hasher (0 packages loaded, 0 targets configured)
INFO: Analyzed target //cmd/blake3zcc_hasher:blake3zcc_hasher (0 packages loaded, 0 targets configured).
INFO: Found 1 target...
[0 / 1] [Prepa] BazelWorkspaceStatusAction stable-status.txt
Target //cmd/blake3zcc_hasher:blake3zcc_hasher up-to-date:
  bazel-bin/cmd/blake3zcc_hasher/blake3zcc_hasher_/blake3zcc_hasher
INFO: Elapsed time: 0.112s, Critical Path: 0.00s
INFO: 0 processes.
INFO: Build completed successfully, 1 total action
INFO: Running command line: bazel-bin/cmd/blake3zcc_hasher/blake3zcc_hasher_/blake3zcc_hasher -a localhost:8980 -d /home/debian/blake-client/experiments/e3 -c 3 '-b=true'
INFO: Build completed successfully, 1 total action
2021/03/14 23:36:07 Hash: B3Z:44702a444bd92ac4e4e7f5b4c4523862905dc7e6b25fde18b458fe6e3b5c51e8
2021/03/14 23:36:07 Hash: B3Z:8f03513c2b125990dae757ea2819492d2141f4da250c95a4218b2b6742be6168
2021/03/14 23:36:07 Hash: B3Z:6cca65bbc2d91a2afa6cc31c52a42f4814832a5c69b86dd2fba39967d55d4b2e
2021/03/14 23:36:07 Hash: B3Z:0379138517bc5811e645894edbef883e8d64f9056cdb7bdb54e23e31a6367972
2021/03/14 23:36:07 Hash: B3Z:7754b2befe56942917f6eca079907057f0fa5d3875dd80deacc2909b9204ce0b
2021/03/14 23:36:07 Time Hashing: 5.244221ms
2021/03/14 23:36:07 Bytes Hashed: 2097372
2021/03/14 23:36:07 Action Digest: [119 84 178 190 254 86 148 41 23 246 236 160 121 144 112 87 240 250 93 56 117 221 128 222 172 194 144 155 146 4 206 11] 7754b2befe56942917f6eca079907057f0fa5d3875dd80deacc2909b9204ce0b  76
2021/03/14 23:36:07 Bytes Uploaded: 76
2021/03/14 23:36:07 Time Uploading: 942.081µs
2021/03/14 23:36:07 Time Finding Missing Blobs: 2.080716ms
2021/03/14 23:36:07 Execute response: result:{output_files:{path:"out"  digest:{size_bytes:1564673  hash_blake3zcc:"Dp*DK\xd9*\xc4\xe4\xe7\xf5\xb4\xc4R8b\x90]\xc7\xe6\xb2_\xde\x18\xb4X\xfen;\\Q\xe8"}}  execution_metadata:{worker:"{\"datacenter\":\"paris\",\"hostname\":\"ubuntu-worker.example.com\",\"rack\":\"4\",\"slot\":\"15\",\"thread\":\"6\"}"  queued_timestamp:{seconds:1615764967  nanos:566814042}  worker_start_timestamp:{seconds:1615764967  nanos:567145787}  worker_completed_timestamp:{seconds:1615764967  nanos:586826945}  input_fetch_start_timestamp:{seconds:1615764967  nanos:567428067}  input_fetch_completed_timestamp:{seconds:1615764967  nanos:568497990}  execution_start_timestamp:{seconds:1615764967  nanos:568497990}  execution_completed_timestamp:{seconds:1615764967  nanos:575886533}  output_upload_start_timestamp:{seconds:1615764967  nanos:575886533}  output_upload_completed_timestamp:{seconds:1615764967  nanos:586826945}  auxiliary_metadata:{type_url:"type.googleapis.com/buildbarn.resourceusage.POSIXResourceUsage"  value:"\n\x05\x10ȯ\x8f\x01\x12\x04\x10\x80\x91$\x18\x80\xc0\xbc\r8\x9b\x02X\x98\x08x\x05\x80\x01\x06"}  auxiliary_metadata:{type_url:"type.googleapis.com/buildbarn.resourceusage.FilePoolResourceUsage"}}}  message:"Action details (cached result): /action/blake-client/B3Z:7754b2befe56942917f6eca079907057f0fa5d3875dd80deacc2909b9204ce0b/76/"
