Loading: 
Loading: 0 packages loaded
Analyzing: target //cmd/blake3zcc_hasher:blake3zcc_hasher (0 packages loaded, 0 targets configured)
INFO: Analyzed target //cmd/blake3zcc_hasher:blake3zcc_hasher (0 packages loaded, 0 targets configured).
INFO: Found 1 target...
[0 / 1] [Prepa] BazelWorkspaceStatusAction stable-status.txt
Target //cmd/blake3zcc_hasher:blake3zcc_hasher up-to-date:
  bazel-bin/cmd/blake3zcc_hasher/blake3zcc_hasher_/blake3zcc_hasher
INFO: Elapsed time: 0.164s, Critical Path: 0.00s
INFO: 0 processes.
INFO: Build completed successfully, 1 total action
INFO: Running command line: bazel-bin/cmd/blake3zcc_hasher/blake3zcc_hasher_/blake3zcc_hasher -a localhost:8980 -d /home/debian/blake-client/experiments/e8 -c 3 '-b=true'
INFO: Build completed successfully, 1 total action
2021/03/14 23:36:10 Hash: B3Z:8fd34c336c315282c5a0d079d824b74754d3535f15539d6a78c867c24b3e1873
2021/03/14 23:36:10 Hash: B3Z:44702a444bd92ac4e4e7f5b4c4523862905dc7e6b25fde18b458fe6e3b5c51e8
2021/03/14 23:36:10 Hash: B3Z:14b094dbbb8118b1aaceef1d06e3b5ef437b611e9e5d7c0edb8a20520caea1e2
2021/03/14 23:36:10 Hash: B3Z:0379138517bc5811e645894edbef883e8d64f9056cdb7bdb54e23e31a6367972
2021/03/14 23:36:10 Hash: B3Z:fee0bbf7ee6d83603e95f47c38b8d83bf876d8aae0fc01a718462ffae7cc1eb0
2021/03/14 23:36:10 Time Hashing: 5.375202ms
2021/03/14 23:36:10 Bytes Hashed: 2441436
2021/03/14 23:36:10 Action Digest: [254 224 187 247 238 109 131 96 62 149 244 124 56 184 216 59 248 118 216 170 224 252 1 167 24 70 47 250 231 204 30 176] fee0bbf7ee6d83603e95f47c38b8d83bf876d8aae0fc01a718462ffae7cc1eb0  76
2021/03/14 23:36:10 Bytes Uploaded: 76
2021/03/14 23:36:10 Time Uploading: 1.34716ms
2021/03/14 23:36:10 Time Finding Missing Blobs: 3.731871ms
2021/03/14 23:36:10 Execute response: result:{output_files:{path:"out"  digest:{size_bytes:876545  hash_blake3zcc:"\x8f\xd3L3l1R\x82Š\xd0y\xd8$\xb7GT\xd3S_\x15S\x9djx\xc8g\xc2K>\x18s"}}  execution_metadata:{worker:"{\"datacenter\":\"paris\",\"hostname\":\"ubuntu-worker.example.com\",\"rack\":\"4\",\"slot\":\"15\",\"thread\":\"3\"}"  queued_timestamp:{seconds:1615764970  nanos:941741193}  worker_start_timestamp:{seconds:1615764970  nanos:942728627}  worker_completed_timestamp:{seconds:1615764970  nanos:953372398}  input_fetch_start_timestamp:{seconds:1615764970  nanos:943019491}  input_fetch_completed_timestamp:{seconds:1615764970  nanos:943523096}  execution_start_timestamp:{seconds:1615764970  nanos:943523096}  execution_completed_timestamp:{seconds:1615764970  nanos:950339461}  output_upload_start_timestamp:{seconds:1615764970  nanos:950339461}  output_upload_completed_timestamp:{seconds:1615764970  nanos:953372398}  auxiliary_metadata:{type_url:"type.googleapis.com/buildbarn.resourceusage.POSIXResourceUsage"  value:"\n\x05\x10\xe8\xeb\xaf\x01\x12\x00\x18\x80\xc0\x92\x0e8\x9f\x02X\xf8\x17x\x05\x80\x01\x05"}  auxiliary_metadata:{type_url:"type.googleapis.com/buildbarn.resourceusage.FilePoolResourceUsage"}}}  message:"Action details (cached result): /action/blake-client/B3Z:fee0bbf7ee6d83603e95f47c38b8d83bf876d8aae0fc01a718462ffae7cc1eb0/76/"
