Loading: 
Loading: 0 packages loaded
Analyzing: target //cmd/blake3zcc_hasher:blake3zcc_hasher (0 packages loaded, 0 targets configured)
INFO: Analyzed target //cmd/blake3zcc_hasher:blake3zcc_hasher (0 packages loaded, 0 targets configured).
INFO: Found 1 target...
[0 / 1] [Prepa] BazelWorkspaceStatusAction stable-status.txt
Target //cmd/blake3zcc_hasher:blake3zcc_hasher up-to-date:
  bazel-bin/cmd/blake3zcc_hasher/blake3zcc_hasher_/blake3zcc_hasher
INFO: Elapsed time: 0.076s, Critical Path: 0.00s
INFO: 0 processes.
INFO: Build completed successfully, 1 total action
INFO: Running command line: bazel-bin/cmd/blake3zcc_hasher/blake3zcc_hasher_/blake3zcc_hasher -a localhost:8980 -d /home/debian/blake-client/experiments/e1 -c 4 '-b=true'
INFO: Build completed successfully, 1 total action
2021/04/07 16:16:48 Hash: B3Z:cf1dd238456e6edde2463f09b51051a6bb87e04f1cdea0e2147089f810c590de
2021/04/07 16:16:49 Hash: B3Z:5ca04cb34578cad7af281725bce53de5f3ab15a65619d361ce3e1a8de8317125
2021/04/07 16:16:49 Hash: B3Z:3ce2ae26816167177dbb46e7a540c3b64870d919359ea7ac5335ce8d7d640833
2021/04/07 16:16:49 Command: arguments:"sh" arguments:"-c" arguments:"cp in0 out && printf ' ' | dd of=out bs=1 count=1 seek=138936320 conv=notrunc" output_paths:"out"
2021/04/07 16:16:49 Hash: B3Z:a4c6c36bf1cb1ad44fa6f1c481947d762c4ef0f71a350258158e36e23ef9c382
2021/04/07 16:16:49 Hash: B3Z:57effb059d026bcfc3e9bfebe431b9ba6aefa77f8b62c4838ad4b27f4d54ffe1
2021/04/07 16:16:49 Time Hashing: 2.301190656s
2021/04/07 16:16:49 Bytes Hashed: 566231308
2021/04/07 16:16:49 Action Digest: [87 239 251 5 157 2 107 207 195 233 191 235 228 49 185 186 106 239 167 127 139 98 196 131 138 212 178 127 77 84 255 225] 57effb059d026bcfc3e9bfebe431b9ba6aefa77f8b62c4838ad4b27f4d54ffe1  76
2021/04/07 16:16:49 Bytes Uploaded: 168
2021/04/07 16:16:49 Time Uploading: 1.514849ms
2021/04/07 16:16:49 Time Finding Missing Blobs: 142.838403ms
2021/04/07 16:16:53 Execute response: result:{output_files:{path:"out" digest:{size_bytes:277872641 hash_blake3zcc:"~\x8c\x85\x9c\xa4\x9d4\xf0\x85\n2\x89߀ۙ[9`\xc6W\x91\xc5\xe3\x05--c\x18PI\xc5"}} stderr_digest:{size_bytes:70 hash_blake3zcc:"\x9a\xb6P\xef\xb7q\xea\xaf\xd6}\xe8Ӽ\xd3R\x8f\xc1%\x85\x16\xf8\xbcJ\x84\x9bRx\xf6\x110I\x12"} execution_metadata:{worker:"{\"datacenter\":\"paris\",\"hostname\":\"ubuntu-worker.example.com\",\"rack\":\"4\",\"slot\":\"15\",\"thread\":\"3\"}" queued_timestamp:{seconds:1617808609 nanos:651465849} worker_start_timestamp:{seconds:1617808609 nanos:651789051} worker_completed_timestamp:{seconds:1617808613 nanos:472983644} input_fetch_start_timestamp:{seconds:1617808609 nanos:652830100} input_fetch_completed_timestamp:{seconds:1617808609 nanos:653837238} execution_start_timestamp:{seconds:1617808609 nanos:653837238} execution_completed_timestamp:{seconds:1617808609 nanos:848217128} output_upload_start_timestamp:{seconds:1617808609 nanos:848217128} output_upload_completed_timestamp:{seconds:1617808613 nanos:472983644} auxiliary_metadata:{type_url:"type.googleapis.com/buildbarn.resourceusage.POSIXResourceUsage" value:"\n\x05\x10\x88\x8b\xaa\x03\x12\x05\x10襕I\x18\x80\xe0\x84\r8\xc6\x02@\x02P\xa8\x02X\x90\x90!x\r\x80\x01\x8a\x01"} auxiliary_metadata:{type_url:"type.googleapis.com/buildbarn.resourceusage.FilePoolResourceUsage"}}} message:"Action details (cached result): /action/blake-client/B3Z:57effb059d026bcfc3e9bfebe431b9ba6aefa77f8b62c4838ad4b27f4d54ffe1/76/"
