Loading: 
Loading: 0 packages loaded
Analyzing: target //cmd/blake3zcc_hasher:blake3zcc_hasher (0 packages loaded, 0 targets configured)
INFO: Analyzed target //cmd/blake3zcc_hasher:blake3zcc_hasher (0 packages loaded, 0 targets configured).
INFO: Found 1 target...
[0 / 1] [Prepa] BazelWorkspaceStatusAction stable-status.txt
Target //cmd/blake3zcc_hasher:blake3zcc_hasher up-to-date:
  bazel-bin/cmd/blake3zcc_hasher/blake3zcc_hasher_/blake3zcc_hasher
INFO: Elapsed time: 0.133s, Critical Path: 0.00s
INFO: 0 processes.
INFO: Build completed successfully, 1 total action
INFO: Running command line: bazel-bin/cmd/blake3zcc_hasher/blake3zcc_hasher_/blake3zcc_hasher -a localhost:8980 -d /home/debian/blake-client/experiments/e4 -c 0 '-b=true'
INFO: Build completed successfully, 1 total action
2021/04/07 16:23:57 Hash: B3Z:6ef6b4a9579e1a902114eec0247e0b5a2fdde1176f6682e985b7343e261b1296
2021/04/07 16:23:59 Hash: B3Z:cf1dd238456e6edde2463f09b51051a6bb87e04f1cdea0e2147089f810c590de
2021/04/07 16:23:59 Hash: B3Z:9b06c6daf43bc9e5f352c960c1ac879bad8bed2e49b2a93e38887a79c8a5e5d6
2021/04/07 16:23:59 Hash: B3Z:0efe2b763d0ef25ab606352f2bdaf1041c4cc049855cbb1ed1c45be863334bcd
2021/04/07 16:23:59 Hash: B3Z:b2a08282a52b8f4d7063fea0987782e610474a88d231a21baec73428e92e12d9
2021/04/07 16:23:59 Time Hashing: 3.626392711s
2021/04/07 16:23:59 Bytes Hashed: 844103874
2021/04/07 16:24:31 Action Digest: [178 160 130 130 165 43 143 77 112 99 254 160 152 119 130 230 16 71 74 136 210 49 162 27 174 199 52 40 233 46 18 217] b2a08282a52b8f4d7063fea0987782e610474a88d231a21baec73428e92e12d9  76
2021/04/07 16:24:31 Bytes Uploaded: 555745454
2021/04/07 16:24:31 Time Uploading: 32.699606293s
2021/04/07 16:24:31 Time Finding Missing Blobs: 95.21664ms
2021/04/07 16:25:32 Execute response: result:{output_files:{path:"out" digest:{size_bytes:288358401 hash_blake3zcc:"\xcf\x1d\xd28Enn\xdd\xe2F?\t\xb5\x10Q\xa6\xbb\x87\xe0O\x1cޠ\xe2\x14p\x89\xf8\x10Ő\xde"}} execution_metadata:{worker:"{\"datacenter\":\"paris\",\"hostname\":\"ubuntu-worker.example.com\",\"rack\":\"4\",\"slot\":\"15\",\"thread\":\"1\"}" queued_timestamp:{seconds:1617809071 nanos:977364527} worker_start_timestamp:{seconds:1617809071 nanos:981384920} worker_completed_timestamp:{seconds:1617809132 nanos:925323235} input_fetch_start_timestamp:{seconds:1617809071 nanos:991121911} input_fetch_completed_timestamp:{seconds:1617809128 nanos:415859300} execution_start_timestamp:{seconds:1617809128 nanos:415859300} execution_completed_timestamp:{seconds:1617809128 nanos:996640920} output_upload_start_timestamp:{seconds:1617809128 nanos:996640920} output_upload_completed_timestamp:{seconds:1617809132 nanos:925323235} auxiliary_metadata:{type_url:"type.googleapis.com/buildbarn.resourceusage.POSIXResourceUsage" value:"\n\x00\x12\x05\x10\xb8\x9c\xb5O\x18\x80\xe0\x84\r8|@\x10P\xa8\x10X\x88\xb0\"x'\x80\x01&"} auxiliary_metadata:{type_url:"type.googleapis.com/buildbarn.resourceusage.FilePoolResourceUsage"}}} message:"Action details (cached result): /action/blake-client/B3Z:b2a08282a52b8f4d7063fea0987782e610474a88d231a21baec73428e92e12d9/76/"
