Loading: 
Loading: 0 packages loaded
Analyzing: target //cmd/blake3zcc_hasher:blake3zcc_hasher (0 packages loaded, 0 targets configured)
INFO: Analyzed target //cmd/blake3zcc_hasher:blake3zcc_hasher (0 packages loaded, 0 targets configured).
INFO: Found 1 target...
[0 / 1] [Prepa] BazelWorkspaceStatusAction stable-status.txt
Target //cmd/blake3zcc_hasher:blake3zcc_hasher up-to-date:
  bazel-bin/cmd/blake3zcc_hasher/blake3zcc_hasher_/blake3zcc_hasher
INFO: Elapsed time: 0.217s, Critical Path: 0.00s
INFO: 0 processes.
INFO: Build completed successfully, 1 total action
INFO: Running command line: bazel-bin/cmd/blake3zcc_hasher/blake3zcc_hasher_/blake3zcc_hasher -a localhost:8980 -d /home/debian/blake-client/experiments/e12 -c 2 '-b=true'
INFO: Build completed successfully, 1 total action
2021/04/07 16:20:12 Hash: B3Z:9b6701e748e821ebfb052b1214508749883cf66134aa79991c6423435acdb90f
2021/04/07 16:20:13 Hash: B3Z:cf1dd238456e6edde2463f09b51051a6bb87e04f1cdea0e2147089f810c590de
2021/04/07 16:20:13 Hash: B3Z:18d9090c2bd9bb269e84615a3b6d82a2501650f4fc2bb752e88696409f1136bd
2021/04/07 16:20:13 Hash: B3Z:d9255d8105ee52b23f018fbd0eb54ae8d464e1f3b0c8729492b39af69afd9ec0
2021/04/07 16:20:13 Hash: B3Z:d89bda08168abcba89102c25c48b2126c8032330fded3ac61ae6885915bf6abf
2021/04/07 16:20:13 Time Hashing: 2.454408102s
2021/04/07 16:20:13 Bytes Hashed: 566231247
2021/04/07 16:20:13 Action Digest: [216 155 218 8 22 138 188 186 137 16 44 37 196 139 33 38 200 3 35 48 253 237 58 198 26 230 136 89 21 191 106 191] d89bda08168abcba89102c25c48b2126c8032330fded3ac61ae6885915bf6abf  76
2021/04/07 16:20:13 Bytes Uploaded: 174
2021/04/07 16:20:13 Time Uploading: 1.424388ms
2021/04/07 16:20:13 Time Finding Missing Blobs: 124.984297ms
2021/04/07 16:20:41 Execute response: result:{output_files:{path:"out" digest:{size_bytes:566231041 hash_blake3zcc:"H\xbf\xa2\xc5\xc4\n\xb7\xe8\x1e(\x93\xe2\xc99Kv\x8fL\xc60\x0f\x86\xb8\xd29s\xb5H\xb5q^"}} execution_metadata:{worker:"{\"datacenter\":\"paris\",\"hostname\":\"ubuntu-worker.example.com\",\"rack\":\"4\",\"slot\":\"15\",\"thread\":\"3\"}" queued_timestamp:{seconds:1617808813 nanos:875998050} worker_start_timestamp:{seconds:1617808813 nanos:876436519} worker_completed_timestamp:{seconds:1617808841 nanos:601738873} input_fetch_start_timestamp:{seconds:1617808813 nanos:876698634} input_fetch_completed_timestamp:{seconds:1617808833 nanos:71180436} execution_start_timestamp:{seconds:1617808833 nanos:71180436} execution_completed_timestamp:{seconds:1617808834 nanos:75997373} output_upload_start_timestamp:{seconds:1617808834 nanos:75997373} output_upload_completed_timestamp:{seconds:1617808841 nanos:601738873} auxiliary_metadata:{type_url:"type.googleapis.com/buildbarn.resourceusage.POSIXResourceUsage" value:"\n\x05\x10\x88\xfc\xb1\x02\x12\x06\x10\xe0\x84\x96\xc5\x01\x18\x80\xe0\x84\r8\xcb\x01@\x02P\x80\xfc X\x90\xc0Cx\xc5\x04\x80\x01\xb9\x01"} auxiliary_metadata:{type_url:"type.googleapis.com/buildbarn.resourceusage.FilePoolResourceUsage"}}} message:"Action details (cached result): /action/blake-client/B3Z:d89bda08168abcba89102c25c48b2126c8032330fded3ac61ae6885915bf6abf/76/"
