Loading: 
Loading: 0 packages loaded
Analyzing: target //cmd/blake3zcc_hasher:blake3zcc_hasher (0 packages loaded, 0 targets configured)
INFO: Analyzed target //cmd/blake3zcc_hasher:blake3zcc_hasher (0 packages loaded, 0 targets configured).
INFO: Found 1 target...
[0 / 1] [Prepa] BazelWorkspaceStatusAction stable-status.txt
Target //cmd/blake3zcc_hasher:blake3zcc_hasher up-to-date:
  bazel-bin/cmd/blake3zcc_hasher/blake3zcc_hasher_/blake3zcc_hasher
INFO: Elapsed time: 0.219s, Critical Path: 0.01s
INFO: 0 processes.
INFO: Build completed successfully, 1 total action
INFO: Running command line: bazel-bin/cmd/blake3zcc_hasher/blake3zcc_hasher_/blake3zcc_hasher -a localhost:8980 -d /home/debian/blake-client/experiments/e3 -c 3 '-b=true'
INFO: Build completed successfully, 1 total action
2021/04/07 16:23:45 Hash: B3Z:9bb17aa8e1e1fa7dd8e4c30303a8aac9cccb1c385871033c51cfa405841ab51d
2021/04/07 16:23:46 Hash: B3Z:5ca04cb34578cad7af281725bce53de5f3ab15a65619d361ce3e1a8de8317125
2021/04/07 16:23:46 Hash: B3Z:5fcbe2817599823ef6d0ee2282a7605f5f46adcbd8b613a3497736bf4f0e3dae
2021/04/07 16:23:46 Hash: B3Z:0379138517bc5811e645894edbef883e8d64f9056cdb7bdb54e23e31a6367972
2021/04/07 16:23:46 Hash: B3Z:8a0aa0b1558206d39fd8b6fc71593127626d99ecd5ab6ead9c5466a5357c3a22
2021/04/07 16:23:46 Time Hashing: 3.632360489s
2021/04/07 16:23:46 Bytes Hashed: 844103903
2021/04/07 16:23:46 Action Digest: [138 10 160 177 85 130 6 211 159 216 182 252 113 89 49 39 98 109 153 236 213 171 110 173 156 84 102 165 53 124 58 34] 8a0aa0b1558206d39fd8b6fc71593127626d99ecd5ab6ead9c5466a5357c3a22  76
2021/04/07 16:23:46 Bytes Uploaded: 76
2021/04/07 16:23:46 Time Uploading: 951.533µs
2021/04/07 16:23:46 Time Finding Missing Blobs: 189.400118ms
2021/04/07 16:23:55 Execute response: result:{output_files:{path:"out" digest:{size_bytes:566231040 hash_blake3zcc:"\x9b\xb1z\xa8\xe1\xe1\xfa}\xd8\xe4\xc3\x03\x03\xa8\xaa\xc9\xcc\xcb\x1c8Xq\x03<QϤ\x05\x84\x1a\xb5\x1d"}} execution_metadata:{worker:"{\"datacenter\":\"paris\",\"hostname\":\"ubuntu-worker.example.com\",\"rack\":\"4\",\"slot\":\"15\",\"thread\":\"6\"}" queued_timestamp:{seconds:1617809026 nanos:952547151} worker_start_timestamp:{seconds:1617809026 nanos:954247846} worker_completed_timestamp:{seconds:1617809035 nanos:17280714} input_fetch_start_timestamp:{seconds:1617809026 nanos:954966048} input_fetch_completed_timestamp:{seconds:1617809026 nanos:955307704} execution_start_timestamp:{seconds:1617809026 nanos:955307704} execution_completed_timestamp:{seconds:1617809027 nanos:567018919} output_upload_start_timestamp:{seconds:1617809027 nanos:567018919} output_upload_completed_timestamp:{seconds:1617809035 nanos:17280714} auxiliary_metadata:{type_url:"type.googleapis.com/buildbarn.resourceusage.POSIXResourceUsage" value:"\n\x04\x10\xc8\xf2O\x12\x05\x10\xc0\x9c\xf7g\x18\x80\xe0\x84\r8\x9f\x02@\x0eP\xd0\xd2\x1fX\x88\x90!x\xf3\x04\x80\x01B"} auxiliary_metadata:{type_url:"type.googleapis.com/buildbarn.resourceusage.FilePoolResourceUsage"}}} message:"Action details (cached result): /action/blake-client/B3Z:8a0aa0b1558206d39fd8b6fc71593127626d99ecd5ab6ead9c5466a5357c3a22/76/"
