Loading: 
Loading: 0 packages loaded
Analyzing: target //cmd/blake3zcc_hasher:blake3zcc_hasher (0 packages loaded, 0 targets configured)
INFO: Analyzed target //cmd/blake3zcc_hasher:blake3zcc_hasher (0 packages loaded, 0 targets configured).
INFO: Found 1 target...
[0 / 1] [Prepa] BazelWorkspaceStatusAction stable-status.txt
Target //cmd/blake3zcc_hasher:blake3zcc_hasher up-to-date:
  bazel-bin/cmd/blake3zcc_hasher/blake3zcc_hasher_/blake3zcc_hasher
INFO: Elapsed time: 0.253s, Critical Path: 0.00s
INFO: 0 processes.
INFO: Build completed successfully, 1 total action
INFO: Running command line: bazel-bin/cmd/blake3zcc_hasher/blake3zcc_hasher_/blake3zcc_hasher -a localhost:8980 -d /home/debian/blake-client/experiments/e2 -c 3 '-b=true'
INFO: Build completed successfully, 1 total action
2021/04/07 16:22:03 Hash: B3Z:5e1674872baa1508703bb8a7c839db599da5c2b9c22d8925fb02f09131359dde
2021/04/07 16:22:04 Hash: B3Z:5ca04cb34578cad7af281725bce53de5f3ab15a65619d361ce3e1a8de8317125
2021/04/07 16:22:04 Hash: B3Z:e6230854be66f55e4585b6e3e29727a8ecfef258727974ac4a4be755a7b029b6
2021/04/07 16:22:04 Hash: B3Z:0379138517bc5811e645894edbef883e8d64f9056cdb7bdb54e23e31a6367972
2021/04/07 16:22:04 Hash: B3Z:2c085b1746ac8d658bce3376dfd99a6c99f5704b6a718be48d12f2b01e418623
2021/04/07 16:22:04 Time Hashing: 3.544465175s
2021/04/07 16:22:04 Bytes Hashed: 833618144
2021/04/07 16:22:05 Action Digest: [44 8 91 23 70 172 141 101 139 206 51 118 223 217 154 108 153 245 112 75 106 113 139 228 141 18 242 176 30 65 134 35] 2c085b1746ac8d658bce3376dfd99a6c99f5704b6a718be48d12f2b01e418623  76
2021/04/07 16:22:05 Bytes Uploaded: 76
2021/04/07 16:22:05 Time Uploading: 897.432µs
2021/04/07 16:22:05 Time Finding Missing Blobs: 203.231008ms
2021/04/07 16:22:13 Execute response: result:{output_files:{path:"out" digest:{size_bytes:555745281 hash_blake3zcc:"^\x16t\x87+\xaa\x15\x08p;\xb8\xa7\xc89\xdbY\x9d\xa5¹\xc2-\x89%\xfb\x02\xf0\x9115\x9d\xde"}} execution_metadata:{worker:"{\"datacenter\":\"paris\",\"hostname\":\"ubuntu-worker.example.com\",\"rack\":\"4\",\"slot\":\"15\",\"thread\":\"4\"}" queued_timestamp:{seconds:1617808925 nanos:16411633} worker_start_timestamp:{seconds:1617808925 nanos:16780321} worker_completed_timestamp:{seconds:1617808933 nanos:70705904} input_fetch_start_timestamp:{seconds:1617808925 nanos:18425370} input_fetch_completed_timestamp:{seconds:1617808925 nanos:19024012} execution_start_timestamp:{seconds:1617808925 nanos:19024012} execution_completed_timestamp:{seconds:1617808925 nanos:779432030} output_upload_start_timestamp:{seconds:1617808925 nanos:779432030} output_upload_completed_timestamp:{seconds:1617808933 nanos:70705904} auxiliary_metadata:{type_url:"type.googleapis.com/buildbarn.resourceusage.POSIXResourceUsage" value:"\n\x04\x10ؔ5\x12\x05\x10蜋w\x18\x80\xe0\x84\r8\x9a\x02@\rPЦ\x1cX\x88\x90!x\xb3\x04\x80\x01\x8c\x01"} auxiliary_metadata:{type_url:"type.googleapis.com/buildbarn.resourceusage.FilePoolResourceUsage"}}} message:"Action details (cached result): /action/blake-client/B3Z:2c085b1746ac8d658bce3376dfd99a6c99f5704b6a718be48d12f2b01e418623/76/"
