Loading: 
Loading: 0 packages loaded
Analyzing: target //cmd/blake3zcc_hasher:blake3zcc_hasher (0 packages loaded, 0 targets configured)
INFO: Analyzed target //cmd/blake3zcc_hasher:blake3zcc_hasher (0 packages loaded, 0 targets configured).
INFO: Found 1 target...
[0 / 1] [Prepa] BazelWorkspaceStatusAction stable-status.txt
Target //cmd/blake3zcc_hasher:blake3zcc_hasher up-to-date:
  bazel-bin/cmd/blake3zcc_hasher/blake3zcc_hasher_/blake3zcc_hasher
INFO: Elapsed time: 0.087s, Critical Path: 0.00s
INFO: 0 processes.
INFO: Build completed successfully, 1 total action
INFO: Running command line: bazel-bin/cmd/blake3zcc_hasher/blake3zcc_hasher_/blake3zcc_hasher -a localhost:8980 -d /home/debian/blake-client/experiments/e1 -c 2 '-b=true'
INFO: Build completed successfully, 1 total action
2021/04/07 16:16:29 Hash: B3Z:cf1dd238456e6edde2463f09b51051a6bb87e04f1cdea0e2147089f810c590de
2021/04/07 16:16:31 Hash: B3Z:5ca04cb34578cad7af281725bce53de5f3ab15a65619d361ce3e1a8de8317125
2021/04/07 16:16:31 Hash: B3Z:3ce2ae26816167177dbb46e7a540c3b64870d919359ea7ac5335ce8d7d640833
2021/04/07 16:16:31 Hash: B3Z:d9255d8105ee52b23f018fbd0eb54ae8d464e1f3b0c8729492b39af69afd9ec0
2021/04/07 16:16:31 Hash: B3Z:1be1b1466bb13e8792c84b9aa1044dccf1dfe0bb9b5565a8e829a0d5f4c3a3ff
2021/04/07 16:16:31 Time Hashing: 2.320471215s
2021/04/07 16:16:31 Bytes Hashed: 566231248
2021/04/07 16:16:31 Action Digest: [27 225 177 70 107 177 62 135 146 200 75 154 161 4 77 204 241 223 224 187 155 85 101 168 232 41 160 213 244 195 163 255] 1be1b1466bb13e8792c84b9aa1044dccf1dfe0bb9b5565a8e829a0d5f4c3a3ff  76
2021/04/07 16:16:31 Bytes Uploaded: 108
2021/04/07 16:16:31 Time Uploading: 1.628924ms
2021/04/07 16:16:31 Time Finding Missing Blobs: 130.678996ms
2021/04/07 16:16:40 Execute response: result:{output_files:{path:"out" digest:{size_bytes:566231042 hash_blake3zcc:"\x86\x05\xb4̷RV\x17F|\x90\xa0\xed\x9ac\xbab\xeb0\xf2;\xe5\xc8T\x82֛\x8e]\xf6\xacH"}} execution_metadata:{worker:"{\"datacenter\":\"paris\",\"hostname\":\"ubuntu-worker.example.com\",\"rack\":\"4\",\"slot\":\"15\",\"thread\":\"2\"}" queued_timestamp:{seconds:1617808591 nanos:207366440} worker_start_timestamp:{seconds:1617808591 nanos:208654681} worker_completed_timestamp:{seconds:1617808600 nanos:163870754} input_fetch_start_timestamp:{seconds:1617808591 nanos:209057338} input_fetch_completed_timestamp:{seconds:1617808591 nanos:210704551} execution_start_timestamp:{seconds:1617808591 nanos:210704551} execution_completed_timestamp:{seconds:1617808592 nanos:631847541} output_upload_start_timestamp:{seconds:1617808592 nanos:631847541} output_upload_completed_timestamp:{seconds:1617808600 nanos:163870754} auxiliary_metadata:{type_url:"type.googleapis.com/buildbarn.resourceusage.POSIXResourceUsage" value:"\n\x05\x10\xf0\xbf\x9b\x03\x12\x06\x10\xb0\x81\x87\xda\x01\x18\x80\xe0\x84\r8\xc3\x01@\x04P\xe0\xb1\"X\x90\xc0Cx\xea\x04\x80\x01\x9d\x03"} auxiliary_metadata:{type_url:"type.googleapis.com/buildbarn.resourceusage.FilePoolResourceUsage"}}} message:"Action details (cached result): /action/blake-client/B3Z:1be1b1466bb13e8792c84b9aa1044dccf1dfe0bb9b5565a8e829a0d5f4c3a3ff/76/"
