Loading: 
Loading: 0 packages loaded
Analyzing: target //cmd/blake3zcc_hasher:blake3zcc_hasher (0 packages loaded, 0 targets configured)
INFO: Analyzed target //cmd/blake3zcc_hasher:blake3zcc_hasher (0 packages loaded, 0 targets configured).
INFO: Found 1 target...
[0 / 1] [Prepa] BazelWorkspaceStatusAction stable-status.txt
Target //cmd/blake3zcc_hasher:blake3zcc_hasher up-to-date:
  bazel-bin/cmd/blake3zcc_hasher/blake3zcc_hasher_/blake3zcc_hasher
INFO: Elapsed time: 0.092s, Critical Path: 0.00s
INFO: 0 processes.
INFO: Build completed successfully, 1 total action
INFO: Running command line: bazel-bin/cmd/blake3zcc_hasher/blake3zcc_hasher_/blake3zcc_hasher -a localhost:8980 -d /home/debian/blake-client/experiments/e12 -c 3 '-b=true'
INFO: Build completed successfully, 1 total action
2021/04/07 16:20:42 Hash: B3Z:9b6701e748e821ebfb052b1214508749883cf66134aa79991c6423435acdb90f
2021/04/07 16:20:44 Hash: B3Z:cf1dd238456e6edde2463f09b51051a6bb87e04f1cdea0e2147089f810c590de
2021/04/07 16:20:44 Hash: B3Z:18d9090c2bd9bb269e84615a3b6d82a2501650f4fc2bb752e88696409f1136bd
2021/04/07 16:20:44 Hash: B3Z:0379138517bc5811e645894edbef883e8d64f9056cdb7bdb54e23e31a6367972
2021/04/07 16:20:44 Hash: B3Z:ab09d172876b7df9f912336e4cc4ea00a5c5553567fc601ac475e1162f5c36b0
2021/04/07 16:20:44 Time Hashing: 2.296393208s
2021/04/07 16:20:44 Bytes Hashed: 566231263
2021/04/07 16:20:44 Action Digest: [171 9 209 114 135 107 125 249 249 18 51 110 76 196 234 0 165 197 85 53 103 252 96 26 196 117 225 22 47 92 54 176] ab09d172876b7df9f912336e4cc4ea00a5c5553567fc601ac475e1162f5c36b0  76
2021/04/07 16:20:44 Bytes Uploaded: 76
2021/04/07 16:20:44 Time Uploading: 780.91µs
2021/04/07 16:20:44 Time Finding Missing Blobs: 124.243988ms
2021/04/07 16:20:48 Execute response: result:{output_files:{path:"out" digest:{size_bytes:277872640 hash_blake3zcc:"\x9bg\x01\xe7H\xe8!\xeb\xfb\x05+\x12\x14P\x87I\x88<\xf6a4\xaay\x99\x1cd#CZ͹\x0f"}} execution_metadata:{worker:"{\"datacenter\":\"paris\",\"hostname\":\"ubuntu-worker.example.com\",\"rack\":\"4\",\"slot\":\"15\",\"thread\":\"4\"}" queued_timestamp:{seconds:1617808844 nanos:243425158} worker_start_timestamp:{seconds:1617808844 nanos:244164423} worker_completed_timestamp:{seconds:1617808848 nanos:467595002} input_fetch_start_timestamp:{seconds:1617808844 nanos:244385526} input_fetch_completed_timestamp:{seconds:1617808844 nanos:246187315} execution_start_timestamp:{seconds:1617808844 nanos:246187315} execution_completed_timestamp:{seconds:1617808844 nanos:848381795} output_upload_start_timestamp:{seconds:1617808844 nanos:848381795} output_upload_completed_timestamp:{seconds:1617808848 nanos:467595002} auxiliary_metadata:{type_url:"type.googleapis.com/buildbarn.resourceusage.POSIXResourceUsage" value:"\n\x04\x10\xb0\xc86\x12\x05\x10\xc0\x94\x91|\x18\x80\xe0\x84\r8\x93\x02@\rP\xa8\xc7\x19X\x88\xb0\"x\x8c\x02\x80\x01\x18"} auxiliary_metadata:{type_url:"type.googleapis.com/buildbarn.resourceusage.FilePoolResourceUsage"}}} message:"Action details (cached result): /action/blake-client/B3Z:ab09d172876b7df9f912336e4cc4ea00a5c5553567fc601ac475e1162f5c36b0/76/"
