Loading: 
Loading: 0 packages loaded
Analyzing: target //cmd/blake3zcc_hasher:blake3zcc_hasher (0 packages loaded, 0 targets configured)
INFO: Analyzed target //cmd/blake3zcc_hasher:blake3zcc_hasher (0 packages loaded, 0 targets configured).
INFO: Found 1 target...
[0 / 1] [Prepa] BazelWorkspaceStatusAction stable-status.txt
Target //cmd/blake3zcc_hasher:blake3zcc_hasher up-to-date:
  bazel-bin/cmd/blake3zcc_hasher/blake3zcc_hasher_/blake3zcc_hasher
INFO: Elapsed time: 0.143s, Critical Path: 0.00s
INFO: 0 processes.
INFO: Build completed successfully, 1 total action
INFO: Running command line: bazel-bin/cmd/blake3zcc_hasher/blake3zcc_hasher_/blake3zcc_hasher -a localhost:8980 -d /home/debian/blake-client/experiments/e3 -c 3 '-b=true'
INFO: Build completed successfully, 1 total action
2021/03/14 23:09:00 Hash: B3Z:477b12cdf7401191a9fd9936bdf4118789c0b17f4ced6457fd7e6af98aca39f5
2021/03/14 23:09:00 Hash: B3Z:052d0378daea4d46353d2a6dbdd7a6ae3fa4dbfaccd5a83cf6e3982728056074
2021/03/14 23:09:00 Hash: B3Z:0a6b553dd1d6438daf648ec0d79888f5690e2707efe15fb3cf7e26276cad8f69
2021/03/14 23:09:00 Hash: B3Z:0379138517bc5811e645894edbef883e8d64f9056cdb7bdb54e23e31a6367972
2021/03/14 23:09:00 Hash: B3Z:b06908618e3dbe415f6748b0bd004ee6a2dd18c646b6592eab922ab67e8e98ad
2021/03/14 23:09:00 Time Hashing: 126.225µs
2021/03/14 23:09:00 Bytes Hashed: 49369
2021/03/14 23:09:00 Action Digest: [176 105 8 97 142 61 190 65 95 103 72 176 189 0 78 230 162 221 24 198 70 182 89 46 171 146 42 182 126 142 152 173] b06908618e3dbe415f6748b0bd004ee6a2dd18c646b6592eab922ab67e8e98ad  76
2021/03/14 23:09:00 Bytes Uploaded: 76
2021/03/14 23:09:00 Time Uploading: 943.703µs
2021/03/14 23:09:00 Time Finding Missing Blobs: 1.091492ms
2021/03/14 23:09:00 Execute response: result:{output_files:{path:"out"  digest:{size_bytes:40959  hash_blake3zcc:"G{\x12\xcd\xf7@\x11\x91\xa9\xfd\x996\xbd\xf4\x11\x87\x89\xc0\xb1L\xeddW\xfd~j\xf9\x8a\xca9\xf5"}}  execution_metadata:{worker:"{\"datacenter\":\"paris\",\"hostname\":\"ubuntu-worker.example.com\",\"rack\":\"4\",\"slot\":\"15\",\"thread\":\"6\"}"  queued_timestamp:{seconds:1615763340  nanos:729761720}  worker_start_timestamp:{seconds:1615763340  nanos:730273204}  worker_completed_timestamp:{seconds:1615763340  nanos:738112791}  input_fetch_start_timestamp:{seconds:1615763340  nanos:730459741}  input_fetch_completed_timestamp:{seconds:1615763340  nanos:731124819}  execution_start_timestamp:{seconds:1615763340  nanos:731124819}  execution_completed_timestamp:{seconds:1615763340  nanos:737243691}  output_upload_start_timestamp:{seconds:1615763340  nanos:737243691}  output_upload_completed_timestamp:{seconds:1615763340  nanos:738112791}  auxiliary_metadata:{type_url:"type.googleapis.com/buildbarn.resourceusage.POSIXResourceUsage"  value:"\n\x05\x10\xd0\xee\x87\x01\x12\x04\x10\xf0\x838\x18\x80\xa0\x8e\x0e8\xfd\x01X\x18x\x05\x80\x01\x0e"}  auxiliary_metadata:{type_url:"type.googleapis.com/buildbarn.resourceusage.FilePoolResourceUsage"}}}  message:"Action details (cached result): /action/blake-client/B3Z:b06908618e3dbe415f6748b0bd004ee6a2dd18c646b6592eab922ab67e8e98ad/76/"
