Loading: 
Loading: 0 packages loaded
Analyzing: target //cmd/blake3zcc_hasher:blake3zcc_hasher (0 packages loaded, 0 targets configured)
INFO: Analyzed target //cmd/blake3zcc_hasher:blake3zcc_hasher (0 packages loaded, 0 targets configured).
INFO: Found 1 target...
[0 / 1] [Prepa] BazelWorkspaceStatusAction stable-status.txt
Target //cmd/blake3zcc_hasher:blake3zcc_hasher up-to-date:
  bazel-bin/cmd/blake3zcc_hasher/blake3zcc_hasher_/blake3zcc_hasher
INFO: Elapsed time: 0.124s, Critical Path: 0.00s
INFO: 0 processes.
INFO: Build completed successfully, 1 total action
INFO: Running command line: bazel-bin/cmd/blake3zcc_hasher/blake3zcc_hasher_/blake3zcc_hasher -a localhost:8980 -d /home/debian/blake-client/experiments/e4 -c 2 '-b=true'
INFO: Build completed successfully, 1 total action
2021/03/14 23:09:01 Hash: B3Z:dcc94652552f31d8f074580df4deb3c321355eccbfa112e82c225a54f10d795e
2021/03/14 23:09:01 Hash: B3Z:d88e75149fe719abc7e6d415a8caef5ec8d620eaa00b7527c19f7dc7ebe9b072
2021/03/14 23:09:01 Hash: B3Z:30163795025eff375d7168c5c1fa9b44143659a3a7a33dab8d3d4e54162820f4
2021/03/14 23:09:01 Hash: B3Z:d9255d8105ee52b23f018fbd0eb54ae8d464e1f3b0c8729492b39af69afd9ec0
2021/03/14 23:09:01 Hash: B3Z:365db9235cbdb93a84ad52d68afb1b5f6d9fcbb36dc64f3c55fe6cd54ec1b9ea
2021/03/14 23:09:01 Time Hashing: 125.988µs
2021/03/14 23:09:01 Bytes Hashed: 49356
2021/03/14 23:09:01 Action Digest: [54 93 185 35 92 189 185 58 132 173 82 214 138 251 27 95 109 159 203 179 109 198 79 60 85 254 108 213 78 193 185 234] 365db9235cbdb93a84ad52d68afb1b5f6d9fcbb36dc64f3c55fe6cd54ec1b9ea  76
2021/03/14 23:09:01 Bytes Uploaded: 76
2021/03/14 23:09:01 Time Uploading: 1.160182ms
2021/03/14 23:09:01 Time Finding Missing Blobs: 1.289201ms
2021/03/14 23:09:01 Execute response: result:{output_files:{path:"out"  digest:{size_bytes:49154  hash_blake3zcc:"\n\x95Q\x9a\xc5\x10\xa4#\x96#\xb2\x15\xca\xd3$\xf2Q ӷ`\x0f剡 \xab\x93;PV\x1a"}}  execution_metadata:{worker:"{\"datacenter\":\"paris\",\"hostname\":\"ubuntu-worker.example.com\",\"rack\":\"4\",\"slot\":\"15\",\"thread\":\"1\"}"  queued_timestamp:{seconds:1615763341  nanos:225775335}  worker_start_timestamp:{seconds:1615763341  nanos:226551264}  worker_completed_timestamp:{seconds:1615763341  nanos:231195234}  input_fetch_start_timestamp:{seconds:1615763341  nanos:226761576}  input_fetch_completed_timestamp:{seconds:1615763341  nanos:227571932}  execution_start_timestamp:{seconds:1615763341  nanos:227571932}  execution_completed_timestamp:{seconds:1615763341  nanos:230112048}  output_upload_start_timestamp:{seconds:1615763341  nanos:230112048}  output_upload_completed_timestamp:{seconds:1615763341  nanos:231195234}  auxiliary_metadata:{type_url:"type.googleapis.com/buildbarn.resourceusage.POSIXResourceUsage"  value:"\n\x04\x10\xf8\xda(\x12\x04\x10\xb0\xfb%\x18\x80\xa0\x8e\x0e8\x9a\x01Xhx\x03\x80\x01\x05"}  auxiliary_metadata:{type_url:"type.googleapis.com/buildbarn.resourceusage.FilePoolResourceUsage"}}}  message:"Action details (cached result): /action/blake-client/B3Z:365db9235cbdb93a84ad52d68afb1b5f6d9fcbb36dc64f3c55fe6cd54ec1b9ea/76/"
