Loading: 
Loading: 0 packages loaded
Analyzing: target //cmd/blake3zcc_hasher:blake3zcc_hasher (0 packages loaded, 0 targets configured)
INFO: Analyzed target //cmd/blake3zcc_hasher:blake3zcc_hasher (0 packages loaded, 0 targets configured).
INFO: Found 1 target...
[0 / 1] [Prepa] BazelWorkspaceStatusAction stable-status.txt
Target //cmd/blake3zcc_hasher:blake3zcc_hasher up-to-date:
  bazel-bin/cmd/blake3zcc_hasher/blake3zcc_hasher_/blake3zcc_hasher
INFO: Elapsed time: 0.178s, Critical Path: 0.00s
INFO: 0 processes.
INFO: Build completed successfully, 1 total action
INFO: Running command line: bazel-bin/cmd/blake3zcc_hasher/blake3zcc_hasher_/blake3zcc_hasher -a localhost:8980 -d /home/debian/blake-client/experiments/e10 -c 2 '-b=true'
INFO: Build completed successfully, 1 total action
2021/03/14 23:08:58 Hash: B3Z:d88e75149fe719abc7e6d415a8caef5ec8d620eaa00b7527c19f7dc7ebe9b072
2021/03/14 23:08:58 Hash: B3Z:dcc94652552f31d8f074580df4deb3c321355eccbfa112e82c225a54f10d795e
2021/03/14 23:08:58 Hash: B3Z:b87bea664bf3c73e4e2c34164cf07b8629dfd6ad1e559fb8f722ac17af24be6e
2021/03/14 23:08:58 Hash: B3Z:d9255d8105ee52b23f018fbd0eb54ae8d464e1f3b0c8729492b39af69afd9ec0
2021/03/14 23:08:58 Hash: B3Z:8ae09ab1a57d8fe4100bda04903886fc98530ef27abf8134b18e938e970174fb
2021/03/14 23:08:58 Time Hashing: 207.263µs
2021/03/14 23:08:58 Bytes Hashed: 49356
2021/03/14 23:08:58 Action Digest: [138 224 154 177 165 125 143 228 16 11 218 4 144 56 134 252 152 83 14 242 122 191 129 52 177 142 147 142 151 1 116 251] 8ae09ab1a57d8fe4100bda04903886fc98530ef27abf8134b18e938e970174fb  76
2021/03/14 23:08:58 Bytes Uploaded: 32939
2021/03/14 23:08:58 Time Uploading: 2.725642ms
2021/03/14 23:08:58 Time Finding Missing Blobs: 1.442079ms
2021/03/14 23:08:58 Execute response: result:{output_files:{path:"out"  digest:{size_bytes:49154  hash_blake3zcc:"\n\x95Q\x9a\xc5\x10\xa4#\x96#\xb2\x15\xca\xd3$\xf2Q ӷ`\x0f剡 \xab\x93;PV\x1a"}}  execution_metadata:{worker:"{\"datacenter\":\"paris\",\"hostname\":\"ubuntu-worker.example.com\",\"rack\":\"4\",\"slot\":\"15\",\"thread\":\"5\"}"  queued_timestamp:{seconds:1615763338  nanos:925120772}  worker_start_timestamp:{seconds:1615763338  nanos:925438305}  worker_completed_timestamp:{seconds:1615763338  nanos:937627060}  input_fetch_start_timestamp:{seconds:1615763338  nanos:925668124}  input_fetch_completed_timestamp:{seconds:1615763338  nanos:931801872}  execution_start_timestamp:{seconds:1615763338  nanos:931801872}  execution_completed_timestamp:{seconds:1615763338  nanos:935890470}  output_upload_start_timestamp:{seconds:1615763338  nanos:935890470}  output_upload_completed_timestamp:{seconds:1615763338  nanos:937627060}  auxiliary_metadata:{type_url:"type.googleapis.com/buildbarn.resourceusage.POSIXResourceUsage"  value:"\n\x04\x10\xa8\xe8H\x12\x00\x18\x80\xa0\x8e\x0e8\x99\x01Xhx\x03\x80\x01\x12"}  auxiliary_metadata:{type_url:"type.googleapis.com/buildbarn.resourceusage.FilePoolResourceUsage"}}}  message:"Action details (cached result): /action/blake-client/B3Z:8ae09ab1a57d8fe4100bda04903886fc98530ef27abf8134b18e938e970174fb/76/"
