Loading: 
Loading: 0 packages loaded
Analyzing: target //cmd/blake3zcc_hasher:blake3zcc_hasher (0 packages loaded, 0 targets configured)
INFO: Analyzed target //cmd/blake3zcc_hasher:blake3zcc_hasher (0 packages loaded, 0 targets configured).
INFO: Found 1 target...
[0 / 1] [Prepa] BazelWorkspaceStatusAction stable-status.txt
Target //cmd/blake3zcc_hasher:blake3zcc_hasher up-to-date:
  bazel-bin/cmd/blake3zcc_hasher/blake3zcc_hasher_/blake3zcc_hasher
INFO: Elapsed time: 0.225s, Critical Path: 0.00s
INFO: 0 processes.
INFO: Build completed successfully, 1 total action
INFO: Running command line: bazel-bin/cmd/blake3zcc_hasher/blake3zcc_hasher_/blake3zcc_hasher -a localhost:8980 -d /home/debian/blake-client/experiments/e1 -c 4 '-b=true'
INFO: Build completed successfully, 1 total action
2021/03/14 23:08:58 Hash: B3Z:d88e75149fe719abc7e6d415a8caef5ec8d620eaa00b7527c19f7dc7ebe9b072
2021/03/14 23:08:58 Hash: B3Z:052d0378daea4d46353d2a6dbdd7a6ae3fa4dbfaccd5a83cf6e3982728056074
2021/03/14 23:08:58 Hash: B3Z:02037bb351eff075276a1d9504953778dfa4cb15fcfbe335f1f9a248ef7d35af
2021/03/14 23:08:58 Command: arguments:"sh"  arguments:"-c"  arguments:"cp in0 out && printf ' ' | dd of=out bs=1 count=1 seek=4096 conv=notrunc"  output_paths:"out"
2021/03/14 23:08:58 Hash: B3Z:0ab4f6212b892924e26b40865d84b17a54f85362df684e93cc72525f7466c6bf
2021/03/14 23:08:58 Hash: B3Z:4c8e47e6bb66f0e48119d99e156d00c196fbff37e0da0f92c6d7ac4761a9f068
2021/03/14 23:08:58 Time Hashing: 80.395µs
2021/03/14 23:08:58 Bytes Hashed: 24834
2021/03/14 23:08:58 Action Digest: [76 142 71 230 187 102 240 228 129 25 217 158 21 109 0 193 150 251 255 55 224 218 15 146 198 215 172 71 97 169 240 104] 4c8e47e6bb66f0e48119d99e156d00c196fbff37e0da0f92c6d7ac4761a9f068  76
2021/03/14 23:08:58 Bytes Uploaded: 163
2021/03/14 23:08:58 Time Uploading: 3.850008ms
2021/03/14 23:08:58 Time Finding Missing Blobs: 1.366884ms
2021/03/14 23:08:58 Execute response: result:{output_files:{path:"out"  digest:{size_bytes:8193  hash_blake3zcc:"ek3\xef\xeefߙ\xacF3\x10<\xc9偓\x970\xf5\xe2K\x90\x1fsM\xb1\xbc\xae(\x8e\xf8"}}  stderr_digest:{size_bytes:70  hash_blake3zcc:"\xa6$\xa5oK\x8c\xfd\x04vz\x04چ)\x973A\xaa\xf1\x95'\xb2\x91\xb1;\xb8\x84\xc5\xd6v\x0fc"}  execution_metadata:{worker:"{\"datacenter\":\"paris\",\"hostname\":\"ubuntu-worker.example.com\",\"rack\":\"4\",\"slot\":\"15\",\"thread\":\"7\"}"  queued_timestamp:{seconds:1615763338  nanos:668830092}  worker_start_timestamp:{seconds:1615763338  nanos:669464068}  worker_completed_timestamp:{seconds:1615763338  nanos:682810782}  input_fetch_start_timestamp:{seconds:1615763338  nanos:669770075}  input_fetch_completed_timestamp:{seconds:1615763338  nanos:671371815}  execution_start_timestamp:{seconds:1615763338  nanos:671371815}  execution_completed_timestamp:{seconds:1615763338  nanos:675542069}  output_upload_start_timestamp:{seconds:1615763338  nanos:675542069}  output_upload_completed_timestamp:{seconds:1615763338  nanos:682810782}  auxiliary_metadata:{type_url:"type.googleapis.com/buildbarn.resourceusage.POSIXResourceUsage"  value:"\n\x04\x10\x90\xbdY\x12\x04\x10\xb8\xe98\x18\x80\xa0\x8e\x0e8\xa9\x02X x\x07\x80\x01\t"}  auxiliary_metadata:{type_url:"type.googleapis.com/buildbarn.resourceusage.FilePoolResourceUsage"}}}  message:"Action details (cached result): /action/blake-client/B3Z:4c8e47e6bb66f0e48119d99e156d00c196fbff37e0da0f92c6d7ac4761a9f068/76/"
