Loading: 
Loading: 0 packages loaded
Analyzing: target //cmd/blake3zcc_hasher:blake3zcc_hasher (0 packages loaded, 0 targets configured)
INFO: Analyzed target //cmd/blake3zcc_hasher:blake3zcc_hasher (0 packages loaded, 0 targets configured).
INFO: Found 1 target...
[0 / 1] [Prepa] BazelWorkspaceStatusAction stable-status.txt
Target //cmd/blake3zcc_hasher:blake3zcc_hasher up-to-date:
  bazel-bin/cmd/blake3zcc_hasher/blake3zcc_hasher_/blake3zcc_hasher
INFO: Elapsed time: 0.101s, Critical Path: 0.00s
INFO: 0 processes.
INFO: Build completed successfully, 1 total action
INFO: Running command line: bazel-bin/cmd/blake3zcc_hasher/blake3zcc_hasher_/blake3zcc_hasher -a localhost:8980 -d /home/debian/blake-client/experiments/e9 -c 2 '-b=true'
INFO: Build completed successfully, 1 total action
2021/03/14 23:09:03 Hash: B3Z:052d0378daea4d46353d2a6dbdd7a6ae3fa4dbfaccd5a83cf6e3982728056074
2021/03/14 23:09:03 Hash: B3Z:477b12cdf7401191a9fd9936bdf4118789c0b17f4ced6457fd7e6af98aca39f5
2021/03/14 23:09:03 Hash: B3Z:d59fef940acb75b263fe4d155986cec2324b0179e081feb0adb20fd6f80bc565
2021/03/14 23:09:03 Hash: B3Z:d9255d8105ee52b23f018fbd0eb54ae8d464e1f3b0c8729492b39af69afd9ec0
2021/03/14 23:09:03 Hash: B3Z:7f6a8e731037ced68206fc92e90750199d6c4a2bcdbc8ee8d62ec4a627a3c313
2021/03/14 23:09:03 Time Hashing: 125.368µs
2021/03/14 23:09:03 Bytes Hashed: 49353
2021/03/14 23:09:03 Action Digest: [127 106 142 115 16 55 206 214 130 6 252 146 233 7 80 25 157 108 74 43 205 188 142 232 214 46 196 166 39 163 195 19] 7f6a8e731037ced68206fc92e90750199d6c4a2bcdbc8ee8d62ec4a627a3c313  76
2021/03/14 23:09:03 Bytes Uploaded: 169
2021/03/14 23:09:03 Time Uploading: 1.716195ms
2021/03/14 23:09:03 Time Finding Missing Blobs: 1.248677ms
2021/03/14 23:09:03 Execute response: result:{output_files:{path:"out"  digest:{size_bytes:49152  hash_blake3zcc:"E\x0cֻ\xf5\xd7|x\xf0D\xfcwz\xb7\r\xb8\x89\x80\x82w\xb3?ZhA\x85y\xf5\xae\xbas7"}}  execution_metadata:{worker:"{\"datacenter\":\"paris\",\"hostname\":\"ubuntu-worker.example.com\",\"rack\":\"4\",\"slot\":\"15\",\"thread\":\"3\"}"  queued_timestamp:{seconds:1615763343  nanos:871514221}  worker_start_timestamp:{seconds:1615763343  nanos:872568011}  worker_completed_timestamp:{seconds:1615763343  nanos:877830926}  input_fetch_start_timestamp:{seconds:1615763343  nanos:872825010}  input_fetch_completed_timestamp:{seconds:1615763343  nanos:874400928}  execution_start_timestamp:{seconds:1615763343  nanos:874400928}  execution_completed_timestamp:{seconds:1615763343  nanos:877347669}  output_upload_start_timestamp:{seconds:1615763343  nanos:877347669}  output_upload_completed_timestamp:{seconds:1615763343  nanos:877830926}  auxiliary_metadata:{type_url:"type.googleapis.com/buildbarn.resourceusage.POSIXResourceUsage"  value:"\n\x04\x10зF\x12\x00\x18\x80\xa0\x8e\x0e8\x93\x01X`x\x03\x80\x01\x07"}  auxiliary_metadata:{type_url:"type.googleapis.com/buildbarn.resourceusage.FilePoolResourceUsage"}}}  message:"Action details (cached result): /action/blake-client/B3Z:7f6a8e731037ced68206fc92e90750199d6c4a2bcdbc8ee8d62ec4a627a3c313/76/"
