Loading: 
Loading: 0 packages loaded
Analyzing: target //cmd/blake3zcc_hasher:blake3zcc_hasher (0 packages loaded, 0 targets configured)
INFO: Analyzed target //cmd/blake3zcc_hasher:blake3zcc_hasher (0 packages loaded, 0 targets configured).
INFO: Found 1 target...
[0 / 1] [Prepa] BazelWorkspaceStatusAction stable-status.txt
Target //cmd/blake3zcc_hasher:blake3zcc_hasher up-to-date:
  bazel-bin/cmd/blake3zcc_hasher/blake3zcc_hasher_/blake3zcc_hasher
INFO: Elapsed time: 0.124s, Critical Path: 0.00s
INFO: 0 processes.
INFO: Build completed successfully, 1 total action
INFO: Running command line: bazel-bin/cmd/blake3zcc_hasher/blake3zcc_hasher_/blake3zcc_hasher -a localhost:8980 -d /home/debian/blake-client/experiments/e7 -c 3 '-b=true'
INFO: Build completed successfully, 1 total action
2021/03/14 23:09:03 Hash: B3Z:dcc94652552f31d8f074580df4deb3c321355eccbfa112e82c225a54f10d795e
2021/03/14 23:09:03 Hash: B3Z:477b12cdf7401191a9fd9936bdf4118789c0b17f4ced6457fd7e6af98aca39f5
2021/03/14 23:09:03 Hash: B3Z:78c0800c98da0b6828abbf6a98fc0d88411b86580ac30e3611f2d80c5109a829
2021/03/14 23:09:03 Hash: B3Z:0379138517bc5811e645894edbef883e8d64f9056cdb7bdb54e23e31a6367972
2021/03/14 23:09:03 Hash: B3Z:bbecc082e516cef2493b3528ea1c1fee33708f44404fcc3b5c7a4c2e6e110d41
2021/03/14 23:09:03 Time Hashing: 176.312µs
2021/03/14 23:09:03 Bytes Hashed: 73946
2021/03/14 23:09:03 Action Digest: [187 236 192 130 229 22 206 242 73 59 53 40 234 28 31 238 51 112 143 68 64 79 204 59 92 122 76 46 110 17 13 65] bbecc082e516cef2493b3528ea1c1fee33708f44404fcc3b5c7a4c2e6e110d41  76
2021/03/14 23:09:03 Bytes Uploaded: 76
2021/03/14 23:09:03 Time Uploading: 5.360921ms
2021/03/14 23:09:03 Time Finding Missing Blobs: 1.829748ms
2021/03/14 23:09:03 Execute response: result:{output_files:{path:"out"  digest:{size_bytes:32769  hash_blake3zcc:"\xdc\xc9FRU/1\xd8\xf0tX\r\xf4޳\xc3!5^̿\xa1\x12\xe8,\"ZT\xf1\ry^"}}  execution_metadata:{worker:"{\"datacenter\":\"paris\",\"hostname\":\"ubuntu-worker.example.com\",\"rack\":\"4\",\"slot\":\"15\",\"thread\":\"6\"}"  queued_timestamp:{seconds:1615763343  nanos:303431741}  worker_start_timestamp:{seconds:1615763343  nanos:303955296}  worker_completed_timestamp:{seconds:1615763343  nanos:308764281}  input_fetch_start_timestamp:{seconds:1615763343  nanos:304149344}  input_fetch_completed_timestamp:{seconds:1615763343  nanos:304772434}  execution_start_timestamp:{seconds:1615763343  nanos:304772434}  execution_completed_timestamp:{seconds:1615763343  nanos:307470102}  output_upload_start_timestamp:{seconds:1615763343  nanos:307470102}  output_upload_completed_timestamp:{seconds:1615763343  nanos:308764281}  auxiliary_metadata:{type_url:"type.googleapis.com/buildbarn.resourceusage.POSIXResourceUsage"  value:"\n\x04\x10\x90\xe9t\x12\x00\x18\x80\xa0\x8e\x0e8\x88\x02XPx\x05\x80\x01\x03"}  auxiliary_metadata:{type_url:"type.googleapis.com/buildbarn.resourceusage.FilePoolResourceUsage"}}}  message:"Action details (cached result): /action/blake-client/B3Z:bbecc082e516cef2493b3528ea1c1fee33708f44404fcc3b5c7a4c2e6e110d41/76/"
