Loading: 
Loading: 0 packages loaded
Analyzing: target //cmd/blake3zcc_hasher:blake3zcc_hasher (0 packages loaded, 0 targets configured)
INFO: Analyzed target //cmd/blake3zcc_hasher:blake3zcc_hasher (0 packages loaded, 0 targets configured).
INFO: Found 1 target...
[0 / 1] [Prepa] BazelWorkspaceStatusAction stable-status.txt
Target //cmd/blake3zcc_hasher:blake3zcc_hasher up-to-date:
  bazel-bin/cmd/blake3zcc_hasher/blake3zcc_hasher_/blake3zcc_hasher
INFO: Elapsed time: 0.122s, Critical Path: 0.00s
INFO: 0 processes.
INFO: Build completed successfully, 1 total action
INFO: Running command line: bazel-bin/cmd/blake3zcc_hasher/blake3zcc_hasher_/blake3zcc_hasher -a localhost:8980 -d /home/debian/blake-client/experiments/e2 -c 3 '-b=true'
INFO: Build completed successfully, 1 total action
2021/03/14 23:09:00 Hash: B3Z:dcc94652552f31d8f074580df4deb3c321355eccbfa112e82c225a54f10d795e
2021/03/14 23:09:00 Hash: B3Z:052d0378daea4d46353d2a6dbdd7a6ae3fa4dbfaccd5a83cf6e3982728056074
2021/03/14 23:09:00 Hash: B3Z:98ecc6e1b0bcbc6884d2b252cb0ce2a44292ce15eac6cd27f4de177418cce87c
2021/03/14 23:09:00 Hash: B3Z:0379138517bc5811e645894edbef883e8d64f9056cdb7bdb54e23e31a6367972
2021/03/14 23:09:00 Hash: B3Z:7e13e6657fc556542fcfd4ee339a28aca48f18a011b6f20aea09f65da752dbdf
2021/03/14 23:09:00 Time Hashing: 124.696µs
2021/03/14 23:09:00 Bytes Hashed: 41179
2021/03/14 23:09:00 Action Digest: [126 19 230 101 127 197 86 84 47 207 212 238 51 154 40 172 164 143 24 160 17 182 242 10 234 9 246 93 167 82 219 223] 7e13e6657fc556542fcfd4ee339a28aca48f18a011b6f20aea09f65da752dbdf  76
2021/03/14 23:09:00 Bytes Uploaded: 76
2021/03/14 23:09:00 Time Uploading: 752.848µs
2021/03/14 23:09:00 Time Finding Missing Blobs: 1.61573ms
2021/03/14 23:09:00 Execute response: result:{output_files:{path:"out"  digest:{size_bytes:32769  hash_blake3zcc:"\xdc\xc9FRU/1\xd8\xf0tX\r\xf4޳\xc3!5^̿\xa1\x12\xe8,\"ZT\xf1\ry^"}}  execution_metadata:{worker:"{\"datacenter\":\"paris\",\"hostname\":\"ubuntu-worker.example.com\",\"rack\":\"4\",\"slot\":\"15\",\"thread\":\"7\"}"  queued_timestamp:{seconds:1615763340  nanos:390746779}  worker_start_timestamp:{seconds:1615763340  nanos:391336795}  worker_completed_timestamp:{seconds:1615763340  nanos:395895791}  input_fetch_start_timestamp:{seconds:1615763340  nanos:391570686}  input_fetch_completed_timestamp:{seconds:1615763340  nanos:392073621}  execution_start_timestamp:{seconds:1615763340  nanos:392073621}  execution_completed_timestamp:{seconds:1615763340  nanos:395421731}  output_upload_start_timestamp:{seconds:1615763340  nanos:395421731}  output_upload_completed_timestamp:{seconds:1615763340  nanos:395895791}  auxiliary_metadata:{type_url:"type.googleapis.com/buildbarn.resourceusage.POSIXResourceUsage"  value:"\n\x04\x10\xb0\x82w\x12\x00\x18\x80\xa0\x8e\x0e8\x85\x02X\x18x\x05\x80\x01\x08"}  auxiliary_metadata:{type_url:"type.googleapis.com/buildbarn.resourceusage.FilePoolResourceUsage"}}}  message:"Action details (cached result): /action/blake-client/B3Z:7e13e6657fc556542fcfd4ee339a28aca48f18a011b6f20aea09f65da752dbdf/76/"
