Loading: 
Loading: 0 packages loaded
Analyzing: target //cmd/blake3zcc_hasher:blake3zcc_hasher (0 packages loaded, 0 targets configured)
INFO: Analyzed target //cmd/blake3zcc_hasher:blake3zcc_hasher (0 packages loaded, 0 targets configured).
INFO: Found 1 target...
[0 / 1] [Prepa] BazelWorkspaceStatusAction stable-status.txt
Target //cmd/blake3zcc_hasher:blake3zcc_hasher up-to-date:
  bazel-bin/cmd/blake3zcc_hasher/blake3zcc_hasher_/blake3zcc_hasher
INFO: Elapsed time: 0.124s, Critical Path: 0.00s
INFO: 0 processes.
INFO: Build completed successfully, 1 total action
INFO: Running command line: bazel-bin/cmd/blake3zcc_hasher/blake3zcc_hasher_/blake3zcc_hasher -a localhost:8980 -d /home/debian/blake-client/experiments/e7 -c 1 '-b=true'
INFO: Build completed successfully, 1 total action
2021/03/14 23:09:02 Hash: B3Z:dcc94652552f31d8f074580df4deb3c321355eccbfa112e82c225a54f10d795e
2021/03/14 23:09:02 Hash: B3Z:477b12cdf7401191a9fd9936bdf4118789c0b17f4ced6457fd7e6af98aca39f5
2021/03/14 23:09:02 Hash: B3Z:78c0800c98da0b6828abbf6a98fc0d88411b86580ac30e3611f2d80c5109a829
2021/03/14 23:09:02 Hash: B3Z:95f1a8b8421e32df87826aa0d29f40b20c295a3f603de6d2533dc0d717f40852
2021/03/14 23:09:02 Hash: B3Z:c600894c1e2001dee68217fbb05c425b2e75133077cc5ef88286cf822bbfb974
2021/03/14 23:09:02 Time Hashing: 179.431µs
2021/03/14 23:09:02 Bytes Hashed: 73930
2021/03/14 23:09:02 Action Digest: [198 0 137 76 30 32 1 222 230 130 23 251 176 92 66 91 46 117 19 48 119 204 94 248 130 134 207 130 43 191 185 116] c600894c1e2001dee68217fbb05c425b2e75133077cc5ef88286cf822bbfb974  76
2021/03/14 23:09:02 Bytes Uploaded: 76
2021/03/14 23:09:02 Time Uploading: 1.054426ms
2021/03/14 23:09:02 Time Finding Missing Blobs: 4.018477ms
2021/03/14 23:09:03 Execute response: result:{output_files:{path:"out"  digest:{size_bytes:81918  hash_blake3zcc:"\xad\x0e\x8e\xf6,\x96\xc1\x1b2\x0e\xd7qzl\xa6\x9b1\xf9\x13?\x84:\xaa \x1b\x1a\xbeip\xff\xdb>"}}  execution_metadata:{worker:"{\"datacenter\":\"paris\",\"hostname\":\"ubuntu-worker.example.com\",\"rack\":\"4\",\"slot\":\"15\",\"thread\":\"7\"}"  queued_timestamp:{seconds:1615763342  nanos:977520986}  worker_start_timestamp:{seconds:1615763342  nanos:979280026}  worker_completed_timestamp:{seconds:1615763342  nanos:997713629}  input_fetch_start_timestamp:{seconds:1615763342  nanos:979578120}  input_fetch_completed_timestamp:{seconds:1615763342  nanos:989088565}  execution_start_timestamp:{seconds:1615763342  nanos:989088565}  execution_completed_timestamp:{seconds:1615763342  nanos:993703086}  output_upload_start_timestamp:{seconds:1615763342  nanos:993703086}  output_upload_completed_timestamp:{seconds:1615763342  nanos:997713629}  auxiliary_metadata:{type_url:"type.googleapis.com/buildbarn.resourceusage.POSIXResourceUsage"  value:"\n\x04\x10\xb8\xb4 \x12\x04\x10\xc0\xb7,\x18\x80\xa0\x8e\x0e8\x9a\x01X\xa0\x01x\x03\x80\x01\x07"}  auxiliary_metadata:{type_url:"type.googleapis.com/buildbarn.resourceusage.FilePoolResourceUsage"}}}  message:"Action details (cached result): /action/blake-client/B3Z:c600894c1e2001dee68217fbb05c425b2e75133077cc5ef88286cf822bbfb974/76/"
