Loading: 
Loading: 0 packages loaded
Analyzing: target //cmd/blake3zcc_hasher:blake3zcc_hasher (0 packages loaded, 0 targets configured)
INFO: Analyzed target //cmd/blake3zcc_hasher:blake3zcc_hasher (0 packages loaded, 0 targets configured).
INFO: Found 1 target...
[0 / 1] [Prepa] BazelWorkspaceStatusAction stable-status.txt
Target //cmd/blake3zcc_hasher:blake3zcc_hasher up-to-date:
  bazel-bin/cmd/blake3zcc_hasher/blake3zcc_hasher_/blake3zcc_hasher
INFO: Elapsed time: 0.191s, Critical Path: 0.00s
INFO: 0 processes.
INFO: Build completed successfully, 1 total action
INFO: Running command line: bazel-bin/cmd/blake3zcc_hasher/blake3zcc_hasher_/blake3zcc_hasher -a localhost:8980 -d /home/debian/blake-client/experiments/e12 -c 2 '-b=true'
INFO: Build completed successfully, 1 total action
2021/03/14 23:08:59 Hash: B3Z:052d0378daea4d46353d2a6dbdd7a6ae3fa4dbfaccd5a83cf6e3982728056074
2021/03/14 23:08:59 Hash: B3Z:d88e75149fe719abc7e6d415a8caef5ec8d620eaa00b7527c19f7dc7ebe9b072
2021/03/14 23:08:59 Hash: B3Z:f80313fed18b3108d7d2c9368acc5f8e03668bd9d09129153045b638cfcffb20
2021/03/14 23:08:59 Hash: B3Z:d9255d8105ee52b23f018fbd0eb54ae8d464e1f3b0c8729492b39af69afd9ec0
2021/03/14 23:08:59 Hash: B3Z:5a5d171d782fc71ee7b01e1c14f936f008eea1a551f5ea6897f91f75a93d0ae1
2021/03/14 23:08:59 Time Hashing: 76.294µs
2021/03/14 23:08:59 Bytes Hashed: 24779
2021/03/14 23:08:59 Action Digest: [90 93 23 29 120 47 199 30 231 176 30 28 20 249 54 240 8 238 161 165 81 245 234 104 151 249 31 117 169 61 10 225] 5a5d171d782fc71ee7b01e1c14f936f008eea1a551f5ea6897f91f75a93d0ae1  76
2021/03/14 23:08:59 Bytes Uploaded: 169
2021/03/14 23:08:59 Time Uploading: 1.366289ms
2021/03/14 23:08:59 Time Finding Missing Blobs: 1.895254ms
2021/03/14 23:08:59 Execute response: result:{output_files:{path:"out"  digest:{size_bytes:24578  hash_blake3zcc:"\xdc\xf8:T\\U\n\x8d$\x10\xc8\x02\x8f\xbd\x15^\xa1]\xc6V:\xf0\xbe\t\x87\xbf(\x97\xfa\xd1\xc9\xfc"}}  execution_metadata:{worker:"{\"datacenter\":\"paris\",\"hostname\":\"ubuntu-worker.example.com\",\"rack\":\"4\",\"slot\":\"15\",\"thread\":\"1\"}"  queued_timestamp:{seconds:1615763339  nanos:889184797}  worker_start_timestamp:{seconds:1615763339  nanos:889539002}  worker_completed_timestamp:{seconds:1615763339  nanos:900386316}  input_fetch_start_timestamp:{seconds:1615763339  nanos:889681466}  input_fetch_completed_timestamp:{seconds:1615763339  nanos:891051035}  execution_start_timestamp:{seconds:1615763339  nanos:891051035}  execution_completed_timestamp:{seconds:1615763339  nanos:899855001}  output_upload_start_timestamp:{seconds:1615763339  nanos:899855001}  output_upload_completed_timestamp:{seconds:1615763339  nanos:900386316}  auxiliary_metadata:{type_url:"type.googleapis.com/buildbarn.resourceusage.POSIXResourceUsage"  value:"\n\x04\x10\xe8\xafF\x12\x00\x18\x80\xa0\x8e\x0e8\x93\x01X8x\x03\x80\x01\x04"}  auxiliary_metadata:{type_url:"type.googleapis.com/buildbarn.resourceusage.FilePoolResourceUsage"}}}  message:"Action details (cached result): /action/blake-client/B3Z:5a5d171d782fc71ee7b01e1c14f936f008eea1a551f5ea6897f91f75a93d0ae1/76/"
