Loading: 
Loading: 0 packages loaded
Analyzing: target //cmd/blake3zcc_hasher:blake3zcc_hasher (0 packages loaded, 0 targets configured)
INFO: Analyzed target //cmd/blake3zcc_hasher:blake3zcc_hasher (0 packages loaded, 0 targets configured).
INFO: Found 1 target...
[0 / 1] [Prepa] BazelWorkspaceStatusAction stable-status.txt
Target //cmd/blake3zcc_hasher:blake3zcc_hasher up-to-date:
  bazel-bin/cmd/blake3zcc_hasher/blake3zcc_hasher_/blake3zcc_hasher
INFO: Elapsed time: 0.107s, Critical Path: 0.00s
INFO: 0 processes.
INFO: Build completed successfully, 1 total action
INFO: Running command line: bazel-bin/cmd/blake3zcc_hasher/blake3zcc_hasher_/blake3zcc_hasher -a localhost:8980 -d /home/debian/blake-client/experiments/e3 -c 2 '-b=true'
INFO: Build completed successfully, 1 total action
2021/03/14 23:09:00 Hash: B3Z:477b12cdf7401191a9fd9936bdf4118789c0b17f4ced6457fd7e6af98aca39f5
2021/03/14 23:09:00 Hash: B3Z:052d0378daea4d46353d2a6dbdd7a6ae3fa4dbfaccd5a83cf6e3982728056074
2021/03/14 23:09:00 Hash: B3Z:0a6b553dd1d6438daf648ec0d79888f5690e2707efe15fb3cf7e26276cad8f69
2021/03/14 23:09:00 Hash: B3Z:d9255d8105ee52b23f018fbd0eb54ae8d464e1f3b0c8729492b39af69afd9ec0
2021/03/14 23:09:00 Hash: B3Z:7803bc68914b96b3ecfeb3b4a738004c60930c810a6663d8ea4599072a1d780d
2021/03/14 23:09:00 Time Hashing: 137.95µs
2021/03/14 23:09:00 Bytes Hashed: 49353
2021/03/14 23:09:00 Action Digest: [120 3 188 104 145 75 150 179 236 254 179 180 167 56 0 76 96 147 12 129 10 102 99 216 234 69 153 7 42 29 120 13] 7803bc68914b96b3ecfeb3b4a738004c60930c810a6663d8ea4599072a1d780d  76
2021/03/14 23:09:00 Bytes Uploaded: 41128
2021/03/14 23:09:00 Time Uploading: 3.505278ms
2021/03/14 23:09:00 Time Finding Missing Blobs: 1.472478ms
2021/03/14 23:09:00 Execute response: result:{output_files:{path:"out"  digest:{size_bytes:49152  hash_blake3zcc:"E\x0cֻ\xf5\xd7|x\xf0D\xfcwz\xb7\r\xb8\x89\x80\x82w\xb3?ZhA\x85y\xf5\xae\xbas7"}}  execution_metadata:{worker:"{\"datacenter\":\"paris\",\"hostname\":\"ubuntu-worker.example.com\",\"rack\":\"4\",\"slot\":\"15\",\"thread\":\"5\"}"  queued_timestamp:{seconds:1615763340  nanos:547364542}  worker_start_timestamp:{seconds:1615763340  nanos:547738161}  worker_completed_timestamp:{seconds:1615763340  nanos:557873972}  input_fetch_start_timestamp:{seconds:1615763340  nanos:547933058}  input_fetch_completed_timestamp:{seconds:1615763340  nanos:553411193}  execution_start_timestamp:{seconds:1615763340  nanos:553411193}  execution_completed_timestamp:{seconds:1615763340  nanos:555481870}  output_upload_start_timestamp:{seconds:1615763340  nanos:555481870}  output_upload_completed_timestamp:{seconds:1615763340  nanos:557873972}  auxiliary_metadata:{type_url:"type.googleapis.com/buildbarn.resourceusage.POSIXResourceUsage"  value:"\n\x04\x10ȊH\x12\x00\x18\x80\xa0\x8e\x0e8\x94\x01X`x\x03\x80\x01\x08"}  auxiliary_metadata:{type_url:"type.googleapis.com/buildbarn.resourceusage.FilePoolResourceUsage"}}}  message:"Action details (cached result): /action/blake-client/B3Z:7803bc68914b96b3ecfeb3b4a738004c60930c810a6663d8ea4599072a1d780d/76/"
