Loading: 
Loading: 0 packages loaded
Analyzing: target //cmd/blake3zcc_hasher:blake3zcc_hasher (0 packages loaded, 0 targets configured)
INFO: Analyzed target //cmd/blake3zcc_hasher:blake3zcc_hasher (0 packages loaded, 0 targets configured).
INFO: Found 1 target...
[0 / 1] [Prepa] BazelWorkspaceStatusAction stable-status.txt
Target //cmd/blake3zcc_hasher:blake3zcc_hasher up-to-date:
  bazel-bin/cmd/blake3zcc_hasher/blake3zcc_hasher_/blake3zcc_hasher
INFO: Elapsed time: 0.159s, Critical Path: 0.00s
INFO: 0 processes.
INFO: Build completed successfully, 1 total action
INFO: Running command line: bazel-bin/cmd/blake3zcc_hasher/blake3zcc_hasher_/blake3zcc_hasher -a localhost:8980 -d /home/debian/blake-client/experiments/e2 '-b=true' -D -s 8192
INFO: Build completed successfully, 1 total action
2021/04/15 19:47:31 Time Hashing: 943.710807ms
2021/04/15 19:47:40 Bytes Uploaded: 60084785
2021/04/15 19:47:40 Bytes Hashed: 450428977
2021/04/15 19:47:40 Missing Blobs: 6907
2021/04/15 19:47:40 Total Blobs: 54986
2021/04/15 19:47:40 Time Uploading: 6.440435871s
2021/04/15 19:47:40 Time Finding Missing Blobs: 398.630754ms
