Loading: 
Loading: 0 packages loaded
Analyzing: target //cmd/blake3zcc_hasher:blake3zcc_hasher (0 packages loaded, 0 targets configured)
INFO: Analyzed target //cmd/blake3zcc_hasher:blake3zcc_hasher (0 packages loaded, 0 targets configured).
INFO: Found 1 target...
[0 / 1] [Prepa] BazelWorkspaceStatusAction stable-status.txt
Target //cmd/blake3zcc_hasher:blake3zcc_hasher up-to-date:
  bazel-bin/cmd/blake3zcc_hasher/blake3zcc_hasher_/blake3zcc_hasher
INFO: Elapsed time: 0.095s, Critical Path: 0.00s
INFO: 0 processes.
INFO: Build completed successfully, 1 total action
INFO: Running command line: bazel-bin/cmd/blake3zcc_hasher/blake3zcc_hasher_/blake3zcc_hasher -a localhost:8980 -d /home/debian/blake-client/experiments/e2 '-b=false' -D -s 1048576
INFO: Build completed successfully, 1 total action
2021/04/15 19:45:37 Time Hashing: 1.880134058s
2021/04/15 19:45:42 Bytes Uploaded: 450429009
2021/04/15 19:45:42 Bytes Hashed: 450429009
2021/04/15 19:45:42 Missing Blobs: 2
2021/04/15 19:45:42 Total Blobs: 2
2021/04/15 19:45:42 Time Uploading: 5.041135589s
2021/04/15 19:45:42 Time Finding Missing Blobs: 2.615951ms
