Loading: 
Loading: 0 packages loaded
Analyzing: target //cmd/blake3zcc_hasher:blake3zcc_hasher (0 packages loaded, 0 targets configured)
INFO: Analyzed target //cmd/blake3zcc_hasher:blake3zcc_hasher (0 packages loaded, 0 targets configured).
INFO: Found 1 target...
[0 / 1] [Prepa] BazelWorkspaceStatusAction stable-status.txt
Target //cmd/blake3zcc_hasher:blake3zcc_hasher up-to-date:
  bazel-bin/cmd/blake3zcc_hasher/blake3zcc_hasher_/blake3zcc_hasher
INFO: Elapsed time: 1.977s, Critical Path: 1.87s
INFO: 2 processes: 2 processwrapper-sandbox.
INFO: Build completed successfully, 3 total actions
INFO: Running command line: bazel-bin/cmd/blake3zcc_hasher/blake3zcc_hasher_/blake3zcc_hasher -a localhost:8980 -d /home/debian/blake-client/experiments/e1 '-b=true' -D -s 1048576
INFO: Build completed successfully, 3 total actions
2021/04/15 19:50:37 Time Hashing: 1.222746714s
2021/04/15 19:50:44 Bytes Uploaded: 450128817
2021/04/15 19:50:44 Bytes Hashed: 450101297
2021/04/15 19:50:44 Missing Blobs: 432
2021/04/15 19:50:44 Total Blobs: 432
2021/04/15 19:50:44 Time Uploading: 5.34522752s
2021/04/15 19:50:44 Time Finding Missing Blobs: 11.392958ms
