Loading: 
Loading: 0 packages loaded
Analyzing: target //cmd/blake3zcc_hasher:blake3zcc_hasher (0 packages loaded, 0 targets configured)
INFO: Analyzed target //cmd/blake3zcc_hasher:blake3zcc_hasher (0 packages loaded, 0 targets configured).
INFO: Found 1 target...
[0 / 1] [Prepa] BazelWorkspaceStatusAction stable-status.txt
Target //cmd/blake3zcc_hasher:blake3zcc_hasher up-to-date:
  bazel-bin/cmd/blake3zcc_hasher/blake3zcc_hasher_/blake3zcc_hasher
INFO: Elapsed time: 0.100s, Critical Path: 0.00s
INFO: 0 processes.
INFO: Build completed successfully, 1 total action
INFO: Running command line: bazel-bin/cmd/blake3zcc_hasher/blake3zcc_hasher_/blake3zcc_hasher -a localhost:8980 -d /home/debian/blake-client/experiments/e2 '-b=true' -D -s 1048576
INFO: Build completed successfully, 1 total action
2021/04/15 19:50:45 Time Hashing: 968.28084ms
2021/04/15 19:50:48 Bytes Uploaded: 178875313
2021/04/15 19:50:48 Bytes Hashed: 450428977
2021/04/15 19:50:48 Missing Blobs: 173
2021/04/15 19:50:48 Total Blobs: 432
2021/04/15 19:50:48 Time Uploading: 2.094773069s
2021/04/15 19:50:48 Time Finding Missing Blobs: 11.365158ms
