Loading: 
Loading: 0 packages loaded
Analyzing: target //cmd/blake3zcc_hasher:blake3zcc_hasher (0 packages loaded, 0 targets configured)
INFO: Analyzed target //cmd/blake3zcc_hasher:blake3zcc_hasher (0 packages loaded, 0 targets configured).
INFO: Found 1 target...
[0 / 1] [Prepa] BazelWorkspaceStatusAction stable-status.txt
Target //cmd/blake3zcc_hasher:blake3zcc_hasher up-to-date:
  bazel-bin/cmd/blake3zcc_hasher/blake3zcc_hasher_/blake3zcc_hasher
INFO: Elapsed time: 0.090s, Critical Path: 0.00s
INFO: 0 processes.
INFO: Build completed successfully, 1 total action
INFO: Running command line: bazel-bin/cmd/blake3zcc_hasher/blake3zcc_hasher_/blake3zcc_hasher -a localhost:8980 -d /home/debian/blake-client/experiments/e1 -c 4 '-b=true'
INFO: Build completed successfully, 1 total action
2021/04/07 16:11:22 Hash: B3Z:8fd34c336c315282c5a0d079d824b74754d3535f15539d6a78c867c24b3e1873
2021/04/07 16:11:22 Hash: B3Z:8f03513c2b125990dae757ea2819492d2141f4da250c95a4218b2b6742be6168
2021/04/07 16:11:22 Hash: B3Z:bdcc7322f9d633864ee6cf0eef227f6740bb77585225a9c749c16c70788ed9fc
2021/04/07 16:11:22 Command: arguments:"sh" arguments:"-c" arguments:"cp in0 out && printf ' ' | dd of=out bs=1 count=1 seek=266240 conv=notrunc" output_paths:"out"
2021/04/07 16:11:22 Hash: B3Z:8501023c1aca350cfdd6ede3e761accab2d253d9d7b8475f5b0c9bc7633fe9b3
2021/04/07 16:11:22 Hash: B3Z:a828d8a3340248b0447d8c34c75b1fe84fc170a08f688b6ea07e611dcf7c33af
2021/04/07 16:11:22 Time Hashing: 6.091263ms
2021/04/07 16:11:22 Bytes Hashed: 1409285
2021/04/07 16:11:22 Action Digest: [168 40 216 163 52 2 72 176 68 125 140 52 199 91 31 232 79 193 112 160 143 104 139 110 160 126 97 29 207 124 51 175] a828d8a3340248b0447d8c34c75b1fe84fc170a08f688b6ea07e611dcf7c33af  76
2021/04/07 16:11:22 Bytes Uploaded: 165
2021/04/07 16:11:22 Time Uploading: 2.240622ms
2021/04/07 16:11:22 Time Finding Missing Blobs: 2.459916ms
2021/04/07 16:11:22 Execute response: result:{output_files:{path:"out" digest:{size_bytes:532481 hash_blake3zcc:"}\t~y\xd7\x16lM4#D\xc6\x17)\xf0~\x86\x8aM\x04\xaf\xafe\xf1\xa7F\x9b\xd4\"\x91"}} stderr_digest:{size_bytes:70 hash_blake3zcc:"\x86DZp\xff\xa4w}#4}\x83\x1bc\x15\xe8\x02\xf6\xfc\x0c\x89\"\xf9fk\xfa\x9aU\xee7\xbb<"} execution_metadata:{worker:"{\"datacenter\":\"paris\",\"hostname\":\"ubuntu-worker.example.com\",\"rack\":\"4\",\"slot\":\"15\",\"thread\":\"6\"}" queued_timestamp:{seconds:1617808282 nanos:718442634} worker_start_timestamp:{seconds:1617808282 nanos:718764731} worker_completed_timestamp:{seconds:1617808282 nanos:733238417} input_fetch_start_timestamp:{seconds:1617808282 nanos:719020653} input_fetch_completed_timestamp:{seconds:1617808282 nanos:719791196} execution_start_timestamp:{seconds:1617808282 nanos:719791196} execution_completed_timestamp:{seconds:1617808282 nanos:726893697} output_upload_start_timestamp:{seconds:1617808282 nanos:726893697} output_upload_completed_timestamp:{seconds:1617808282 nanos:733238417} auxiliary_metadata:{type_url:"type.googleapis.com/buildbarn.resourceusage.POSIXResourceUsage" value:"\n\x05\x10\xd0\xc1\x96\x01\x12\x00\x18\x80\x80\xf1\x0c8\xbd\x02X\xa0\x08x\x07\x80\x01\x08"} auxiliary_metadata:{type_url:"type.googleapis.com/buildbarn.resourceusage.FilePoolResourceUsage"}}} message:"Action details (cached result): /action/blake-client/B3Z:a828d8a3340248b0447d8c34c75b1fe84fc170a08f688b6ea07e611dcf7c33af/76/"
