Loading: 
Loading: 0 packages loaded
Analyzing: target //cmd/blake3zcc_hasher:blake3zcc_hasher (0 packages loaded, 0 targets configured)
INFO: Analyzed target //cmd/blake3zcc_hasher:blake3zcc_hasher (0 packages loaded, 0 targets configured).
INFO: Found 1 target...
[0 / 1] [Prepa] BazelWorkspaceStatusAction stable-status.txt
Target //cmd/blake3zcc_hasher:blake3zcc_hasher up-to-date:
  bazel-bin/cmd/blake3zcc_hasher/blake3zcc_hasher_/blake3zcc_hasher
INFO: Elapsed time: 0.082s, Critical Path: 0.00s
INFO: 0 processes.
INFO: Build completed successfully, 1 total action
INFO: Running command line: bazel-bin/cmd/blake3zcc_hasher/blake3zcc_hasher_/blake3zcc_hasher -a localhost:8980 -d /home/debian/blake-client/experiments/e11 -c 2 '-b=true'
INFO: Build completed successfully, 1 total action
2021/04/07 16:11:23 Hash: B3Z:8f03513c2b125990dae757ea2819492d2141f4da250c95a4218b2b6742be6168
2021/04/07 16:11:23 Hash: B3Z:1093f28be4fd7f08e1bc7c5a74325374283905df0366e4147b9cd694c3ad2d72
2021/04/07 16:11:23 Hash: B3Z:6a825b3e424664abf616a7ea39225485e01c9f4731b184788b55e5f2fb0c8151
2021/04/07 16:11:23 Hash: B3Z:d9255d8105ee52b23f018fbd0eb54ae8d464e1f3b0c8729492b39af69afd9ec0
2021/04/07 16:11:23 Hash: B3Z:cbe43237ddd9e867a44c1b2f62077d9aab5ed2e5fb830a8940a3c2bdb8624fe8
2021/04/07 16:11:23 Time Hashing: 7.929386ms
2021/04/07 16:11:23 Bytes Hashed: 1753292
2021/04/07 16:11:23 Action Digest: [203 228 50 55 221 217 232 103 164 76 27 47 98 7 125 154 171 94 210 229 251 131 10 137 64 163 194 189 184 98 79 232] cbe43237ddd9e867a44c1b2f62077d9aab5ed2e5fb830a8940a3c2bdb8624fe8  76
2021/04/07 16:11:23 Bytes Uploaded: 170
2021/04/07 16:11:23 Time Uploading: 1.537776ms
2021/04/07 16:11:23 Time Finding Missing Blobs: 3.31098ms
2021/04/07 16:11:23 Execute response: result:{output_files:{path:"out" digest:{size_bytes:1753090 hash_blake3zcc:"\x05S[\x92\xadI\xa1M\x1a\xb6\x82u\x9e\xf1/7uU\xd5\xed\x05ۭf\x91\x12{?\x14v\xc5"}} execution_metadata:{worker:"{\"datacenter\":\"paris\",\"hostname\":\"ubuntu-worker.example.com\",\"rack\":\"4\",\"slot\":\"15\",\"thread\":\"7\"}" queued_timestamp:{seconds:1617808283 nanos:312001229} worker_start_timestamp:{seconds:1617808283 nanos:312691740} worker_completed_timestamp:{seconds:1617808283 nanos:341787047} input_fetch_start_timestamp:{seconds:1617808283 nanos:312932655} input_fetch_completed_timestamp:{seconds:1617808283 nanos:313920039} execution_start_timestamp:{seconds:1617808283 nanos:313920039} execution_completed_timestamp:{seconds:1617808283 nanos:319088504} output_upload_start_timestamp:{seconds:1617808283 nanos:319088504} output_upload_completed_timestamp:{seconds:1617808283 nanos:341787047} auxiliary_metadata:{type_url:"type.googleapis.com/buildbarn.resourceusage.POSIXResourceUsage" value:"\n\x04\x10\xb8\x97}\x12\x00\x18\x80\x80\xf1\x0c8\xc9\x01X\xe8\x1ax\x03\x80\x01\x05"} auxiliary_metadata:{type_url:"type.googleapis.com/buildbarn.resourceusage.FilePoolResourceUsage"}}} message:"Action details (cached result): /action/blake-client/B3Z:cbe43237ddd9e867a44c1b2f62077d9aab5ed2e5fb830a8940a3c2bdb8624fe8/76/"
