Loading: 
Loading: 0 packages loaded
Analyzing: target //cmd/blake3zcc_hasher:blake3zcc_hasher (0 packages loaded, 0 targets configured)
INFO: Analyzed target //cmd/blake3zcc_hasher:blake3zcc_hasher (0 packages loaded, 0 targets configured).
INFO: Found 1 target...
[0 / 1] [Prepa] BazelWorkspaceStatusAction stable-status.txt
Target //cmd/blake3zcc_hasher:blake3zcc_hasher up-to-date:
  bazel-bin/cmd/blake3zcc_hasher/blake3zcc_hasher_/blake3zcc_hasher
INFO: Elapsed time: 0.136s, Critical Path: 0.00s
INFO: 0 processes.
INFO: Build completed successfully, 1 total action
INFO: Running command line: bazel-bin/cmd/blake3zcc_hasher/blake3zcc_hasher_/blake3zcc_hasher -a localhost:8980 -d /home/debian/blake-client/experiments/e1 -c 1 '-b=true'
INFO: Build completed successfully, 1 total action
2021/04/07 16:11:22 Hash: B3Z:8fd34c336c315282c5a0d079d824b74754d3535f15539d6a78c867c24b3e1873
2021/04/07 16:11:22 Hash: B3Z:8f03513c2b125990dae757ea2819492d2141f4da250c95a4218b2b6742be6168
2021/04/07 16:11:22 Hash: B3Z:bdcc7322f9d633864ee6cf0eef227f6740bb77585225a9c749c16c70788ed9fc
2021/04/07 16:11:22 Hash: B3Z:95f1a8b8421e32df87826aa0d29f40b20c295a3f603de6d2533dc0d717f40852
2021/04/07 16:11:22 Hash: B3Z:427cb48d608e90d921d296cfaef7f6a2c94de6051705bf9ae2c6ef6228b36c69
2021/04/07 16:11:22 Time Hashing: 6.408663ms
2021/04/07 16:11:22 Bytes Hashed: 1409228
2021/04/07 16:11:22 Action Digest: [66 124 180 141 96 142 144 217 33 210 150 207 174 247 246 162 201 77 230 5 23 5 191 154 226 198 239 98 40 179 108 105] 427cb48d608e90d921d296cfaef7f6a2c94de6051705bf9ae2c6ef6228b36c69  76
2021/04/07 16:11:22 Bytes Uploaded: 108
2021/04/07 16:11:22 Time Uploading: 1.889257ms
2021/04/07 16:11:22 Time Finding Missing Blobs: 2.941057ms
2021/04/07 16:11:22 Execute response: result:{output_files:{path:"out" digest:{size_bytes:1064962 hash_blake3zcc:"n\xa9\x18A\x81~\xdcm]Dq\xa5<7\x08\x98\xac8\xe1砏\x96\xac\x05\x81X\xa3$l\xb5"}} execution_metadata:{worker:"{\"datacenter\":\"paris\",\"hostname\":\"ubuntu-worker.example.com\",\"rack\":\"4\",\"slot\":\"15\",\"thread\":\"4\"}" queued_timestamp:{seconds:1617808282 nanos:279428454} worker_start_timestamp:{seconds:1617808282 nanos:279908173} worker_completed_timestamp:{seconds:1617808282 nanos:299439017} input_fetch_start_timestamp:{seconds:1617808282 nanos:280223642} input_fetch_completed_timestamp:{seconds:1617808282 nanos:280762041} execution_start_timestamp:{seconds:1617808282 nanos:280762041} execution_completed_timestamp:{seconds:1617808282 nanos:287285753} output_upload_start_timestamp:{seconds:1617808282 nanos:287285753} output_upload_completed_timestamp:{seconds:1617808282 nanos:299439017} auxiliary_metadata:{type_url:"type.googleapis.com/buildbarn.resourceusage.POSIXResourceUsage" value:"\n\x04\x10Н%\x12\x04\x10\xa0\xd6A\x18\x80\x80\xf1\x0c8\xc9\x01X\xa8\x10x\x03\x80\x01\x03"} auxiliary_metadata:{type_url:"type.googleapis.com/buildbarn.resourceusage.FilePoolResourceUsage"}}} message:"Action details (cached result): /action/blake-client/B3Z:427cb48d608e90d921d296cfaef7f6a2c94de6051705bf9ae2c6ef6228b36c69/76/"
