Loading: 
Loading: 0 packages loaded
Analyzing: target //cmd/blake3zcc_hasher:blake3zcc_hasher (0 packages loaded, 0 targets configured)
INFO: Analyzed target //cmd/blake3zcc_hasher:blake3zcc_hasher (0 packages loaded, 0 targets configured).
INFO: Found 1 target...
[0 / 1] [Prepa] BazelWorkspaceStatusAction stable-status.txt
Target //cmd/blake3zcc_hasher:blake3zcc_hasher up-to-date:
  bazel-bin/cmd/blake3zcc_hasher/blake3zcc_hasher_/blake3zcc_hasher
INFO: Elapsed time: 0.102s, Critical Path: 0.00s
INFO: 0 processes.
INFO: Build completed successfully, 1 total action
INFO: Running command line: bazel-bin/cmd/blake3zcc_hasher/blake3zcc_hasher_/blake3zcc_hasher -a localhost:8980 -d /home/debian/blake-client/experiments/e3 -c 2 '-b=true'
INFO: Build completed successfully, 1 total action
2021/04/07 16:11:24 Hash: B3Z:44702a444bd92ac4e4e7f5b4c4523862905dc7e6b25fde18b458fe6e3b5c51e8
2021/04/07 16:11:24 Hash: B3Z:8f03513c2b125990dae757ea2819492d2141f4da250c95a4218b2b6742be6168
2021/04/07 16:11:24 Hash: B3Z:6cca65bbc2d91a2afa6cc31c52a42f4814832a5c69b86dd2fba39967d55d4b2e
2021/04/07 16:11:24 Hash: B3Z:d9255d8105ee52b23f018fbd0eb54ae8d464e1f3b0c8729492b39af69afd9ec0
2021/04/07 16:11:24 Hash: B3Z:eacfd62b92e50e6d23f3c300033263b47368f636ad6e7769488e4facac13c671
2021/04/07 16:11:24 Time Hashing: 8.842486ms
2021/04/07 16:11:24 Bytes Hashed: 2097356
2021/04/07 16:11:24 Action Digest: [234 207 214 43 146 229 14 109 35 243 195 0 3 50 99 180 115 104 246 54 173 110 119 105 72 142 79 172 172 19 198 113] eacfd62b92e50e6d23f3c300033263b47368f636ad6e7769488e4facac13c671  76
2021/04/07 16:11:24 Bytes Uploaded: 1564843
2021/04/07 16:11:24 Time Uploading: 101.259854ms
2021/04/07 16:11:24 Time Finding Missing Blobs: 2.245874ms
2021/04/07 16:11:24 Execute response: result:{output_files:{path:"out" digest:{size_bytes:2097154 hash_blake3zcc:"&\xb9+\xfdn\xf4ޏ\xaaͨ+\x11]\xbe\xa4\"\x91\x05\x8e\xe7z\xab7\x80\x16s\xdaWQ\xac\xd0"}} execution_metadata:{worker:"{\"datacenter\":\"paris\",\"hostname\":\"ubuntu-worker.example.com\",\"rack\":\"4\",\"slot\":\"15\",\"thread\":\"1\"}" queued_timestamp:{seconds:1617808284 nanos:342637459} worker_start_timestamp:{seconds:1617808284 nanos:342960609} worker_completed_timestamp:{seconds:1617808284 nanos:499874977} input_fetch_start_timestamp:{seconds:1617808284 nanos:343791878} input_fetch_completed_timestamp:{seconds:1617808284 nanos:466270022} execution_start_timestamp:{seconds:1617808284 nanos:466270022} execution_completed_timestamp:{seconds:1617808284 nanos:470795930} output_upload_start_timestamp:{seconds:1617808284 nanos:470795930} output_upload_completed_timestamp:{seconds:1617808284 nanos:499874977} auxiliary_metadata:{type_url:"type.googleapis.com/buildbarn.resourceusage.POSIXResourceUsage" value:"\n\x04\x10\xa8\x8ef\x12\x04\x10\xb8\xf54\x18\x80\xa0\xfd\x0c8\xc9\x01X\x88 x\x03\x80\x01\x08"} auxiliary_metadata:{type_url:"type.googleapis.com/buildbarn.resourceusage.FilePoolResourceUsage"}}} message:"Action details (cached result): /action/blake-client/B3Z:eacfd62b92e50e6d23f3c300033263b47368f636ad6e7769488e4facac13c671/76/"
