Loading: 
Loading: 0 packages loaded
Analyzing: target //cmd/blake3zcc_hasher:blake3zcc_hasher (0 packages loaded, 0 targets configured)
INFO: Analyzed target //cmd/blake3zcc_hasher:blake3zcc_hasher (0 packages loaded, 0 targets configured).
INFO: Found 1 target...
[0 / 1] [Prepa] BazelWorkspaceStatusAction stable-status.txt
Target //cmd/blake3zcc_hasher:blake3zcc_hasher up-to-date:
  bazel-bin/cmd/blake3zcc_hasher/blake3zcc_hasher_/blake3zcc_hasher
INFO: Elapsed time: 0.100s, Critical Path: 0.00s
INFO: 0 processes.
INFO: Build completed successfully, 1 total action
INFO: Running command line: bazel-bin/cmd/blake3zcc_hasher/blake3zcc_hasher_/blake3zcc_hasher -a localhost:8980 -d /home/debian/blake-client/experiments/e7 -c 4 '-b=true'
INFO: Build completed successfully, 1 total action
2021/04/07 16:11:27 Hash: B3Z:1093f28be4fd7f08e1bc7c5a74325374283905df0366e4147b9cd694c3ad2d72
2021/04/07 16:11:27 Hash: B3Z:44702a444bd92ac4e4e7f5b4c4523862905dc7e6b25fde18b458fe6e3b5c51e8
2021/04/07 16:11:27 Hash: B3Z:aee452abff59e2237a59b3c1404747cb73ebdbcf30f2d5ece9586cd470d9e13b
2021/04/07 16:11:27 Command: arguments:"sh" arguments:"-c" arguments:"cp in0 out && printf ' ' | dd of=out bs=1 count=1 seek=782336 conv=notrunc" output_paths:"out"
2021/04/07 16:11:27 Hash: B3Z:5a25c6001ce3655c16ba9a83e28a5e2f0c6d7e84dc02d8bea8f6a7683ede810c
2021/04/07 16:11:27 Hash: B3Z:e5e31c9eaf87a23ff1e61e005d0340b90896f9ee2b4fff3d5f0a96a2b72ba08e
2021/04/07 16:11:27 Time Hashing: 11.537665ms
2021/04/07 16:11:27 Bytes Hashed: 2785541
2021/04/07 16:11:27 Action Digest: [229 227 28 158 175 135 162 63 241 230 30 0 93 3 64 185 8 150 249 238 43 79 255 61 95 10 150 162 183 43 160 142] e5e31c9eaf87a23ff1e61e005d0340b90896f9ee2b4fff3d5f0a96a2b72ba08e  76
2021/04/07 16:11:27 Bytes Uploaded: 165
2021/04/07 16:11:27 Time Uploading: 1.615848ms
2021/04/07 16:11:27 Time Finding Missing Blobs: 3.876404ms
2021/04/07 16:11:27 Execute response: result:{output_files:{path:"out" digest:{size_bytes:1564673 hash_blake3zcc:"\x0e\x03\xa6\x84=\xa0\xd2$\x15\xfc/\xe2O\x06\xf4\xf13\xc5\xe63\x17tZ) \xddk\xccB\xb3\xfb\xa3"}} stderr_digest:{size_bytes:70 hash_blake3zcc:"\xbd\xa7\xab\xba\xd7\xf1\x85\x12\x8e\x8ce,\rA\xd1!\x8b]\xef\xce\xf8y\x8d,t#\xe6_\"\xa6K\xf1"} execution_metadata:{worker:"{\"datacenter\":\"paris\",\"hostname\":\"ubuntu-worker.example.com\",\"rack\":\"4\",\"slot\":\"15\",\"thread\":\"7\"}" queued_timestamp:{seconds:1617808287 nanos:474073800} worker_start_timestamp:{seconds:1617808287 nanos:474559383} worker_completed_timestamp:{seconds:1617808287 nanos:502418222} input_fetch_start_timestamp:{seconds:1617808287 nanos:474804568} input_fetch_completed_timestamp:{seconds:1617808287 nanos:475784642} execution_start_timestamp:{seconds:1617808287 nanos:475784642} execution_completed_timestamp:{seconds:1617808287 nanos:479822133} output_upload_start_timestamp:{seconds:1617808287 nanos:479822133} output_upload_completed_timestamp:{seconds:1617808287 nanos:502418222} auxiliary_metadata:{type_url:"type.googleapis.com/buildbarn.resourceusage.POSIXResourceUsage" value:"\n\x05\x10\x88ǜ\x01\x12\x04\x10\xf0\xda\x1b\x18\x80\xa0\xfd\x0c8\xc4\x02X\x80\x18x\x07\x80\x01\x07"} auxiliary_metadata:{type_url:"type.googleapis.com/buildbarn.resourceusage.FilePoolResourceUsage"}}} message:"Action details (cached result): /action/blake-client/B3Z:e5e31c9eaf87a23ff1e61e005d0340b90896f9ee2b4fff3d5f0a96a2b72ba08e/76/"
