Loading: 
Loading: 0 packages loaded
Analyzing: target //cmd/blake3zcc_hasher:blake3zcc_hasher (0 packages loaded, 0 targets configured)
INFO: Analyzed target //cmd/blake3zcc_hasher:blake3zcc_hasher (0 packages loaded, 0 targets configured).
INFO: Found 1 target...
[0 / 1] [Prepa] BazelWorkspaceStatusAction stable-status.txt
Target //cmd/blake3zcc_hasher:blake3zcc_hasher up-to-date:
  bazel-bin/cmd/blake3zcc_hasher/blake3zcc_hasher_/blake3zcc_hasher
INFO: Elapsed time: 0.091s, Critical Path: 0.00s
INFO: 0 processes.
INFO: Build completed successfully, 1 total action
INFO: Running command line: bazel-bin/cmd/blake3zcc_hasher/blake3zcc_hasher_/blake3zcc_hasher -a localhost:8980 -d /home/debian/blake-client/experiments/e6 -c 0 '-b=true'
INFO: Build completed successfully, 1 total action
2021/04/07 16:11:25 Hash: B3Z:44702a444bd92ac4e4e7f5b4c4523862905dc7e6b25fde18b458fe6e3b5c51e8
2021/04/07 16:11:25 Hash: B3Z:1093f28be4fd7f08e1bc7c5a74325374283905df0366e4147b9cd694c3ad2d72
2021/04/07 16:11:25 Hash: B3Z:7dd730153ea7e424627ea3eb2545c406462eab55730794396b114f5fed1549b1
2021/04/07 16:11:25 Hash: B3Z:0efe2b763d0ef25ab606352f2bdaf1041c4cc049855cbb1ed1c45be863334bcd
2021/04/07 16:11:25 Hash: B3Z:8748aa9747aa97cfc205a4e598f0e98ac0308513c06221dc57a3f119c04d171d
2021/04/07 16:11:25 Time Hashing: 11.656655ms
2021/04/07 16:11:25 Bytes Hashed: 2785471
2021/04/07 16:11:25 Action Digest: [135 72 170 151 71 170 151 207 194 5 164 229 152 240 233 138 192 48 133 19 192 98 33 220 87 163 241 25 192 77 23 29] 8748aa9747aa97cfc205a4e598f0e98ac0308513c06221dc57a3f119c04d171d  76
2021/04/07 16:11:25 Bytes Uploaded: 170
2021/04/07 16:11:25 Time Uploading: 2.049304ms
2021/04/07 16:11:25 Time Finding Missing Blobs: 3.008207ms
2021/04/07 16:11:25 Execute response: result:{output_files:{path:"out" digest:{size_bytes:1220609 hash_blake3zcc:"\x10\x93\xf2\x8b\xe4\xfd\x08\xe1\xbc|Zt2St(9\x05\xdf\x03f\xe4\x14{\x9c֔í-r"}} execution_metadata:{worker:"{\"datacenter\":\"paris\",\"hostname\":\"ubuntu-worker.example.com\",\"rack\":\"4\",\"slot\":\"15\",\"thread\":\"3\"}" queued_timestamp:{seconds:1617808285 nanos:961346435} worker_start_timestamp:{seconds:1617808285 nanos:962036132} worker_completed_timestamp:{seconds:1617808285 nanos:983764710} input_fetch_start_timestamp:{seconds:1617808285 nanos:962472693} input_fetch_completed_timestamp:{seconds:1617808285 nanos:963587432} execution_start_timestamp:{seconds:1617808285 nanos:963587432} execution_completed_timestamp:{seconds:1617808285 nanos:971513263} output_upload_start_timestamp:{seconds:1617808285 nanos:971513263} output_upload_completed_timestamp:{seconds:1617808285 nanos:983764710} auxiliary_metadata:{type_url:"type.googleapis.com/buildbarn.resourceusage.POSIXResourceUsage" value:"\n\x04\x10\x88\x8a]\x12\x00\x18\x80\xa0\xfd\x0c8\x85\x01X\xd8\x12x\x01\x80\x01\x03"} auxiliary_metadata:{type_url:"type.googleapis.com/buildbarn.resourceusage.FilePoolResourceUsage"}}} message:"Action details (cached result): /action/blake-client/B3Z:8748aa9747aa97cfc205a4e598f0e98ac0308513c06221dc57a3f119c04d171d/76/"
