Loading: 
Loading: 0 packages loaded
Analyzing: target //cmd/blake3zcc_hasher:blake3zcc_hasher (0 packages loaded, 0 targets configured)
INFO: Analyzed target //cmd/blake3zcc_hasher:blake3zcc_hasher (0 packages loaded, 0 targets configured).
INFO: Found 1 target...
[0 / 1] [Prepa] BazelWorkspaceStatusAction stable-status.txt
Target //cmd/blake3zcc_hasher:blake3zcc_hasher up-to-date:
  bazel-bin/cmd/blake3zcc_hasher/blake3zcc_hasher_/blake3zcc_hasher
INFO: Elapsed time: 0.073s, Critical Path: 0.00s
INFO: 0 processes.
INFO: Build completed successfully, 1 total action
INFO: Running command line: bazel-bin/cmd/blake3zcc_hasher/blake3zcc_hasher_/blake3zcc_hasher -a localhost:8980 -d /home/debian/blake-client/experiments/e10 -c 2 '-b=true'
INFO: Build completed successfully, 1 total action
2021/04/07 16:11:22 Hash: B3Z:8fd34c336c315282c5a0d079d824b74754d3535f15539d6a78c867c24b3e1873
2021/04/07 16:11:22 Hash: B3Z:1093f28be4fd7f08e1bc7c5a74325374283905df0366e4147b9cd694c3ad2d72
2021/04/07 16:11:22 Hash: B3Z:c38701d8882c4de55cf58a5f34ab23c8eb529769e7d51b339f64433629074ac5
2021/04/07 16:11:22 Hash: B3Z:d9255d8105ee52b23f018fbd0eb54ae8d464e1f3b0c8729492b39af69afd9ec0
2021/04/07 16:11:22 Hash: B3Z:654921cdd25956057ad66040fb760a7695054b97fdcf35b46f38b8d6d6b48382
2021/04/07 16:11:22 Time Hashing: 8.754086ms
2021/04/07 16:11:22 Bytes Hashed: 2097356
2021/04/07 16:11:22 Action Digest: [101 73 33 205 210 89 86 5 122 214 96 64 251 118 10 118 149 5 75 151 253 207 53 180 111 56 184 214 214 180 131 130] 654921cdd25956057ad66040fb760a7695054b97fdcf35b46f38b8d6d6b48382  76
2021/04/07 16:11:22 Bytes Uploaded: 1220779
2021/04/07 16:11:22 Time Uploading: 81.015494ms
2021/04/07 16:11:22 Time Finding Missing Blobs: 2.161535ms
2021/04/07 16:11:23 Execute response: result:{output_files:{path:"out" digest:{size_bytes:2097154 hash_blake3zcc:"&\xb9+\xfdn\xf4ޏ\xaaͨ+\x11]\xbe\xa4\"\x91\x05\x8e\xe7z\xab7\x80\x16s\xdaWQ\xac\xd0"}} execution_metadata:{worker:"{\"datacenter\":\"paris\",\"hostname\":\"ubuntu-worker.example.com\",\"rack\":\"4\",\"slot\":\"15\",\"thread\":\"1\"}" queued_timestamp:{seconds:1617808282 nanos:922406450} worker_start_timestamp:{seconds:1617808282 nanos:922677111} worker_completed_timestamp:{seconds:1617808283 nanos:48632294} input_fetch_start_timestamp:{seconds:1617808282 nanos:923907329} input_fetch_completed_timestamp:{seconds:1617808283 nanos:14738866} execution_start_timestamp:{seconds:1617808283 nanos:14738866} execution_completed_timestamp:{seconds:1617808283 nanos:21295048} output_upload_start_timestamp:{seconds:1617808283 nanos:21295048} output_upload_completed_timestamp:{seconds:1617808283 nanos:48632294} auxiliary_metadata:{type_url:"type.googleapis.com/buildbarn.resourceusage.POSIXResourceUsage" value:"\n\x05\x10\xc8Ĉ\x01\x12\x00\x18\x80\x80\xf1\x0c8\xc5\x01X\x88 x\x03\x80\x01\x04"} auxiliary_metadata:{type_url:"type.googleapis.com/buildbarn.resourceusage.FilePoolResourceUsage"}}} message:"Action details (cached result): /action/blake-client/B3Z:654921cdd25956057ad66040fb760a7695054b97fdcf35b46f38b8d6d6b48382/76/"
