Loading: 
Loading: 0 packages loaded
Analyzing: target //cmd/blake3zcc_hasher:blake3zcc_hasher (0 packages loaded, 0 targets configured)
INFO: Analyzed target //cmd/blake3zcc_hasher:blake3zcc_hasher (0 packages loaded, 0 targets configured).
INFO: Found 1 target...
[0 / 1] [Prepa] BazelWorkspaceStatusAction stable-status.txt
Target //cmd/blake3zcc_hasher:blake3zcc_hasher up-to-date:
  bazel-bin/cmd/blake3zcc_hasher/blake3zcc_hasher_/blake3zcc_hasher
INFO: Elapsed time: 0.107s, Critical Path: 0.00s
INFO: 0 processes.
INFO: Build completed successfully, 1 total action
INFO: Running command line: bazel-bin/cmd/blake3zcc_hasher/blake3zcc_hasher_/blake3zcc_hasher -a localhost:8980 -d /home/debian/blake-client/experiments/e2 -c 2 '-b=true'
INFO: Build completed successfully, 1 total action
2021/04/07 16:11:23 Hash: B3Z:1093f28be4fd7f08e1bc7c5a74325374283905df0366e4147b9cd694c3ad2d72
2021/04/07 16:11:23 Hash: B3Z:8f03513c2b125990dae757ea2819492d2141f4da250c95a4218b2b6742be6168
2021/04/07 16:11:23 Hash: B3Z:fb7f0840df41e52a32d623a74e78e61515755dca36a19b68c4899fd7c2e65fb7
2021/04/07 16:11:23 Hash: B3Z:d9255d8105ee52b23f018fbd0eb54ae8d464e1f3b0c8729492b39af69afd9ec0
2021/04/07 16:11:23 Hash: B3Z:cd1659b6843232d2baf576e7dcd7bcbf832e6a71cace4c20ba154400c16bc3d0
2021/04/07 16:11:23 Time Hashing: 7.540402ms
2021/04/07 16:11:23 Bytes Hashed: 1753292
2021/04/07 16:11:23 Action Digest: [205 22 89 182 132 50 50 210 186 245 118 231 220 215 188 191 131 46 106 113 202 206 76 32 186 21 68 0 193 107 195 208] cd1659b6843232d2baf576e7dcd7bcbf832e6a71cace4c20ba154400c16bc3d0  76
2021/04/07 16:11:23 Bytes Uploaded: 170
2021/04/07 16:11:23 Time Uploading: 1.483096ms
2021/04/07 16:11:23 Time Finding Missing Blobs: 3.044139ms
2021/04/07 16:11:23 Execute response: result:{output_files:{path:"out" digest:{size_bytes:1753090 hash_blake3zcc:"\x05S[\x92\xadI\xa1M\x1a\xb6\x82u\x9e\xf1/7uU\xd5\xed\x05ۭf\x91\x12{?\x14v\xc5"}} execution_metadata:{worker:"{\"datacenter\":\"paris\",\"hostname\":\"ubuntu-worker.example.com\",\"rack\":\"4\",\"slot\":\"15\",\"thread\":\"2\"}" queued_timestamp:{seconds:1617808283 nanos:927842484} worker_start_timestamp:{seconds:1617808283 nanos:928835508} worker_completed_timestamp:{seconds:1617808283 nanos:957616619} input_fetch_start_timestamp:{seconds:1617808283 nanos:929031658} input_fetch_completed_timestamp:{seconds:1617808283 nanos:930417443} execution_start_timestamp:{seconds:1617808283 nanos:930417443} execution_completed_timestamp:{seconds:1617808283 nanos:935027625} output_upload_start_timestamp:{seconds:1617808283 nanos:935027625} output_upload_completed_timestamp:{seconds:1617808283 nanos:957616619} auxiliary_metadata:{type_url:"type.googleapis.com/buildbarn.resourceusage.POSIXResourceUsage" value:"\n\x00\x12\x05\x10Ⱦ\x8a\x01\x18\x80\xa0\xfd\x0c8\xcd\x01X\xe8\x1ax\x03\x80\x01\x03"} auxiliary_metadata:{type_url:"type.googleapis.com/buildbarn.resourceusage.FilePoolResourceUsage"}}} message:"Action details (cached result): /action/blake-client/B3Z:cd1659b6843232d2baf576e7dcd7bcbf832e6a71cace4c20ba154400c16bc3d0/76/"
