Loading: 
Loading: 0 packages loaded
Analyzing: target //cmd/blake3zcc_hasher:blake3zcc_hasher (0 packages loaded, 0 targets configured)
INFO: Analyzed target //cmd/blake3zcc_hasher:blake3zcc_hasher (0 packages loaded, 0 targets configured).
INFO: Found 1 target...
[0 / 1] [Prepa] BazelWorkspaceStatusAction stable-status.txt
Target //cmd/blake3zcc_hasher:blake3zcc_hasher up-to-date:
  bazel-bin/cmd/blake3zcc_hasher/blake3zcc_hasher_/blake3zcc_hasher
INFO: Elapsed time: 0.090s, Critical Path: 0.00s
INFO: 0 processes.
INFO: Build completed successfully, 1 total action
INFO: Running command line: bazel-bin/cmd/blake3zcc_hasher/blake3zcc_hasher_/blake3zcc_hasher -a localhost:8980 -d /home/debian/blake-client/experiments/e7 -c 1 '-b=true'
INFO: Build completed successfully, 1 total action
2021/04/07 16:11:26 Hash: B3Z:1093f28be4fd7f08e1bc7c5a74325374283905df0366e4147b9cd694c3ad2d72
2021/04/07 16:11:26 Hash: B3Z:44702a444bd92ac4e4e7f5b4c4523862905dc7e6b25fde18b458fe6e3b5c51e8
2021/04/07 16:11:26 Hash: B3Z:aee452abff59e2237a59b3c1404747cb73ebdbcf30f2d5ece9586cd470d9e13b
2021/04/07 16:11:26 Hash: B3Z:95f1a8b8421e32df87826aa0d29f40b20c295a3f603de6d2533dc0d717f40852
2021/04/07 16:11:26 Hash: B3Z:03c6a6d306fc4507cc6d8de8a8b3b80218997a7a9d181b834d348ef7e9e646af
2021/04/07 16:11:26 Time Hashing: 11.55159ms
2021/04/07 16:11:26 Bytes Hashed: 2785484
2021/04/07 16:11:26 Action Digest: [3 198 166 211 6 252 69 7 204 109 141 232 168 179 184 2 24 153 122 122 157 24 27 131 77 52 142 247 233 230 70 175] 03c6a6d306fc4507cc6d8de8a8b3b80218997a7a9d181b834d348ef7e9e646af  76
2021/04/07 16:11:26 Bytes Uploaded: 76
2021/04/07 16:11:26 Time Uploading: 2.548115ms
2021/04/07 16:11:26 Time Finding Missing Blobs: 3.216439ms
2021/04/07 16:11:26 Execute response: result:{output_files:{path:"out" digest:{size_bytes:3129346 hash_blake3zcc:"y(\xb0v\xcb\xe6\x83\xf6\xb2\x11T\x80Ý\x04{:\xde\xd7m\rkg\x8b\xb6\xb3\xd7\xd4\x02\xc8\xd0%"}} execution_metadata:{worker:"{\"datacenter\":\"paris\",\"hostname\":\"ubuntu-worker.example.com\",\"rack\":\"4\",\"slot\":\"15\",\"thread\":\"6\"}" queued_timestamp:{seconds:1617808286 nanos:942695091} worker_start_timestamp:{seconds:1617808286 nanos:943138596} worker_completed_timestamp:{seconds:1617808286 nanos:996452601} input_fetch_start_timestamp:{seconds:1617808286 nanos:943486678} input_fetch_completed_timestamp:{seconds:1617808286 nanos:943944593} execution_start_timestamp:{seconds:1617808286 nanos:943944593} execution_completed_timestamp:{seconds:1617808286 nanos:954799774} output_upload_start_timestamp:{seconds:1617808286 nanos:954799774} output_upload_completed_timestamp:{seconds:1617808286 nanos:996452601} auxiliary_metadata:{type_url:"type.googleapis.com/buildbarn.resourceusage.POSIXResourceUsage" value:"\n\x05\x10\x88\xa2\xd2\x01\x12\x00\x18\x80\xa0\xfd\x0c8\xc5\x01X\xe8/x\x03\x80\x01\x0e"} auxiliary_metadata:{type_url:"type.googleapis.com/buildbarn.resourceusage.FilePoolResourceUsage"}}} message:"Action details (cached result): /action/blake-client/B3Z:03c6a6d306fc4507cc6d8de8a8b3b80218997a7a9d181b834d348ef7e9e646af/76/"
