Loading: 
Loading: 0 packages loaded
Analyzing: target //cmd/blake3zcc_hasher:blake3zcc_hasher (0 packages loaded, 0 targets configured)
INFO: Analyzed target //cmd/blake3zcc_hasher:blake3zcc_hasher (0 packages loaded, 0 targets configured).
INFO: Found 1 target...
[0 / 1] [Prepa] BazelWorkspaceStatusAction stable-status.txt
Target //cmd/blake3zcc_hasher:blake3zcc_hasher up-to-date:
  bazel-bin/cmd/blake3zcc_hasher/blake3zcc_hasher_/blake3zcc_hasher
INFO: Elapsed time: 0.100s, Critical Path: 0.00s
INFO: 0 processes.
INFO: Build completed successfully, 1 total action
INFO: Running command line: bazel-bin/cmd/blake3zcc_hasher/blake3zcc_hasher_/blake3zcc_hasher -a localhost:8980 -d /home/debian/blake-client/experiments/e1 -c 0 '-b=true'
INFO: Build completed successfully, 1 total action
2021/04/07 16:11:21 Hash: B3Z:8fd34c336c315282c5a0d079d824b74754d3535f15539d6a78c867c24b3e1873
2021/04/07 16:11:21 Hash: B3Z:8f03513c2b125990dae757ea2819492d2141f4da250c95a4218b2b6742be6168
2021/04/07 16:11:21 Hash: B3Z:bdcc7322f9d633864ee6cf0eef227f6740bb77585225a9c749c16c70788ed9fc
2021/04/07 16:11:21 Hash: B3Z:0efe2b763d0ef25ab606352f2bdaf1041c4cc049855cbb1ed1c45be863334bcd
2021/04/07 16:11:21 Hash: B3Z:7cfc2d5b65661cc1d15db6b028167244c870a2d0acfaece23edb1acad7224427
2021/04/07 16:11:21 Time Hashing: 7.94297ms
2021/04/07 16:11:21 Bytes Hashed: 1409215
2021/04/07 16:11:21 Action Digest: [124 252 45 91 101 102 28 193 209 93 182 176 40 22 114 68 200 112 162 208 172 250 236 226 62 219 26 202 215 34 68 39] 7cfc2d5b65661cc1d15db6b028167244c870a2d0acfaece23edb1acad7224427  76
2021/04/07 16:11:21 Bytes Uploaded: 1409215
2021/04/07 16:11:21 Time Uploading: 96.253234ms
2021/04/07 16:11:21 Time Finding Missing Blobs: 4.046503ms
2021/04/07 16:11:22 Execute response: result:{output_files:{path:"out" digest:{size_bytes:532481 hash_blake3zcc:"\x8f\x03Q<+\x12Y\x90\xda\xe7W\xea(\x19I-!A\xf4\xda%\x0c\x95\xa4!\x8b+gB\xbeah"}} execution_metadata:{worker:"{\"datacenter\":\"paris\",\"hostname\":\"ubuntu-worker.example.com\",\"rack\":\"4\",\"slot\":\"15\",\"thread\":\"0\"}" queued_timestamp:{seconds:1617808281 nanos:988784881} worker_start_timestamp:{seconds:1617808281 nanos:990111670} worker_completed_timestamp:{seconds:1617808282 nanos:104561096} input_fetch_start_timestamp:{seconds:1617808281 nanos:990294390} input_fetch_completed_timestamp:{seconds:1617808282 nanos:90459584} execution_start_timestamp:{seconds:1617808282 nanos:90459584} execution_completed_timestamp:{seconds:1617808282 nanos:94953414} output_upload_start_timestamp:{seconds:1617808282 nanos:94953414} output_upload_completed_timestamp:{seconds:1617808282 nanos:104561096} auxiliary_metadata:{type_url:"type.googleapis.com/buildbarn.resourceusage.POSIXResourceUsage" value:"\n\x04\x10ؽQ\x12\x00\x18\x80\x80\xf1\x0c8\x83\x01X\x98\x08x\x01\x80\x01\x02"} auxiliary_metadata:{type_url:"type.googleapis.com/buildbarn.resourceusage.FilePoolResourceUsage"}}} message:"Action details (cached result): /action/blake-client/B3Z:7cfc2d5b65661cc1d15db6b028167244c870a2d0acfaece23edb1acad7224427/76/"
