Loading: 
Loading: 0 packages loaded
Analyzing: target //cmd/blake3zcc_hasher:blake3zcc_hasher (0 packages loaded, 0 targets configured)
INFO: Analyzed target //cmd/blake3zcc_hasher:blake3zcc_hasher (0 packages loaded, 0 targets configured).
INFO: Found 1 target...
[0 / 1] [Prepa] BazelWorkspaceStatusAction stable-status.txt
Target //cmd/blake3zcc_hasher:blake3zcc_hasher up-to-date:
  bazel-bin/cmd/blake3zcc_hasher/blake3zcc_hasher_/blake3zcc_hasher
INFO: Elapsed time: 0.079s, Critical Path: 0.00s
INFO: 0 processes.
INFO: Build completed successfully, 1 total action
INFO: Running command line: bazel-bin/cmd/blake3zcc_hasher/blake3zcc_hasher_/blake3zcc_hasher -a localhost:8980 -d /home/debian/blake-client/experiments/e8 -c 2 '-b=true'
INFO: Build completed successfully, 1 total action
2021/04/07 16:11:27 Hash: B3Z:8fd34c336c315282c5a0d079d824b74754d3535f15539d6a78c867c24b3e1873
2021/04/07 16:11:27 Hash: B3Z:44702a444bd92ac4e4e7f5b4c4523862905dc7e6b25fde18b458fe6e3b5c51e8
2021/04/07 16:11:27 Hash: B3Z:14b094dbbb8118b1aaceef1d06e3b5ef437b611e9e5d7c0edb8a20520caea1e2
2021/04/07 16:11:27 Hash: B3Z:d9255d8105ee52b23f018fbd0eb54ae8d464e1f3b0c8729492b39af69afd9ec0
2021/04/07 16:11:27 Hash: B3Z:dee450e2ba76a241316d52e5001ea0d184475599242d6ef2ef950da5b03879fd
2021/04/07 16:11:27 Time Hashing: 10.212075ms
2021/04/07 16:11:27 Bytes Hashed: 2441420
2021/04/07 16:11:27 Action Digest: [222 228 80 226 186 118 162 65 49 109 82 229 0 30 160 209 132 71 85 153 36 45 110 242 239 149 13 165 176 56 121 253] dee450e2ba76a241316d52e5001ea0d184475599242d6ef2ef950da5b03879fd  76
2021/04/07 16:11:27 Bytes Uploaded: 170
2021/04/07 16:11:27 Time Uploading: 1.707005ms
2021/04/07 16:11:27 Time Finding Missing Blobs: 3.250267ms
2021/04/07 16:11:27 Execute response: result:{output_files:{path:"out" digest:{size_bytes:2441218 hash_blake3zcc:"'A\xea\x1a9\xa2\x9a\x8fd\x92\x90\xb2\x04\x9dKR\xc3D\x9aÆ/^f^Q\xb2\x90\rMW\x9f"}} execution_metadata:{worker:"{\"datacenter\":\"paris\",\"hostname\":\"ubuntu-worker.example.com\",\"rack\":\"4\",\"slot\":\"15\",\"thread\":\"0\"}" queued_timestamp:{seconds:1617808287 nanos:626560498} worker_start_timestamp:{seconds:1617808287 nanos:627189314} worker_completed_timestamp:{seconds:1617808287 nanos:666824986} input_fetch_start_timestamp:{seconds:1617808287 nanos:627556434} input_fetch_completed_timestamp:{seconds:1617808287 nanos:629053574} execution_start_timestamp:{seconds:1617808287 nanos:629053574} execution_completed_timestamp:{seconds:1617808287 nanos:635257554} output_upload_start_timestamp:{seconds:1617808287 nanos:635257554} output_upload_completed_timestamp:{seconds:1617808287 nanos:666824986} auxiliary_metadata:{type_url:"type.googleapis.com/buildbarn.resourceusage.POSIXResourceUsage" value:"\n\x04\x10\xa8\xcb(\x12\x04\x10\x88\xc2t\x18\x80\xa0\xfd\x0c8\xcc\x01X\xa8%x\x03\x80\x01\x07"} auxiliary_metadata:{type_url:"type.googleapis.com/buildbarn.resourceusage.FilePoolResourceUsage"}}} message:"Action details (cached result): /action/blake-client/B3Z:dee450e2ba76a241316d52e5001ea0d184475599242d6ef2ef950da5b03879fd/76/"
