Loading: 
Loading: 0 packages loaded
Analyzing: target //cmd/blake3zcc_hasher:blake3zcc_hasher (0 packages loaded, 0 targets configured)
INFO: Analyzed target //cmd/blake3zcc_hasher:blake3zcc_hasher (0 packages loaded, 0 targets configured).
INFO: Found 1 target...
[0 / 1] [Prepa] BazelWorkspaceStatusAction stable-status.txt
Target //cmd/blake3zcc_hasher:blake3zcc_hasher up-to-date:
  bazel-bin/cmd/blake3zcc_hasher/blake3zcc_hasher_/blake3zcc_hasher
INFO: Elapsed time: 0.090s, Critical Path: 0.00s
INFO: 0 processes.
INFO: Build completed successfully, 1 total action
INFO: Running command line: bazel-bin/cmd/blake3zcc_hasher/blake3zcc_hasher_/blake3zcc_hasher -a localhost:8980 -d /home/debian/blake-client/experiments/e7 -c 2 '-b=true'
INFO: Build completed successfully, 1 total action
2021/04/07 16:11:27 Hash: B3Z:1093f28be4fd7f08e1bc7c5a74325374283905df0366e4147b9cd694c3ad2d72
2021/04/07 16:11:27 Hash: B3Z:44702a444bd92ac4e4e7f5b4c4523862905dc7e6b25fde18b458fe6e3b5c51e8
2021/04/07 16:11:27 Hash: B3Z:aee452abff59e2237a59b3c1404747cb73ebdbcf30f2d5ece9586cd470d9e13b
2021/04/07 16:11:27 Hash: B3Z:d9255d8105ee52b23f018fbd0eb54ae8d464e1f3b0c8729492b39af69afd9ec0
2021/04/07 16:11:27 Hash: B3Z:18fe9d6e9e6fd1db240302f306242f713cbd8220655e4e2291b1bb782a197754
2021/04/07 16:11:27 Time Hashing: 11.544977ms
2021/04/07 16:11:27 Bytes Hashed: 2785484
2021/04/07 16:11:27 Action Digest: [24 254 157 110 158 111 209 219 36 3 2 243 6 36 47 113 60 189 130 32 101 94 78 34 145 177 187 120 42 25 119 84] 18fe9d6e9e6fd1db240302f306242f713cbd8220655e4e2291b1bb782a197754  76
2021/04/07 16:11:27 Bytes Uploaded: 76
2021/04/07 16:11:27 Time Uploading: 735.545µs
2021/04/07 16:11:27 Time Finding Missing Blobs: 3.224528ms
2021/04/07 16:11:27 Execute response: result:{output_files:{path:"out" digest:{size_bytes:2785282 hash_blake3zcc:"\xdc\xfdȎ=\xc6?I\xa3&\xe4Ԋ\xe2F >\xd4\xf0\xa39,\xf2\xf6FL\rab{e\x95"}} execution_metadata:{worker:"{\"datacenter\":\"paris\",\"hostname\":\"ubuntu-worker.example.com\",\"rack\":\"4\",\"slot\":\"15\",\"thread\":\"1\"}" queued_timestamp:{seconds:1617808287 nanos:137638467} worker_start_timestamp:{seconds:1617808287 nanos:138072626} worker_completed_timestamp:{seconds:1617808287 nanos:181819463} input_fetch_start_timestamp:{seconds:1617808287 nanos:138447652} input_fetch_completed_timestamp:{seconds:1617808287 nanos:139349289} execution_start_timestamp:{seconds:1617808287 nanos:139349289} execution_completed_timestamp:{seconds:1617808287 nanos:145380257} output_upload_start_timestamp:{seconds:1617808287 nanos:145380257} output_upload_completed_timestamp:{seconds:1617808287 nanos:181819463} auxiliary_metadata:{type_url:"type.googleapis.com/buildbarn.resourceusage.POSIXResourceUsage" value:"\n\x05\x10\xa0\xb6\x9f\x01\x12\x00\x18\x80\xa0\xfd\x0c8\xc8\x01X\xc8*x\x03\x80\x01\x03"} auxiliary_metadata:{type_url:"type.googleapis.com/buildbarn.resourceusage.FilePoolResourceUsage"}}} message:"Action details (cached result): /action/blake-client/B3Z:18fe9d6e9e6fd1db240302f306242f713cbd8220655e4e2291b1bb782a197754/76/"
