Loading: 
Loading: 0 packages loaded
Analyzing: target //cmd/blake3zcc_hasher:blake3zcc_hasher (0 packages loaded, 0 targets configured)
INFO: Analyzed target //cmd/blake3zcc_hasher:blake3zcc_hasher (0 packages loaded, 0 targets configured).
INFO: Found 1 target...
[0 / 1] [Prepa] BazelWorkspaceStatusAction stable-status.txt
Target //cmd/blake3zcc_hasher:blake3zcc_hasher up-to-date:
  bazel-bin/cmd/blake3zcc_hasher/blake3zcc_hasher_/blake3zcc_hasher
INFO: Elapsed time: 0.286s, Critical Path: 0.00s
INFO: 0 processes.
INFO: Build completed successfully, 1 total action
INFO: Running command line: bazel-bin/cmd/blake3zcc_hasher/blake3zcc_hasher_/blake3zcc_hasher -a localhost:8980 -d /home/debian/blake-client/experiments/e10 -c 0 '-b=true'
INFO: Build completed successfully, 1 total action
2021/03/09 13:37:34 Hash: B3Z:737046bf77078443b55494054d3a7e2c3537160abeed15dbd5e68139e23c8f14
2021/03/09 13:37:34 Hash: B3Z:4726ce5b8dd0a8886544c8b0d96cd46dc62db40d70ce409ab19049f7b28560b3
2021/03/09 13:37:34 Hash: B3Z:0efe2b763d0ef25ab606352f2bdaf1041c4cc049855cbb1ed1c45be863334bcd
2021/03/09 13:37:34 Hash: B3Z:3f1a67e45f90cd019a8d07605dcbd1aa753f29cefb7ba19e568996559972fac4
2021/03/09 13:37:34 Time Hashing: 1.969574232s
2021/03/09 13:37:34 Bytes Hashed: 681574544
2021/03/09 13:38:16 Action Digest: [63 26 103 228 95 144 205 1 154 141 7 96 93 203 209 170 117 63 41 206 251 123 161 158 86 137 150 85 153 114 250 196] 3f1a67e45f90cd019a8d07605dcbd1aa753f29cefb7ba19e568996559972fac4  76
2021/03/09 13:38:16 Bytes Uploaded: 681574525
2021/03/09 13:38:16 Time Uploading: 41.878921823s
2021/03/09 13:38:16 Time Finding Missing Blobs: 1.46222ms
2021/03/09 13:39:09 Execute response: result:{output_files:{path:"out"  digest:{size_bytes:681574400  hash_blake3zcc:"spF\xbfw\x07\x84C\xb5T\x94\x05M:~,57\x16\n\xbe\xed\x15\xdb\xd5\xe6\x819\xe2<\x8f\x14"}}  execution_metadata:{worker:"{\"datacenter\":\"paris\",\"hostname\":\"ubuntu-worker.example.com\",\"rack\":\"4\",\"slot\":\"15\",\"thread\":\"0\"}"  queued_timestamp:{seconds:1615297096  nanos:640317137}  worker_start_timestamp:{seconds:1615297096  nanos:640902867}  worker_completed_timestamp:{seconds:1615297149  nanos:67675897}  input_fetch_start_timestamp:{seconds:1615297096  nanos:641206762}  input_fetch_completed_timestamp:{seconds:1615297143  nanos:249546161}  execution_start_timestamp:{seconds:1615297143  nanos:249546161}  execution_completed_timestamp:{seconds:1615297144  nanos:182147432}  output_upload_start_timestamp:{seconds:1615297144  nanos:182147432}  output_upload_completed_timestamp:{seconds:1615297149  nanos:67675897}  auxiliary_metadata:{type_url:"type.googleapis.com/buildbarn.resourceusage.POSIXResourceUsage"  value:"\n\x00\x12\x06\x10\xf8\xbe\xb8\xdc\x01\x18\x80\xa0\xa8\r8\x82\x01@\rP\xa8\xfd/X\x80\xa0Qx\xd3\x03\x80\x01G"}  auxiliary_metadata:{type_url:"type.googleapis.com/buildbarn.resourceusage.FilePoolResourceUsage"}}}  message:"Action details (cached result): /action/blake-client/B3Z:3f1a67e45f90cd019a8d07605dcbd1aa753f29cefb7ba19e568996559972fac4/76/"
