Loading: 
Loading: 0 packages loaded
Analyzing: target //cmd/blake3zcc_hasher:blake3zcc_hasher (0 packages loaded, 0 targets configured)
INFO: Analyzed target //cmd/blake3zcc_hasher:blake3zcc_hasher (0 packages loaded, 0 targets configured).
INFO: Found 1 target...
[0 / 1] [Prepa] BazelWorkspaceStatusAction stable-status.txt
Target //cmd/blake3zcc_hasher:blake3zcc_hasher up-to-date:
  bazel-bin/cmd/blake3zcc_hasher/blake3zcc_hasher_/blake3zcc_hasher
INFO: Elapsed time: 0.264s, Critical Path: 0.01s
INFO: 0 processes.
INFO: Build completed successfully, 1 total action
INFO: Running command line: bazel-bin/cmd/blake3zcc_hasher/blake3zcc_hasher_/blake3zcc_hasher -a localhost:8980 -d /home/debian/blake-client/experiments/e11 -c 4 '-b=true'
INFO: Build completed successfully, 1 total action
2021/03/14 19:51:01 Hash: B3Z:fa2d6e16d4dbf39780e16306f16b6ba4ebbcbdd8e9dfbed66e0101719b44fa5b
2021/03/14 19:51:01 Hash: B3Z:a82df39fce9061e5c4f4c3ced7dc27db89cc9368a4eee360bf1a559118035fea
2021/03/14 19:51:01 Command: arguments:"sh"  arguments:"-c"  arguments:"cp in0 out && printf ' ' | dd of=out bs=1 count=1 seek=367001600 conv=notrunc"  output_paths:"out"
2021/03/14 19:51:01 Hash: B3Z:c3ef7b32504eb437da1436991432b599151af4b689d093a3946e089a670be29a
2021/03/14 19:51:01 Hash: B3Z:cacfc8921f9e69c4e4ce3a5d28885e9ac0319201c9da5116a336e8f66fd5c580
2021/03/14 19:51:01 Time Hashing: 2.14371235s
2021/03/14 19:51:01 Bytes Hashed: 734003417
2021/03/14 19:51:12 Action Digest: [202 207 200 146 31 158 105 196 228 206 58 93 40 136 94 154 192 49 146 1 201 218 81 22 163 54 232 246 111 213 197 128] cacfc8921f9e69c4e4ce3a5d28885e9ac0319201c9da5116a336e8f66fd5c580  76
2021/03/14 19:51:12 Bytes Uploaded: 734003417
2021/03/14 19:51:12 Time Uploading: 10.97633185s
2021/03/14 19:51:12 Time Finding Missing Blobs: 4.924669ms
2021/03/14 19:51:28 Execute response: result:{output_files:{path:"out"  digest:{size_bytes:734003200  hash_blake3zcc:"=\xce\x1bwp\xfe\xf3\xf0;\xa7d\xf6|\xc8k\xf5A8\x83\x17\x9b\x98\x820\xfcu\xcc\xd3iZ"}}  stderr_digest:{size_bytes:70  hash_blake3zcc:"%\x03؊\xa4\x07\xe7)\x92ᨑ@\x85\x86\x93\x0c\"~\x19^n\x8e\xef\xa37r;L\x82F\xbf"}  execution_metadata:{worker:"{\"datacenter\":\"paris\",\"hostname\":\"ubuntu-worker.example.com\",\"rack\":\"4\",\"slot\":\"15\",\"thread\":\"3\"}"  queued_timestamp:{seconds:1615751472  nanos:806380491}  worker_start_timestamp:{seconds:1615751472  nanos:808512038}  worker_completed_timestamp:{seconds:1615751488  nanos:125191821}  input_fetch_start_timestamp:{seconds:1615751472  nanos:810989350}  input_fetch_completed_timestamp:{seconds:1615751480  nanos:917966195}  execution_start_timestamp:{seconds:1615751480  nanos:917966195}  execution_completed_timestamp:{seconds:1615751482  nanos:577293830}  output_upload_start_timestamp:{seconds:1615751482  nanos:577293830}  output_upload_completed_timestamp:{seconds:1615751488  nanos:125191821}  auxiliary_metadata:{type_url:"type.googleapis.com/buildbarn.resourceusage.POSIXResourceUsage"  value:"\n\x05\x10ȝ\xfd\x08\x12\x06\x10\x90\x86\xe4\xb1\x03\x18\x80\xa0\xe4\r8\xb8\x02@\x11P\x88\x967X\x90\xc0Wx\xc7\x02\x80\x01\xa8\x01"}  auxiliary_metadata:{type_url:"type.googleapis.com/buildbarn.resourceusage.FilePoolResourceUsage"}}}  message:"Action details (cached result): /action/blake-client/B3Z:cacfc8921f9e69c4e4ce3a5d28885e9ac0319201c9da5116a336e8f66fd5c580/76/"
