Loading: 
Loading: 0 packages loaded
Analyzing: target //cmd/blake3zcc_hasher:blake3zcc_hasher (0 packages loaded, 0 targets configured)
INFO: Analyzed target //cmd/blake3zcc_hasher:blake3zcc_hasher (0 packages loaded, 0 targets configured).
INFO: Found 1 target...
[0 / 1] [Prepa] BazelWorkspaceStatusAction stable-status.txt
Target //cmd/blake3zcc_hasher:blake3zcc_hasher up-to-date:
  bazel-bin/cmd/blake3zcc_hasher/blake3zcc_hasher_/blake3zcc_hasher
INFO: Elapsed time: 0.206s, Critical Path: 0.00s
INFO: 0 processes.
INFO: Build completed successfully, 1 total action
INFO: Running command line: bazel-bin/cmd/blake3zcc_hasher/blake3zcc_hasher_/blake3zcc_hasher -a localhost:8980 -d /home/debian/blake-client/experiments/e7 -c 4 '-b=true'
INFO: Build completed successfully, 1 total action
2021/03/14 19:53:08 Hash: B3Z:edd910cfb2c6488017f8d9cefefec7cacdf65bce21eb2e170d9d8f333c97dffa
2021/03/14 19:53:08 Hash: B3Z:a76250f5d1b26762194512fc405a5e50f4370f7c2c9f27df0ec6f41e8028d380
2021/03/14 19:53:08 Command: arguments:"sh"  arguments:"-c"  arguments:"cp in0 out && printf ' ' | dd of=out bs=1 count=1 seek=262144000 conv=notrunc"  output_paths:"out"
2021/03/14 19:53:08 Hash: B3Z:f7776d1405103ce6d7110022c11650f451eed279f313214c026ac3796cca9bbc
2021/03/14 19:53:08 Hash: B3Z:7a02c7eb8fcccf9e83aea5a80d7b24acd16c6cef9af8dd1790e070dae8a9ee77
2021/03/14 19:53:08 Time Hashing: 1.501043829s
2021/03/14 19:53:08 Bytes Hashed: 524288217
2021/03/14 19:53:16 Action Digest: [122 2 199 235 143 204 207 158 131 174 165 168 13 123 36 172 209 108 108 239 154 248 221 23 144 224 112 218 232 169 238 119] 7a02c7eb8fcccf9e83aea5a80d7b24acd16c6cef9af8dd1790e070dae8a9ee77  76
2021/03/14 19:53:16 Bytes Uploaded: 524288217
2021/03/14 19:53:16 Time Uploading: 7.937790407s
2021/03/14 19:53:16 Time Finding Missing Blobs: 1.946769ms
2021/03/14 19:53:26 Execute response: result:{output_files:{path:"out"  digest:{size_bytes:524288000  hash_blake3zcc:"E>Vc\x9f\x9b\xad\xb2\x8e\xc2\xf8\xb8r\x9f\x93\xe9\xda0 \xd6Fp\x85\x13j'\xae;\xa0\x06\xee"}}  stderr_digest:{size_bytes:69  hash_blake3zcc:"\xb7E\xe9\xc0\x9ec\x81k\x0e<\x94e\xc3\x10]\xdf^9n\x94B\xa6.\n][S\xa6\xaa\x10 \r"}  execution_metadata:{worker:"{\"datacenter\":\"paris\",\"hostname\":\"ubuntu-worker.example.com\",\"rack\":\"4\",\"slot\":\"15\",\"thread\":\"2\"}"  queued_timestamp:{seconds:1615751596  nanos:712331732}  worker_start_timestamp:{seconds:1615751596  nanos:713202717}  worker_completed_timestamp:{seconds:1615751606  nanos:961118387}  input_fetch_start_timestamp:{seconds:1615751596  nanos:713414820}  input_fetch_completed_timestamp:{seconds:1615751602  nanos:218250683}  execution_start_timestamp:{seconds:1615751602  nanos:218250683}  execution_completed_timestamp:{seconds:1615751602  nanos:859512759}  output_upload_start_timestamp:{seconds:1615751602  nanos:859512759}  output_upload_completed_timestamp:{seconds:1615751606  nanos:961118387}  auxiliary_metadata:{type_url:"type.googleapis.com/buildbarn.resourceusage.POSIXResourceUsage"  value:"\n\x04\x10\xe0\xd6,\x12\x06\x10\x88\x84\x82\x9c\x01\x18\x80\xa0\xe4\r8\xc7\x02@\x07P\xd8\x02X\x88\xc0>x\x1f\x80\x01\xb8\x03"}  auxiliary_metadata:{type_url:"type.googleapis.com/buildbarn.resourceusage.FilePoolResourceUsage"}}}  message:"Action details (cached result): /action/blake-client/B3Z:7a02c7eb8fcccf9e83aea5a80d7b24acd16c6cef9af8dd1790e070dae8a9ee77/76/"
