Loading: 
Loading: 0 packages loaded
Analyzing: target //cmd/blake3zcc_hasher:blake3zcc_hasher (0 packages loaded, 0 targets configured)
INFO: Analyzed target //cmd/blake3zcc_hasher:blake3zcc_hasher (0 packages loaded, 0 targets configured).
INFO: Found 1 target...
[0 / 1] [Prepa] BazelWorkspaceStatusAction stable-status.txt
Target //cmd/blake3zcc_hasher:blake3zcc_hasher up-to-date:
  bazel-bin/cmd/blake3zcc_hasher/linux_amd64_stripped/blake3zcc_hasher
INFO: Elapsed time: 0.091s, Critical Path: 0.00s
INFO: 0 processes.
INFO: Build completed successfully, 1 total action
INFO: Running command line: bazel-bin/cmd/blake3zcc_hasher/linux_amd64_stripped/blake3zcc_hasher -a localhost:8980 -d /home/scott/buildbarn/blake-client/experiments/e4 -c 0 '-b=false'
INFO: Build completed successfully, 1 total action
2021/02/21 15:28:13 Hash: 37e130c1679c21acfe85c2c2f30aba984c910d389c8df9340b5bc4455f809220
2021/02/21 15:28:13 Hash: 2cc5f57672f93549760db7461c7b8ee337351d215d704d405826f12c19b4f130
2021/02/21 15:28:13 Hash: a13e5774979b9aac00eace0526fcfa2a673226c22b649d685f3540cdc7b38f9c
2021/02/21 15:28:13 Hash: 0ac1cf3e8d34e355f4fd03ac976080c2be01508ac648790c3ca5f8c1e02e7ef2
2021/02/21 15:28:13 Time Hashing: 826.508522ms
2021/02/21 15:28:16 Action Digest: []  0ac1cf3e8d34e355f4fd03ac976080c2be01508ac648790c3ca5f8c1e02e7ef2 140
2021/02/21 15:28:16 Bytes Uploaded: 367001821
2021/02/21 15:28:16 Bytes Hashed: 367001840
2021/02/21 15:28:16 Time Uploading: 2.669639745s
2021/02/21 15:28:16 Time Finding Missing Blobs: 866.082µs
2021/02/21 15:28:19 Execute response: result:<output_files:<path:"out" digest:<hash_other:"37e130c1679c21acfe85c2c2f30aba984c910d389c8df9340b5bc4455f809220" size_bytes:367001600 > > execution_metadata:<worker:"{\"datacenter\":\"paris\",\"hostname\":\"ubuntu-worker.example.com\",\"rack\":\"4\",\"slot\":\"15\",\"thread\":\"2\"}" queued_timestamp:<seconds:1613921296 nanos:54199818 > worker_start_timestamp:<seconds:1613921296 nanos:54443429 > worker_completed_timestamp:<seconds:1613921299 nanos:672262755 > input_fetch_start_timestamp:<seconds:1613921296 nanos:54636740 > input_fetch_completed_timestamp:<seconds:1613921298 nanos:224554573 > execution_start_timestamp:<seconds:1613921298 nanos:224554573 > execution_completed_timestamp:<seconds:1613921298 nanos:661055807 > output_upload_start_timestamp:<seconds:1613921298 nanos:661055807 > output_upload_completed_timestamp:<seconds:1613921299 nanos:672262755 > auxiliary_metadata:<type_url:"type.googleapis.com/buildbarn.resourceusage.POSIXResourceUsage" value:"\n\000\022\005\020\220\342\222Y\030\200\340\275\t8n@%P\330\036X\200\340+x \200\001\030" > auxiliary_metadata:<type_url:"type.googleapis.com/buildbarn.resourceusage.FilePoolResourceUsage" > > > message:"Action details (cached result): /action/blake-client/0ac1cf3e8d34e355f4fd03ac976080c2be01508ac648790c3ca5f8c1e02e7ef2/140/" 
