Loading: 
Loading: 0 packages loaded
Analyzing: target //cmd/blake3zcc_hasher:blake3zcc_hasher (0 packages loaded, 0 targets configured)
INFO: Analyzed target //cmd/blake3zcc_hasher:blake3zcc_hasher (0 packages loaded, 0 targets configured).
INFO: Found 1 target...
[0 / 1] [Prepa] BazelWorkspaceStatusAction stable-status.txt
Target //cmd/blake3zcc_hasher:blake3zcc_hasher up-to-date:
  bazel-bin/cmd/blake3zcc_hasher/blake3zcc_hasher_/blake3zcc_hasher
INFO: Elapsed time: 0.154s, Critical Path: 0.01s
INFO: 0 processes.
INFO: Build completed successfully, 1 total action
INFO: Running command line: bazel-bin/cmd/blake3zcc_hasher/blake3zcc_hasher_/blake3zcc_hasher -a localhost:8980 -d /home/debian/blake-client/experiments/e5 -c 4 '-b=true'
INFO: Build completed successfully, 1 total action
2021/03/14 19:52:35 Hash: B3Z:cdf0fe7091fa33e87c201763d0dfc6313fcbcd4a65afa287eaf6185d12efb5b9
2021/03/14 19:52:35 Hash: B3Z:d2254881ea7cd12ee669ab081ca76ed85d71cb72303aa9052a02c91b552b1e0a
2021/03/14 19:52:35 Command: arguments:"sh"  arguments:"-c"  arguments:"cp in0 out && printf ' ' | dd of=out bs=1 count=1 seek=209715200 conv=notrunc"  output_paths:"out"
2021/03/14 19:52:35 Hash: B3Z:1927ab3209b25f691777b37c2b6e45bf980bd9ec8920dbfd5cb60c4ff3e16004
2021/03/14 19:52:35 Hash: B3Z:b427cb4521ee12eb4b37cf8f7e07ba14d7b58e2d578441f1ca0554f81f688636
2021/03/14 19:52:35 Time Hashing: 1.193113395s
2021/03/14 19:52:35 Bytes Hashed: 419430617
2021/03/14 19:52:41 Action Digest: [180 39 203 69 33 238 18 235 75 55 207 143 126 7 186 20 215 181 142 45 87 132 65 241 202 5 84 248 31 104 134 54] b427cb4521ee12eb4b37cf8f7e07ba14d7b58e2d578441f1ca0554f81f688636  76
2021/03/14 19:52:41 Bytes Uploaded: 419430617
2021/03/14 19:52:41 Time Uploading: 6.070372972s
2021/03/14 19:52:41 Time Finding Missing Blobs: 1.527107ms
2021/03/14 19:52:49 Execute response: result:{output_files:{path:"out"  digest:{size_bytes:419430400  hash_blake3zcc:"ٜE\xe3\xa9\xd3\xfdO2W\x92\xad\x13Y\xa6&\x98\x8d\xdd\x01\xe1;\x07\xb2\x97\n\xbc\xf7\xbf\x0cO\xbf"}}  stderr_digest:{size_bytes:70  hash_blake3zcc:"\x08\n\xd0\xdc\x1f\xf3X4\x0e1\x93_\x85\x19\x9bn\xcf\xc0\xbeb\xe5\x93NJ\x82&f\xcd\x10\xf3R\xd1"}  execution_metadata:{worker:"{\"datacenter\":\"paris\",\"hostname\":\"ubuntu-worker.example.com\",\"rack\":\"4\",\"slot\":\"15\",\"thread\":\"3\"}"  queued_timestamp:{seconds:1615751561  nanos:410037735}  worker_start_timestamp:{seconds:1615751561  nanos:410343834}  worker_completed_timestamp:{seconds:1615751569  nanos:186448907}  input_fetch_start_timestamp:{seconds:1615751561  nanos:410915113}  input_fetch_completed_timestamp:{seconds:1615751565  nanos:862441659}  execution_start_timestamp:{seconds:1615751565  nanos:862441659}  execution_completed_timestamp:{seconds:1615751566  nanos:170567256}  output_upload_start_timestamp:{seconds:1615751566  nanos:170567256}  output_upload_completed_timestamp:{seconds:1615751569  nanos:186448907}  auxiliary_metadata:{type_url:"type.googleapis.com/buildbarn.resourceusage.POSIXResourceUsage"  value:"\n\x04\x10ȴ:\x12\x05\x10ؿ\x9bs\x18\x80\xa0\xe4\r8\xbc\x02@\x0bP\xf0\x04X\x88\x802x\"\x80\x01\xc0\x03"}  auxiliary_metadata:{type_url:"type.googleapis.com/buildbarn.resourceusage.FilePoolResourceUsage"}}}  message:"Action details (cached result): /action/blake-client/B3Z:b427cb4521ee12eb4b37cf8f7e07ba14d7b58e2d578441f1ca0554f81f688636/76/"
