Loading: 
Loading: 0 packages loaded
Analyzing: target //cmd/blake3zcc_hasher:blake3zcc_hasher (0 packages loaded, 0 targets configured)
INFO: Analyzed target //cmd/blake3zcc_hasher:blake3zcc_hasher (0 packages loaded, 0 targets configured).
INFO: Found 1 target...
[0 / 1] [Prepa] BazelWorkspaceStatusAction stable-status.txt
Target //cmd/blake3zcc_hasher:blake3zcc_hasher up-to-date:
  bazel-bin/cmd/blake3zcc_hasher/linux_amd64_stripped/blake3zcc_hasher
INFO: Elapsed time: 0.158s, Critical Path: 0.01s
INFO: 0 processes.
INFO: Build completed successfully, 1 total action
INFO: Running command line: bazel-bin/cmd/blake3zcc_hasher/linux_amd64_stripped/blake3zcc_hasher -a localhost:8980 -d /home/scott/buildbarn/blake-client/experiments/e3 -c 0 '-b=true'
INFO: Build completed successfully, 1 total action
2021/02/21 15:36:32 Hash: B3Z:d78061eb4fee380f5c8db8fdb427dd532d692873eabdb75a3ec493a2cd5dc0ac
2021/02/21 15:36:32 Hash: B3Z:cfeb25a6106147cd970e14abd3e6899ffa6183e489435edebecaa3750e0bb2f0
2021/02/21 15:36:32 Hash: B3Z:0efe2b763d0ef25ab606352f2bdaf1041c4cc049855cbb1ed1c45be863334bcd
2021/02/21 15:36:32 Hash: B3Z:bd5bd88218252425f4868d17b8c64014d23e5cd178f4e20f5c1c82008aaac67e
2021/02/21 15:36:32 Time Hashing: 1.064841016s
2021/02/21 15:36:47 Action Digest: [189 91 216 130 24 37 36 37 244 134 141 23 184 198 64 20 210 62 92 209 120 244 226 15 92 28 130 0 138 170 198 126] bd5bd88218252425f4868d17b8c64014d23e5cd178f4e20f5c1c82008aaac67e  76
2021/02/21 15:36:47 Bytes Uploaded: 314572925
2021/02/21 15:36:47 Bytes Hashed: 314572944
2021/02/21 15:36:47 Time Uploading: 15.323069253s
2021/02/21 15:36:47 Time Finding Missing Blobs: 1.420124ms
2021/02/21 15:37:08 Execute response: result:<output_files:<path:"out" digest:<size_bytes:314572800 hash_blake3zcc:"\327\200a\353O\3568\017\\\215\270\375\264'\335S-i(s\352\275\267Z>\304\223\242\315]\300\254" > > execution_metadata:<worker:"{\"datacenter\":\"paris\",\"hostname\":\"ubuntu-worker.example.com\",\"rack\":\"4\",\"slot\":\"15\",\"thread\":\"3\"}" queued_timestamp:<seconds:1613921807 nanos:598918816 > worker_start_timestamp:<seconds:1613921807 nanos:599143905 > worker_completed_timestamp:<seconds:1613921828 nanos:48269290 > input_fetch_start_timestamp:<seconds:1613921807 nanos:599256927 > input_fetch_completed_timestamp:<seconds:1613921825 nanos:678207260 > execution_start_timestamp:<seconds:1613921825 nanos:678207260 > execution_completed_timestamp:<seconds:1613921825 nanos:840906831 > output_upload_start_timestamp:<seconds:1613921825 nanos:840906831 > output_upload_completed_timestamp:<seconds:1613921828 nanos:48269290 > auxiliary_metadata:<type_url:"type.googleapis.com/buildbarn.resourceusage.POSIXResourceUsage" value:"\n\005\020\230\227\306\001\022\005\020\250\261\243J\030\200\300\346\t8\204\001X\200\300%x\001\200\001\021" > auxiliary_metadata:<type_url:"type.googleapis.com/buildbarn.resourceusage.FilePoolResourceUsage" > > > message:"Action details (cached result): /action/blake-client/B3Z:bd5bd88218252425f4868d17b8c64014d23e5cd178f4e20f5c1c82008aaac67e/76/" 
