Loading: 
Loading: 0 packages loaded
Analyzing: target //cmd/blake3zcc_hasher:blake3zcc_hasher (0 packages loaded, 0 targets configured)
INFO: Analyzed target //cmd/blake3zcc_hasher:blake3zcc_hasher (0 packages loaded, 0 targets configured).
INFO: Found 1 target...
[0 / 1] [Prepa] BazelWorkspaceStatusAction stable-status.txt
Target //cmd/blake3zcc_hasher:blake3zcc_hasher up-to-date:
  bazel-bin/cmd/blake3zcc_hasher/linux_amd64_stripped/blake3zcc_hasher
INFO: Elapsed time: 0.079s, Critical Path: 0.00s
INFO: 0 processes.
INFO: Build completed successfully, 1 total action
INFO: Running command line: bazel-bin/cmd/blake3zcc_hasher/linux_amd64_stripped/blake3zcc_hasher -a localhost:8980 -d /home/scott/buildbarn/blake-client/experiments/e3 -c 0 '-b=false'
INFO: Build completed successfully, 1 total action
2021/02/21 15:28:07 Hash: 17a88af83717f68b8bd97873ffcf022c8aed703416fe9b08e0fa9e3287692bf0
2021/02/21 15:28:07 Hash: ab134cce4ad842e81dfc28b60e90ca1b92f2f016f1d45736f9d435d23beb92ea
2021/02/21 15:28:07 Hash: a13e5774979b9aac00eace0526fcfa2a673226c22b649d685f3540cdc7b38f9c
2021/02/21 15:28:07 Hash: 4aec102cff4d9b0a05fa37360fe669a22a20ae2a0f5687833a3f169dfa8b1652
2021/02/21 15:28:07 Time Hashing: 809.35179ms
2021/02/21 15:28:09 Action Digest: []  4aec102cff4d9b0a05fa37360fe669a22a20ae2a0f5687833a3f169dfa8b1652 140
2021/02/21 15:28:09 Bytes Uploaded: 314573021
2021/02/21 15:28:09 Bytes Hashed: 314573040
2021/02/21 15:28:09 Time Uploading: 2.220574695s
2021/02/21 15:28:09 Time Finding Missing Blobs: 1.153141ms
2021/02/21 15:28:12 Execute response: result:<output_files:<path:"out" digest:<hash_other:"17a88af83717f68b8bd97873ffcf022c8aed703416fe9b08e0fa9e3287692bf0" size_bytes:314572800 > > execution_metadata:<worker:"{\"datacenter\":\"paris\",\"hostname\":\"ubuntu-worker.example.com\",\"rack\":\"4\",\"slot\":\"15\",\"thread\":\"6\"}" queued_timestamp:<seconds:1613921289 nanos:586154560 > worker_start_timestamp:<seconds:1613921289 nanos:586571658 > worker_completed_timestamp:<seconds:1613921292 nanos:329758147 > input_fetch_start_timestamp:<seconds:1613921289 nanos:587011026 > input_fetch_completed_timestamp:<seconds:1613921291 nanos:432972969 > execution_start_timestamp:<seconds:1613921291 nanos:432972969 > execution_completed_timestamp:<seconds:1613921291 nanos:590957717 > output_upload_start_timestamp:<seconds:1613921291 nanos:590957717 > output_upload_completed_timestamp:<seconds:1613921292 nanos:329758147 > auxiliary_metadata:<type_url:"type.googleapis.com/buildbarn.resourceusage.POSIXResourceUsage" value:"\n\000\022\005\020\240\307\342J\030\200\340\275\t8\206\001X\200\300%x\001\200\001\007" > auxiliary_metadata:<type_url:"type.googleapis.com/buildbarn.resourceusage.FilePoolResourceUsage" > > > message:"Action details (cached result): /action/blake-client/4aec102cff4d9b0a05fa37360fe669a22a20ae2a0f5687833a3f169dfa8b1652/140/" 
