Loading: 
Loading: 0 packages loaded
Analyzing: target //cmd/blake3zcc_hasher:blake3zcc_hasher (0 packages loaded, 0 targets configured)
INFO: Analyzed target //cmd/blake3zcc_hasher:blake3zcc_hasher (0 packages loaded, 0 targets configured).
INFO: Found 1 target...
[0 / 1] [Prepa] BazelWorkspaceStatusAction stable-status.txt
Target //cmd/blake3zcc_hasher:blake3zcc_hasher up-to-date:
  bazel-bin/cmd/blake3zcc_hasher/blake3zcc_hasher_/blake3zcc_hasher
INFO: Elapsed time: 0.303s, Critical Path: 0.00s
INFO: 0 processes.
INFO: Build completed successfully, 1 total action
INFO: Running command line: bazel-bin/cmd/blake3zcc_hasher/blake3zcc_hasher_/blake3zcc_hasher -a localhost:8980 -d /home/debian/blake-client/experiments/e12 -c 0 '-b=true'
INFO: Build completed successfully, 1 total action
2021/04/08 17:44:39 Hash: B3Z:6c5bf59647046ddbddf75cc703b5561fdec45ee98c28de6bd7b593066d551d0c
2021/04/08 17:44:39 Hash: B3Z:b80e3104b43ccb7d39d5faaa73809caa05b447cb7209079b92aab83ea9c38d50
2021/04/08 17:44:39 Hash: B3Z:0efe2b763d0ef25ab606352f2bdaf1041c4cc049855cbb1ed1c45be863334bcd
2021/04/08 17:44:39 Hash: B3Z:7f15987a590004782e063a677789d39e110da5d0b8ac22c1e076eb91eb726628
2021/04/08 17:44:39 Time Hashing: 2.737372297s
2021/04/08 17:44:39 Bytes Hashed: 786432144
2021/04/08 17:45:31 Action Digest: [127 21 152 122 89 0 4 120 46 6 58 103 119 137 211 158 17 13 165 208 184 172 34 193 224 118 235 145 235 114 102 40] 7f15987a590004782e063a677789d39e110da5d0b8ac22c1e076eb91eb726628  76
2021/04/08 17:45:31 Bytes Uploaded: 786432125
2021/04/08 17:45:31 Time Uploading: 52.040431193s
2021/04/08 17:45:31 Time Finding Missing Blobs: 5.827842ms
2021/04/08 17:46:46 Execute response: result:{output_files:{path:"out"  digest:{size_bytes:786432000  hash_blake3zcc:"l[\xf5\x96G\x04m\xdb\xdd\xf7\\\xc7\x03\xb5V\x1f\xde\xc4^\xe9\x8c(\xdek׵\x93\x06mU\x1d\x0c"}}  execution_metadata:{worker:"{\"datacenter\":\"paris\",\"hostname\":\"ubuntu-worker.example.com\",\"rack\":\"4\",\"slot\":\"15\",\"thread\":\"2\"}"  queued_timestamp:{seconds:1617900331  nanos:690676727}  worker_start_timestamp:{seconds:1617900331  nanos:691992981}  worker_completed_timestamp:{seconds:1617900405  nanos:997161673}  input_fetch_start_timestamp:{seconds:1617900331  nanos:697638229}  input_fetch_completed_timestamp:{seconds:1617900393  nanos:92191798}  execution_start_timestamp:{seconds:1617900393  nanos:92191798}  execution_completed_timestamp:{seconds:1617900394  nanos:931430668}  output_upload_start_timestamp:{seconds:1617900394  nanos:931430668}  output_upload_completed_timestamp:{seconds:1617900405  nanos:997161673}  auxiliary_metadata:{type_url:"type.googleapis.com/buildbarn.resourceusage.POSIXResourceUsage"  value:"\n\x05\x10\xa8ݜ\x02\x12\x06\x10\xa0\xf7\xb8\xa3\x02\x18\x80\x80\xd6\x0e8y@\x13P\xd8\xdf=X\x80\xe0]x\xaf\x04\x80\x01]"}  auxiliary_metadata:{type_url:"type.googleapis.com/buildbarn.resourceusage.FilePoolResourceUsage"}}}  message:"Action details (cached result): /action/blake-client/B3Z:7f15987a590004782e063a677789d39e110da5d0b8ac22c1e076eb91eb726628/76/"
