Loading: 
Loading: 0 packages loaded
Analyzing: target //cmd/blake3zcc_hasher:blake3zcc_hasher (0 packages loaded, 0 targets configured)
INFO: Analyzed target //cmd/blake3zcc_hasher:blake3zcc_hasher (0 packages loaded, 0 targets configured).
INFO: Found 1 target...
[0 / 1] [Prepa] BazelWorkspaceStatusAction stable-status.txt
Target //cmd/blake3zcc_hasher:blake3zcc_hasher up-to-date:
  bazel-bin/cmd/blake3zcc_hasher/blake3zcc_hasher_/blake3zcc_hasher
INFO: Elapsed time: 0.229s, Critical Path: 0.01s
INFO: 0 processes.
INFO: Build completed successfully, 1 total action
INFO: Running command line: bazel-bin/cmd/blake3zcc_hasher/blake3zcc_hasher_/blake3zcc_hasher -a localhost:8980 -d /home/debian/blake-client/experiments/e7 -c 0 '-b=false'
INFO: Build completed successfully, 1 total action
2021/03/11 22:02:23 Hash: a08a92258f621b55d08ad1e84c90c2ea6286fc6b6c9a4dfa7156afb16c190170
2021/03/11 22:02:23 Hash: a44decf4ad49f24d541ce36536be3c2c0a3d4808e3335d42c79da7d0fe63f9e1
2021/03/11 22:02:23 Hash: a13e5774979b9aac00eace0526fcfa2a673226c22b649d685f3540cdc7b38f9c
2021/03/11 22:02:23 Hash: a5565ea3f11229a4ec2ede1db27a18279be6939fddccb1c4f27f69dcd4d49259
2021/03/11 22:02:23 Time Hashing: 2.5592168s
2021/03/11 22:02:23 Bytes Hashed: 524288240
2021/03/11 22:02:30 Action Digest: []  a5565ea3f11229a4ec2ede1db27a18279be6939fddccb1c4f27f69dcd4d49259 140
2021/03/11 22:02:30 Bytes Uploaded: 524288221
2021/03/11 22:02:30 Time Uploading: 6.19616469s
2021/03/11 22:02:30 Time Finding Missing Blobs: 1.840204ms
2021/03/11 22:02:38 Execute response: result:{output_files:{path:"out"  digest:{hash_other:"a08a92258f621b55d08ad1e84c90c2ea6286fc6b6c9a4dfa7156afb16c190170"  size_bytes:524288000}}  execution_metadata:{worker:"{\"datacenter\":\"paris\",\"hostname\":\"ubuntu-worker.example.com\",\"rack\":\"4\",\"slot\":\"15\",\"thread\":\"0\"}"  queued_timestamp:{seconds:1615500150  nanos:23287501}  worker_start_timestamp:{seconds:1615500150  nanos:26033188}  worker_completed_timestamp:{seconds:1615500158  nanos:312200867}  input_fetch_start_timestamp:{seconds:1615500150  nanos:26836384}  input_fetch_completed_timestamp:{seconds:1615500155  nanos:521210543}  execution_start_timestamp:{seconds:1615500155  nanos:521210543}  execution_completed_timestamp:{seconds:1615500155  nanos:951501591}  output_upload_start_timestamp:{seconds:1615500155  nanos:951501591}  output_upload_completed_timestamp:{seconds:1615500158  nanos:312200867}  auxiliary_metadata:{type_url:"type.googleapis.com/buildbarn.resourceusage.POSIXResourceUsage"  value:"\n\x00\x12\x06\x10\x88\xfa\xae\x9c\x01\x18\x80\xe0\xa9\x0e8\x80\x01@\x0cP\xc8\x07X\x80\xc0>x%\x80\x01\xf8\x02"}  auxiliary_metadata:{type_url:"type.googleapis.com/buildbarn.resourceusage.FilePoolResourceUsage"}}}  message:"Action details (cached result): /action/blake-client/a5565ea3f11229a4ec2ede1db27a18279be6939fddccb1c4f27f69dcd4d49259/140/"
