Loading: 
Loading: 0 packages loaded
Analyzing: target //cmd/blake3zcc_hasher:blake3zcc_hasher (0 packages loaded, 0 targets configured)
INFO: Analyzed target //cmd/blake3zcc_hasher:blake3zcc_hasher (0 packages loaded, 0 targets configured).
INFO: Found 1 target...
[0 / 1] [Prepa] BazelWorkspaceStatusAction stable-status.txt
Target //cmd/blake3zcc_hasher:blake3zcc_hasher up-to-date:
  bazel-bin/cmd/blake3zcc_hasher/blake3zcc_hasher_/blake3zcc_hasher
INFO: Elapsed time: 0.123s, Critical Path: 0.00s
INFO: 0 processes.
INFO: Build completed successfully, 1 total action
INFO: Running command line: bazel-bin/cmd/blake3zcc_hasher/blake3zcc_hasher_/blake3zcc_hasher -a localhost:8980 -d /home/debian/blake-client/experiments/e6 -c 0 '-b=true'
INFO: Build completed successfully, 1 total action
2021/04/08 17:50:31 Hash: B3Z:1beea1c0962c0e86a26a836290944de4a6bbd156709ebc95f779d9153ebe7a60
2021/04/08 17:50:31 Hash: B3Z:8b2a35a0d481511dea50393f9e21daa9149aea0b5718ef789e95290e3156be92
2021/04/08 17:50:31 Hash: B3Z:0efe2b763d0ef25ab606352f2bdaf1041c4cc049855cbb1ed1c45be863334bcd
2021/04/08 17:50:31 Hash: B3Z:88cf84192f013858412cfd64e2bf0a15c196b495972915a93c2ed88b0d85203b
2021/04/08 17:50:31 Time Hashing: 1.45816731s
2021/04/08 17:50:31 Bytes Hashed: 471859344
2021/04/08 17:51:02 Action Digest: [136 207 132 25 47 1 56 88 65 44 253 100 226 191 10 21 193 150 180 149 151 41 21 169 60 46 216 139 13 133 32 59] 88cf84192f013858412cfd64e2bf0a15c196b495972915a93c2ed88b0d85203b  76
2021/04/08 17:51:02 Bytes Uploaded: 471859325
2021/04/08 17:51:02 Time Uploading: 30.920976643s
2021/04/08 17:51:02 Time Finding Missing Blobs: 2.194879ms
2021/04/08 17:51:46 Execute response: result:{output_files:{path:"out"  digest:{size_bytes:471859200  hash_blake3zcc:"\x1b\xee\xa1\xc0\x96,\x0e\x86\xa2j\x83b\x90\x94M䦻\xd1Vp\x9e\xbc\x95\xf7y\xd9\x15>\xbez`"}}  execution_metadata:{worker:"{\"datacenter\":\"paris\",\"hostname\":\"ubuntu-worker.example.com\",\"rack\":\"4\",\"slot\":\"15\",\"thread\":\"6\"}"  queued_timestamp:{seconds:1617900662  nanos:218120843}  worker_start_timestamp:{seconds:1617900662  nanos:218762819}  worker_completed_timestamp:{seconds:1617900706  nanos:537662070}  input_fetch_start_timestamp:{seconds:1617900662  nanos:219337252}  input_fetch_completed_timestamp:{seconds:1617900699  nanos:471942638}  execution_start_timestamp:{seconds:1617900699  nanos:471942638}  execution_completed_timestamp:{seconds:1617900699  nanos:885569050}  output_upload_start_timestamp:{seconds:1617900699  nanos:885569050}  output_upload_completed_timestamp:{seconds:1617900706  nanos:537662070}  auxiliary_metadata:{type_url:"type.googleapis.com/buildbarn.resourceusage.POSIXResourceUsage"  value:"\n\x05\x10\x88\xa6\x9e\x04\x12\x06\x10\xa0\xa4\x9c\x81\x01\x18\x80\x80\xd6\x0e8\x8b\x01X\x80\xa08x\x0b\x80\x01\x19"}  auxiliary_metadata:{type_url:"type.googleapis.com/buildbarn.resourceusage.FilePoolResourceUsage"}}}  message:"Action details (cached result): /action/blake-client/B3Z:88cf84192f013858412cfd64e2bf0a15c196b495972915a93c2ed88b0d85203b/76/"
