Loading: 
Loading: 0 packages loaded
Analyzing: target //cmd/blake3zcc_hasher:blake3zcc_hasher (0 packages loaded, 0 targets configured)
INFO: Analyzed target //cmd/blake3zcc_hasher:blake3zcc_hasher (0 packages loaded, 0 targets configured).
INFO: Found 1 target...
[0 / 1] [Prepa] BazelWorkspaceStatusAction stable-status.txt
Target //cmd/blake3zcc_hasher:blake3zcc_hasher up-to-date:
  bazel-bin/cmd/blake3zcc_hasher/linux_amd64_stripped/blake3zcc_hasher
INFO: Elapsed time: 0.076s, Critical Path: 0.00s
INFO: 0 processes.
INFO: Build completed successfully, 1 total action
INFO: Running command line: bazel-bin/cmd/blake3zcc_hasher/linux_amd64_stripped/blake3zcc_hasher -a localhost:8980 -d /home/scott/buildbarn/blake-client/experiments/e5 -c 0 '-b=true'
INFO: Build completed successfully, 1 total action
2021/02/21 15:37:51 Hash: B3Z:cdf0fe7091fa33e87c201763d0dfc6313fcbcd4a65afa287eaf6185d12efb5b9
2021/02/21 15:37:51 Hash: B3Z:d2254881ea7cd12ee669ab081ca76ed85d71cb72303aa9052a02c91b552b1e0a
2021/02/21 15:37:51 Hash: B3Z:0efe2b763d0ef25ab606352f2bdaf1041c4cc049855cbb1ed1c45be863334bcd
2021/02/21 15:37:51 Hash: B3Z:350718a157cd18c27bc8510d9ec3fdb799f10dd807d5b82c8ee4cc3afb67b206
2021/02/21 15:37:51 Time Hashing: 1.126193709s
2021/02/21 15:38:11 Action Digest: [53 7 24 161 87 205 24 194 123 200 81 13 158 195 253 183 153 241 13 216 7 213 184 44 142 228 204 58 251 103 178 6] 350718a157cd18c27bc8510d9ec3fdb799f10dd807d5b82c8ee4cc3afb67b206  76
2021/02/21 15:38:11 Bytes Uploaded: 419430525
2021/02/21 15:38:11 Bytes Hashed: 419430544
2021/02/21 15:38:11 Time Uploading: 19.851052307s
2021/02/21 15:38:11 Time Finding Missing Blobs: 1.506081ms
2021/02/21 15:38:36 Execute response: result:<output_files:<path:"out" digest:<size_bytes:419430400 hash_blake3zcc:"\315\360\376p\221\3723\350| \027c\320\337\3061?\313\315Je\257\242\207\352\366\030]\022\357\265\271" > > execution_metadata:<worker:"{\"datacenter\":\"paris\",\"hostname\":\"ubuntu-worker.example.com\",\"rack\":\"4\",\"slot\":\"15\",\"thread\":\"5\"}" queued_timestamp:<seconds:1613921891 nanos:4936509 > worker_start_timestamp:<seconds:1613921891 nanos:5231887 > worker_completed_timestamp:<seconds:1613921916 nanos:914347286 > input_fetch_start_timestamp:<seconds:1613921891 nanos:5382806 > input_fetch_completed_timestamp:<seconds:1613921913 nanos:717870761 > execution_start_timestamp:<seconds:1613921913 nanos:717870761 > execution_completed_timestamp:<seconds:1613921913 nanos:953400838 > output_upload_start_timestamp:<seconds:1613921913 nanos:953400838 > output_upload_completed_timestamp:<seconds:1613921916 nanos:914347286 > auxiliary_metadata:<type_url:"type.googleapis.com/buildbarn.resourceusage.POSIXResourceUsage" value:"\n\005\020\270\252\312\001\022\005\020\340\235\212e\030\200\300\346\t8\205\001@\001P\210\001X\200\2002x\002\200\001\r" > auxiliary_metadata:<type_url:"type.googleapis.com/buildbarn.resourceusage.FilePoolResourceUsage" > > > message:"Action details (cached result): /action/blake-client/B3Z:350718a157cd18c27bc8510d9ec3fdb799f10dd807d5b82c8ee4cc3afb67b206/76/" 
