Loading: 
Loading: 0 packages loaded
Analyzing: target //cmd/blake3zcc_hasher:blake3zcc_hasher (0 packages loaded, 0 targets configured)
INFO: Analyzed target //cmd/blake3zcc_hasher:blake3zcc_hasher (0 packages loaded, 0 targets configured).
INFO: Found 1 target...
[0 / 1] [Prepa] BazelWorkspaceStatusAction stable-status.txt
Target //cmd/blake3zcc_hasher:blake3zcc_hasher up-to-date:
  bazel-bin/cmd/blake3zcc_hasher/linux_amd64_stripped/blake3zcc_hasher
INFO: Elapsed time: 0.073s, Critical Path: 0.00s
INFO: 0 processes.
INFO: Build completed successfully, 1 total action
INFO: Running command line: bazel-bin/cmd/blake3zcc_hasher/linux_amd64_stripped/blake3zcc_hasher -a localhost:8980 -d /home/scott/buildbarn/blake-client/experiments/e7 -c 0 '-b=true'
INFO: Build completed successfully, 1 total action
2021/02/21 15:39:31 Hash: B3Z:edd910cfb2c6488017f8d9cefefec7cacdf65bce21eb2e170d9d8f333c97dffa
2021/02/21 15:39:31 Hash: B3Z:a76250f5d1b26762194512fc405a5e50f4370f7c2c9f27df0ec6f41e8028d380
2021/02/21 15:39:31 Hash: B3Z:0efe2b763d0ef25ab606352f2bdaf1041c4cc049855cbb1ed1c45be863334bcd
2021/02/21 15:39:31 Hash: B3Z:740a59059bb6faada9c7ea65ba528574187226d1274348c5c7b431e17a5e340b
2021/02/21 15:39:31 Time Hashing: 1.225122991s
2021/02/21 15:39:55 Action Digest: [116 10 89 5 155 182 250 173 169 199 234 101 186 82 133 116 24 114 38 209 39 67 72 197 199 180 49 225 122 94 52 11] 740a59059bb6faada9c7ea65ba528574187226d1274348c5c7b431e17a5e340b  76
2021/02/21 15:39:55 Bytes Uploaded: 524288125
2021/02/21 15:39:55 Bytes Hashed: 524288144
2021/02/21 15:39:55 Time Uploading: 24.386175984s
2021/02/21 15:39:55 Time Finding Missing Blobs: 1.219324ms
2021/02/21 15:40:27 Execute response: result:<output_files:<path:"out" digest:<size_bytes:524288000 hash_blake3zcc:"\355\331\020\317\262\306H\200\027\370\331\316\376\376\307\312\315\366[\316!\353.\027\r\235\2173<\227\337\372" > > execution_metadata:<worker:"{\"datacenter\":\"paris\",\"hostname\":\"ubuntu-worker.example.com\",\"rack\":\"4\",\"slot\":\"15\",\"thread\":\"2\"}" queued_timestamp:<seconds:1613921995 nanos:483712503 > worker_start_timestamp:<seconds:1613921995 nanos:483956920 > worker_completed_timestamp:<seconds:1613922027 nanos:890117180 > input_fetch_start_timestamp:<seconds:1613921995 nanos:484344548 > input_fetch_completed_timestamp:<seconds:1613922024 nanos:130839629 > execution_start_timestamp:<seconds:1613922024 nanos:130839629 > execution_completed_timestamp:<seconds:1613922024 nanos:410594503 > output_upload_start_timestamp:<seconds:1613922024 nanos:410594503 > output_upload_completed_timestamp:<seconds:1613922027 nanos:890117180 > auxiliary_metadata:<type_url:"type.googleapis.com/buildbarn.resourceusage.POSIXResourceUsage" value:"\n\000\022\005\020\240\322\362{\030\200\300\346\t8\177@\tP\210\004X\200\300>x\t\200\001\006" > auxiliary_metadata:<type_url:"type.googleapis.com/buildbarn.resourceusage.FilePoolResourceUsage" > > > message:"Action details (cached result): /action/blake-client/B3Z:740a59059bb6faada9c7ea65ba528574187226d1274348c5c7b431e17a5e340b/76/" 
