Loading: 
Loading: 0 packages loaded
Analyzing: target //cmd/blake3zcc_hasher:blake3zcc_hasher (0 packages loaded, 0 targets configured)
INFO: Analyzed target //cmd/blake3zcc_hasher:blake3zcc_hasher (0 packages loaded, 0 targets configured).
INFO: Found 1 target...
[0 / 1] [Prepa] BazelWorkspaceStatusAction stable-status.txt
Target //cmd/blake3zcc_hasher:blake3zcc_hasher up-to-date:
  bazel-bin/cmd/blake3zcc_hasher/linux_amd64_stripped/blake3zcc_hasher
INFO: Elapsed time: 0.087s, Critical Path: 0.00s
INFO: 0 processes.
INFO: Build completed successfully, 1 total action
INFO: Running command line: bazel-bin/cmd/blake3zcc_hasher/linux_amd64_stripped/blake3zcc_hasher -a localhost:8980 -d /home/scott/buildbarn/blake-client/experiments/e4 -c 0 '-b=true'
INFO: Build completed successfully, 1 total action
2021/02/21 15:37:09 Hash: B3Z:1d8f661c0e04b87102f16b11dd7ca7bd5351f855b16dbbd54c1af9099f4d4aac
2021/02/21 15:37:09 Hash: B3Z:13a781cd419afef36641fa3f6bbbbcb3134877336fd3f6a3ae4c568248fc4669
2021/02/21 15:37:09 Hash: B3Z:0efe2b763d0ef25ab606352f2bdaf1041c4cc049855cbb1ed1c45be863334bcd
2021/02/21 15:37:09 Hash: B3Z:343ebccd5814a09bfe28410097b9587004b3b58d06d239b6721afd9e4cc3d7a7
2021/02/21 15:37:09 Time Hashing: 1.038538574s
2021/02/21 15:37:25 Action Digest: [52 62 188 205 88 20 160 155 254 40 65 0 151 185 88 112 4 179 181 141 6 210 57 182 114 26 253 158 76 195 215 167] 343ebccd5814a09bfe28410097b9587004b3b58d06d239b6721afd9e4cc3d7a7  76
2021/02/21 15:37:25 Bytes Uploaded: 367001725
2021/02/21 15:37:25 Bytes Hashed: 367001744
2021/02/21 15:37:25 Time Uploading: 16.469299266s
2021/02/21 15:37:25 Time Finding Missing Blobs: 1.701576ms
2021/02/21 15:37:49 Execute response: result:<output_files:<path:"out" digest:<size_bytes:367001600 hash_blake3zcc:"\035\217f\034\016\004\270q\002\361k\021\335|\247\275SQ\370U\261m\273\325L\032\371\t\237MJ\254" > > execution_metadata:<worker:"{\"datacenter\":\"paris\",\"hostname\":\"ubuntu-worker.example.com\",\"rack\":\"4\",\"slot\":\"15\",\"thread\":\"1\"}" queued_timestamp:<seconds:1613921845 nanos:791005873 > worker_start_timestamp:<seconds:1613921845 nanos:791327445 > worker_completed_timestamp:<seconds:1613921869 nanos:772946440 > input_fetch_start_timestamp:<seconds:1613921845 nanos:791513947 > input_fetch_completed_timestamp:<seconds:1613921867 nanos:116626774 > execution_start_timestamp:<seconds:1613921867 nanos:116626774 > execution_completed_timestamp:<seconds:1613921867 nanos:307756384 > output_upload_start_timestamp:<seconds:1613921867 nanos:307756384 > output_upload_completed_timestamp:<seconds:1613921869 nanos:772946440 > auxiliary_metadata:<type_url:"type.googleapis.com/buildbarn.resourceusage.POSIXResourceUsage" value:"\n\005\020\360\345\276\001\022\005\020\370\216\343V\030\200\300\346\t8\203\001X\200\340+x\001\200\001\010" > auxiliary_metadata:<type_url:"type.googleapis.com/buildbarn.resourceusage.FilePoolResourceUsage" > > > message:"Action details (cached result): /action/blake-client/B3Z:343ebccd5814a09bfe28410097b9587004b3b58d06d239b6721afd9e4cc3d7a7/76/" 
