Loading: 
Loading: 0 packages loaded
Analyzing: target //cmd/blake3zcc_hasher:blake3zcc_hasher (0 packages loaded, 0 targets configured)
INFO: Analyzed target //cmd/blake3zcc_hasher:blake3zcc_hasher (0 packages loaded, 0 targets configured).
INFO: Found 1 target...
[0 / 1] [Prepa] BazelWorkspaceStatusAction stable-status.txt
Target //cmd/blake3zcc_hasher:blake3zcc_hasher up-to-date:
  bazel-bin/cmd/blake3zcc_hasher/blake3zcc_hasher_/blake3zcc_hasher
INFO: Elapsed time: 0.097s, Critical Path: 0.00s
INFO: 0 processes.
INFO: Build completed successfully, 1 total action
INFO: Running command line: bazel-bin/cmd/blake3zcc_hasher/blake3zcc_hasher_/blake3zcc_hasher -a localhost:8980 -d /home/debian/blake-client/experiments/e7 -c 2 '-b=true'
INFO: Build completed successfully, 1 total action
2021/04/07 16:07:00 Hash: B3Z:befe2c5e66314b31306be15ce2b32c0d3f6e986f52a1cf9c8b7d26be8348bbb7
2021/04/07 16:07:00 Hash: B3Z:5dd8ca499a27fdca7781b2347ef1c99c32601170d215b7940fe94959c74e9722
2021/04/07 16:07:00 Hash: B3Z:20131581920fe188fe268fd4cd8d7722e5bcefe80eba9bc68d773d47ee8eb222
2021/04/07 16:07:00 Hash: B3Z:d9255d8105ee52b23f018fbd0eb54ae8d464e1f3b0c8729492b39af69afd9ec0
2021/04/07 16:07:00 Hash: B3Z:23f8b230c2031013bdfff6699ff4871ff42d7a27416efb3cf5246e2a44a80e86
2021/04/07 16:07:00 Time Hashing: 82.838µs
2021/04/07 16:07:00 Bytes Hashed: 16072
2021/04/07 16:07:00 Action Digest: [35 248 178 48 194 3 16 19 189 255 246 105 159 244 135 31 244 45 122 39 65 110 251 60 245 36 110 42 68 168 14 134] 23f8b230c2031013bdfff6699ff4871ff42d7a27416efb3cf5246e2a44a80e86  76
2021/04/07 16:07:00 Bytes Uploaded: 76
2021/04/07 16:07:00 Time Uploading: 1.22136ms
2021/04/07 16:07:00 Time Finding Missing Blobs: 1.081802ms
2021/04/07 16:07:00 Execute response: result:{output_files:{path:"out" digest:{size_bytes:15872 hash_blake3zcc:">\xfbV\x12\xef\x00+\xbe\xc3\xc1\xb4\xa6W\xcevy\x06\xff\xd74zP\xb2\x9cd\xa1\xdc\x1b\x8a\xc1\xe4>"}} execution_metadata:{worker:"{\"datacenter\":\"paris\",\"hostname\":\"ubuntu-worker.example.com\",\"rack\":\"4\",\"slot\":\"15\",\"thread\":\"7\"}" queued_timestamp:{seconds:1617808020 nanos:415039075} worker_start_timestamp:{seconds:1617808020 nanos:415398628} worker_completed_timestamp:{seconds:1617808020 nanos:421467517} input_fetch_start_timestamp:{seconds:1617808020 nanos:415636390} input_fetch_completed_timestamp:{seconds:1617808020 nanos:416301009} execution_start_timestamp:{seconds:1617808020 nanos:416301009} execution_completed_timestamp:{seconds:1617808020 nanos:418357589} output_upload_start_timestamp:{seconds:1617808020 nanos:418357589} output_upload_completed_timestamp:{seconds:1617808020 nanos:421467517} auxiliary_metadata:{type_url:"type.googleapis.com/buildbarn.resourceusage.POSIXResourceUsage" value:"\n\x04\x10\xa8\xfaB\x12\x00\x18\x80\xa0\x8c\r8\x8d\x01X x\x03\x80\x01\x07"} auxiliary_metadata:{type_url:"type.googleapis.com/buildbarn.resourceusage.FilePoolResourceUsage"}}} message:"Action details (cached result): /action/blake-client/B3Z:23f8b230c2031013bdfff6699ff4871ff42d7a27416efb3cf5246e2a44a80e86/76/"
