Loading: 
Loading: 0 packages loaded
Analyzing: target //cmd/blake3zcc_hasher:blake3zcc_hasher (0 packages loaded, 0 targets configured)
INFO: Analyzed target //cmd/blake3zcc_hasher:blake3zcc_hasher (0 packages loaded, 0 targets configured).
INFO: Found 1 target...
[0 / 1] [Prepa] BazelWorkspaceStatusAction stable-status.txt
Target //cmd/blake3zcc_hasher:blake3zcc_hasher up-to-date:
  bazel-bin/cmd/blake3zcc_hasher/blake3zcc_hasher_/blake3zcc_hasher
INFO: Elapsed time: 0.086s, Critical Path: 0.00s
INFO: 0 processes.
INFO: Build completed successfully, 1 total action
INFO: Running command line: bazel-bin/cmd/blake3zcc_hasher/blake3zcc_hasher_/blake3zcc_hasher -a localhost:8980 -d /home/debian/blake-client/experiments/e8 -c 2 '-b=true'
INFO: Build completed successfully, 1 total action
2021/04/07 16:07:00 Hash: B3Z:f0662e5527ac19f23b9f697db09eb6971049101a1907538212a830d7cd206061
2021/04/07 16:07:00 Hash: B3Z:5dd8ca499a27fdca7781b2347ef1c99c32601170d215b7940fe94959c74e9722
2021/04/07 16:07:00 Hash: B3Z:e3dbcc119db9e8a03e94a208e08ce8d5b91ae9031899171d44b496d96134ed1b
2021/04/07 16:07:00 Hash: B3Z:d9255d8105ee52b23f018fbd0eb54ae8d464e1f3b0c8729492b39af69afd9ec0
2021/04/07 16:07:00 Hash: B3Z:c5a5f465baf6b57588086e8853a2b10ee049ec29c7589fa102754acfb6779ff7
2021/04/07 16:07:00 Time Hashing: 66.086µs
2021/04/07 16:07:00 Bytes Hashed: 9928
2021/04/07 16:07:00 Action Digest: [197 165 244 101 186 246 181 117 136 8 110 136 83 162 177 14 224 73 236 41 199 88 159 161 2 117 74 207 182 119 159 247] c5a5f465baf6b57588086e8853a2b10ee049ec29c7589fa102754acfb6779ff7  76
2021/04/07 16:07:00 Bytes Uploaded: 168
2021/04/07 16:07:00 Time Uploading: 1.523718ms
2021/04/07 16:07:00 Time Finding Missing Blobs: 1.064871ms
2021/04/07 16:07:00 Execute response: result:{output_files:{path:"out" digest:{size_bytes:9728 hash_blake3zcc:"{h\x15\xffƳ|\x1dj\x99\x1cR\xc1\x9f8\xa3 \"\xd1iA\xde\xe98\xb6\x19Ł\xc2\xd1J\xa9"}} execution_metadata:{worker:"{\"datacenter\":\"paris\",\"hostname\":\"ubuntu-worker.example.com\",\"rack\":\"4\",\"slot\":\"15\",\"thread\":\"2\"}" queued_timestamp:{seconds:1617808020 nanos:776218452} worker_start_timestamp:{seconds:1617808020 nanos:776628546} worker_completed_timestamp:{seconds:1617808020 nanos:781451690} input_fetch_start_timestamp:{seconds:1617808020 nanos:776835367} input_fetch_completed_timestamp:{seconds:1617808020 nanos:777849047} execution_start_timestamp:{seconds:1617808020 nanos:777849047} execution_completed_timestamp:{seconds:1617808020 nanos:780866345} output_upload_start_timestamp:{seconds:1617808020 nanos:780866345} output_upload_completed_timestamp:{seconds:1617808020 nanos:781451690} auxiliary_metadata:{type_url:"type.googleapis.com/buildbarn.resourceusage.POSIXResourceUsage" value:"\n\x04\x10\xa0\xa4(\x12\x04\x10\xa8\xb30\x18\x80\xa0\x8c\r8\x8a\x01X\x18x\x03\x80\x01\x04"} auxiliary_metadata:{type_url:"type.googleapis.com/buildbarn.resourceusage.FilePoolResourceUsage"}}} message:"Action details (cached result): /action/blake-client/B3Z:c5a5f465baf6b57588086e8853a2b10ee049ec29c7589fa102754acfb6779ff7/76/"
