Loading: 
Loading: 0 packages loaded
Analyzing: target //cmd/blake3zcc_hasher:blake3zcc_hasher (0 packages loaded, 0 targets configured)
INFO: Analyzed target //cmd/blake3zcc_hasher:blake3zcc_hasher (0 packages loaded, 0 targets configured).
INFO: Found 1 target...
[0 / 1] [Prepa] BazelWorkspaceStatusAction stable-status.txt
Target //cmd/blake3zcc_hasher:blake3zcc_hasher up-to-date:
  bazel-bin/cmd/blake3zcc_hasher/blake3zcc_hasher_/blake3zcc_hasher
INFO: Elapsed time: 0.090s, Critical Path: 0.00s
INFO: 0 processes.
INFO: Build completed successfully, 1 total action
INFO: Running command line: bazel-bin/cmd/blake3zcc_hasher/blake3zcc_hasher_/blake3zcc_hasher -a localhost:8980 -d /home/debian/blake-client/experiments/e6 -c 3 '-b=true'
INFO: Build completed successfully, 1 total action
2021/04/07 16:06:59 Hash: B3Z:5dd8ca499a27fdca7781b2347ef1c99c32601170d215b7940fe94959c74e9722
2021/04/07 16:06:59 Hash: B3Z:befe2c5e66314b31306be15ce2b32c0d3f6e986f52a1cf9c8b7d26be8348bbb7
2021/04/07 16:06:59 Hash: B3Z:b9c6ea034da937ff83347e60a681dbacf9bed3fec0cfcf6208663f6e5a85c71f
2021/04/07 16:06:59 Hash: B3Z:0379138517bc5811e645894edbef883e8d64f9056cdb7bdb54e23e31a6367972
2021/04/07 16:06:59 Hash: B3Z:b866c74926c78ee18773de079f2399e0ca7733c4babe77942ffd2cc18fe2eefd
2021/04/07 16:06:59 Time Hashing: 85.236µs
2021/04/07 16:06:59 Bytes Hashed: 16088
2021/04/07 16:06:59 Action Digest: [184 102 199 73 38 199 142 225 135 115 222 7 159 35 153 224 202 119 51 196 186 190 119 148 47 253 44 193 143 226 238 253] b866c74926c78ee18773de079f2399e0ca7733c4babe77942ffd2cc18fe2eefd  76
2021/04/07 16:06:59 Bytes Uploaded: 76
2021/04/07 16:06:59 Time Uploading: 867.18µs
2021/04/07 16:06:59 Time Finding Missing Blobs: 1.483011ms
2021/04/07 16:06:59 Execute response: result:{output_files:{path:"out" digest:{size_bytes:8192 hash_blake3zcc:"]\xd8\xcaI\x9a'\xfd\xcaw\x81\xb24~\xf1ɜ2`\x11p\xd2\x15\xb7\x94\x0f\xe9IY\xc7N\x97\""}} execution_metadata:{worker:"{\"datacenter\":\"paris\",\"hostname\":\"ubuntu-worker.example.com\",\"rack\":\"4\",\"slot\":\"15\",\"thread\":\"5\"}" queued_timestamp:{seconds:1617808019 nanos:818233431} worker_start_timestamp:{seconds:1617808019 nanos:818597002} worker_completed_timestamp:{seconds:1617808019 nanos:823371804} input_fetch_start_timestamp:{seconds:1617808019 nanos:818819352} input_fetch_completed_timestamp:{seconds:1617808019 nanos:819586283} execution_start_timestamp:{seconds:1617808019 nanos:819586283} execution_completed_timestamp:{seconds:1617808019 nanos:822804478} output_upload_start_timestamp:{seconds:1617808019 nanos:822804478} output_upload_completed_timestamp:{seconds:1617808019 nanos:823371804} auxiliary_metadata:{type_url:"type.googleapis.com/buildbarn.resourceusage.POSIXResourceUsage" value:"\n\x04\x10\x98\x87x\x12\x00\x18\x80\xa0\x8c\r8\x82\x02X\x10x\x05\x80\x01\x07"} auxiliary_metadata:{type_url:"type.googleapis.com/buildbarn.resourceusage.FilePoolResourceUsage"}}} message:"Action details (cached result): /action/blake-client/B3Z:b866c74926c78ee18773de079f2399e0ca7733c4babe77942ffd2cc18fe2eefd/76/"
