Loading: 
Loading: 0 packages loaded
Analyzing: target //cmd/blake3zcc_hasher:blake3zcc_hasher (0 packages loaded, 0 targets configured)
INFO: Analyzed target //cmd/blake3zcc_hasher:blake3zcc_hasher (0 packages loaded, 0 targets configured).
INFO: Found 1 target...
[0 / 1] [Prepa] BazelWorkspaceStatusAction stable-status.txt
Target //cmd/blake3zcc_hasher:blake3zcc_hasher up-to-date:
  bazel-bin/cmd/blake3zcc_hasher/blake3zcc_hasher_/blake3zcc_hasher
INFO: Elapsed time: 0.097s, Critical Path: 0.01s
INFO: 0 processes.
INFO: Build completed successfully, 1 total action
INFO: Running command line: bazel-bin/cmd/blake3zcc_hasher/blake3zcc_hasher_/blake3zcc_hasher -a localhost:8980 -d /home/debian/blake-client/experiments/e5 -c 3 '-b=true'
INFO: Build completed successfully, 1 total action
2021/04/07 16:06:59 Hash: B3Z:5dd8ca499a27fdca7781b2347ef1c99c32601170d215b7940fe94959c74e9722
2021/04/07 16:06:59 Hash: B3Z:f0662e5527ac19f23b9f697db09eb6971049101a1907538212a830d7cd206061
2021/04/07 16:06:59 Hash: B3Z:6a7fcaffc5a6fb30879f748e150f2b9d77624df233be82295118d5eddb78d28e
2021/04/07 16:06:59 Hash: B3Z:0379138517bc5811e645894edbef883e8d64f9056cdb7bdb54e23e31a6367972
2021/04/07 16:06:59 Hash: B3Z:c8e6c7ced6aee6f86783badb56d207bf4f335f88f33dfcef297a96a7407be857
2021/04/07 16:06:59 Time Hashing: 59.533µs
2021/04/07 16:06:59 Bytes Hashed: 9944
2021/04/07 16:06:59 Action Digest: [200 230 199 206 214 174 230 248 103 131 186 219 86 210 7 191 79 51 95 136 243 61 252 239 41 122 150 167 64 123 232 87] c8e6c7ced6aee6f86783badb56d207bf4f335f88f33dfcef297a96a7407be857  76
2021/04/07 16:06:59 Bytes Uploaded: 76
2021/04/07 16:06:59 Time Uploading: 805.323µs
2021/04/07 16:06:59 Time Finding Missing Blobs: 1.280604ms
2021/04/07 16:06:59 Execute response: result:{output_files:{path:"out" digest:{size_bytes:8192 hash_blake3zcc:"]\xd8\xcaI\x9a'\xfd\xcaw\x81\xb24~\xf1ɜ2`\x11p\xd2\x15\xb7\x94\x0f\xe9IY\xc7N\x97\""}} execution_metadata:{worker:"{\"datacenter\":\"paris\",\"hostname\":\"ubuntu-worker.example.com\",\"rack\":\"4\",\"slot\":\"15\",\"thread\":\"7\"}" queued_timestamp:{seconds:1617808019 nanos:255270296} worker_start_timestamp:{seconds:1617808019 nanos:255623037} worker_completed_timestamp:{seconds:1617808019 nanos:259944150} input_fetch_start_timestamp:{seconds:1617808019 nanos:255971211} input_fetch_completed_timestamp:{seconds:1617808019 nanos:256406983} execution_start_timestamp:{seconds:1617808019 nanos:256406983} execution_completed_timestamp:{seconds:1617808019 nanos:259185359} output_upload_start_timestamp:{seconds:1617808019 nanos:259185359} output_upload_completed_timestamp:{seconds:1617808019 nanos:259944150} auxiliary_metadata:{type_url:"type.googleapis.com/buildbarn.resourceusage.POSIXResourceUsage" value:"\n\x04\x10\xd8\xd4s\x12\x00\x18\x80\xa0\x8c\r8\x81\x02X\x08x\x05\x80\x01\x07"} auxiliary_metadata:{type_url:"type.googleapis.com/buildbarn.resourceusage.FilePoolResourceUsage"}}} message:"Action details (cached result): /action/blake-client/B3Z:c8e6c7ced6aee6f86783badb56d207bf4f335f88f33dfcef297a96a7407be857/76/"
