Loading: 
Loading: 0 packages loaded
Analyzing: target //cmd/blake3zcc_hasher:blake3zcc_hasher (0 packages loaded, 0 targets configured)
INFO: Analyzed target //cmd/blake3zcc_hasher:blake3zcc_hasher (0 packages loaded, 0 targets configured).
INFO: Found 1 target...
[0 / 1] [Prepa] BazelWorkspaceStatusAction stable-status.txt
Target //cmd/blake3zcc_hasher:blake3zcc_hasher up-to-date:
  bazel-bin/cmd/blake3zcc_hasher/blake3zcc_hasher_/blake3zcc_hasher
INFO: Elapsed time: 0.099s, Critical Path: 0.00s
INFO: 0 processes.
INFO: Build completed successfully, 1 total action
INFO: Running command line: bazel-bin/cmd/blake3zcc_hasher/blake3zcc_hasher_/blake3zcc_hasher -a localhost:8980 -d /home/debian/blake-client/experiments/e4 -c 2 '-b=true'
INFO: Build completed successfully, 1 total action
2021/04/07 16:06:58 Hash: B3Z:befe2c5e66314b31306be15ce2b32c0d3f6e986f52a1cf9c8b7d26be8348bbb7
2021/04/07 16:06:58 Hash: B3Z:f0662e5527ac19f23b9f697db09eb6971049101a1907538212a830d7cd206061
2021/04/07 16:06:58 Hash: B3Z:d81a4e409027d54f6cd426308ada5691ef2e4ffc8345be6a3b0676b49ae5ea6e
2021/04/07 16:06:58 Hash: B3Z:d9255d8105ee52b23f018fbd0eb54ae8d464e1f3b0c8729492b39af69afd9ec0
2021/04/07 16:06:58 Hash: B3Z:b46567c5fdbbc9dc6bf0527ba2ceab94c7f0a3e010632fe35d51c1a6abfb3ff5
2021/04/07 16:06:58 Time Hashing: 61.368µs
2021/04/07 16:06:58 Bytes Hashed: 9416
2021/04/07 16:06:58 Action Digest: [180 101 103 197 253 187 201 220 107 240 82 123 162 206 171 148 199 240 163 224 16 99 47 227 93 81 193 166 171 251 63 245] b46567c5fdbbc9dc6bf0527ba2ceab94c7f0a3e010632fe35d51c1a6abfb3ff5  76
2021/04/07 16:06:58 Bytes Uploaded: 76
2021/04/07 16:06:58 Time Uploading: 736.399µs
2021/04/07 16:06:58 Time Finding Missing Blobs: 1.219578ms
2021/04/07 16:06:58 Execute response: result:{output_files:{path:"out" digest:{size_bytes:9216 hash_blake3zcc:"\xfbG\xf4\xe3\xec\xf7\xa1s\xcfL`\xf2Q8>\xf5D\xffN|\x9f\xec\xbe\xf3}\xa8?\xa6\xbe\xe5y\xff"}} execution_metadata:{worker:"{\"datacenter\":\"paris\",\"hostname\":\"ubuntu-worker.example.com\",\"rack\":\"4\",\"slot\":\"15\",\"thread\":\"5\"}" queued_timestamp:{seconds:1617808018 nanos:704329359} worker_start_timestamp:{seconds:1617808018 nanos:704920934} worker_completed_timestamp:{seconds:1617808018 nanos:710712461} input_fetch_start_timestamp:{seconds:1617808018 nanos:705142714} input_fetch_completed_timestamp:{seconds:1617808018 nanos:706040485} execution_start_timestamp:{seconds:1617808018 nanos:706040485} execution_completed_timestamp:{seconds:1617808018 nanos:709476221} output_upload_start_timestamp:{seconds:1617808018 nanos:709476221} output_upload_completed_timestamp:{seconds:1617808018 nanos:710712461} auxiliary_metadata:{type_url:"type.googleapis.com/buildbarn.resourceusage.POSIXResourceUsage" value:"\n\x04\x10\xf8\x89C\x12\x00\x18\x80\xa0\x8c\r8\x8a\x01X\x18x\x03\x80\x01\x05"} auxiliary_metadata:{type_url:"type.googleapis.com/buildbarn.resourceusage.FilePoolResourceUsage"}}} message:"Action details (cached result): /action/blake-client/B3Z:b46567c5fdbbc9dc6bf0527ba2ceab94c7f0a3e010632fe35d51c1a6abfb3ff5/76/"
