Loading: 
Loading: 0 packages loaded
Analyzing: target //cmd/blake3zcc_hasher:blake3zcc_hasher (0 packages loaded, 0 targets configured)
INFO: Analyzed target //cmd/blake3zcc_hasher:blake3zcc_hasher (0 packages loaded, 0 targets configured).
INFO: Found 1 target...
[0 / 1] [Prepa] BazelWorkspaceStatusAction stable-status.txt
Target //cmd/blake3zcc_hasher:blake3zcc_hasher up-to-date:
  bazel-bin/cmd/blake3zcc_hasher/blake3zcc_hasher_/blake3zcc_hasher
INFO: Elapsed time: 0.095s, Critical Path: 0.00s
INFO: 0 processes.
INFO: Build completed successfully, 1 total action
INFO: Running command line: bazel-bin/cmd/blake3zcc_hasher/blake3zcc_hasher_/blake3zcc_hasher -a localhost:8980 -d /home/debian/blake-client/experiments/e1 -c 4 '-b=true'
INFO: Build completed successfully, 1 total action
2021/04/07 16:06:56 Hash: B3Z:f0662e5527ac19f23b9f697db09eb6971049101a1907538212a830d7cd206061
2021/04/07 16:06:56 Hash: B3Z:d6fd9de5bccf223f523b316c9cd1cf9a9d87ea42473d68e011dad13f09bf8917
2021/04/07 16:06:56 Hash: B3Z:d13c33ab66afaf85997bf7b7bb29609c3b4c3e311b259a23cb6e5eb8972da3b7
2021/04/07 16:06:56 Command: arguments:"sh" arguments:"-c" arguments:"cp in0 out && printf ' ' | dd of=out bs=1 count=1 seek=512 conv=notrunc" output_paths:"out"
2021/04/07 16:06:56 Hash: B3Z:7f5417fa69526f524c04056450878989c48f4367cf1023c01b1b17ce3e636416
2021/04/07 16:06:56 Hash: B3Z:bb57a7a149802344d8d995494bc35105ff09dd159cc0b95dfe0e350c0ecf52e6
2021/04/07 16:06:56 Time Hashing: 32.175µs
2021/04/07 16:06:56 Bytes Hashed: 2814
2021/04/07 16:06:56 Action Digest: [187 87 167 161 73 128 35 68 216 217 149 73 75 195 81 5 255 9 221 21 156 192 185 93 254 14 53 12 14 207 82 230] bb57a7a149802344d8d995494bc35105ff09dd159cc0b95dfe0e350c0ecf52e6  76
2021/04/07 16:06:56 Bytes Uploaded: 162
2021/04/07 16:06:56 Time Uploading: 1.538916ms
2021/04/07 16:06:56 Time Finding Missing Blobs: 1.333974ms
2021/04/07 16:06:56 Execute response: result:{output_files:{path:"out" digest:{size_bytes:1024 hash_blake3zcc:"\\An\xe8u\xe3\x8fr\xc3\xd90H\xda$\xbc\x93\x9e_y\x12L\x16\nt2}\xd5ak\xf8mZ"}} stderr_digest:{size_bytes:70 hash_blake3zcc:"\x07\xce\x0fO\x83\xa5b\xea\x9e\xc5\x18\x8f\xa9\x8f\xea\xc8qr\x0e\xae\xd1d\x12\x9e\x92\xbb\xaf\xf9\xe3\x9e7\x0f"} execution_metadata:{worker:"{\"datacenter\":\"paris\",\"hostname\":\"ubuntu-worker.example.com\",\"rack\":\"4\",\"slot\":\"15\",\"thread\":\"1\"}" queued_timestamp:{seconds:1617808016 nanos:926722399} worker_start_timestamp:{seconds:1617808016 nanos:927381708} worker_completed_timestamp:{seconds:1617808016 nanos:938746291} input_fetch_start_timestamp:{seconds:1617808016 nanos:927753992} input_fetch_completed_timestamp:{seconds:1617808016 nanos:928789603} execution_start_timestamp:{seconds:1617808016 nanos:928789603} execution_completed_timestamp:{seconds:1617808016 nanos:934603878} output_upload_start_timestamp:{seconds:1617808016 nanos:934603878} output_upload_completed_timestamp:{seconds:1617808016 nanos:938746291} auxiliary_metadata:{type_url:"type.googleapis.com/buildbarn.resourceusage.POSIXResourceUsage" value:"\n\x05\x10\xd8\xfa\x90\x01\x12\x00\x18\x80\xa0\x8c\r8\xa4\x02@\x02P\xa8\x02X\x10x\x0b\x80\x01\x07"} auxiliary_metadata:{type_url:"type.googleapis.com/buildbarn.resourceusage.FilePoolResourceUsage"}}} message:"Action details (cached result): /action/blake-client/B3Z:bb57a7a149802344d8d995494bc35105ff09dd159cc0b95dfe0e350c0ecf52e6/76/"
