Loading: 
Loading: 0 packages loaded
Analyzing: target //cmd/blake3zcc_hasher:blake3zcc_hasher (0 packages loaded, 0 targets configured)
INFO: Analyzed target //cmd/blake3zcc_hasher:blake3zcc_hasher (0 packages loaded, 0 targets configured).
INFO: Found 1 target...
[0 / 1] [Prepa] BazelWorkspaceStatusAction stable-status.txt
Target //cmd/blake3zcc_hasher:blake3zcc_hasher up-to-date:
  bazel-bin/cmd/blake3zcc_hasher/blake3zcc_hasher_/blake3zcc_hasher
INFO: Elapsed time: 0.082s, Critical Path: 0.00s
INFO: 0 processes.
INFO: Build completed successfully, 1 total action
INFO: Running command line: bazel-bin/cmd/blake3zcc_hasher/blake3zcc_hasher_/blake3zcc_hasher -a localhost:8980 -d /home/debian/blake-client/experiments/e4 -c 0 '-b=true'
INFO: Build completed successfully, 1 total action
2021/04/07 16:06:58 Hash: B3Z:befe2c5e66314b31306be15ce2b32c0d3f6e986f52a1cf9c8b7d26be8348bbb7
2021/04/07 16:06:58 Hash: B3Z:f0662e5527ac19f23b9f697db09eb6971049101a1907538212a830d7cd206061
2021/04/07 16:06:58 Hash: B3Z:d81a4e409027d54f6cd426308ada5691ef2e4ffc8345be6a3b0676b49ae5ea6e
2021/04/07 16:06:58 Hash: B3Z:0efe2b763d0ef25ab606352f2bdaf1041c4cc049855cbb1ed1c45be863334bcd
2021/04/07 16:06:58 Hash: B3Z:a70319bdbe7a5caba61b4d4529fc27d6d8a8c8eb68e70a024568dfa741ad2eb9
2021/04/07 16:06:58 Time Hashing: 67.154µs
2021/04/07 16:06:58 Bytes Hashed: 9403
2021/04/07 16:06:58 Action Digest: [167 3 25 189 190 122 92 171 166 27 77 69 41 252 39 214 216 168 200 235 104 231 10 2 69 104 223 167 65 173 46 185] a70319bdbe7a5caba61b4d4529fc27d6d8a8c8eb68e70a024568dfa741ad2eb9  76
2021/04/07 16:06:58 Bytes Uploaded: 168
2021/04/07 16:06:58 Time Uploading: 2.111788ms
2021/04/07 16:06:58 Time Finding Missing Blobs: 1.648472ms
2021/04/07 16:06:58 Execute response: result:{output_files:{path:"out" digest:{size_bytes:1536 hash_blake3zcc:"\xf0f.U'\xac\x19\xf2;\x9fi}\xb0\x9e\xb6\x97\x10I\x10\x1a\x19\x07S\x82\x12\xa80\xd7\xcd `a"}} execution_metadata:{worker:"{\"datacenter\":\"paris\",\"hostname\":\"ubuntu-worker.example.com\",\"rack\":\"4\",\"slot\":\"15\",\"thread\":\"4\"}" queued_timestamp:{seconds:1617808018 nanos:434375163} worker_start_timestamp:{seconds:1617808018 nanos:434771418} worker_completed_timestamp:{seconds:1617808018 nanos:439429550} input_fetch_start_timestamp:{seconds:1617808018 nanos:435043418} input_fetch_completed_timestamp:{seconds:1617808018 nanos:436715866} execution_start_timestamp:{seconds:1617808018 nanos:436715866} execution_completed_timestamp:{seconds:1617808018 nanos:438896327} output_upload_start_timestamp:{seconds:1617808018 nanos:438896327} output_upload_completed_timestamp:{seconds:1617808018 nanos:439429550} auxiliary_metadata:{type_url:"type.googleapis.com/buildbarn.resourceusage.POSIXResourceUsage" value:"\n\x04\x10\xc8\xc64\x12\x00\x18\x80\xa0\x8c\r8hX\x08x\x01\x80\x01\x03"} auxiliary_metadata:{type_url:"type.googleapis.com/buildbarn.resourceusage.FilePoolResourceUsage"}}} message:"Action details (cached result): /action/blake-client/B3Z:a70319bdbe7a5caba61b4d4529fc27d6d8a8c8eb68e70a024568dfa741ad2eb9/76/"
