Loading: 
Loading: 0 packages loaded
Analyzing: target //cmd/blake3zcc_hasher:blake3zcc_hasher (0 packages loaded, 0 targets configured)
INFO: Analyzed target //cmd/blake3zcc_hasher:blake3zcc_hasher (0 packages loaded, 0 targets configured).
INFO: Found 1 target...
[0 / 1] [Prepa] BazelWorkspaceStatusAction stable-status.txt
Target //cmd/blake3zcc_hasher:blake3zcc_hasher up-to-date:
  bazel-bin/cmd/blake3zcc_hasher/blake3zcc_hasher_/blake3zcc_hasher
INFO: Elapsed time: 0.083s, Critical Path: 0.00s
INFO: 0 processes.
INFO: Build completed successfully, 1 total action
INFO: Running command line: bazel-bin/cmd/blake3zcc_hasher/blake3zcc_hasher_/blake3zcc_hasher -a localhost:8980 -d /home/debian/blake-client/experiments/e9 -c 2 '-b=true'
INFO: Build completed successfully, 1 total action
2021/04/07 16:07:00 Hash: B3Z:d6fd9de5bccf223f523b316c9cd1cf9a9d87ea42473d68e011dad13f09bf8917
2021/04/07 16:07:00 Hash: B3Z:5dd8ca499a27fdca7781b2347ef1c99c32601170d215b7940fe94959c74e9722
2021/04/07 16:07:00 Hash: B3Z:f10fac21a8f1803a824cf22121ae5d1fd20f1783a04a694d1c0222c422ee9074
2021/04/07 16:07:00 Hash: B3Z:d9255d8105ee52b23f018fbd0eb54ae8d464e1f3b0c8729492b39af69afd9ec0
2021/04/07 16:07:00 Hash: B3Z:143ce1332a19d6682a941b6d6bba50ddcb78c3fd06b768cb931992f95c95b921
2021/04/07 16:07:00 Time Hashing: 77.727µs
2021/04/07 16:07:00 Bytes Hashed: 9416
2021/04/07 16:07:01 Action Digest: [20 60 225 51 42 25 214 104 42 148 27 109 107 186 80 221 203 120 195 253 6 183 104 203 147 25 146 249 92 149 185 33] 143ce1332a19d6682a941b6d6bba50ddcb78c3fd06b768cb931992f95c95b921  76
2021/04/07 16:07:01 Bytes Uploaded: 168
2021/04/07 16:07:01 Time Uploading: 1.557754ms
2021/04/07 16:07:01 Time Finding Missing Blobs: 1.29175ms
2021/04/07 16:07:01 Execute response: result:{output_files:{path:"out" digest:{size_bytes:9216 hash_blake3zcc:"\xfbG\xf4\xe3\xec\xf7\xa1s\xcfL`\xf2Q8>\xf5D\xffN|\x9f\xec\xbe\xf3}\xa8?\xa6\xbe\xe5y\xff"}} execution_metadata:{worker:"{\"datacenter\":\"paris\",\"hostname\":\"ubuntu-worker.example.com\",\"rack\":\"4\",\"slot\":\"15\",\"thread\":\"6\"}" queued_timestamp:{seconds:1617808021 nanos:4663806} worker_start_timestamp:{seconds:1617808021 nanos:5027541} worker_completed_timestamp:{seconds:1617808021 nanos:9407240} input_fetch_start_timestamp:{seconds:1617808021 nanos:5244141} input_fetch_completed_timestamp:{seconds:1617808021 nanos:6347745} execution_start_timestamp:{seconds:1617808021 nanos:6347745} execution_completed_timestamp:{seconds:1617808021 nanos:8855041} output_upload_start_timestamp:{seconds:1617808021 nanos:8855041} output_upload_completed_timestamp:{seconds:1617808021 nanos:9407240} auxiliary_metadata:{type_url:"type.googleapis.com/buildbarn.resourceusage.POSIXResourceUsage" value:"\n\x04\x10бH\x12\x00\x18\x80\xa0\x8c\r8\x8b\x01X\x18x\x03\x80\x01\x08"} auxiliary_metadata:{type_url:"type.googleapis.com/buildbarn.resourceusage.FilePoolResourceUsage"}}} message:"Action details (cached result): /action/blake-client/B3Z:143ce1332a19d6682a941b6d6bba50ddcb78c3fd06b768cb931992f95c95b921/76/"
