Loading: 
Loading: 0 packages loaded
Analyzing: target //cmd/blake3zcc_hasher:blake3zcc_hasher (0 packages loaded, 0 targets configured)
INFO: Analyzed target //cmd/blake3zcc_hasher:blake3zcc_hasher (0 packages loaded, 0 targets configured).
INFO: Found 1 target...
[0 / 1] [Prepa] BazelWorkspaceStatusAction stable-status.txt
Target //cmd/blake3zcc_hasher:blake3zcc_hasher up-to-date:
  bazel-bin/cmd/blake3zcc_hasher/blake3zcc_hasher_/blake3zcc_hasher
INFO: Elapsed time: 0.131s, Critical Path: 0.00s
INFO: 0 processes.
INFO: Build completed successfully, 1 total action
INFO: Running command line: bazel-bin/cmd/blake3zcc_hasher/blake3zcc_hasher_/blake3zcc_hasher -a localhost:8980 -d /home/debian/blake-client/experiments/e6 -c 2 '-b=true'
INFO: Build completed successfully, 1 total action
2021/04/07 16:06:59 Hash: B3Z:5dd8ca499a27fdca7781b2347ef1c99c32601170d215b7940fe94959c74e9722
2021/04/07 16:06:59 Hash: B3Z:befe2c5e66314b31306be15ce2b32c0d3f6e986f52a1cf9c8b7d26be8348bbb7
2021/04/07 16:06:59 Hash: B3Z:b9c6ea034da937ff83347e60a681dbacf9bed3fec0cfcf6208663f6e5a85c71f
2021/04/07 16:06:59 Hash: B3Z:d9255d8105ee52b23f018fbd0eb54ae8d464e1f3b0c8729492b39af69afd9ec0
2021/04/07 16:06:59 Hash: B3Z:ad999527801869edbda231d00ee752f5f73bb0c3b91fd1acd755442c6b5081c5
2021/04/07 16:06:59 Time Hashing: 224.596µs
2021/04/07 16:06:59 Bytes Hashed: 16072
2021/04/07 16:06:59 Action Digest: [173 153 149 39 128 24 105 237 189 162 49 208 14 231 82 245 247 59 176 195 185 31 209 172 215 85 68 44 107 80 129 197] ad999527801869edbda231d00ee752f5f73bb0c3b91fd1acd755442c6b5081c5  76
2021/04/07 16:06:59 Bytes Uploaded: 76
2021/04/07 16:06:59 Time Uploading: 632.354µs
2021/04/07 16:06:59 Time Finding Missing Blobs: 1.536376ms
2021/04/07 16:06:59 Execute response: result:{output_files:{path:"out" digest:{size_bytes:15872 hash_blake3zcc:">\xfbV\x12\xef\x00+\xbe\xc3\xc1\xb4\xa6W\xcevy\x06\xff\xd74zP\xb2\x9cd\xa1\xdc\x1b\x8a\xc1\xe4>"}} execution_metadata:{worker:"{\"datacenter\":\"paris\",\"hostname\":\"ubuntu-worker.example.com\",\"rack\":\"4\",\"slot\":\"15\",\"thread\":\"2\"}" queued_timestamp:{seconds:1617808019 nanos:689248290} worker_start_timestamp:{seconds:1617808019 nanos:689613600} worker_completed_timestamp:{seconds:1617808019 nanos:697246283} input_fetch_start_timestamp:{seconds:1617808019 nanos:690030883} input_fetch_completed_timestamp:{seconds:1617808019 nanos:690945325} execution_start_timestamp:{seconds:1617808019 nanos:690945325} execution_completed_timestamp:{seconds:1617808019 nanos:694894790} output_upload_start_timestamp:{seconds:1617808019 nanos:694894790} output_upload_completed_timestamp:{seconds:1617808019 nanos:697246283} auxiliary_metadata:{type_url:"type.googleapis.com/buildbarn.resourceusage.POSIXResourceUsage" value:"\n\x04\x10\xf8\x83E\x12\x00\x18\x80\xa0\x8c\r8\x8f\x01X x\x03\x80\x01\x0b"} auxiliary_metadata:{type_url:"type.googleapis.com/buildbarn.resourceusage.FilePoolResourceUsage"}}} message:"Action details (cached result): /action/blake-client/B3Z:ad999527801869edbda231d00ee752f5f73bb0c3b91fd1acd755442c6b5081c5/76/"
