Loading: 
Loading: 0 packages loaded
Analyzing: target //cmd/blake3zcc_hasher:blake3zcc_hasher (0 packages loaded, 0 targets configured)
INFO: Analyzed target //cmd/blake3zcc_hasher:blake3zcc_hasher (0 packages loaded, 0 targets configured).
INFO: Found 1 target...
[0 / 1] [Prepa] BazelWorkspaceStatusAction stable-status.txt
Target //cmd/blake3zcc_hasher:blake3zcc_hasher up-to-date:
  bazel-bin/cmd/blake3zcc_hasher/blake3zcc_hasher_/blake3zcc_hasher
INFO: Elapsed time: 0.080s, Critical Path: 0.00s
INFO: 0 processes.
INFO: Build completed successfully, 1 total action
INFO: Running command line: bazel-bin/cmd/blake3zcc_hasher/blake3zcc_hasher_/blake3zcc_hasher -a localhost:8980 -d /home/debian/blake-client/experiments/e8 -c 2 '-b=true'
INFO: Build completed successfully, 1 total action
2021/04/07 16:07:36 Hash: B3Z:d88e75149fe719abc7e6d415a8caef5ec8d620eaa00b7527c19f7dc7ebe9b072
2021/04/07 16:07:36 Hash: B3Z:477b12cdf7401191a9fd9936bdf4118789c0b17f4ced6457fd7e6af98aca39f5
2021/04/07 16:07:36 Hash: B3Z:c521f88de0fe29d62b7e01896a6cb78422fd11872ded9daafa9e0347501d48fc
2021/04/07 16:07:36 Hash: B3Z:d9255d8105ee52b23f018fbd0eb54ae8d464e1f3b0c8729492b39af69afd9ec0
2021/04/07 16:07:36 Hash: B3Z:c813fa2591df60cb69259b8565a0986f74c00f81bc05fe5d152f4ebe7ff1f761
2021/04/07 16:07:36 Time Hashing: 263.064µs
2021/04/07 16:07:36 Bytes Hashed: 57546
2021/04/07 16:07:36 Action Digest: [200 19 250 37 145 223 96 203 105 37 155 133 101 160 152 111 116 192 15 129 188 5 254 93 21 47 78 190 127 241 247 97] c813fa2591df60cb69259b8565a0986f74c00f81bc05fe5d152f4ebe7ff1f761  76
2021/04/07 16:07:36 Bytes Uploaded: 170
2021/04/07 16:07:36 Time Uploading: 1.12958ms
2021/04/07 16:07:36 Time Finding Missing Blobs: 2.207531ms
2021/04/07 16:07:36 Execute response: result:{output_files:{path:"out" digest:{size_bytes:57344 hash_blake3zcc:"\xfd\xf3\xf96;<\xd6F\xf2bq\x93\xa8\x02@\xc7\xcc\x1c\xda\x1cO1\xe8G\xc5|\xd9o\xeb\xfc\x8a~"}} execution_metadata:{worker:"{\"datacenter\":\"paris\",\"hostname\":\"ubuntu-worker.example.com\",\"rack\":\"4\",\"slot\":\"15\",\"thread\":\"4\"}" queued_timestamp:{seconds:1617808056 nanos:797372099} worker_start_timestamp:{seconds:1617808056 nanos:797812087} worker_completed_timestamp:{seconds:1617808056 nanos:802997742} input_fetch_start_timestamp:{seconds:1617808056 nanos:798097582} input_fetch_completed_timestamp:{seconds:1617808056 nanos:799339440} execution_start_timestamp:{seconds:1617808056 nanos:799339440} execution_completed_timestamp:{seconds:1617808056 nanos:801189741} output_upload_start_timestamp:{seconds:1617808056 nanos:801189741} output_upload_completed_timestamp:{seconds:1617808056 nanos:802997742} auxiliary_metadata:{type_url:"type.googleapis.com/buildbarn.resourceusage.POSIXResourceUsage" value:"\n\x04\x10\x88\xe1@\x12\x00\x18\x80\xe0\xed\x0c8\x9c\x01Xpx\x03\x80\x01\x04"} auxiliary_metadata:{type_url:"type.googleapis.com/buildbarn.resourceusage.FilePoolResourceUsage"}}} message:"Action details (cached result): /action/blake-client/B3Z:c813fa2591df60cb69259b8565a0986f74c00f81bc05fe5d152f4ebe7ff1f761/76/"
