Loading: 
Loading: 0 packages loaded
Analyzing: target //cmd/blake3zcc_hasher:blake3zcc_hasher (0 packages loaded, 0 targets configured)
INFO: Analyzed target //cmd/blake3zcc_hasher:blake3zcc_hasher (0 packages loaded, 0 targets configured).
INFO: Found 1 target...
[0 / 1] [Prepa] BazelWorkspaceStatusAction stable-status.txt
Target //cmd/blake3zcc_hasher:blake3zcc_hasher up-to-date:
  bazel-bin/cmd/blake3zcc_hasher/blake3zcc_hasher_/blake3zcc_hasher
INFO: Elapsed time: 0.127s, Critical Path: 0.00s
INFO: 0 processes.
INFO: Build completed successfully, 1 total action
INFO: Running command line: bazel-bin/cmd/blake3zcc_hasher/blake3zcc_hasher_/blake3zcc_hasher -a localhost:8980 -d /home/debian/blake-client/experiments/e9 -c 2 '-b=true'
INFO: Build completed successfully, 1 total action
2021/04/07 16:07:37 Hash: B3Z:052d0378daea4d46353d2a6dbdd7a6ae3fa4dbfaccd5a83cf6e3982728056074
2021/04/07 16:07:37 Hash: B3Z:477b12cdf7401191a9fd9936bdf4118789c0b17f4ced6457fd7e6af98aca39f5
2021/04/07 16:07:37 Hash: B3Z:d59fef940acb75b263fe4d155986cec2324b0179e081feb0adb20fd6f80bc565
2021/04/07 16:07:37 Hash: B3Z:d9255d8105ee52b23f018fbd0eb54ae8d464e1f3b0c8729492b39af69afd9ec0
2021/04/07 16:07:37 Hash: B3Z:7f6a8e731037ced68206fc92e90750199d6c4a2bcdbc8ee8d62ec4a627a3c313
2021/04/07 16:07:37 Time Hashing: 262.873µs
2021/04/07 16:07:37 Bytes Hashed: 49353
2021/04/07 16:07:37 Action Digest: [127 106 142 115 16 55 206 214 130 6 252 146 233 7 80 25 157 108 74 43 205 188 142 232 214 46 196 166 39 163 195 19] 7f6a8e731037ced68206fc92e90750199d6c4a2bcdbc8ee8d62ec4a627a3c313  76
2021/04/07 16:07:37 Bytes Uploaded: 169
2021/04/07 16:07:37 Time Uploading: 1.077081ms
2021/04/07 16:07:37 Time Finding Missing Blobs: 3.584817ms
2021/04/07 16:07:37 Execute response: result:{output_files:{path:"out" digest:{size_bytes:49152 hash_blake3zcc:"E\x0cֻ\xf5\xd7|x\xf0D\xfcwz\xb7\r\xb8\x89\x80\x82w\xb3?ZhA\x85y\xf5\xae\xbas7"}} execution_metadata:{worker:"{\"datacenter\":\"paris\",\"hostname\":\"ubuntu-worker.example.com\",\"rack\":\"4\",\"slot\":\"15\",\"thread\":\"7\"}" queued_timestamp:{seconds:1617808057 nanos:83241817} worker_start_timestamp:{seconds:1617808057 nanos:83617416} worker_completed_timestamp:{seconds:1617808057 nanos:92499445} input_fetch_start_timestamp:{seconds:1617808057 nanos:83886527} input_fetch_completed_timestamp:{seconds:1617808057 nanos:85082605} execution_start_timestamp:{seconds:1617808057 nanos:85082605} execution_completed_timestamp:{seconds:1617808057 nanos:89369631} output_upload_start_timestamp:{seconds:1617808057 nanos:89369631} output_upload_completed_timestamp:{seconds:1617808057 nanos:92499445} auxiliary_metadata:{type_url:"type.googleapis.com/buildbarn.resourceusage.POSIXResourceUsage" value:"\n\x04\x10\xf0\xd0H\x12\x00\x18\x80\xe0\xed\x0c8\x9c\x01X`x\x03\x80\x01\x06"} auxiliary_metadata:{type_url:"type.googleapis.com/buildbarn.resourceusage.FilePoolResourceUsage"}}} message:"Action details (cached result): /action/blake-client/B3Z:7f6a8e731037ced68206fc92e90750199d6c4a2bcdbc8ee8d62ec4a627a3c313/76/"
