Loading: 
Loading: 0 packages loaded
Analyzing: target //cmd/blake3zcc_hasher:blake3zcc_hasher (0 packages loaded, 0 targets configured)
INFO: Analyzed target //cmd/blake3zcc_hasher:blake3zcc_hasher (0 packages loaded, 0 targets configured).
INFO: Found 1 target...
[0 / 1] [Prepa] BazelWorkspaceStatusAction stable-status.txt
Target //cmd/blake3zcc_hasher:blake3zcc_hasher up-to-date:
  bazel-bin/cmd/blake3zcc_hasher/blake3zcc_hasher_/blake3zcc_hasher
INFO: Elapsed time: 0.083s, Critical Path: 0.00s
INFO: 0 processes.
INFO: Build completed successfully, 1 total action
INFO: Running command line: bazel-bin/cmd/blake3zcc_hasher/blake3zcc_hasher_/blake3zcc_hasher -a localhost:8980 -d /home/debian/blake-client/experiments/e4 -c 1 '-b=true'
INFO: Build completed successfully, 1 total action
2021/04/07 16:07:34 Hash: B3Z:dcc94652552f31d8f074580df4deb3c321355eccbfa112e82c225a54f10d795e
2021/04/07 16:07:34 Hash: B3Z:d88e75149fe719abc7e6d415a8caef5ec8d620eaa00b7527c19f7dc7ebe9b072
2021/04/07 16:07:34 Hash: B3Z:30163795025eff375d7168c5c1fa9b44143659a3a7a33dab8d3d4e54162820f4
2021/04/07 16:07:34 Hash: B3Z:95f1a8b8421e32df87826aa0d29f40b20c295a3f603de6d2533dc0d717f40852
2021/04/07 16:07:34 Hash: B3Z:b6164897dfcba7a880d65c5554a44f21de3afe253ac22e2a357654c3825a3f49
2021/04/07 16:07:34 Time Hashing: 226.482µs
2021/04/07 16:07:34 Bytes Hashed: 49356
2021/04/07 16:07:34 Action Digest: [182 22 72 151 223 203 167 168 128 214 92 85 84 164 79 33 222 58 254 37 58 194 46 42 53 118 84 195 130 90 63 73] b6164897dfcba7a880d65c5554a44f21de3afe253ac22e2a357654c3825a3f49  76
2021/04/07 16:07:34 Bytes Uploaded: 76
2021/04/07 16:07:34 Time Uploading: 910.66µs
2021/04/07 16:07:34 Time Finding Missing Blobs: 2.364595ms
2021/04/07 16:07:34 Execute response: result:{output_files:{path:"out" digest:{size_bytes:32770 hash_blake3zcc:"\xa6\xc0\x02yh\x1e]oj<\xf7\xc5*wta\x92\x99}\x02\xfb(ё\x96\xa7؈yZ\xd3"}} execution_metadata:{worker:"{\"datacenter\":\"paris\",\"hostname\":\"ubuntu-worker.example.com\",\"rack\":\"4\",\"slot\":\"15\",\"thread\":\"4\"}" queued_timestamp:{seconds:1617808054 nanos:575712081} worker_start_timestamp:{seconds:1617808054 nanos:576274865} worker_completed_timestamp:{seconds:1617808054 nanos:582636841} input_fetch_start_timestamp:{seconds:1617808054 nanos:576482449} input_fetch_completed_timestamp:{seconds:1617808054 nanos:577248681} execution_start_timestamp:{seconds:1617808054 nanos:577248681} execution_completed_timestamp:{seconds:1617808054 nanos:579937245} output_upload_start_timestamp:{seconds:1617808054 nanos:579937245} output_upload_completed_timestamp:{seconds:1617808054 nanos:582636841} auxiliary_metadata:{type_url:"type.googleapis.com/buildbarn.resourceusage.POSIXResourceUsage" value:"\n\x04\x10\xf0\xdfC\x12\x00\x18\x80\xe0\xed\x0c8\x90\x01XHx\x03\x80\x01\x08"} auxiliary_metadata:{type_url:"type.googleapis.com/buildbarn.resourceusage.FilePoolResourceUsage"}}} message:"Action details (cached result): /action/blake-client/B3Z:b6164897dfcba7a880d65c5554a44f21de3afe253ac22e2a357654c3825a3f49/76/"
