Loading: 
Loading: 0 packages loaded
Analyzing: target //cmd/blake3zcc_hasher:blake3zcc_hasher (0 packages loaded, 0 targets configured)
INFO: Analyzed target //cmd/blake3zcc_hasher:blake3zcc_hasher (0 packages loaded, 0 targets configured).
INFO: Found 1 target...
[0 / 1] [Prepa] BazelWorkspaceStatusAction stable-status.txt
Target //cmd/blake3zcc_hasher:blake3zcc_hasher up-to-date:
  bazel-bin/cmd/blake3zcc_hasher/blake3zcc_hasher_/blake3zcc_hasher
INFO: Elapsed time: 0.081s, Critical Path: 0.00s
INFO: 0 processes.
INFO: Build completed successfully, 1 total action
INFO: Running command line: bazel-bin/cmd/blake3zcc_hasher/blake3zcc_hasher_/blake3zcc_hasher -a localhost:8980 -d /home/debian/blake-client/experiments/e6 -c 4 '-b=false'
INFO: Build completed successfully, 1 total action
2021/03/09 13:11:20 Hash: 1ed70df886de68bfe8bdae3462a35656f5197c8142f140f53fc04306fdf1f503
2021/03/09 13:11:20 Hash: 2d49da1ffebf3f8b896527b18e0518faba6dfdffeaef994e856fc68689eacb01
2021/03/09 13:11:20 Hash: 76c483a5fd04b22a57ddbf46f23d15d6a38ff8bda7ee11c2371cd36a55fd1523
2021/03/09 13:11:20 Command: arguments:"sh"  arguments:"-c"  arguments:"cp in0 out && printf ' ' | dd of=out bs=1 count=1 seek=143360 conv=notrunc"  output_paths:"out"
2021/03/09 13:11:20 Hash: e54783af106461595aaa3af202f24e1ead37ba53cd0d9b6bac037bd15773b4cf
2021/03/09 13:11:20 Hash: e1678e1fc0fd678ecb3a520e1188d31745c9f8fa1d4d592acb7cffc79fc11a88
2021/03/09 13:11:20 Time Hashing: 3.14023ms
2021/03/09 13:11:20 Bytes Hashed: 737670
2021/03/09 13:11:20 Action Digest: []  e1678e1fc0fd678ecb3a520e1188d31745c9f8fa1d4d592acb7cffc79fc11a88 141
2021/03/09 13:11:20 Bytes Uploaded: 230
2021/03/09 13:11:20 Time Uploading: 2.290672ms
2021/03/09 13:11:20 Time Finding Missing Blobs: 1.825819ms
2021/03/09 13:11:20 Execute response: result:{output_files:{path:"out"  digest:{hash_other:"6124b6445ce9705ebda413858c7a9b1dd2d2a0bf947f40c5ca86f30266b034c3"  size_bytes:286721}}  stderr_digest:{hash_other:"aed86da874be85b3a4a8a5aa767aa58fc87d936dcb2d81ccc52baee416950b79"  size_bytes:70}  execution_metadata:{worker:"{\"datacenter\":\"paris\",\"hostname\":\"ubuntu-worker.example.com\",\"rack\":\"4\",\"slot\":\"15\",\"thread\":\"6\"}"  queued_timestamp:{seconds:1615295480  nanos:210067752}  worker_start_timestamp:{seconds:1615295480  nanos:210895074}  worker_completed_timestamp:{seconds:1615295480  nanos:221362268}  input_fetch_start_timestamp:{seconds:1615295480  nanos:211216250}  input_fetch_completed_timestamp:{seconds:1615295480  nanos:211936592}  execution_start_timestamp:{seconds:1615295480  nanos:211936592}  execution_completed_timestamp:{seconds:1615295480  nanos:216292484}  output_upload_start_timestamp:{seconds:1615295480  nanos:216292484}  output_upload_completed_timestamp:{seconds:1615295480  nanos:221362268}  auxiliary_metadata:{type_url:"type.googleapis.com/buildbarn.resourceusage.POSIXResourceUsage"  value:"\n\x05\x10\xf0\x81\x8c\x01\x12\x00\x18\x80\xc0\x9d\x0e8\xc1\x02X\xc0\x04x\x06\x80\x01\x08"}  auxiliary_metadata:{type_url:"type.googleapis.com/buildbarn.resourceusage.FilePoolResourceUsage"}}}  message:"Action details (cached result): /action/blake-client/e1678e1fc0fd678ecb3a520e1188d31745c9f8fa1d4d592acb7cffc79fc11a88/141/"
