Loading: 
Loading: 0 packages loaded
Analyzing: target //cmd/blake3zcc_hasher:blake3zcc_hasher (0 packages loaded, 0 targets configured)
INFO: Analyzed target //cmd/blake3zcc_hasher:blake3zcc_hasher (0 packages loaded, 0 targets configured).
INFO: Found 1 target...
[0 / 1] [Prepa] BazelWorkspaceStatusAction stable-status.txt
Target //cmd/blake3zcc_hasher:blake3zcc_hasher up-to-date:
  bazel-bin/cmd/blake3zcc_hasher/linux_amd64_stripped/blake3zcc_hasher
INFO: Elapsed time: 0.075s, Critical Path: 0.00s
INFO: 0 processes.
INFO: Build completed successfully, 1 total action
INFO: Running command line: bazel-bin/cmd/blake3zcc_hasher/linux_amd64_stripped/blake3zcc_hasher -a localhost:8980 -d /home/scott/buildbarn/blake-client/experiments/e11 -c 2 '-b=true'
INFO: Build completed successfully, 1 total action
2021/02/19 16:22:32 Hash: B3Z:78c1ca3f7e53f55b55b69a9b46a6469e6eea284f77d2ea2be907c5a623daf802
2021/02/19 16:22:32 Hash: B3Z:0fecd56bb83dcf76af72f4f090f256319dca1b2302398e55d1958376a3da1adb
2021/02/19 16:22:32 Hash: B3Z:308d72504166e927b69763edb35c53ae271a4ae6fd85c3329b4427e55c577aca
2021/02/19 16:22:32 Hash: B3Z:d9255d8105ee52b23f018fbd0eb54ae8d464e1f3b0c8729492b39af69afd9ec0
2021/02/19 16:22:32 Hash: B3Z:d10b3806d6b69e828dabc8c8eec94529fc1ddaea5c5081ccafc0b75a692a98bd
2021/02/19 16:22:32 Action Digest: [209 11 56 6 214 182 158 130 141 171 200 200 238 201 69 41 252 29 218 234 92 80 129 204 175 192 183 90 105 42 152 189] d10b3806d6b69e828dabc8c8eec94529fc1ddaea5c5081ccafc0b75a692a98bd  76
2021/02/19 16:22:32 Bytes Uploaded: 170
2021/02/19 16:22:32 Bytes Hashed: 327884
2021/02/19 16:22:32 Time Hashing: 706.038µs
2021/02/19 16:22:32 Time Uploading: 6.655217ms
2021/02/19 16:22:32 Time Finding Missing Blobs: 1.456825ms
2021/02/19 16:22:32 Execute response: result:<output_files:<path:"out" digest:<size_bytes:327682 hash_blake3zcc:"\375\207\032\2072\225\225W\202\202\301'q\255\345\241\246Ip\227e|`\201\366\251\237\022\327O\345\225" > > execution_metadata:<worker:"{\"datacenter\":\"paris\",\"hostname\":\"ubuntu-worker.example.com\",\"rack\":\"4\",\"slot\":\"15\",\"thread\":\"4\"}" queued_timestamp:<seconds:1613751752 nanos:415572320 > worker_start_timestamp:<seconds:1613751752 nanos:415992326 > worker_completed_timestamp:<seconds:1613751752 nanos:422165082 > input_fetch_start_timestamp:<seconds:1613751752 nanos:416210445 > input_fetch_completed_timestamp:<seconds:1613751752 nanos:416815297 > execution_start_timestamp:<seconds:1613751752 nanos:416815297 > execution_completed_timestamp:<seconds:1613751752 nanos:418181698 > output_upload_start_timestamp:<seconds:1613751752 nanos:418181698 > output_upload_completed_timestamp:<seconds:1613751752 nanos:422165082 > auxiliary_metadata:<type_url:"type.googleapis.com/buildbarn.resourceusage.POSIXResourceUsage" value:"\n\004\020\300\212;\022\000\030\200\340\231\n8\260\001X\210\005x\003\200\001\001" > auxiliary_metadata:<type_url:"type.googleapis.com/buildbarn.resourceusage.FilePoolResourceUsage" > > > message:"Action details (cached result): /action/blake-client/B3Z:d10b3806d6b69e828dabc8c8eec94529fc1ddaea5c5081ccafc0b75a692a98bd/76/" 
