Loading: 
Loading: 0 packages loaded
Analyzing: target //cmd/blake3zcc_hasher:blake3zcc_hasher (0 packages loaded, 0 targets configured)
INFO: Analyzed target //cmd/blake3zcc_hasher:blake3zcc_hasher (0 packages loaded, 0 targets configured).
INFO: Found 1 target...
[0 / 1] [Prepa] BazelWorkspaceStatusAction stable-status.txt
Target //cmd/blake3zcc_hasher:blake3zcc_hasher up-to-date:
  bazel-bin/cmd/blake3zcc_hasher/blake3zcc_hasher_/blake3zcc_hasher
INFO: Elapsed time: 0.093s, Critical Path: 0.00s
INFO: 0 processes.
INFO: Build completed successfully, 1 total action
INFO: Running command line: bazel-bin/cmd/blake3zcc_hasher/blake3zcc_hasher_/blake3zcc_hasher -a localhost:8980 -d /home/debian/blake-client/experiments/e12 -c 2 '-b=false'
INFO: Build completed successfully, 1 total action
2021/03/09 13:11:18 Hash: 0dc2a9e142c84c5692e6cfb71abdb836cd5b30108213acc969a456ca745d3725
2021/03/09 13:11:18 Hash: e383db35bf61b83bbe3e896eee1cebc132f3e16f32a1981bd08d5cc024ab9373
2021/03/09 13:11:18 Hash: ec6f73c374de920826136f70d5aa8213a293ca50d1f3475227cfbceab6af112f
2021/03/09 13:11:18 Hash: 44a4c12b5acf05295e010a26c1a0ee9961303f33eb04ac8152ae9971faff091e
2021/03/09 13:11:18 Hash: 7caf2cbde368da32bfb6146ddf47062d4b959f688f2d3d4e1673ae1af2f2b707
2021/03/09 13:11:18 Time Hashing: 865.42µs
2021/03/09 13:11:18 Bytes Hashed: 205133
2021/03/09 13:11:18 Action Digest: []  7caf2cbde368da32bfb6146ddf47062d4b959f688f2d3d4e1673ae1af2f2b707 141
2021/03/09 13:11:18 Bytes Uploaded: 299
2021/03/09 13:11:18 Time Uploading: 1.40099ms
2021/03/09 13:11:18 Time Finding Missing Blobs: 1.626921ms
2021/03/09 13:11:18 Execute response: result:{output_files:{path:"out"  digest:{hash_other:"63b924b9700edfdfccd66d2c1715c4c3fb6987dc46859e14ff632689d84e65e4"  size_bytes:204802}}  execution_metadata:{worker:"{\"datacenter\":\"paris\",\"hostname\":\"ubuntu-worker.example.com\",\"rack\":\"4\",\"slot\":\"15\",\"thread\":\"4\"}"  queued_timestamp:{seconds:1615295478  nanos:80955571}  worker_start_timestamp:{seconds:1615295478  nanos:81490292}  worker_completed_timestamp:{seconds:1615295478  nanos:87782892}  input_fetch_start_timestamp:{seconds:1615295478  nanos:81695643}  input_fetch_completed_timestamp:{seconds:1615295478  nanos:83356336}  execution_start_timestamp:{seconds:1615295478  nanos:83356336}  execution_completed_timestamp:{seconds:1615295478  nanos:86629287}  output_upload_start_timestamp:{seconds:1615295478  nanos:86629287}  output_upload_completed_timestamp:{seconds:1615295478  nanos:87782892}  auxiliary_metadata:{type_url:"type.googleapis.com/buildbarn.resourceusage.POSIXResourceUsage"  value:"\n\x04\x10\xf8\xd6S\x12\x00\x18\x80\xc0\x9d\x0e8\xb5\x01X\x98\x03x\x03\x80\x01\x06"}  auxiliary_metadata:{type_url:"type.googleapis.com/buildbarn.resourceusage.FilePoolResourceUsage"}}}  message:"Action details (cached result): /action/blake-client/7caf2cbde368da32bfb6146ddf47062d4b959f688f2d3d4e1673ae1af2f2b707/141/"
