Loading: 
Loading: 0 packages loaded
Analyzing: target //cmd/blake3zcc_hasher:blake3zcc_hasher (0 packages loaded, 0 targets configured)
INFO: Analyzed target //cmd/blake3zcc_hasher:blake3zcc_hasher (0 packages loaded, 0 targets configured).
INFO: Found 1 target...
[0 / 1] [Prepa] BazelWorkspaceStatusAction stable-status.txt
Target //cmd/blake3zcc_hasher:blake3zcc_hasher up-to-date:
  bazel-bin/cmd/blake3zcc_hasher/blake3zcc_hasher_/blake3zcc_hasher
INFO: Elapsed time: 0.093s, Critical Path: 0.00s
INFO: 0 processes.
INFO: Build completed successfully, 1 total action
INFO: Running command line: bazel-bin/cmd/blake3zcc_hasher/blake3zcc_hasher_/blake3zcc_hasher -a localhost:8980 -d /home/debian/blake-client/experiments/e3 -c 2 '-b=false'
INFO: Build completed successfully, 1 total action
2021/03/09 13:11:18 Hash: 1ed70df886de68bfe8bdae3462a35656f5197c8142f140f53fc04306fdf1f503
2021/03/09 13:11:18 Hash: 0dc2a9e142c84c5692e6cfb71abdb836cd5b30108213acc969a456ca745d3725
2021/03/09 13:11:18 Hash: 637517d2a197f988ef123b4eaae58d118bf97f2a3bece0707bfdcabbb62e7b70
2021/03/09 13:11:18 Hash: 44a4c12b5acf05295e010a26c1a0ee9961303f33eb04ac8152ae9971faff091e
2021/03/09 13:11:18 Hash: 668ebe48d3c27a5500645f9fe0a5b3b6a26315f132e920df3029dc2e6c4a0944
2021/03/09 13:11:18 Time Hashing: 2.345883ms
2021/03/09 13:11:18 Bytes Hashed: 491853
2021/03/09 13:11:18 Action Digest: []  668ebe48d3c27a5500645f9fe0a5b3b6a26315f132e920df3029dc2e6c4a0944 141
2021/03/09 13:11:18 Bytes Uploaded: 450860
2021/03/09 13:11:18 Time Uploading: 10.617678ms
2021/03/09 13:11:18 Time Finding Missing Blobs: 1.252755ms
2021/03/09 13:11:18 Execute response: result:{output_files:{path:"out"  digest:{hash_other:"032c47a49558cc956c7a35cf5eef0453b6a66a0b2296ffaa71ed4ed6106ee51c"  size_bytes:491522}}  execution_metadata:{worker:"{\"datacenter\":\"paris\",\"hostname\":\"ubuntu-worker.example.com\",\"rack\":\"4\",\"slot\":\"15\",\"thread\":\"7\"}"  queued_timestamp:{seconds:1615295478  nanos:595065805}  worker_start_timestamp:{seconds:1615295478  nanos:595383244}  worker_completed_timestamp:{seconds:1615295478  nanos:623702810}  input_fetch_start_timestamp:{seconds:1615295478  nanos:595690310}  input_fetch_completed_timestamp:{seconds:1615295478  nanos:611281622}  execution_start_timestamp:{seconds:1615295478  nanos:611281622}  execution_completed_timestamp:{seconds:1615295478  nanos:616562881}  output_upload_start_timestamp:{seconds:1615295478  nanos:616562881}  output_upload_completed_timestamp:{seconds:1615295478  nanos:623702810}  auxiliary_metadata:{type_url:"type.googleapis.com/buildbarn.resourceusage.POSIXResourceUsage"  value:"\n\x04\x10\x88\x9fV\x12\x00\x18\x80\xc0\x9d\x0e8\xaf\x01X\xc8\x07x\x03\x80\x01\x07"}  auxiliary_metadata:{type_url:"type.googleapis.com/buildbarn.resourceusage.FilePoolResourceUsage"}}}  message:"Action details (cached result): /action/blake-client/668ebe48d3c27a5500645f9fe0a5b3b6a26315f132e920df3029dc2e6c4a0944/141/"
