Loading: 
Loading: 0 packages loaded
Analyzing: target //cmd/blake3zcc_hasher:blake3zcc_hasher (0 packages loaded, 0 targets configured)
INFO: Analyzed target //cmd/blake3zcc_hasher:blake3zcc_hasher (0 packages loaded, 0 targets configured).
INFO: Found 1 target...
[0 / 1] [Prepa] BazelWorkspaceStatusAction stable-status.txt
Target //cmd/blake3zcc_hasher:blake3zcc_hasher up-to-date:
  bazel-bin/cmd/blake3zcc_hasher/linux_amd64_stripped/blake3zcc_hasher
INFO: Elapsed time: 0.072s, Critical Path: 0.00s
INFO: 0 processes.
INFO: Build completed successfully, 1 total action
INFO: Running command line: bazel-bin/cmd/blake3zcc_hasher/linux_amd64_stripped/blake3zcc_hasher -a localhost:8980 -d /home/scott/buildbarn/blake-client/experiments/e2 -c 3 '-b=false'
INFO: Build completed successfully, 1 total action
2021/02/01 13:18:25 Hash: 2d49da1ffebf3f8b896527b18e0518faba6dfdffeaef994e856fc68689eacb01
2021/02/01 13:18:25 Hash: 0dc2a9e142c84c5692e6cfb71abdb836cd5b30108213acc969a456ca745d3725
2021/02/01 13:18:25 Hash: 930e82a47e068b0000866934d0df3ac931c29590cef0fb6dc90a5fec5aa98b11
2021/02/01 13:18:25 Hash: fc8f7ebcae29b1a99f8ef31c259df5db6244c70ebfb86af990c2af6cd4ee41fc
2021/02/01 13:18:25 Hash: 0e29bdb120f473522bf99373c04d6c0e71d2e4e18fcaefb913437ed95bb98801
2021/02/01 13:18:25 Action Digest: []  0e29bdb120f473522bf99373c04d6c0e71d2e4e18fcaefb913437ed95bb98801 141
2021/02/01 13:18:25 Bytes Uploaded: 141
2021/02/01 13:18:25 Time Hashing: 808.748µs
2021/02/01 13:18:25 Time Uploading: 527.974µs
2021/02/01 13:18:25 Time Finding Missing Blobs: 788.313µs
2021/02/01 13:18:25 Execute response: result:<output_files:<path:"out" digest:<hash_other:"2d49da1ffebf3f8b896527b18e0518faba6dfdffeaef994e856fc68689eacb01" size_bytes:286721 > > execution_metadata:<worker:"{\"datacenter\":\"paris\",\"hostname\":\"ubuntu-worker.example.com\",\"rack\":\"4\",\"slot\":\"15\",\"thread\":\"3\"}" queued_timestamp:<seconds:1612185505 nanos:952723655 > worker_start_timestamp:<seconds:1612185505 nanos:952980267 > worker_completed_timestamp:<seconds:1612185505 nanos:959273026 > input_fetch_start_timestamp:<seconds:1612185505 nanos:953156189 > input_fetch_completed_timestamp:<seconds:1612185505 nanos:953157224 > execution_start_timestamp:<seconds:1612185505 nanos:953157224 > execution_completed_timestamp:<seconds:1612185505 nanos:957779861 > output_upload_start_timestamp:<seconds:1612185505 nanos:957779861 > output_upload_completed_timestamp:<seconds:1612185505 nanos:959273026 > auxiliary_metadata:<type_url:"type.googleapis.com/buildbarn.resourceusage.POSIXResourceUsage" value:"\n\004\020\260\251j\022\000\030\200\300\210\n8\212\002XXx\005\200\001\007" > auxiliary_metadata:<type_url:"type.googleapis.com/buildbarn.resourceusage.FilePoolResourceUsage" > > > message:"Action details (cached result): /action/blake-client/0e29bdb120f473522bf99373c04d6c0e71d2e4e18fcaefb913437ed95bb98801/141/" 
