Loading: 
Loading: 0 packages loaded
Analyzing: target //cmd/blake3zcc_hasher:blake3zcc_hasher (0 packages loaded, 0 targets configured)
INFO: Analyzed target //cmd/blake3zcc_hasher:blake3zcc_hasher (0 packages loaded, 0 targets configured).
INFO: Found 1 target...
[0 / 1] [Prepa] BazelWorkspaceStatusAction stable-status.txt
Target //cmd/blake3zcc_hasher:blake3zcc_hasher up-to-date:
  bazel-bin/cmd/blake3zcc_hasher/linux_amd64_stripped/blake3zcc_hasher
INFO: Elapsed time: 0.072s, Critical Path: 0.00s
INFO: 0 processes.
INFO: Build completed successfully, 1 total action
INFO: Running command line: bazel-bin/cmd/blake3zcc_hasher/linux_amd64_stripped/blake3zcc_hasher -a localhost:8980 -d /home/scott/buildbarn/blake-client/experiments/e6 -c 1 '-b=false'
INFO: Build completed successfully, 1 total action
2021/02/03 16:11:18 Hash: 1ed70df886de68bfe8bdae3462a35656f5197c8142f140f53fc04306fdf1f503
2021/02/03 16:11:18 Hash: 2d49da1ffebf3f8b896527b18e0518faba6dfdffeaef994e856fc68689eacb01
2021/02/03 16:11:18 Hash: 76c483a5fd04b22a57ddbf46f23d15d6a38ff8bda7ee11c2371cd36a55fd1523
2021/02/03 16:11:18 Hash: 8ac82c9245239eed86e41c610a024096adf5a90ff857e300c1b91d60ca13e856
2021/02/03 16:11:18 Hash: 9ddd3bdb7084de5ef3a7053aede8083fb52be1011f27830b4fcb01956db207b1
2021/02/03 16:11:18 Action Digest: []  9ddd3bdb7084de5ef3a7053aede8083fb52be1011f27830b4fcb01956db207b1 141
2021/02/03 16:11:18 Bytes Uploaded: 141
2021/02/03 16:11:18 Time Hashing: 1.651793ms
2021/02/03 16:11:18 Time Uploading: 371.624µs
2021/02/03 16:11:18 Time Finding Missing Blobs: 842.994µs
2021/02/03 16:11:18 Execute response: result:<output_files:<path:"out" digest:<hash_other:"ba94daea81df6c98695dd47acaaec375ec9daff48db19065c60fe6de80239091" size_bytes:573442 > > execution_metadata:<worker:"{\"datacenter\":\"paris\",\"hostname\":\"ubuntu-worker.example.com\",\"rack\":\"4\",\"slot\":\"15\",\"thread\":\"5\"}" queued_timestamp:<seconds:1612368678 nanos:934319058 > worker_start_timestamp:<seconds:1612368678 nanos:934536882 > worker_completed_timestamp:<seconds:1612368678 nanos:940741308 > input_fetch_start_timestamp:<seconds:1612368678 nanos:934637121 > input_fetch_completed_timestamp:<seconds:1612368678 nanos:934705490 > execution_start_timestamp:<seconds:1612368678 nanos:934705490 > execution_completed_timestamp:<seconds:1612368678 nanos:936185316 > output_upload_start_timestamp:<seconds:1612368678 nanos:936185316 > output_upload_completed_timestamp:<seconds:1612368678 nanos:940741308 > auxiliary_metadata:<type_url:"type.googleapis.com/buildbarn.resourceusage.POSIXResourceUsage" value:"\n\004\020\270\305D\022\000\030\200\240\215\n8\311\001X\350\010x\003\200\001\002" > auxiliary_metadata:<type_url:"type.googleapis.com/buildbarn.resourceusage.FilePoolResourceUsage" > > > message:"Action details (cached result): /action/blake-client/9ddd3bdb7084de5ef3a7053aede8083fb52be1011f27830b4fcb01956db207b1/141/" 
