Loading: 
Loading: 0 packages loaded
Analyzing: target //cmd/blake3zcc_hasher:blake3zcc_hasher (0 packages loaded, 0 targets configured)
INFO: Analyzed target //cmd/blake3zcc_hasher:blake3zcc_hasher (0 packages loaded, 0 targets configured).
INFO: Found 1 target...
[0 / 1] [Prepa] BazelWorkspaceStatusAction stable-status.txt
Target //cmd/blake3zcc_hasher:blake3zcc_hasher up-to-date:
  bazel-bin/cmd/blake3zcc_hasher/blake3zcc_hasher_/blake3zcc_hasher
INFO: Elapsed time: 0.076s, Critical Path: 0.00s
INFO: 0 processes.
INFO: Build completed successfully, 1 total action
INFO: Running command line: bazel-bin/cmd/blake3zcc_hasher/blake3zcc_hasher_/blake3zcc_hasher -a localhost:8980 -d /home/debian/blake-client/experiments/e1 -c 3 '-b=false'
INFO: Build completed successfully, 1 total action
2021/03/09 13:11:17 Hash: e383db35bf61b83bbe3e896eee1cebc132f3e16f32a1981bd08d5cc024ab9373
2021/03/09 13:11:17 Hash: 0dc2a9e142c84c5692e6cfb71abdb836cd5b30108213acc969a456ca745d3725
2021/03/09 13:11:17 Hash: 0d85ab4a59955de5cc2dfde0905216aecee7375a02d37d71b014b873523e0bd0
2021/03/09 13:11:17 Hash: fc8f7ebcae29b1a99f8ef31c259df5db6244c70ebfb86af990c2af6cd4ee41fc
2021/03/09 13:11:17 Hash: 28869f187c5591fc31daff7d179fe460d074c7cbbce71ffc4b093e4ae3844ba0
2021/03/09 13:11:17 Time Hashing: 872.415µs
2021/03/09 13:11:17 Bytes Hashed: 205149
2021/03/09 13:11:17 Action Digest: []  28869f187c5591fc31daff7d179fe460d074c7cbbce71ffc4b093e4ae3844ba0 141
2021/03/09 13:11:17 Bytes Uploaded: 189
2021/03/09 13:11:17 Time Uploading: 1.257729ms
2021/03/09 13:11:17 Time Finding Missing Blobs: 967.048µs
2021/03/09 13:11:17 Execute response: result:{output_files:{path:"out"  digest:{hash_other:"e383db35bf61b83bbe3e896eee1cebc132f3e16f32a1981bd08d5cc024ab9373"  size_bytes:163841}}  execution_metadata:{worker:"{\"datacenter\":\"paris\",\"hostname\":\"ubuntu-worker.example.com\",\"rack\":\"4\",\"slot\":\"15\",\"thread\":\"5\"}"  queued_timestamp:{seconds:1615295477  nanos:340923981}  worker_start_timestamp:{seconds:1615295477  nanos:341295373}  worker_completed_timestamp:{seconds:1615295477  nanos:347037225}  input_fetch_start_timestamp:{seconds:1615295477  nanos:341508014}  input_fetch_completed_timestamp:{seconds:1615295477  nanos:342251317}  execution_start_timestamp:{seconds:1615295477  nanos:342251317}  execution_completed_timestamp:{seconds:1615295477  nanos:346342606}  output_upload_start_timestamp:{seconds:1615295477  nanos:346342606}  output_upload_completed_timestamp:{seconds:1615295477  nanos:347037225}  auxiliary_metadata:{type_url:"type.googleapis.com/buildbarn.resourceusage.POSIXResourceUsage"  value:"\n\x04\x10Чu\x12\x00\x18\x80\xc0\x9d\x0e8\x8e\x02XXx\x05\x80\x01\x07"}  auxiliary_metadata:{type_url:"type.googleapis.com/buildbarn.resourceusage.FilePoolResourceUsage"}}}  message:"Action details (cached result): /action/blake-client/28869f187c5591fc31daff7d179fe460d074c7cbbce71ffc4b093e4ae3844ba0/141/"
