Loading: 
Loading: 0 packages loaded
Analyzing: target //cmd/blake3zcc_hasher:blake3zcc_hasher (0 packages loaded, 0 targets configured)
INFO: Analyzed target //cmd/blake3zcc_hasher:blake3zcc_hasher (0 packages loaded, 0 targets configured).
INFO: Found 1 target...
[0 / 1] [Prepa] BazelWorkspaceStatusAction stable-status.txt
Target //cmd/blake3zcc_hasher:blake3zcc_hasher up-to-date:
  bazel-bin/cmd/blake3zcc_hasher/linux_amd64_stripped/blake3zcc_hasher
INFO: Elapsed time: 0.064s, Critical Path: 0.00s
INFO: 0 processes.
INFO: Build completed successfully, 1 total action
INFO: Running command line: bazel-bin/cmd/blake3zcc_hasher/linux_amd64_stripped/blake3zcc_hasher -a localhost:8980 -d /home/scott/buildbarn/blake-client/experiments/e1 -c 2 '-b=false'
INFO: Build completed successfully, 1 total action
2021/02/03 16:11:16 Hash: e383db35bf61b83bbe3e896eee1cebc132f3e16f32a1981bd08d5cc024ab9373
2021/02/03 16:11:16 Hash: 0dc2a9e142c84c5692e6cfb71abdb836cd5b30108213acc969a456ca745d3725
2021/02/03 16:11:16 Hash: 0d85ab4a59955de5cc2dfde0905216aecee7375a02d37d71b014b873523e0bd0
2021/02/03 16:11:16 Hash: 44a4c12b5acf05295e010a26c1a0ee9961303f33eb04ac8152ae9971faff091e
2021/02/03 16:11:16 Hash: 98a0955d5701c11565435f9fb1ffe4393bd9897f3b66c28ba6bf7513da04a628
2021/02/03 16:11:16 Action Digest: []  98a0955d5701c11565435f9fb1ffe4393bd9897f3b66c28ba6bf7513da04a628 141
2021/02/03 16:11:16 Bytes Uploaded: 173
2021/02/03 16:11:16 Time Hashing: 479.039µs
2021/02/03 16:11:16 Time Uploading: 3.748033ms
2021/02/03 16:11:16 Time Finding Missing Blobs: 932.382µs
2021/02/03 16:11:16 Execute response: result:<output_files:<path:"out" digest:<hash_other:"63b924b9700edfdfccd66d2c1715c4c3fb6987dc46859e14ff632689d84e65e4" size_bytes:204802 > > execution_metadata:<worker:"{\"datacenter\":\"paris\",\"hostname\":\"ubuntu-worker.example.com\",\"rack\":\"4\",\"slot\":\"15\",\"thread\":\"7\"}" queued_timestamp:<seconds:1612368676 nanos:834343076 > worker_start_timestamp:<seconds:1612368676 nanos:834580800 > worker_completed_timestamp:<seconds:1612368676 nanos:838600382 > input_fetch_start_timestamp:<seconds:1612368676 nanos:834731325 > input_fetch_completed_timestamp:<seconds:1612368676 nanos:834732345 > execution_start_timestamp:<seconds:1612368676 nanos:834732345 > execution_completed_timestamp:<seconds:1612368676 nanos:836293740 > output_upload_start_timestamp:<seconds:1612368676 nanos:836293740 > output_upload_completed_timestamp:<seconds:1612368676 nanos:838600382 > auxiliary_metadata:<type_url:"type.googleapis.com/buildbarn.resourceusage.POSIXResourceUsage" value:"\n\004\020\200\306<\022\000\030\200\240\215\n8\256\001X\230\003x\003" > auxiliary_metadata:<type_url:"type.googleapis.com/buildbarn.resourceusage.FilePoolResourceUsage" > > > message:"Action details (cached result): /action/blake-client/98a0955d5701c11565435f9fb1ffe4393bd9897f3b66c28ba6bf7513da04a628/141/" 
