Loading: 
Loading: 0 packages loaded
Analyzing: target //cmd/blake3zcc_hasher:blake3zcc_hasher (0 packages loaded, 0 targets configured)
INFO: Analyzed target //cmd/blake3zcc_hasher:blake3zcc_hasher (0 packages loaded, 0 targets configured).
INFO: Found 1 target...
[0 / 1] [Prepa] BazelWorkspaceStatusAction stable-status.txt
Target //cmd/blake3zcc_hasher:blake3zcc_hasher up-to-date:
  bazel-bin/cmd/blake3zcc_hasher/linux_amd64_stripped/blake3zcc_hasher
INFO: Elapsed time: 0.105s, Critical Path: 0.00s
INFO: 0 processes.
INFO: Build completed successfully, 1 total action
INFO: Running command line: bazel-bin/cmd/blake3zcc_hasher/linux_amd64_stripped/blake3zcc_hasher -a localhost:8980 -d /home/scott/buildbarn/blake-client/experiments/e10 -c 2 '-b=true'
INFO: Build completed successfully, 1 total action
2021/02/03 15:34:50 Hash: B3Z:ea42d17a30d3285566b173181682253f56bc3f9a4f495c20b10e5b3a877bca57
2021/02/03 15:34:50 Hash: B3Z:0fecd56bb83dcf76af72f4f090f256319dca1b2302398e55d1958376a3da1adb
2021/02/03 15:34:50 Hash: B3Z:9ae2ec4a047e44d46bda1f6065c8b8522241dfa5982b2d0a21d7dc7a1e70bfd8
2021/02/03 15:34:50 Hash: B3Z:d9255d8105ee52b23f018fbd0eb54ae8d464e1f3b0c8729492b39af69afd9ec0
2021/02/03 15:34:50 Hash: B3Z:1dcc3fe8aa66a5edc7a4a1f64c8954fbf13e6fb59de59bd89613e28c2eeb3c6b
2021/02/03 15:34:50 Action Digest: [29 204 63 232 170 102 165 237 199 164 161 246 76 137 84 251 241 62 111 181 157 229 155 216 150 19 226 140 46 235 60 107] 1dcc3fe8aa66a5edc7a4a1f64c8954fbf13e6fb59de59bd89613e28c2eeb3c6b  76
2021/02/03 15:34:50 Bytes Uploaded: 286891
2021/02/03 15:34:50 Time Hashing: 948.133µs
2021/02/03 15:34:50 Time Uploading: 11.73368ms
2021/02/03 15:34:50 Time Finding Missing Blobs: 1.221045ms
2021/02/03 15:34:50 Execute response: result:<output_files:<path:"out" digest:<size_bytes:450562 hash_blake3zcc:"\267\322\0212!\r\207\271\013\327\230\r \231\2324\306\2206\034\315\276\351\031\252\201\344`K.\245_" > > execution_metadata:<worker:"{\"datacenter\":\"paris\",\"hostname\":\"ubuntu-worker.example.com\",\"rack\":\"4\",\"slot\":\"15\",\"thread\":\"7\"}" queued_timestamp:<seconds:1612366490 nanos:683651821 > worker_start_timestamp:<seconds:1612366490 nanos:684028939 > worker_completed_timestamp:<seconds:1612366490 nanos:704827158 > input_fetch_start_timestamp:<seconds:1612366490 nanos:684207320 > input_fetch_completed_timestamp:<seconds:1612366490 nanos:699472183 > execution_start_timestamp:<seconds:1612366490 nanos:699472183 > execution_completed_timestamp:<seconds:1612366490 nanos:700952599 > output_upload_start_timestamp:<seconds:1612366490 nanos:700952599 > output_upload_completed_timestamp:<seconds:1612366490 nanos:704827158 > auxiliary_metadata:<type_url:"type.googleapis.com/buildbarn.resourceusage.POSIXResourceUsage" value:"\n\004\020\320\273\033\022\004\020\350\222&\030\200\300\212\t8\306\001X\370\006x\003" > auxiliary_metadata:<type_url:"type.googleapis.com/buildbarn.resourceusage.FilePoolResourceUsage" > > > message:"Action details (cached result): /action/blake-client/B3Z:1dcc3fe8aa66a5edc7a4a1f64c8954fbf13e6fb59de59bd89613e28c2eeb3c6b/76/" 
