Loading: 
Loading: 0 packages loaded
Analyzing: target //cmd/blake3zcc_hasher:blake3zcc_hasher (0 packages loaded, 0 targets configured)
INFO: Analyzed target //cmd/blake3zcc_hasher:blake3zcc_hasher (0 packages loaded, 0 targets configured).
INFO: Found 1 target...
[0 / 1] [Prepa] BazelWorkspaceStatusAction stable-status.txt
Target //cmd/blake3zcc_hasher:blake3zcc_hasher up-to-date:
  bazel-bin/cmd/blake3zcc_hasher/linux_amd64_stripped/blake3zcc_hasher
INFO: Elapsed time: 0.065s, Critical Path: 0.00s
INFO: 0 processes.
INFO: Build completed successfully, 1 total action
INFO: Running command line: bazel-bin/cmd/blake3zcc_hasher/linux_amd64_stripped/blake3zcc_hasher -a localhost:8980 -d /home/scott/buildbarn/blake-client/experiments/e9 -c 2 '-b=false'
INFO: Build completed successfully, 1 total action
2021/02/01 13:18:28 Hash: 0dc2a9e142c84c5692e6cfb71abdb836cd5b30108213acc969a456ca745d3725
2021/02/01 13:18:28 Hash: 1ed70df886de68bfe8bdae3462a35656f5197c8142f140f53fc04306fdf1f503
2021/02/01 13:18:28 Hash: 5cb75cba09e8299dd7d0fa112d2bed2f500aa776a256c4fea1c2a6775660721f
2021/02/01 13:18:28 Hash: 44a4c12b5acf05295e010a26c1a0ee9961303f33eb04ac8152ae9971faff091e
2021/02/01 13:18:28 Hash: 5496cc698fdb963e323c070d5a24ee49c24954cc70389f861acdd310652a7c72
2021/02/01 13:18:28 Action Digest: []  5496cc698fdb963e323c070d5a24ee49c24954cc70389f861acdd310652a7c72 141
2021/02/01 13:18:28 Bytes Uploaded: 299
2021/02/01 13:18:28 Time Hashing: 1.112208ms
2021/02/01 13:18:28 Time Uploading: 1.21341ms
2021/02/01 13:18:28 Time Finding Missing Blobs: 1.121566ms
2021/02/01 13:18:28 Execute response: result:<output_files:<path:"out" digest:<hash_other:"032c47a49558cc956c7a35cf5eef0453b6a66a0b2296ffaa71ed4ed6106ee51c" size_bytes:491522 > > execution_metadata:<worker:"{\"datacenter\":\"paris\",\"hostname\":\"ubuntu-worker.example.com\",\"rack\":\"4\",\"slot\":\"15\",\"thread\":\"2\"}" queued_timestamp:<seconds:1612185508 nanos:491648350 > worker_start_timestamp:<seconds:1612185508 nanos:491854187 > worker_completed_timestamp:<seconds:1612185508 nanos:495368314 > input_fetch_start_timestamp:<seconds:1612185508 nanos:491966261 > input_fetch_completed_timestamp:<seconds:1612185508 nanos:492356211 > execution_start_timestamp:<seconds:1612185508 nanos:492356211 > execution_completed_timestamp:<seconds:1612185508 nanos:493811956 > output_upload_start_timestamp:<seconds:1612185508 nanos:493811956 > output_upload_completed_timestamp:<seconds:1612185508 nanos:495368314 > auxiliary_metadata:<type_url:"type.googleapis.com/buildbarn.resourceusage.POSIXResourceUsage" value:"\n\004\020\370\222@\022\000\030\200\300\210\n8\270\001X\310\007x\003\200\001\001" > auxiliary_metadata:<type_url:"type.googleapis.com/buildbarn.resourceusage.FilePoolResourceUsage" > > > message:"Action details (cached result): /action/blake-client/5496cc698fdb963e323c070d5a24ee49c24954cc70389f861acdd310652a7c72/141/" 
