Loading: 
Loading: 0 packages loaded
Analyzing: target //cmd/blake3zcc_hasher:blake3zcc_hasher (0 packages loaded, 0 targets configured)
INFO: Analyzed target //cmd/blake3zcc_hasher:blake3zcc_hasher (0 packages loaded, 0 targets configured).
INFO: Found 1 target...
[0 / 1] [Prepa] BazelWorkspaceStatusAction stable-status.txt
Target //cmd/blake3zcc_hasher:blake3zcc_hasher up-to-date:
  bazel-bin/cmd/blake3zcc_hasher/linux_amd64_stripped/blake3zcc_hasher
INFO: Elapsed time: 0.079s, Critical Path: 0.00s
INFO: 0 processes.
INFO: Build completed successfully, 1 total action
INFO: Running command line: bazel-bin/cmd/blake3zcc_hasher/linux_amd64_stripped/blake3zcc_hasher -a localhost:8980 -d /home/scott/buildbarn/blake-client/experiments/e3 -c 3 '-b=true'
INFO: Build completed successfully, 1 total action
2021/02/01 13:17:13 Hash: B3Z:0ebb7843602079e3f02b3f71d4603dc3978f4b69203b052c663cf9fcb1f34285
2021/02/01 13:17:13 Hash: B3Z:78c1ca3f7e53f55b55b69a9b46a6469e6eea284f77d2ea2be907c5a623daf802
2021/02/01 13:17:13 Hash: B3Z:6aa410121433e3a6c4313a732874cd154da7c280127bff416672f0ae54ed1ac1
2021/02/01 13:17:13 Hash: B3Z:0379138517bc5811e645894edbef883e8d64f9056cdb7bdb54e23e31a6367972
2021/02/01 13:17:13 Hash: B3Z:c999041a616f1198fbffb0a6c85dddc5ef67dd66804dd10638dffb426276436d
2021/02/01 13:17:13 Action Digest: [201 153 4 26 97 111 17 152 251 255 176 166 200 93 221 197 239 103 221 102 128 77 209 6 56 223 251 66 98 118 67 109] c999041a616f1198fbffb0a6c85dddc5ef67dd66804dd10638dffb426276436d  76
2021/02/01 13:17:13 Bytes Uploaded: 76
2021/02/01 13:17:13 Time Hashing: 2.02451ms
2021/02/01 13:17:13 Time Uploading: 622.567µs
2021/02/01 13:17:13 Time Finding Missing Blobs: 1.690761ms
2021/02/01 13:17:13 Execute response: result:<output_files:<path:"out" digest:<size_bytes:450561 hash_blake3zcc:"\016\273xC` y\343\360+?q\324`=\303\227\217Ki ;\005,f<\371\374\261\363B\205" > > execution_metadata:<worker:"{\"datacenter\":\"paris\",\"hostname\":\"ubuntu-worker.example.com\",\"rack\":\"4\",\"slot\":\"15\",\"thread\":\"1\"}" queued_timestamp:<seconds:1612185433 nanos:778031770 > worker_start_timestamp:<seconds:1612185433 nanos:778410120 > worker_completed_timestamp:<seconds:1612185433 nanos:789017897 > input_fetch_start_timestamp:<seconds:1612185433 nanos:778541235 > input_fetch_completed_timestamp:<seconds:1612185433 nanos:778629311 > execution_start_timestamp:<seconds:1612185433 nanos:778629311 > execution_completed_timestamp:<seconds:1612185433 nanos:782642508 > output_upload_start_timestamp:<seconds:1612185433 nanos:782642508 > output_upload_completed_timestamp:<seconds:1612185433 nanos:789017897 > auxiliary_metadata:<type_url:"type.googleapis.com/buildbarn.resourceusage.POSIXResourceUsage" value:"\n\004\020\260\236D\022\004\020\210\265%\030\200\340\275\t8\215\002XXx\005\200\001\002" > auxiliary_metadata:<type_url:"type.googleapis.com/buildbarn.resourceusage.FilePoolResourceUsage" > > > message:"Action details (cached result): /action/blake-client/B3Z:c999041a616f1198fbffb0a6c85dddc5ef67dd66804dd10638dffb426276436d/76/" 
