Loading: 
Loading: 0 packages loaded
Analyzing: target //cmd/blake3zcc_hasher:blake3zcc_hasher (0 packages loaded, 0 targets configured)
INFO: Analyzed target //cmd/blake3zcc_hasher:blake3zcc_hasher (0 packages loaded, 0 targets configured).
INFO: Found 1 target...
[0 / 1] [Prepa] BazelWorkspaceStatusAction stable-status.txt
Target //cmd/blake3zcc_hasher:blake3zcc_hasher up-to-date:
  bazel-bin/cmd/blake3zcc_hasher/linux_amd64_stripped/blake3zcc_hasher
INFO: Elapsed time: 0.068s, Critical Path: 0.00s
INFO: 0 processes.
INFO: Build completed successfully, 1 total action
INFO: Running command line: bazel-bin/cmd/blake3zcc_hasher/linux_amd64_stripped/blake3zcc_hasher -a localhost:8980 -d /home/scott/buildbarn/blake-client/experiments/e6 -c 2 '-b=false'
INFO: Build completed successfully, 1 total action
2021/02/03 16:11:19 Hash: 1ed70df886de68bfe8bdae3462a35656f5197c8142f140f53fc04306fdf1f503
2021/02/03 16:11:19 Hash: 2d49da1ffebf3f8b896527b18e0518faba6dfdffeaef994e856fc68689eacb01
2021/02/03 16:11:19 Hash: 76c483a5fd04b22a57ddbf46f23d15d6a38ff8bda7ee11c2371cd36a55fd1523
2021/02/03 16:11:19 Hash: 44a4c12b5acf05295e010a26c1a0ee9961303f33eb04ac8152ae9971faff091e
2021/02/03 16:11:19 Hash: 5e38788adf3014ce170d5e14feaf85caa17e31c17493a4ec8f8c4251c01293d9
2021/02/03 16:11:19 Action Digest: []  5e38788adf3014ce170d5e14feaf85caa17e31c17493a4ec8f8c4251c01293d9 141
2021/02/03 16:11:19 Bytes Uploaded: 141
2021/02/03 16:11:19 Time Hashing: 1.677371ms
2021/02/03 16:11:19 Time Uploading: 648.133µs
2021/02/03 16:11:19 Time Finding Missing Blobs: 1.42382ms
2021/02/03 16:11:19 Execute response: result:<output_files:<path:"out" digest:<hash_other:"1b6e31291b4fb4f4fa96450412e6bb2aa1e27c245ec7f9f71d62fdbdeb34e385" size_bytes:737282 > > execution_metadata:<worker:"{\"datacenter\":\"paris\",\"hostname\":\"ubuntu-worker.example.com\",\"rack\":\"4\",\"slot\":\"15\",\"thread\":\"1\"}" queued_timestamp:<seconds:1612368679 nanos:40766217 > worker_start_timestamp:<seconds:1612368679 nanos:40984541 > worker_completed_timestamp:<seconds:1612368679 nanos:50038471 > input_fetch_start_timestamp:<seconds:1612368679 nanos:41107557 > input_fetch_completed_timestamp:<seconds:1612368679 nanos:41196351 > execution_start_timestamp:<seconds:1612368679 nanos:41196351 > execution_completed_timestamp:<seconds:1612368679 nanos:42853164 > output_upload_start_timestamp:<seconds:1612368679 nanos:42853164 > output_upload_completed_timestamp:<seconds:1612368679 nanos:50038471 > auxiliary_metadata:<type_url:"type.googleapis.com/buildbarn.resourceusage.POSIXResourceUsage" value:"\n\004\020\260\211K\022\000\030\200\240\215\n8\310\001X\250\013x\003\200\001\001" > auxiliary_metadata:<type_url:"type.googleapis.com/buildbarn.resourceusage.FilePoolResourceUsage" > > > message:"Action details (cached result): /action/blake-client/5e38788adf3014ce170d5e14feaf85caa17e31c17493a4ec8f8c4251c01293d9/141/" 
