Loading: 
Loading: 0 packages loaded
Analyzing: target //cmd/blake3zcc_hasher:blake3zcc_hasher (0 packages loaded, 0 targets configured)
INFO: Analyzed target //cmd/blake3zcc_hasher:blake3zcc_hasher (0 packages loaded, 0 targets configured).
INFO: Found 1 target...
[0 / 1] [Prepa] BazelWorkspaceStatusAction stable-status.txt
Target //cmd/blake3zcc_hasher:blake3zcc_hasher up-to-date:
  bazel-bin/cmd/blake3zcc_hasher/linux_amd64_stripped/blake3zcc_hasher
INFO: Elapsed time: 0.107s, Critical Path: 0.01s
INFO: 0 processes.
INFO: Build completed successfully, 1 total action
INFO: Running command line: bazel-bin/cmd/blake3zcc_hasher/linux_amd64_stripped/blake3zcc_hasher -a localhost:8980 -d /home/scott/buildbarn/blake-client/experiments/e7 -c 3 '-b=false'
INFO: Build completed successfully, 1 total action
2021/02/01 13:18:28 Hash: 2d49da1ffebf3f8b896527b18e0518faba6dfdffeaef994e856fc68689eacb01
2021/02/01 13:18:28 Hash: 1ed70df886de68bfe8bdae3462a35656f5197c8142f140f53fc04306fdf1f503
2021/02/01 13:18:28 Hash: 8410a295e32ede9dc5f8ed769e69c55817fbfd9d1da6547bce7e64a5e5094679
2021/02/01 13:18:28 Hash: fc8f7ebcae29b1a99f8ef31c259df5db6244c70ebfb86af990c2af6cd4ee41fc
2021/02/01 13:18:28 Hash: 7895c5807090e15deeed59595f22a778734ae618a7ec57f3d9aa78a90a00f799
2021/02/01 13:18:28 Action Digest: []  7895c5807090e15deeed59595f22a778734ae618a7ec57f3d9aa78a90a00f799 141
2021/02/01 13:18:28 Bytes Uploaded: 141
2021/02/01 13:18:28 Time Hashing: 1.670004ms
2021/02/01 13:18:28 Time Uploading: 514.041µs
2021/02/01 13:18:28 Time Finding Missing Blobs: 1.058085ms
2021/02/01 13:18:28 Execute response: result:<output_files:<path:"out" digest:<hash_other:"2d49da1ffebf3f8b896527b18e0518faba6dfdffeaef994e856fc68689eacb01" size_bytes:286721 > > execution_metadata:<worker:"{\"datacenter\":\"paris\",\"hostname\":\"ubuntu-worker.example.com\",\"rack\":\"4\",\"slot\":\"15\",\"thread\":\"1\"}" queued_timestamp:<seconds:1612185508 nanos:15182587 > worker_start_timestamp:<seconds:1612185508 nanos:15395288 > worker_completed_timestamp:<seconds:1612185508 nanos:19133829 > input_fetch_start_timestamp:<seconds:1612185508 nanos:15524686 > input_fetch_completed_timestamp:<seconds:1612185508 nanos:15595413 > execution_start_timestamp:<seconds:1612185508 nanos:15595413 > execution_completed_timestamp:<seconds:1612185508 nanos:17743802 > output_upload_start_timestamp:<seconds:1612185508 nanos:17743802 > output_upload_completed_timestamp:<seconds:1612185508 nanos:19133829 > auxiliary_metadata:<type_url:"type.googleapis.com/buildbarn.resourceusage.POSIXResourceUsage" value:"\n\004\020\340\245f\022\000\030\200\300\210\n8\236\002X\370\006x\004\200\001\006" > auxiliary_metadata:<type_url:"type.googleapis.com/buildbarn.resourceusage.FilePoolResourceUsage" > > > message:"Action details (cached result): /action/blake-client/7895c5807090e15deeed59595f22a778734ae618a7ec57f3d9aa78a90a00f799/141/" 
