Loading: 
Loading: 0 packages loaded
Analyzing: target //cmd/blake3zcc_hasher:blake3zcc_hasher (0 packages loaded, 0 targets configured)
INFO: Analyzed target //cmd/blake3zcc_hasher:blake3zcc_hasher (0 packages loaded, 0 targets configured).
INFO: Found 1 target...
[0 / 1] [Prepa] BazelWorkspaceStatusAction stable-status.txt
Target //cmd/blake3zcc_hasher:blake3zcc_hasher up-to-date:
  bazel-bin/cmd/blake3zcc_hasher/blake3zcc_hasher_/blake3zcc_hasher
INFO: Elapsed time: 0.080s, Critical Path: 0.00s
INFO: 0 processes.
INFO: Build completed successfully, 1 total action
INFO: Running command line: bazel-bin/cmd/blake3zcc_hasher/blake3zcc_hasher_/blake3zcc_hasher -a localhost:8980 -d /home/debian/blake-client/experiments/e6 -c 2 '-b=true'
INFO: Build completed successfully, 1 total action
2021/03/09 13:11:00 Hash: B3Z:0ebb7843602079e3f02b3f71d4603dc3978f4b69203b052c663cf9fcb1f34285
2021/03/09 13:11:00 Hash: B3Z:0fecd56bb83dcf76af72f4f090f256319dca1b2302398e55d1958376a3da1adb
2021/03/09 13:11:00 Hash: B3Z:5078eb43ba22fbf487262e1cb09fb30db932208ebf0232ff332abc4f28de805d
2021/03/09 13:11:00 Hash: B3Z:d9255d8105ee52b23f018fbd0eb54ae8d464e1f3b0c8729492b39af69afd9ec0
2021/03/09 13:11:00 Hash: B3Z:5212c214ada48782bd82277715c3b3b144a2aada04dc9053ae08011bf2e004da
2021/03/09 13:11:00 Time Hashing: 1.655232ms
2021/03/09 13:11:00 Bytes Hashed: 737484
2021/03/09 13:11:00 Action Digest: [82 18 194 20 173 164 135 130 189 130 39 119 21 195 179 177 68 162 170 218 4 220 144 83 174 8 1 27 242 224 4 218] 5212c214ada48782bd82277715c3b3b144a2aada04dc9053ae08011bf2e004da  76
2021/03/09 13:11:00 Bytes Uploaded: 76
2021/03/09 13:11:00 Time Uploading: 726.383µs
2021/03/09 13:11:00 Time Finding Missing Blobs: 2.413312ms
2021/03/09 13:11:00 Execute response: result:{output_files:{path:"out"  digest:{size_bytes:737282  hash_blake3zcc:"\x8c\xef\x97,\xe2ϧ\x93'\x87\x1a\xf2\x07\xfd\x8fA\xb49\x94\xc6\xe5T\x13\xb4\xad\x98K[ŉ\xe2\xe4"}}  execution_metadata:{worker:"{\"datacenter\":\"paris\",\"hostname\":\"ubuntu-worker.example.com\",\"rack\":\"4\",\"slot\":\"15\",\"thread\":\"0\"}"  queued_timestamp:{seconds:1615295460  nanos:717405567}  worker_start_timestamp:{seconds:1615295460  nanos:717894632}  worker_completed_timestamp:{seconds:1615295460  nanos:728793628}  input_fetch_start_timestamp:{seconds:1615295460  nanos:718310016}  input_fetch_completed_timestamp:{seconds:1615295460  nanos:719275858}  execution_start_timestamp:{seconds:1615295460  nanos:719275858}  execution_completed_timestamp:{seconds:1615295460  nanos:722560558}  output_upload_start_timestamp:{seconds:1615295460  nanos:722560558}  output_upload_completed_timestamp:{seconds:1615295460  nanos:728793628}  auxiliary_metadata:{type_url:"type.googleapis.com/buildbarn.resourceusage.POSIXResourceUsage"  value:"\n\x04\x10\xf0\xedh\x12\x00\x18\x80\x80\x8c\r8\xc6\x01X\xa8\x0bx\x03\x80\x01\x12"}  auxiliary_metadata:{type_url:"type.googleapis.com/buildbarn.resourceusage.FilePoolResourceUsage"}}}  message:"Action details (cached result): /action/blake-client/B3Z:5212c214ada48782bd82277715c3b3b144a2aada04dc9053ae08011bf2e004da/76/"
