Loading: 
Loading: 0 packages loaded
Analyzing: target //cmd/blake3zcc_hasher:blake3zcc_hasher (0 packages loaded, 0 targets configured)
INFO: Analyzed target //cmd/blake3zcc_hasher:blake3zcc_hasher (0 packages loaded, 0 targets configured).
INFO: Found 1 target...
[0 / 1] [Prepa] BazelWorkspaceStatusAction stable-status.txt
Target //cmd/blake3zcc_hasher:blake3zcc_hasher up-to-date:
  bazel-bin/cmd/blake3zcc_hasher/blake3zcc_hasher_/blake3zcc_hasher
INFO: Elapsed time: 0.089s, Critical Path: 0.00s
INFO: 0 processes.
INFO: Build completed successfully, 1 total action
INFO: Running command line: bazel-bin/cmd/blake3zcc_hasher/blake3zcc_hasher_/blake3zcc_hasher -a localhost:8980 -d /home/debian/blake-client/experiments/e4 -c 1 '-b=false'
INFO: Build completed successfully, 1 total action
2021/03/09 13:11:18 Hash: 2d49da1ffebf3f8b896527b18e0518faba6dfdffeaef994e856fc68689eacb01
2021/03/09 13:11:18 Hash: e383db35bf61b83bbe3e896eee1cebc132f3e16f32a1981bd08d5cc024ab9373
2021/03/09 13:11:18 Hash: 6a843100a831787b3fb5a2db56032f3d7eded9789a43f6914708442de8e60163
2021/03/09 13:11:18 Hash: 8ac82c9245239eed86e41c610a024096adf5a90ff857e300c1b91d60ca13e856
2021/03/09 13:11:18 Hash: 2855f2d7aac7b6cd49d5b73c1d64a0da72786cb60ea6b1be0cea9a9e6637188f
2021/03/09 13:11:18 Time Hashing: 2.067061ms
2021/03/09 13:11:18 Bytes Hashed: 450893
2021/03/09 13:11:18 Action Digest: []  2855f2d7aac7b6cd49d5b73c1d64a0da72786cb60ea6b1be0cea9a9e6637188f 141
2021/03/09 13:11:18 Bytes Uploaded: 141
2021/03/09 13:11:18 Time Uploading: 1.182162ms
2021/03/09 13:11:18 Time Finding Missing Blobs: 3.546576ms
2021/03/09 13:11:18 Execute response: result:{output_files:{path:"out"  digest:{hash_other:"dacf8ba59e0a977b4f657919b2ec6fc8eb0fa8a71f17d9c557bc6e2114302539"  size_bytes:327682}}  execution_metadata:{worker:"{\"datacenter\":\"paris\",\"hostname\":\"ubuntu-worker.example.com\",\"rack\":\"4\",\"slot\":\"15\",\"thread\":\"2\"}"  queued_timestamp:{seconds:1615295478  nanos:991842059}  worker_start_timestamp:{seconds:1615295478  nanos:992158082}  worker_completed_timestamp:{seconds:1615295478  nanos:997643275}  input_fetch_start_timestamp:{seconds:1615295478  nanos:992372075}  input_fetch_completed_timestamp:{seconds:1615295478  nanos:992854186}  execution_start_timestamp:{seconds:1615295478  nanos:992854186}  execution_completed_timestamp:{seconds:1615295478  nanos:996303262}  output_upload_start_timestamp:{seconds:1615295478  nanos:996303262}  output_upload_completed_timestamp:{seconds:1615295478  nanos:997643275}  auxiliary_metadata:{type_url:"type.googleapis.com/buildbarn.resourceusage.POSIXResourceUsage"  value:"\n\x04\x10\xe0\xeaO\x12\x00\x18\x80\xc0\x9d\x0e8\xc6\x01X\x88\x05x\x03\x80\x01\x05"}  auxiliary_metadata:{type_url:"type.googleapis.com/buildbarn.resourceusage.FilePoolResourceUsage"}}}  message:"Action details (cached result): /action/blake-client/2855f2d7aac7b6cd49d5b73c1d64a0da72786cb60ea6b1be0cea9a9e6637188f/141/"
