Loading: 
Loading: 0 packages loaded
Analyzing: target //cmd/blake3zcc_hasher:blake3zcc_hasher (0 packages loaded, 0 targets configured)
INFO: Analyzed target //cmd/blake3zcc_hasher:blake3zcc_hasher (0 packages loaded, 0 targets configured).
INFO: Found 1 target...
[0 / 1] [Prepa] BazelWorkspaceStatusAction stable-status.txt
Target //cmd/blake3zcc_hasher:blake3zcc_hasher up-to-date:
  bazel-bin/cmd/blake3zcc_hasher/linux_amd64_stripped/blake3zcc_hasher
INFO: Elapsed time: 0.067s, Critical Path: 0.00s
INFO: 0 processes.
INFO: Build completed successfully, 1 total action
INFO: Running command line: bazel-bin/cmd/blake3zcc_hasher/linux_amd64_stripped/blake3zcc_hasher -a localhost:8980 -d /home/scott/buildbarn/blake-client/experiments/e4 -c 2 '-b=false'
INFO: Build completed successfully, 1 total action
2021/02/19 16:22:56 Hash: 2d49da1ffebf3f8b896527b18e0518faba6dfdffeaef994e856fc68689eacb01
2021/02/19 16:22:56 Hash: e383db35bf61b83bbe3e896eee1cebc132f3e16f32a1981bd08d5cc024ab9373
2021/02/19 16:22:56 Hash: 6a843100a831787b3fb5a2db56032f3d7eded9789a43f6914708442de8e60163
2021/02/19 16:22:56 Hash: 44a4c12b5acf05295e010a26c1a0ee9961303f33eb04ac8152ae9971faff091e
2021/02/19 16:22:56 Hash: 5fb2cbfc40c8f229c3db33a1ad5cf57475e335fa0fa97b16253a97f0ea334c70
2021/02/19 16:22:56 Action Digest: []  5fb2cbfc40c8f229c3db33a1ad5cf57475e335fa0fa97b16253a97f0ea334c70 141
2021/02/19 16:22:56 Bytes Uploaded: 141
2021/02/19 16:22:56 Bytes Hashed: 450893
2021/02/19 16:22:56 Time Hashing: 1.160011ms
2021/02/19 16:22:56 Time Uploading: 403.123µs
2021/02/19 16:22:56 Time Finding Missing Blobs: 837.43µs
2021/02/19 16:22:56 Execute response: result:<output_files:<path:"out" digest:<hash_other:"5dca83caea475ace39cf1606d301b9e0b032b89c7863361b7300421b81745070" size_bytes:450562 > > execution_metadata:<worker:"{\"datacenter\":\"paris\",\"hostname\":\"ubuntu-worker.example.com\",\"rack\":\"4\",\"slot\":\"15\",\"thread\":\"0\"}" queued_timestamp:<seconds:1613751776 nanos:400846580 > worker_start_timestamp:<seconds:1613751776 nanos:401057130 > worker_completed_timestamp:<seconds:1613751776 nanos:404072482 > input_fetch_start_timestamp:<seconds:1613751776 nanos:401157531 > input_fetch_completed_timestamp:<seconds:1613751776 nanos:401230081 > execution_start_timestamp:<seconds:1613751776 nanos:401230081 > execution_completed_timestamp:<seconds:1613751776 nanos:402671487 > output_upload_start_timestamp:<seconds:1613751776 nanos:402671487 > output_upload_completed_timestamp:<seconds:1613751776 nanos:404072482 > auxiliary_metadata:<type_url:"type.googleapis.com/buildbarn.resourceusage.POSIXResourceUsage" value:"\n\004\020\350\307>\022\000\030\200\200\316\t8\305\001X\370\006x\003" > auxiliary_metadata:<type_url:"type.googleapis.com/buildbarn.resourceusage.FilePoolResourceUsage" > > > message:"Action details (cached result): /action/blake-client/5fb2cbfc40c8f229c3db33a1ad5cf57475e335fa0fa97b16253a97f0ea334c70/141/" 
