Loading: 
Loading: 0 packages loaded
Analyzing: target //cmd/blake3zcc_hasher:blake3zcc_hasher (0 packages loaded, 0 targets configured)
INFO: Analyzed target //cmd/blake3zcc_hasher:blake3zcc_hasher (0 packages loaded, 0 targets configured).
INFO: Found 1 target...
[0 / 1] [Prepa] BazelWorkspaceStatusAction stable-status.txt
Target //cmd/blake3zcc_hasher:blake3zcc_hasher up-to-date:
  bazel-bin/cmd/blake3zcc_hasher/blake3zcc_hasher_/blake3zcc_hasher
INFO: Elapsed time: 0.079s, Critical Path: 0.00s
INFO: 0 processes.
INFO: Build completed successfully, 1 total action
INFO: Running command line: bazel-bin/cmd/blake3zcc_hasher/blake3zcc_hasher_/blake3zcc_hasher -a localhost:8980 -d /home/debian/blake-client/experiments/e5 -c 3 '-b=false'
INFO: Build completed successfully, 1 total action
2021/03/09 13:11:19 Hash: 1ed70df886de68bfe8bdae3462a35656f5197c8142f140f53fc04306fdf1f503
2021/03/09 13:11:19 Hash: e383db35bf61b83bbe3e896eee1cebc132f3e16f32a1981bd08d5cc024ab9373
2021/03/09 13:11:19 Hash: 0725dd9c2d335995dc31356a94bcef9e9f5300f31734ec65b4afdef47ffe1660
2021/03/09 13:11:19 Hash: fc8f7ebcae29b1a99f8ef31c259df5db6244c70ebfb86af990c2af6cd4ee41fc
2021/03/09 13:11:19 Hash: 0f85127d41af67e2fa8ead9b721a58ae9d0d7070017a1b4f3863fe10b4b10b49
2021/03/09 13:11:19 Time Hashing: 4.888372ms
2021/03/09 13:11:19 Bytes Hashed: 614749
2021/03/09 13:11:19 Action Digest: []  0f85127d41af67e2fa8ead9b721a58ae9d0d7070017a1b4f3863fe10b4b10b49 141
2021/03/09 13:11:19 Bytes Uploaded: 141
2021/03/09 13:11:19 Time Uploading: 833.787µs
2021/03/09 13:11:19 Time Finding Missing Blobs: 1.596891ms
2021/03/09 13:11:19 Execute response: result:{output_files:{path:"out"  digest:{hash_other:"1ed70df886de68bfe8bdae3462a35656f5197c8142f140f53fc04306fdf1f503"  size_bytes:450561}}  execution_metadata:{worker:"{\"datacenter\":\"paris\",\"hostname\":\"ubuntu-worker.example.com\",\"rack\":\"4\",\"slot\":\"15\",\"thread\":\"7\"}"  queued_timestamp:{seconds:1615295479  nanos:608408055}  worker_start_timestamp:{seconds:1615295479  nanos:608726023}  worker_completed_timestamp:{seconds:1615295479  nanos:615677177}  input_fetch_start_timestamp:{seconds:1615295479  nanos:608946648}  input_fetch_completed_timestamp:{seconds:1615295479  nanos:609813565}  execution_start_timestamp:{seconds:1615295479  nanos:609813565}  execution_completed_timestamp:{seconds:1615295479  nanos:614793556}  output_upload_start_timestamp:{seconds:1615295479  nanos:614793556}  output_upload_completed_timestamp:{seconds:1615295479  nanos:615677177}  auxiliary_metadata:{type_url:"type.googleapis.com/buildbarn.resourceusage.POSIXResourceUsage"  value:"\n\x04\x10\xd0\xca\x16\x12\x04\x10\xf8\xaca\x18\x80\xc0\x9d\x0e8\xa2\x02X\xc8\x02x\x05\x80\x01\x07"}  auxiliary_metadata:{type_url:"type.googleapis.com/buildbarn.resourceusage.FilePoolResourceUsage"}}}  message:"Action details (cached result): /action/blake-client/0f85127d41af67e2fa8ead9b721a58ae9d0d7070017a1b4f3863fe10b4b10b49/141/"
