Loading: 
Loading: 0 packages loaded
Analyzing: target //cmd/blake3zcc_hasher:blake3zcc_hasher (0 packages loaded, 0 targets configured)
INFO: Analyzed target //cmd/blake3zcc_hasher:blake3zcc_hasher (0 packages loaded, 0 targets configured).
INFO: Found 1 target...
[0 / 1] [Prepa] BazelWorkspaceStatusAction stable-status.txt
Target //cmd/blake3zcc_hasher:blake3zcc_hasher up-to-date:
  bazel-bin/cmd/blake3zcc_hasher/linux_amd64_stripped/blake3zcc_hasher
INFO: Elapsed time: 0.051s, Critical Path: 0.00s
INFO: 0 processes.
INFO: Build completed successfully, 1 total action
INFO: Running command line: bazel-bin/cmd/blake3zcc_hasher/linux_amd64_stripped/blake3zcc_hasher -a localhost:8980 -d /home/scott/buildbarn/blake-client/experiments/e7 -c 0 '-b=false'
INFO: Build completed successfully, 1 total action
2021/02/03 16:11:19 Hash: 2d49da1ffebf3f8b896527b18e0518faba6dfdffeaef994e856fc68689eacb01
2021/02/03 16:11:19 Hash: 1ed70df886de68bfe8bdae3462a35656f5197c8142f140f53fc04306fdf1f503
2021/02/03 16:11:19 Hash: 8410a295e32ede9dc5f8ed769e69c55817fbfd9d1da6547bce7e64a5e5094679
2021/02/03 16:11:19 Hash: a13e5774979b9aac00eace0526fcfa2a673226c22b649d685f3540cdc7b38f9c
2021/02/03 16:11:19 Hash: c412faeee6ac785a3e5e924bcba66bf7f719a6dddc555c16363648a603aca409
2021/02/03 16:11:19 Action Digest: []  c412faeee6ac785a3e5e924bcba66bf7f719a6dddc555c16363648a603aca409 141
2021/02/03 16:11:19 Bytes Uploaded: 299
2021/02/03 16:11:19 Time Hashing: 1.714906ms
2021/02/03 16:11:19 Time Uploading: 1.446687ms
2021/02/03 16:11:19 Time Finding Missing Blobs: 778.296µs
2021/02/03 16:11:19 Execute response: result:<output_files:<path:"out" digest:<hash_other:"1ed70df886de68bfe8bdae3462a35656f5197c8142f140f53fc04306fdf1f503" size_bytes:450561 > > execution_metadata:<worker:"{\"datacenter\":\"paris\",\"hostname\":\"ubuntu-worker.example.com\",\"rack\":\"4\",\"slot\":\"15\",\"thread\":\"0\"}" queued_timestamp:<seconds:1612368679 nanos:363692230 > worker_start_timestamp:<seconds:1612368679 nanos:363924890 > worker_completed_timestamp:<seconds:1612368679 nanos:369820976 > input_fetch_start_timestamp:<seconds:1612368679 nanos:364032072 > input_fetch_completed_timestamp:<seconds:1612368679 nanos:364408508 > execution_start_timestamp:<seconds:1612368679 nanos:364408508 > execution_completed_timestamp:<seconds:1612368679 nanos:365859892 > output_upload_start_timestamp:<seconds:1612368679 nanos:365859892 > output_upload_completed_timestamp:<seconds:1612368679 nanos:369820976 > auxiliary_metadata:<type_url:"type.googleapis.com/buildbarn.resourceusage.POSIXResourceUsage" value:"\n\004\020\230\276<\022\000\030\200\240\215\n8\211\001X\370\006x\001\200\001\002" > auxiliary_metadata:<type_url:"type.googleapis.com/buildbarn.resourceusage.FilePoolResourceUsage" > > > message:"Action details (cached result): /action/blake-client/c412faeee6ac785a3e5e924bcba66bf7f719a6dddc555c16363648a603aca409/141/" 
