Loading: 
Loading: 0 packages loaded
Analyzing: target //cmd/blake3zcc_hasher:blake3zcc_hasher (0 packages loaded, 0 targets configured)
INFO: Analyzed target //cmd/blake3zcc_hasher:blake3zcc_hasher (0 packages loaded, 0 targets configured).
INFO: Found 1 target...
[0 / 1] [Prepa] BazelWorkspaceStatusAction stable-status.txt
Target //cmd/blake3zcc_hasher:blake3zcc_hasher up-to-date:
  bazel-bin/cmd/blake3zcc_hasher/linux_amd64_stripped/blake3zcc_hasher
INFO: Elapsed time: 0.083s, Critical Path: 0.00s
INFO: 0 processes.
INFO: Build completed successfully, 1 total action
INFO: Running command line: bazel-bin/cmd/blake3zcc_hasher/linux_amd64_stripped/blake3zcc_hasher -a localhost:8980 -d /home/scott/buildbarn/blake-client/experiments/e6 -c 1 '-b=true'
INFO: Build completed successfully, 1 total action
2021/02/01 13:17:15 Hash: B3Z:0ebb7843602079e3f02b3f71d4603dc3978f4b69203b052c663cf9fcb1f34285
2021/02/01 13:17:15 Hash: B3Z:0fecd56bb83dcf76af72f4f090f256319dca1b2302398e55d1958376a3da1adb
2021/02/01 13:17:15 Hash: B3Z:5078eb43ba22fbf487262e1cb09fb30db932208ebf0232ff332abc4f28de805d
2021/02/01 13:17:15 Hash: B3Z:95f1a8b8421e32df87826aa0d29f40b20c295a3f603de6d2533dc0d717f40852
2021/02/01 13:17:15 Hash: B3Z:7710b6c97751bd51a0730998ff557c2d07f1e40043db2eb6782ca769dae20705
2021/02/01 13:17:15 Action Digest: [119 16 182 201 119 81 189 81 160 115 9 152 255 85 124 45 7 241 228 0 67 219 46 182 120 44 167 105 218 226 7 5] 7710b6c97751bd51a0730998ff557c2d07f1e40043db2eb6782ca769dae20705  76
2021/02/01 13:17:15 Bytes Uploaded: 76
2021/02/01 13:17:15 Time Hashing: 3.716582ms
2021/02/01 13:17:15 Time Uploading: 506.604µs
2021/02/01 13:17:15 Time Finding Missing Blobs: 2.367557ms
2021/02/01 13:17:15 Execute response: result:<output_files:<path:"out" digest:<size_bytes:573442 hash_blake3zcc:"[\311u\254\236\037c\032\035M\352(f\321mW\246\034\3777/\367\200t\025,o\313\331] \327" > > execution_metadata:<worker:"{\"datacenter\":\"paris\",\"hostname\":\"ubuntu-worker.example.com\",\"rack\":\"4\",\"slot\":\"15\",\"thread\":\"7\"}" queued_timestamp:<seconds:1612185435 nanos:217100950 > worker_start_timestamp:<seconds:1612185435 nanos:217600010 > worker_completed_timestamp:<seconds:1612185435 nanos:228070941 > input_fetch_start_timestamp:<seconds:1612185435 nanos:217755303 > input_fetch_completed_timestamp:<seconds:1612185435 nanos:217756245 > execution_start_timestamp:<seconds:1612185435 nanos:217756245 > execution_completed_timestamp:<seconds:1612185435 nanos:222452782 > output_upload_start_timestamp:<seconds:1612185435 nanos:222452782 > output_upload_completed_timestamp:<seconds:1612185435 nanos:228070941 > auxiliary_metadata:<type_url:"type.googleapis.com/buildbarn.resourceusage.POSIXResourceUsage" value:"\n\004\020\330\342\033\022\004\020\200\205(\030\200\340\320\t8\306\001X\350\010x\002\200\001\007" > auxiliary_metadata:<type_url:"type.googleapis.com/buildbarn.resourceusage.FilePoolResourceUsage" > > > message:"Action details (cached result): /action/blake-client/B3Z:7710b6c97751bd51a0730998ff557c2d07f1e40043db2eb6782ca769dae20705/76/" 
