Loading: 
Loading: 0 packages loaded
Analyzing: target //cmd/blake3zcc_hasher:blake3zcc_hasher (0 packages loaded, 0 targets configured)
INFO: Analyzed target //cmd/blake3zcc_hasher:blake3zcc_hasher (0 packages loaded, 0 targets configured).
INFO: Found 1 target...
[0 / 1] [Prepa] BazelWorkspaceStatusAction stable-status.txt
Target //cmd/blake3zcc_hasher:blake3zcc_hasher up-to-date:
  bazel-bin/cmd/blake3zcc_hasher/blake3zcc_hasher_/blake3zcc_hasher
INFO: Elapsed time: 0.079s, Critical Path: 0.00s
INFO: 0 processes.
INFO: Build completed successfully, 1 total action
INFO: Running command line: bazel-bin/cmd/blake3zcc_hasher/blake3zcc_hasher_/blake3zcc_hasher -a localhost:8980 -d /home/debian/blake-client/experiments/e4 -c 3 '-b=false'
INFO: Build completed successfully, 1 total action
2021/03/09 13:11:19 Hash: 2d49da1ffebf3f8b896527b18e0518faba6dfdffeaef994e856fc68689eacb01
2021/03/09 13:11:19 Hash: e383db35bf61b83bbe3e896eee1cebc132f3e16f32a1981bd08d5cc024ab9373
2021/03/09 13:11:19 Hash: 6a843100a831787b3fb5a2db56032f3d7eded9789a43f6914708442de8e60163
2021/03/09 13:11:19 Hash: fc8f7ebcae29b1a99f8ef31c259df5db6244c70ebfb86af990c2af6cd4ee41fc
2021/03/09 13:11:19 Hash: ca1d57d0f4c323efc763753bf8359ea2bf136d447f2767f1f344366b09540868
2021/03/09 13:11:19 Time Hashing: 1.875721ms
2021/03/09 13:11:19 Bytes Hashed: 450909
2021/03/09 13:11:19 Action Digest: []  ca1d57d0f4c323efc763753bf8359ea2bf136d447f2767f1f344366b09540868 141
2021/03/09 13:11:19 Bytes Uploaded: 141
2021/03/09 13:11:19 Time Uploading: 663.448µs
2021/03/09 13:11:19 Time Finding Missing Blobs: 1.51673ms
2021/03/09 13:11:19 Execute response: result:{output_files:{path:"out"  digest:{hash_other:"2d49da1ffebf3f8b896527b18e0518faba6dfdffeaef994e856fc68689eacb01"  size_bytes:286721}}  execution_metadata:{worker:"{\"datacenter\":\"paris\",\"hostname\":\"ubuntu-worker.example.com\",\"rack\":\"4\",\"slot\":\"15\",\"thread\":\"6\"}"  queued_timestamp:{seconds:1615295479  nanos:221222904}  worker_start_timestamp:{seconds:1615295479  nanos:221618054}  worker_completed_timestamp:{seconds:1615295479  nanos:228214449}  input_fetch_start_timestamp:{seconds:1615295479  nanos:221833180}  input_fetch_completed_timestamp:{seconds:1615295479  nanos:222741877}  execution_start_timestamp:{seconds:1615295479  nanos:222741877}  execution_completed_timestamp:{seconds:1615295479  nanos:227610471}  output_upload_start_timestamp:{seconds:1615295479  nanos:227610471}  output_upload_completed_timestamp:{seconds:1615295479  nanos:228214449}  auxiliary_metadata:{type_url:"type.googleapis.com/buildbarn.resourceusage.POSIXResourceUsage"  value:"\n\x05\x10\xf0\x8d\x88\x01\x12\x00\x18\x80\xc0\x9d\x0e8\x9b\x02X\xc8\x02x\x05\x80\x01\x08"}  auxiliary_metadata:{type_url:"type.googleapis.com/buildbarn.resourceusage.FilePoolResourceUsage"}}}  message:"Action details (cached result): /action/blake-client/ca1d57d0f4c323efc763753bf8359ea2bf136d447f2767f1f344366b09540868/141/"
