Loading: 
Loading: 0 packages loaded
Analyzing: target //cmd/blake3zcc_hasher:blake3zcc_hasher (0 packages loaded, 0 targets configured)
INFO: Analyzed target //cmd/blake3zcc_hasher:blake3zcc_hasher (0 packages loaded, 0 targets configured).
INFO: Found 1 target...
[0 / 1] [Prepa] BazelWorkspaceStatusAction stable-status.txt
Target //cmd/blake3zcc_hasher:blake3zcc_hasher up-to-date:
  bazel-bin/cmd/blake3zcc_hasher/linux_amd64_stripped/blake3zcc_hasher
INFO: Elapsed time: 0.071s, Critical Path: 0.00s
INFO: 0 processes.
INFO: Build completed successfully, 1 total action
INFO: Running command line: bazel-bin/cmd/blake3zcc_hasher/linux_amd64_stripped/blake3zcc_hasher -a localhost:8980 -d /home/scott/buildbarn/blake-client/experiments/e4 -c 1 '-b=true'
INFO: Build completed successfully, 1 total action
2021/02/03 15:34:51 Hash: B3Z:0fecd56bb83dcf76af72f4f090f256319dca1b2302398e55d1958376a3da1adb
2021/02/03 15:34:51 Hash: B3Z:ea42d17a30d3285566b173181682253f56bc3f9a4f495c20b10e5b3a877bca57
2021/02/03 15:34:51 Hash: B3Z:4a91b488538f2a70ece5af1b92d1a70202e6d2e4b2d9d5949623ed7203853b84
2021/02/03 15:34:51 Hash: B3Z:95f1a8b8421e32df87826aa0d29f40b20c295a3f603de6d2533dc0d717f40852
2021/02/03 15:34:51 Hash: B3Z:900101a5eb35f9271e2642b952d240b13508367e8c418bedd59dbe815a53b920
2021/02/03 15:34:51 Action Digest: [144 1 1 165 235 53 249 39 30 38 66 185 82 210 64 177 53 8 54 126 140 65 139 237 213 157 190 129 90 83 185 32] 900101a5eb35f9271e2642b952d240b13508367e8c418bedd59dbe815a53b920  76
2021/02/03 15:34:51 Bytes Uploaded: 76
2021/02/03 15:34:51 Time Hashing: 944.316µs
2021/02/03 15:34:51 Time Uploading: 361.288µs
2021/02/03 15:34:51 Time Finding Missing Blobs: 1.461613ms
2021/02/03 15:34:51 Execute response: result:<output_files:<path:"out" digest:<size_bytes:327682 hash_blake3zcc:"\375\207\032\2072\225\225W\202\202\301'q\255\345\241\246Ip\227e|`\201\366\251\237\022\327O\345\225" > > execution_metadata:<worker:"{\"datacenter\":\"paris\",\"hostname\":\"ubuntu-worker.example.com\",\"rack\":\"4\",\"slot\":\"15\",\"thread\":\"0\"}" queued_timestamp:<seconds:1612366491 nanos:752172169 > worker_start_timestamp:<seconds:1612366491 nanos:752387785 > worker_completed_timestamp:<seconds:1612366491 nanos:756610423 > input_fetch_start_timestamp:<seconds:1612366491 nanos:752527844 > input_fetch_completed_timestamp:<seconds:1612366491 nanos:752528815 > execution_start_timestamp:<seconds:1612366491 nanos:752528815 > execution_completed_timestamp:<seconds:1612366491 nanos:753888868 > output_upload_start_timestamp:<seconds:1612366491 nanos:753888868 > output_upload_completed_timestamp:<seconds:1612366491 nanos:756610423 > auxiliary_metadata:<type_url:"type.googleapis.com/buildbarn.resourceusage.POSIXResourceUsage" value:"\n\004\020\360\335\032\022\004\020\230\222!\030\200\300\212\t8\305\001X\210\005x\003\200\001\002" > auxiliary_metadata:<type_url:"type.googleapis.com/buildbarn.resourceusage.FilePoolResourceUsage" > > > message:"Action details (cached result): /action/blake-client/B3Z:900101a5eb35f9271e2642b952d240b13508367e8c418bedd59dbe815a53b920/76/" 
