Loading: 
Loading: 0 packages loaded
Analyzing: target //cmd/blake3zcc_hasher:blake3zcc_hasher (0 packages loaded, 0 targets configured)
INFO: Analyzed target //cmd/blake3zcc_hasher:blake3zcc_hasher (0 packages loaded, 0 targets configured).
INFO: Found 1 target...
[0 / 1] [Prepa] BazelWorkspaceStatusAction stable-status.txt
Target //cmd/blake3zcc_hasher:blake3zcc_hasher up-to-date:
  bazel-bin/cmd/blake3zcc_hasher/linux_amd64_stripped/blake3zcc_hasher
INFO: Elapsed time: 0.072s, Critical Path: 0.00s
INFO: 0 processes.
INFO: Build completed successfully, 1 total action
INFO: Running command line: bazel-bin/cmd/blake3zcc_hasher/linux_amd64_stripped/blake3zcc_hasher -a localhost:8980 -d /home/scott/buildbarn/blake-client/experiments/e8 -c 2 '-b=true'
INFO: Build completed successfully, 1 total action
2021/02/19 16:22:35 Hash: B3Z:ea42d17a30d3285566b173181682253f56bc3f9a4f495c20b10e5b3a877bca57
2021/02/19 16:22:35 Hash: B3Z:0ebb7843602079e3f02b3f71d4603dc3978f4b69203b052c663cf9fcb1f34285
2021/02/19 16:22:35 Hash: B3Z:4167733d4ef3f528e7997383cf64bdb7d896a5033637700b65058ce7b2641686
2021/02/19 16:22:35 Hash: B3Z:d9255d8105ee52b23f018fbd0eb54ae8d464e1f3b0c8729492b39af69afd9ec0
2021/02/19 16:22:35 Hash: B3Z:c31a5228f07a31c13d04789d035c2037704fa20621504ff38950991c44439bef
2021/02/19 16:22:35 Action Digest: [195 26 82 40 240 122 49 193 61 4 120 157 3 92 32 55 112 79 162 6 33 80 79 243 137 80 153 28 68 67 155 239] c31a5228f07a31c13d04789d035c2037704fa20621504ff38950991c44439bef  76
2021/02/19 16:22:35 Bytes Uploaded: 170
2021/02/19 16:22:35 Bytes Hashed: 614604
2021/02/19 16:22:35 Time Hashing: 1.266216ms
2021/02/19 16:22:35 Time Uploading: 739.762µs
2021/02/19 16:22:35 Time Finding Missing Blobs: 1.340335ms
2021/02/19 16:22:35 Execute response: result:<output_files:<path:"out" digest:<size_bytes:614402 hash_blake3zcc:"\206\207;\3617(H\273W\037f\026\307\203\024\276\t\337\365B^\322\375Q9\307\024\217\021:\247\360" > > execution_metadata:<worker:"{\"datacenter\":\"paris\",\"hostname\":\"ubuntu-worker.example.com\",\"rack\":\"4\",\"slot\":\"15\",\"thread\":\"3\"}" queued_timestamp:<seconds:1613751755 nanos:665873982 > worker_start_timestamp:<seconds:1613751755 nanos:666112821 > worker_completed_timestamp:<seconds:1613751755 nanos:673663943 > input_fetch_start_timestamp:<seconds:1613751755 nanos:666302593 > input_fetch_completed_timestamp:<seconds:1613751755 nanos:666754543 > execution_start_timestamp:<seconds:1613751755 nanos:666754543 > execution_completed_timestamp:<seconds:1613751755 nanos:668753711 > output_upload_start_timestamp:<seconds:1613751755 nanos:668753711 > output_upload_completed_timestamp:<seconds:1613751755 nanos:673663943 > auxiliary_metadata:<type_url:"type.googleapis.com/buildbarn.resourceusage.POSIXResourceUsage" value:"\n\004\020\200\3413\022\004\020\270\264 \030\200\340\231\n8\303\001X\270\tx\002\200\001\020" > auxiliary_metadata:<type_url:"type.googleapis.com/buildbarn.resourceusage.FilePoolResourceUsage" > > > message:"Action details (cached result): /action/blake-client/B3Z:c31a5228f07a31c13d04789d035c2037704fa20621504ff38950991c44439bef/76/" 
