Loading: 
Loading: 0 packages loaded
Analyzing: target //cmd/blake3zcc_hasher:blake3zcc_hasher (0 packages loaded, 0 targets configured)
INFO: Analyzed target //cmd/blake3zcc_hasher:blake3zcc_hasher (0 packages loaded, 0 targets configured).
INFO: Found 1 target...
[0 / 1] [Prepa] BazelWorkspaceStatusAction stable-status.txt
Target //cmd/blake3zcc_hasher:blake3zcc_hasher up-to-date:
  bazel-bin/cmd/blake3zcc_hasher/blake3zcc_hasher_/blake3zcc_hasher
INFO: Elapsed time: 0.075s, Critical Path: 0.00s
INFO: 0 processes.
INFO: Build completed successfully, 1 total action
INFO: Running command line: bazel-bin/cmd/blake3zcc_hasher/blake3zcc_hasher_/blake3zcc_hasher -a localhost:8980 -d /home/debian/blake-client/experiments/e2 -c 2 '-b=false'
INFO: Build completed successfully, 1 total action
2021/03/09 13:11:18 Hash: 2d49da1ffebf3f8b896527b18e0518faba6dfdffeaef994e856fc68689eacb01
2021/03/09 13:11:18 Hash: 0dc2a9e142c84c5692e6cfb71abdb836cd5b30108213acc969a456ca745d3725
2021/03/09 13:11:18 Hash: 930e82a47e068b0000866934d0df3ac931c29590cef0fb6dc90a5fec5aa98b11
2021/03/09 13:11:18 Hash: 44a4c12b5acf05295e010a26c1a0ee9961303f33eb04ac8152ae9971faff091e
2021/03/09 13:11:18 Hash: 60e4e6bbe27713a1b19288d71073802bb0f5da04ab18e5a822f4d8ac42ae509b
2021/03/09 13:11:18 Time Hashing: 1.727564ms
2021/03/09 13:11:18 Bytes Hashed: 328013
2021/03/09 13:11:18 Action Digest: []  60e4e6bbe27713a1b19288d71073802bb0f5da04ab18e5a822f4d8ac42ae509b 141
2021/03/09 13:11:18 Bytes Uploaded: 299
2021/03/09 13:11:18 Time Uploading: 1.480734ms
2021/03/09 13:11:18 Time Finding Missing Blobs: 1.242432ms
2021/03/09 13:11:18 Execute response: result:{output_files:{path:"out"  digest:{hash_other:"dacf8ba59e0a977b4f657919b2ec6fc8eb0fa8a71f17d9c557bc6e2114302539"  size_bytes:327682}}  execution_metadata:{worker:"{\"datacenter\":\"paris\",\"hostname\":\"ubuntu-worker.example.com\",\"rack\":\"4\",\"slot\":\"15\",\"thread\":\"5\"}"  queued_timestamp:{seconds:1615295478  nanos:315381356}  worker_start_timestamp:{seconds:1615295478  nanos:316341019}  worker_completed_timestamp:{seconds:1615295478  nanos:324196340}  input_fetch_start_timestamp:{seconds:1615295478  nanos:316542253}  input_fetch_completed_timestamp:{seconds:1615295478  nanos:317896735}  execution_start_timestamp:{seconds:1615295478  nanos:317896735}  execution_completed_timestamp:{seconds:1615295478  nanos:323224426}  output_upload_start_timestamp:{seconds:1615295478  nanos:323224426}  output_upload_completed_timestamp:{seconds:1615295478  nanos:324196340}  auxiliary_metadata:{type_url:"type.googleapis.com/buildbarn.resourceusage.POSIXResourceUsage"  value:"\n\x04\x10\xb8\x840\x12\x04\x10\xa8\xc8)\x18\x80\xc0\x9d\x0e8\xb4\x01X\x88\x05x\x03\x80\x01\x04"}  auxiliary_metadata:{type_url:"type.googleapis.com/buildbarn.resourceusage.FilePoolResourceUsage"}}}  message:"Action details (cached result): /action/blake-client/60e4e6bbe27713a1b19288d71073802bb0f5da04ab18e5a822f4d8ac42ae509b/141/"
