Loading: 
Loading: 0 packages loaded
Analyzing: target //cmd/blake3zcc_hasher:blake3zcc_hasher (0 packages loaded, 0 targets configured)
INFO: Analyzed target //cmd/blake3zcc_hasher:blake3zcc_hasher (0 packages loaded, 0 targets configured).
INFO: Found 1 target...
[0 / 1] [Prepa] BazelWorkspaceStatusAction stable-status.txt
Target //cmd/blake3zcc_hasher:blake3zcc_hasher up-to-date:
  bazel-bin/cmd/blake3zcc_hasher/linux_amd64_stripped/blake3zcc_hasher
INFO: Elapsed time: 0.084s, Critical Path: 0.00s
INFO: 0 processes.
INFO: Build completed successfully, 1 total action
INFO: Running command line: bazel-bin/cmd/blake3zcc_hasher/linux_amd64_stripped/blake3zcc_hasher -a localhost:8980 -d /home/scott/buildbarn/blake-client/experiments/e11 -c 2 '-b=false'
INFO: Build completed successfully, 1 total action
2021/02/19 16:22:55 Hash: 0dc2a9e142c84c5692e6cfb71abdb836cd5b30108213acc969a456ca745d3725
2021/02/19 16:22:55 Hash: 2d49da1ffebf3f8b896527b18e0518faba6dfdffeaef994e856fc68689eacb01
2021/02/19 16:22:55 Hash: 8dddff9a5aa1201e4c2114aef1dc2c05c9cbbd789f775a102da68c67a9aed3fb
2021/02/19 16:22:55 Hash: 44a4c12b5acf05295e010a26c1a0ee9961303f33eb04ac8152ae9971faff091e
2021/02/19 16:22:55 Hash: 22f2b5e7f1e34b3f7d6c8f1676afbed826e95c353af8f78243f2b0814203d97f
2021/02/19 16:22:55 Action Digest: []  22f2b5e7f1e34b3f7d6c8f1676afbed826e95c353af8f78243f2b0814203d97f 141
2021/02/19 16:22:55 Bytes Uploaded: 299
2021/02/19 16:22:55 Bytes Hashed: 328013
2021/02/19 16:22:55 Time Hashing: 822.427µs
2021/02/19 16:22:55 Time Uploading: 942.17µs
2021/02/19 16:22:55 Time Finding Missing Blobs: 1.151183ms
2021/02/19 16:22:55 Execute response: result:<output_files:<path:"out" digest:<hash_other:"dacf8ba59e0a977b4f657919b2ec6fc8eb0fa8a71f17d9c557bc6e2114302539" size_bytes:327682 > > execution_metadata:<worker:"{\"datacenter\":\"paris\",\"hostname\":\"ubuntu-worker.example.com\",\"rack\":\"4\",\"slot\":\"15\",\"thread\":\"4\"}" queued_timestamp:<seconds:1613751775 nanos:423604389 > worker_start_timestamp:<seconds:1613751775 nanos:423817556 > worker_completed_timestamp:<seconds:1613751775 nanos:429821349 > input_fetch_start_timestamp:<seconds:1613751775 nanos:423982384 > input_fetch_completed_timestamp:<seconds:1613751775 nanos:424562866 > execution_start_timestamp:<seconds:1613751775 nanos:424562866 > execution_completed_timestamp:<seconds:1613751775 nanos:427012372 > output_upload_start_timestamp:<seconds:1613751775 nanos:427012372 > output_upload_completed_timestamp:<seconds:1613751775 nanos:429821349 > auxiliary_metadata:<type_url:"type.googleapis.com/buildbarn.resourceusage.POSIXResourceUsage" value:"\n\004\020\330\374<\022\000\030\200\200\316\t8\256\001X\210\005x\002\200\001\002" > auxiliary_metadata:<type_url:"type.googleapis.com/buildbarn.resourceusage.FilePoolResourceUsage" > > > message:"Action details (cached result): /action/blake-client/22f2b5e7f1e34b3f7d6c8f1676afbed826e95c353af8f78243f2b0814203d97f/141/" 
