Loading: 
Loading: 0 packages loaded
Analyzing: target //cmd/blake3zcc_hasher:blake3zcc_hasher (0 packages loaded, 0 targets configured)
INFO: Analyzed target //cmd/blake3zcc_hasher:blake3zcc_hasher (0 packages loaded, 0 targets configured).
INFO: Found 1 target...
[0 / 1] [Prepa] BazelWorkspaceStatusAction stable-status.txt
Target //cmd/blake3zcc_hasher:blake3zcc_hasher up-to-date:
  bazel-bin/cmd/blake3zcc_hasher/linux_amd64_stripped/blake3zcc_hasher
INFO: Elapsed time: 0.059s, Critical Path: 0.00s
INFO: 0 processes.
INFO: Build completed successfully, 1 total action
INFO: Running command line: bazel-bin/cmd/blake3zcc_hasher/linux_amd64_stripped/blake3zcc_hasher -a localhost:8980 -d /home/scott/buildbarn/blake-client/experiments/e5 -c 3 '-b=true'
INFO: Build completed successfully, 1 total action
2021/01/31 16:55:45 Hash: B3Z:5dd8ca499a27fdca7781b2347ef1c99c32601170d215b7940fe94959c74e9722
2021/01/31 16:55:45 Hash: B3Z:f0662e5527ac19f23b9f697db09eb6971049101a1907538212a830d7cd206061
2021/01/31 16:55:45 Hash: B3Z:6a7fcaffc5a6fb30879f748e150f2b9d77624df233be82295118d5eddb78d28e
2021/01/31 16:55:45 Hash: B3Z:0379138517bc5811e645894edbef883e8d64f9056cdb7bdb54e23e31a6367972
2021/01/31 16:55:45 Hash: B3Z:c8e6c7ced6aee6f86783badb56d207bf4f335f88f33dfcef297a96a7407be857
2021/01/31 16:55:45 Action Digest: [200 230 199 206 214 174 230 248 103 131 186 219 86 210 7 191 79 51 95 136 243 61 252 239 41 122 150 167 64 123 232 87] c8e6c7ced6aee6f86783badb56d207bf4f335f88f33dfcef297a96a7407be857  76
2021/01/31 16:55:45 Bytes Uploaded: 76
2021/01/31 16:55:45 Time Hashing: 84.673µs
2021/01/31 16:55:45 Time Uploading: 353.452µs
2021/01/31 16:55:45 Time Finding Missing Blobs: 684.547µs
2021/01/31 16:55:45 Execute response: result:<output_files:<path:"out" digest:<size_bytes:8192 hash_blake3zcc:"]\330\312I\232'\375\312w\201\2624~\361\311\2342`\021p\322\025\267\224\017\351IY\307N\227\"" > > execution_metadata:<worker:"{\"datacenter\":\"paris\",\"hostname\":\"ubuntu-worker.example.com\",\"rack\":\"4\",\"slot\":\"15\",\"thread\":\"0\"}" queued_timestamp:<seconds:1612112145 nanos:863304106 > worker_start_timestamp:<seconds:1612112145 nanos:863525038 > worker_completed_timestamp:<seconds:1612112145 nanos:865918714 > input_fetch_start_timestamp:<seconds:1612112145 nanos:863630917 > input_fetch_completed_timestamp:<seconds:1612112145 nanos:863702034 > execution_start_timestamp:<seconds:1612112145 nanos:863702034 > execution_completed_timestamp:<seconds:1612112145 nanos:865491386 > output_upload_start_timestamp:<seconds:1612112145 nanos:865491386 > output_upload_completed_timestamp:<seconds:1612112145 nanos:865918714 > auxiliary_metadata:<type_url:"type.googleapis.com/buildbarn.resourceusage.POSIXResourceUsage" value:"\n\004\020\350\3503\022\004\020\240\305\035\030\200\200\227\n8\375\001X\010x\005" > auxiliary_metadata:<type_url:"type.googleapis.com/buildbarn.resourceusage.FilePoolResourceUsage" > > > message:"Action details (cached result): /action/blake-client/B3Z:c8e6c7ced6aee6f86783badb56d207bf4f335f88f33dfcef297a96a7407be857/76/" 
