Loading: 
Loading: 0 packages loaded
Analyzing: target //cmd/blake3zcc_hasher:blake3zcc_hasher (0 packages loaded, 0 targets configured)
INFO: Analyzed target //cmd/blake3zcc_hasher:blake3zcc_hasher (0 packages loaded, 0 targets configured).
INFO: Found 1 target...
[0 / 1] [Prepa] BazelWorkspaceStatusAction stable-status.txt
Target //cmd/blake3zcc_hasher:blake3zcc_hasher up-to-date:
  bazel-bin/cmd/blake3zcc_hasher/linux_amd64_stripped/blake3zcc_hasher
INFO: Elapsed time: 0.074s, Critical Path: 0.00s
INFO: 0 processes.
INFO: Build completed successfully, 1 total action
INFO: Running command line: bazel-bin/cmd/blake3zcc_hasher/linux_amd64_stripped/blake3zcc_hasher -a localhost:8980 -d /home/scott/buildbarn/blake-client/experiments/e1 -c 2 '-b=true'
INFO: Build completed successfully, 1 total action
2021/02/19 16:19:51 Hash: B3Z:f0662e5527ac19f23b9f697db09eb6971049101a1907538212a830d7cd206061
2021/02/19 16:19:51 Hash: B3Z:d6fd9de5bccf223f523b316c9cd1cf9a9d87ea42473d68e011dad13f09bf8917
2021/02/19 16:19:51 Hash: B3Z:d13c33ab66afaf85997bf7b7bb29609c3b4c3e311b259a23cb6e5eb8972da3b7
2021/02/19 16:19:51 Hash: B3Z:d9255d8105ee52b23f018fbd0eb54ae8d464e1f3b0c8729492b39af69afd9ec0
2021/02/19 16:19:51 Hash: B3Z:d0f07c58a7fe70d3cff9b4d99c7a62a489f88c113cea222c037ae7eba222f16d
2021/02/19 16:19:51 Action Digest: [208 240 124 88 167 254 112 211 207 249 180 217 156 122 98 164 137 248 140 17 60 234 34 44 3 122 231 235 162 34 241 109] d0f07c58a7fe70d3cff9b4d99c7a62a489f88c113cea222c037ae7eba222f16d  76
2021/02/19 16:19:51 Bytes Uploaded: 108
2021/02/19 16:19:51 Bytes Hashed: 2760
2021/02/19 16:19:51 Time Hashing: 37.422µs
2021/02/19 16:19:51 Time Uploading: 1.756231ms
2021/02/19 16:19:51 Time Finding Missing Blobs: 1.032598ms
2021/02/19 16:19:51 Error receiving results: rpc error: code = Unavailable desc = No workers exist for instance "blake-client" platform {}
