Loading: 
Loading: 0 packages loaded
Analyzing: target //cmd/blake3zcc_hasher:blake3zcc_hasher (0 packages loaded, 0 targets configured)
INFO: Analyzed target //cmd/blake3zcc_hasher:blake3zcc_hasher (0 packages loaded, 0 targets configured).
INFO: Found 1 target...
[0 / 1] [Prepa] BazelWorkspaceStatusAction stable-status.txt
Target //cmd/blake3zcc_hasher:blake3zcc_hasher up-to-date:
  bazel-bin/cmd/blake3zcc_hasher/linux_amd64_stripped/blake3zcc_hasher
INFO: Elapsed time: 0.060s, Critical Path: 0.00s
INFO: 0 processes.
INFO: Build completed successfully, 1 total action
INFO: Running command line: bazel-bin/cmd/blake3zcc_hasher/linux_amd64_stripped/blake3zcc_hasher -a localhost:8980 -d /home/scott/buildbarn/blake-client/experiments/e9 -c 3 '-b=false'
INFO: Build completed successfully, 1 total action
2021/01/31 17:25:43 Hash: 5f70bf18a086007016e948b04aed3b82103a36bea41755b6cddfaf10ace3c6ef
2021/01/31 17:25:43 Hash: 9f1dcbc35c350d6027f98be0f5c8b43b42ca52b7604459c0c42be3aa88913d47
2021/01/31 17:25:43 Hash: 6f5bae820bf9c7bb00d8577c9d80fa49a61b7d8d91c769d6ac3f0a54eecd1aaa
2021/01/31 17:25:43 Hash: fc8f7ebcae29b1a99f8ef31c259df5db6244c70ebfb86af990c2af6cd4ee41fc
2021/01/31 17:25:43 Hash: 01dcc4ba41b579a1a3623fe29adc38015590d7a66f706ae99325e62d6947f2f8
2021/01/31 17:25:43 Action Digest: []  01dcc4ba41b579a1a3623fe29adc38015590d7a66f706ae99325e62d6947f2f8 141
2021/01/31 17:25:43 Bytes Uploaded: 141
2021/01/31 17:25:43 Time Hashing: 50.838µs
2021/01/31 17:25:43 Time Uploading: 486.64µs
2021/01/31 17:25:43 Time Finding Missing Blobs: 773.482µs
2021/01/31 17:25:43 Execute response: result:<output_files:<path:"out" digest:<hash_other:"5f70bf18a086007016e948b04aed3b82103a36bea41755b6cddfaf10ace3c6ef" size_bytes:1024 > > execution_metadata:<worker:"{\"datacenter\":\"paris\",\"hostname\":\"ubuntu-worker.example.com\",\"rack\":\"4\",\"slot\":\"15\",\"thread\":\"4\"}" queued_timestamp:<seconds:1612113943 nanos:318969249 > worker_start_timestamp:<seconds:1612113943 nanos:321292166 > worker_completed_timestamp:<seconds:1612113943 nanos:323724273 > input_fetch_start_timestamp:<seconds:1612113943 nanos:321398357 > input_fetch_completed_timestamp:<seconds:1612113943 nanos:321480130 > execution_start_timestamp:<seconds:1612113943 nanos:321480130 > execution_completed_timestamp:<seconds:1612113943 nanos:323292330 > output_upload_start_timestamp:<seconds:1612113943 nanos:323292330 > output_upload_completed_timestamp:<seconds:1612113943 nanos:323724273 > auxiliary_metadata:<type_url:"type.googleapis.com/buildbarn.resourceusage.POSIXResourceUsage" value:"\n\004\020\330\267S\022\000\030\200\200\356\t8\205\002X\020x\005\200\001\001" > auxiliary_metadata:<type_url:"type.googleapis.com/buildbarn.resourceusage.FilePoolResourceUsage" > > > message:"Action details (cached result): /action/blake-client/01dcc4ba41b579a1a3623fe29adc38015590d7a66f706ae99325e62d6947f2f8/141/" 
