Loading: 
Loading: 0 packages loaded
Analyzing: target //cmd/blake3zcc_hasher:blake3zcc_hasher (0 packages loaded, 0 targets configured)
INFO: Analyzed target //cmd/blake3zcc_hasher:blake3zcc_hasher (0 packages loaded, 0 targets configured).
INFO: Found 1 target...
[0 / 1] [Prepa] BazelWorkspaceStatusAction stable-status.txt
Target //cmd/blake3zcc_hasher:blake3zcc_hasher up-to-date:
  bazel-bin/cmd/blake3zcc_hasher/linux_amd64_stripped/blake3zcc_hasher
INFO: Elapsed time: 0.056s, Critical Path: 0.00s
INFO: 0 processes.
INFO: Build completed successfully, 1 total action
INFO: Running command line: bazel-bin/cmd/blake3zcc_hasher/linux_amd64_stripped/blake3zcc_hasher -a localhost:8980 -d /home/scott/buildbarn/blake-client/experiments/e7 -c 4 '-b=false'
INFO: Build completed successfully, 1 total action
2021/01/31 17:25:42 Hash: f6e28ad1753237d42be72be187a88f09a269097eeda24bcf12908db6bd361246
2021/01/31 17:25:42 Hash: 9f1dcbc35c350d6027f98be0f5c8b43b42ca52b7604459c0c42be3aa88913d47
2021/01/31 17:25:42 Hash: 5483203f6922f218c74f253a2fed820e761faf7dd80c8a693112e5f0ef2827df
2021/01/31 17:25:42 Command: arguments:"sh" arguments:"-c" arguments:"cp in0 out && printf ' ' | dd of=out bs=1 count=1 seek=4096 conv=notrunc" output_paths:"out" 
2021/01/31 17:25:42 Hash: b37ef69633a11a7d61e827de70a04f2728a6b7611d4b535c30e9a07dc10d417f
2021/01/31 17:25:42 Hash: 04a33966ba59ee1691c066489ec12662b974abe50dc3ee2442f93b71b51f145d
2021/01/31 17:25:42 Action Digest: []  04a33966ba59ee1691c066489ec12662b974abe50dc3ee2442f93b71b51f145d 141
2021/01/31 17:25:42 Bytes Uploaded: 228
2021/01/31 17:25:42 Time Hashing: 68.483µs
2021/01/31 17:25:42 Time Uploading: 878.24µs
2021/01/31 17:25:42 Time Finding Missing Blobs: 870.015µs
2021/01/31 17:25:42 Execute response: result:<output_files:<path:"out" digest:<hash_other:"c37a9a4141bf2aa0be89e963e9642da39b72182f40b548df50e729ceb38ad2ab" size_bytes:8192 > > stderr_digest:<hash_other:"ecb837d5600cdc15055f1333f42be25ed24918ec5379bfd023e9b347d652ab76" size_bytes:70 > execution_metadata:<worker:"{\"datacenter\":\"paris\",\"hostname\":\"ubuntu-worker.example.com\",\"rack\":\"4\",\"slot\":\"15\",\"thread\":\"5\"}" queued_timestamp:<seconds:1612113942 nanos:972706162 > worker_start_timestamp:<seconds:1612113942 nanos:972932525 > worker_completed_timestamp:<seconds:1612113942 nanos:976954640 > input_fetch_start_timestamp:<seconds:1612113942 nanos:973054021 > input_fetch_completed_timestamp:<seconds:1612113942 nanos:973138512 > execution_start_timestamp:<seconds:1612113942 nanos:973138512 > execution_completed_timestamp:<seconds:1612113942 nanos:975126043 > output_upload_start_timestamp:<seconds:1612113942 nanos:975126043 > output_upload_completed_timestamp:<seconds:1612113942 nanos:976954640 > auxiliary_metadata:<type_url:"type.googleapis.com/buildbarn.resourceusage.POSIXResourceUsage" value:"\n\004\020\250\217<\022\004\020\340\345'\030\200\200\356\t8\244\002X\030x\005\200\001\003" > auxiliary_metadata:<type_url:"type.googleapis.com/buildbarn.resourceusage.FilePoolResourceUsage" > > > message:"Action details (cached result): /action/blake-client/04a33966ba59ee1691c066489ec12662b974abe50dc3ee2442f93b71b51f145d/141/" 
