Loading: 
Loading: 0 packages loaded
Analyzing: target //cmd/blake3zcc_hasher:blake3zcc_hasher (0 packages loaded, 0 targets configured)
INFO: Analyzed target //cmd/blake3zcc_hasher:blake3zcc_hasher (0 packages loaded, 0 targets configured).
INFO: Found 1 target...
[0 / 1] [Prepa] BazelWorkspaceStatusAction stable-status.txt
Target //cmd/blake3zcc_hasher:blake3zcc_hasher up-to-date:
  bazel-bin/cmd/blake3zcc_hasher/linux_amd64_stripped/blake3zcc_hasher
INFO: Elapsed time: 0.080s, Critical Path: 0.00s
INFO: 0 processes.
INFO: Build completed successfully, 1 total action
INFO: Running command line: bazel-bin/cmd/blake3zcc_hasher/linux_amd64_stripped/blake3zcc_hasher -a localhost:8980 -d /home/scott/buildbarn/blake-client/experiments/e10 -c 3 '-b=true'
INFO: Build completed successfully, 1 total action
2021/01/31 16:55:44 Hash: B3Z:f0662e5527ac19f23b9f697db09eb6971049101a1907538212a830d7cd206061
2021/01/31 16:55:44 Hash: B3Z:befe2c5e66314b31306be15ce2b32c0d3f6e986f52a1cf9c8b7d26be8348bbb7
2021/01/31 16:55:44 Hash: B3Z:315431906da3d1a9bd4f628e80fd3dcacc344f184fcc8cf2aad1b9981ffd7b8b
2021/01/31 16:55:44 Hash: B3Z:0379138517bc5811e645894edbef883e8d64f9056cdb7bdb54e23e31a6367972
2021/01/31 16:55:44 Hash: B3Z:13d646e09a3d50d188b55f942bec509e098ef8db44d8e118d0f8e40a3e119762
2021/01/31 16:55:44 Action Digest: [19 214 70 224 154 61 80 209 136 181 95 148 43 236 80 158 9 142 248 219 68 216 225 24 208 248 228 10 62 17 151 98] 13d646e09a3d50d188b55f942bec509e098ef8db44d8e118d0f8e40a3e119762  76
2021/01/31 16:55:44 Bytes Uploaded: 76
2021/01/31 16:55:44 Time Hashing: 54.484µs
2021/01/31 16:55:44 Time Uploading: 450.994µs
2021/01/31 16:55:44 Time Finding Missing Blobs: 781.414µs
2021/01/31 16:55:44 Execute response: result:<output_files:<path:"out" digest:<size_bytes:1536 hash_blake3zcc:"\360f.U'\254\031\362;\237i}\260\236\266\227\020I\020\032\031\007S\202\022\2500\327\315 `a" > > execution_metadata:<worker:"{\"datacenter\":\"paris\",\"hostname\":\"ubuntu-worker.example.com\",\"rack\":\"4\",\"slot\":\"15\",\"thread\":\"7\"}" queued_timestamp:<seconds:1612112144 nanos:243378628 > worker_start_timestamp:<seconds:1612112144 nanos:243595497 > worker_completed_timestamp:<seconds:1612112144 nanos:246251753 > input_fetch_start_timestamp:<seconds:1612112144 nanos:243708090 > input_fetch_completed_timestamp:<seconds:1612112144 nanos:243793105 > execution_start_timestamp:<seconds:1612112144 nanos:243793105 > execution_completed_timestamp:<seconds:1612112144 nanos:245770283 > output_upload_start_timestamp:<seconds:1612112144 nanos:245770283 > output_upload_completed_timestamp:<seconds:1612112144 nanos:246251753 > auxiliary_metadata:<type_url:"type.googleapis.com/buildbarn.resourceusage.POSIXResourceUsage" value:"\n\004\020\310\305^\022\000\030\200\200\351\t8\201\002X\020x\005\200\001\001" > auxiliary_metadata:<type_url:"type.googleapis.com/buildbarn.resourceusage.FilePoolResourceUsage" > > > message:"Action details (cached result): /action/blake-client/B3Z:13d646e09a3d50d188b55f942bec509e098ef8db44d8e118d0f8e40a3e119762/76/" 
