Loading: 
Loading: 0 packages loaded
Analyzing: target //cmd/blake3zcc_hasher:blake3zcc_hasher (0 packages loaded, 0 targets configured)
INFO: Analyzed target //cmd/blake3zcc_hasher:blake3zcc_hasher (0 packages loaded, 0 targets configured).
INFO: Found 1 target...
[0 / 1] [Prepa] BazelWorkspaceStatusAction stable-status.txt
Target //cmd/blake3zcc_hasher:blake3zcc_hasher up-to-date:
  bazel-bin/cmd/blake3zcc_hasher/blake3zcc_hasher_/blake3zcc_hasher
INFO: Elapsed time: 0.115s, Critical Path: 0.00s
INFO: 0 processes.
INFO: Build completed successfully, 1 total action
INFO: Running command line: bazel-bin/cmd/blake3zcc_hasher/blake3zcc_hasher_/blake3zcc_hasher -a localhost:8980 -d /home/debian/blake-client/experiments/e7 -c 0 '-b=false'
INFO: Build completed successfully, 1 total action
2021/03/09 13:05:27 Hash: f6e28ad1753237d42be72be187a88f09a269097eeda24bcf12908db6bd361246
2021/03/09 13:05:27 Hash: 9f1dcbc35c350d6027f98be0f5c8b43b42ca52b7604459c0c42be3aa88913d47
2021/03/09 13:05:27 Hash: 5483203f6922f218c74f253a2fed820e761faf7dd80c8a693112e5f0ef2827df
2021/03/09 13:05:27 Hash: a13e5774979b9aac00eace0526fcfa2a673226c22b649d685f3540cdc7b38f9c
2021/03/09 13:05:27 Hash: 0846978678a81d6d7d261458635ab2c3bd0c443f54c50c3444183537ea3371c7
2021/03/09 13:05:27 Time Hashing: 84.778µs
2021/03/09 13:05:27 Bytes Hashed: 16188
2021/03/09 13:05:27 Action Digest: []  0846978678a81d6d7d261458635ab2c3bd0c443f54c50c3444183537ea3371c7 141
2021/03/09 13:05:27 Bytes Uploaded: 297
2021/03/09 13:05:27 Time Uploading: 1.392293ms
2021/03/09 13:05:27 Time Finding Missing Blobs: 1.067105ms
2021/03/09 13:05:27 Execute response: result:{output_files:{path:"out"  digest:{hash_other:"9f1dcbc35c350d6027f98be0f5c8b43b42ca52b7604459c0c42be3aa88913d47"  size_bytes:8192}}  execution_metadata:{worker:"{\"datacenter\":\"paris\",\"hostname\":\"ubuntu-worker.example.com\",\"rack\":\"4\",\"slot\":\"15\",\"thread\":\"6\"}"  queued_timestamp:{seconds:1615295127  nanos:859644210}  worker_start_timestamp:{seconds:1615295127  nanos:860045706}  worker_completed_timestamp:{seconds:1615295127  nanos:865132572}  input_fetch_start_timestamp:{seconds:1615295127  nanos:860248658}  input_fetch_completed_timestamp:{seconds:1615295127  nanos:861119785}  execution_start_timestamp:{seconds:1615295127  nanos:861119785}  execution_completed_timestamp:{seconds:1615295127  nanos:864605301}  output_upload_start_timestamp:{seconds:1615295127  nanos:864605301}  output_upload_completed_timestamp:{seconds:1615295127  nanos:865132572}  auxiliary_metadata:{type_url:"type.googleapis.com/buildbarn.resourceusage.POSIXResourceUsage"  value:"\n\x04\x10\x98\xdc2\x12\x00\x18\x80\xa0\xc9\x0e8eX\x10x\x01\x80\x01\x02"}  auxiliary_metadata:{type_url:"type.googleapis.com/buildbarn.resourceusage.FilePoolResourceUsage"}}}  message:"Action details (cached result): /action/blake-client/0846978678a81d6d7d261458635ab2c3bd0c443f54c50c3444183537ea3371c7/141/"
