Loading: 
Loading: 0 packages loaded
Analyzing: target //cmd/blake3zcc_hasher:blake3zcc_hasher (0 packages loaded, 0 targets configured)
INFO: Analyzed target //cmd/blake3zcc_hasher:blake3zcc_hasher (0 packages loaded, 0 targets configured).
INFO: Found 1 target...
[0 / 1] [Prepa] BazelWorkspaceStatusAction stable-status.txt
Target //cmd/blake3zcc_hasher:blake3zcc_hasher up-to-date:
  bazel-bin/cmd/blake3zcc_hasher/blake3zcc_hasher_/blake3zcc_hasher
INFO: Elapsed time: 0.136s, Critical Path: 0.00s
INFO: 0 processes.
INFO: Build completed successfully, 1 total action
INFO: Running command line: bazel-bin/cmd/blake3zcc_hasher/blake3zcc_hasher_/blake3zcc_hasher -a localhost:8980 -d /home/debian/blake-client/experiments/e6 -c 2 '-b=false'
INFO: Build completed successfully, 1 total action
2021/03/09 13:05:27 Hash: 9f1dcbc35c350d6027f98be0f5c8b43b42ca52b7604459c0c42be3aa88913d47
2021/03/09 13:05:27 Hash: f6e28ad1753237d42be72be187a88f09a269097eeda24bcf12908db6bd361246
2021/03/09 13:05:27 Hash: f780128fda4902d980f1eb66c8e3dab145b626caccb0b77f7fc4238c62bb922a
2021/03/09 13:05:27 Hash: 44a4c12b5acf05295e010a26c1a0ee9961303f33eb04ac8152ae9971faff091e
2021/03/09 13:05:27 Hash: 49eed5e93a0704cf03ee2e1413010b71bb9e8dd5fe2b3639fd250e08973ea7ad
2021/03/09 13:05:27 Time Hashing: 83.547µs
2021/03/09 13:05:27 Bytes Hashed: 16201
2021/03/09 13:05:27 Action Digest: []  49eed5e93a0704cf03ee2e1413010b71bb9e8dd5fe2b3639fd250e08973ea7ad 141
2021/03/09 13:05:27 Bytes Uploaded: 141
2021/03/09 13:05:27 Time Uploading: 694.338µs
2021/03/09 13:05:27 Time Finding Missing Blobs: 1.363719ms
2021/03/09 13:05:27 Execute response: result:{output_files:{path:"out"  digest:{hash_other:"4cab2551b407bf533455a5e64771f1895f13ca23db7539d94ec34716efaf9e77"  size_bytes:15872}}  execution_metadata:{worker:"{\"datacenter\":\"paris\",\"hostname\":\"ubuntu-worker.example.com\",\"rack\":\"4\",\"slot\":\"15\",\"thread\":\"5\"}"  queued_timestamp:{seconds:1615295127  nanos:372861310}  worker_start_timestamp:{seconds:1615295127  nanos:373215176}  worker_completed_timestamp:{seconds:1615295127  nanos:377897339}  input_fetch_start_timestamp:{seconds:1615295127  nanos:373436052}  input_fetch_completed_timestamp:{seconds:1615295127  nanos:374206905}  execution_start_timestamp:{seconds:1615295127  nanos:374206905}  execution_completed_timestamp:{seconds:1615295127  nanos:376603527}  output_upload_start_timestamp:{seconds:1615295127  nanos:376603527}  output_upload_completed_timestamp:{seconds:1615295127  nanos:377897339}  auxiliary_metadata:{type_url:"type.googleapis.com/buildbarn.resourceusage.POSIXResourceUsage"  value:"\n\x04\x10\xd8\xc4%\x12\x04\x10\x98\x9e\x1d\x18\x80\xa0\x93\x0e8\x8e\x01X x\x03\x80\x01\x03"}  auxiliary_metadata:{type_url:"type.googleapis.com/buildbarn.resourceusage.FilePoolResourceUsage"}}}  message:"Action details (cached result): /action/blake-client/49eed5e93a0704cf03ee2e1413010b71bb9e8dd5fe2b3639fd250e08973ea7ad/141/"
