Loading: 
Loading: 0 packages loaded
Analyzing: target //cmd/blake3zcc_hasher:blake3zcc_hasher (0 packages loaded, 0 targets configured)
INFO: Analyzed target //cmd/blake3zcc_hasher:blake3zcc_hasher (0 packages loaded, 0 targets configured).
INFO: Found 1 target...
[0 / 1] [Prepa] BazelWorkspaceStatusAction stable-status.txt
Target //cmd/blake3zcc_hasher:blake3zcc_hasher up-to-date:
  bazel-bin/cmd/blake3zcc_hasher/blake3zcc_hasher_/blake3zcc_hasher
INFO: Elapsed time: 0.081s, Critical Path: 0.00s
INFO: 0 processes.
INFO: Build completed successfully, 1 total action
INFO: Running command line: bazel-bin/cmd/blake3zcc_hasher/blake3zcc_hasher_/blake3zcc_hasher -a localhost:8980 -d /home/debian/blake-client/experiments/e4 -c 3 '-b=false'
INFO: Build completed successfully, 1 total action
2021/03/09 13:05:26 Hash: f6e28ad1753237d42be72be187a88f09a269097eeda24bcf12908db6bd361246
2021/03/09 13:05:26 Hash: 80422bc3d307b4a25bdafcc84ac7fb01cb55a09810e8b0f37bb12e0edb5c48ca
2021/03/09 13:05:26 Hash: d6dc26916b5c249d48be157f0d53d7a7793c55fab1b01c5c2516e592895770e6
2021/03/09 13:05:26 Hash: fc8f7ebcae29b1a99f8ef31c259df5db6244c70ebfb86af990c2af6cd4ee41fc
2021/03/09 13:05:26 Hash: fcc122f0ee1d896061b64f76f0876ca99ff36e7d9d69be05ce16e077defa2424
2021/03/09 13:05:26 Time Hashing: 58.99µs
2021/03/09 13:05:26 Bytes Hashed: 9561
2021/03/09 13:05:26 Action Digest: []  fcc122f0ee1d896061b64f76f0876ca99ff36e7d9d69be05ce16e077defa2424 141
2021/03/09 13:05:26 Bytes Uploaded: 141
2021/03/09 13:05:26 Time Uploading: 818.076µs
2021/03/09 13:05:26 Time Finding Missing Blobs: 1.285109ms
2021/03/09 13:05:26 Execute response: result:{output_files:{path:"out"  digest:{hash_other:"f6e28ad1753237d42be72be187a88f09a269097eeda24bcf12908db6bd361246"  size_bytes:7680}}  execution_metadata:{worker:"{\"datacenter\":\"paris\",\"hostname\":\"ubuntu-worker.example.com\",\"rack\":\"4\",\"slot\":\"15\",\"thread\":\"1\"}"  queued_timestamp:{seconds:1615295126  nanos:543849477}  worker_start_timestamp:{seconds:1615295126  nanos:544369142}  worker_completed_timestamp:{seconds:1615295126  nanos:548834754}  input_fetch_start_timestamp:{seconds:1615295126  nanos:544621587}  input_fetch_completed_timestamp:{seconds:1615295126  nanos:545012622}  execution_start_timestamp:{seconds:1615295126  nanos:545012622}  execution_completed_timestamp:{seconds:1615295126  nanos:548336297}  output_upload_start_timestamp:{seconds:1615295126  nanos:548336297}  output_upload_completed_timestamp:{seconds:1615295126  nanos:548834754}  auxiliary_metadata:{type_url:"type.googleapis.com/buildbarn.resourceusage.POSIXResourceUsage"  value:"\n\x04\x10\xb0\x95G\x12\x04\x10؎7\x18\x80\xa0\x93\x0e8\xff\x01X\x08x\x05\x80\x01\x0f"}  auxiliary_metadata:{type_url:"type.googleapis.com/buildbarn.resourceusage.FilePoolResourceUsage"}}}  message:"Action details (cached result): /action/blake-client/fcc122f0ee1d896061b64f76f0876ca99ff36e7d9d69be05ce16e077defa2424/141/"
