Loading: 
Loading: 0 packages loaded
Analyzing: target //cmd/blake3zcc_hasher:blake3zcc_hasher (0 packages loaded, 0 targets configured)
INFO: Analyzed target //cmd/blake3zcc_hasher:blake3zcc_hasher (0 packages loaded, 0 targets configured).
INFO: Found 1 target...
[0 / 1] [Prepa] BazelWorkspaceStatusAction stable-status.txt
Target //cmd/blake3zcc_hasher:blake3zcc_hasher up-to-date:
  bazel-bin/cmd/blake3zcc_hasher/linux_amd64_stripped/blake3zcc_hasher
INFO: Elapsed time: 0.069s, Critical Path: 0.00s
INFO: 0 processes.
INFO: Build completed successfully, 1 total action
INFO: Running command line: bazel-bin/cmd/blake3zcc_hasher/linux_amd64_stripped/blake3zcc_hasher -a localhost:8980 -d /home/scott/buildbarn/blake-client/experiments/e4 -c 0 '-b=true'
INFO: Build completed successfully, 1 total action
2021/01/31 16:55:45 Hash: B3Z:befe2c5e66314b31306be15ce2b32c0d3f6e986f52a1cf9c8b7d26be8348bbb7
2021/01/31 16:55:45 Hash: B3Z:f0662e5527ac19f23b9f697db09eb6971049101a1907538212a830d7cd206061
2021/01/31 16:55:45 Hash: B3Z:d81a4e409027d54f6cd426308ada5691ef2e4ffc8345be6a3b0676b49ae5ea6e
2021/01/31 16:55:45 Hash: B3Z:0efe2b763d0ef25ab606352f2bdaf1041c4cc049855cbb1ed1c45be863334bcd
2021/01/31 16:55:45 Hash: B3Z:a70319bdbe7a5caba61b4d4529fc27d6d8a8c8eb68e70a024568dfa741ad2eb9
2021/01/31 16:55:45 Action Digest: [167 3 25 189 190 122 92 171 166 27 77 69 41 252 39 214 216 168 200 235 104 231 10 2 69 104 223 167 65 173 46 185] a70319bdbe7a5caba61b4d4529fc27d6d8a8c8eb68e70a024568dfa741ad2eb9  76
2021/01/31 16:55:45 Bytes Uploaded: 168
2021/01/31 16:55:45 Time Hashing: 74.584µs
2021/01/31 16:55:45 Time Uploading: 795.428µs
2021/01/31 16:55:45 Time Finding Missing Blobs: 728.588µs
2021/01/31 16:55:45 Execute response: result:<output_files:<path:"out" digest:<size_bytes:1536 hash_blake3zcc:"\360f.U'\254\031\362;\237i}\260\236\266\227\020I\020\032\031\007S\202\022\2500\327\315 `a" > > execution_metadata:<worker:"{\"datacenter\":\"paris\",\"hostname\":\"ubuntu-worker.example.com\",\"rack\":\"4\",\"slot\":\"15\",\"thread\":\"2\"}" queued_timestamp:<seconds:1612112145 nanos:355702449 > worker_start_timestamp:<seconds:1612112145 nanos:356074084 > worker_completed_timestamp:<seconds:1612112145 nanos:358223999 > input_fetch_start_timestamp:<seconds:1612112145 nanos:356235948 > input_fetch_completed_timestamp:<seconds:1612112145 nanos:356612283 > execution_start_timestamp:<seconds:1612112145 nanos:356612283 > execution_completed_timestamp:<seconds:1612112145 nanos:357791384 > output_upload_start_timestamp:<seconds:1612112145 nanos:357791384 > output_upload_completed_timestamp:<seconds:1612112145 nanos:358223999 > auxiliary_metadata:<type_url:"type.googleapis.com/buildbarn.resourceusage.POSIXResourceUsage" value:"\n\004\020\210\257'\022\000\030\200\200\227\n8fX\010x\001\200\001\002" > auxiliary_metadata:<type_url:"type.googleapis.com/buildbarn.resourceusage.FilePoolResourceUsage" > > > message:"Action details (cached result): /action/blake-client/B3Z:a70319bdbe7a5caba61b4d4529fc27d6d8a8c8eb68e70a024568dfa741ad2eb9/76/" 
