Loading: 
Loading: 0 packages loaded
Analyzing: target //cmd/blake3zcc_hasher:blake3zcc_hasher (0 packages loaded, 0 targets configured)
INFO: Analyzed target //cmd/blake3zcc_hasher:blake3zcc_hasher (0 packages loaded, 0 targets configured).
INFO: Found 1 target...
[0 / 1] [Prepa] BazelWorkspaceStatusAction stable-status.txt
Target //cmd/blake3zcc_hasher:blake3zcc_hasher up-to-date:
  bazel-bin/cmd/blake3zcc_hasher/linux_amd64_stripped/blake3zcc_hasher
INFO: Elapsed time: 0.093s, Critical Path: 0.00s
INFO: 0 processes.
INFO: Build completed successfully, 1 total action
INFO: Running command line: bazel-bin/cmd/blake3zcc_hasher/linux_amd64_stripped/blake3zcc_hasher -a localhost:8980 -d /home/scott/buildbarn/blake-client/experiments/e7 -c 2 '-b=true'
INFO: Build completed successfully, 1 total action
2021/01/31 16:55:46 Hash: B3Z:befe2c5e66314b31306be15ce2b32c0d3f6e986f52a1cf9c8b7d26be8348bbb7
2021/01/31 16:55:46 Hash: B3Z:5dd8ca499a27fdca7781b2347ef1c99c32601170d215b7940fe94959c74e9722
2021/01/31 16:55:46 Hash: B3Z:20131581920fe188fe268fd4cd8d7722e5bcefe80eba9bc68d773d47ee8eb222
2021/01/31 16:55:46 Hash: B3Z:d9255d8105ee52b23f018fbd0eb54ae8d464e1f3b0c8729492b39af69afd9ec0
2021/01/31 16:55:46 Hash: B3Z:23f8b230c2031013bdfff6699ff4871ff42d7a27416efb3cf5246e2a44a80e86
2021/01/31 16:55:46 Action Digest: [35 248 178 48 194 3 16 19 189 255 246 105 159 244 135 31 244 45 122 39 65 110 251 60 245 36 110 42 68 168 14 134] 23f8b230c2031013bdfff6699ff4871ff42d7a27416efb3cf5246e2a44a80e86  76
2021/01/31 16:55:46 Bytes Uploaded: 76
2021/01/31 16:55:46 Time Hashing: 90.924µs
2021/01/31 16:55:46 Time Uploading: 393.389µs
2021/01/31 16:55:46 Time Finding Missing Blobs: 731.038µs
2021/01/31 16:55:46 Execute response: result:<output_files:<path:"out" digest:<size_bytes:15872 hash_blake3zcc:">\373V\022\357\000+\276\303\301\264\246W\316vy\006\377\3274zP\262\234d\241\334\033\212\301\344>" > > execution_metadata:<worker:"{\"datacenter\":\"paris\",\"hostname\":\"ubuntu-worker.example.com\",\"rack\":\"4\",\"slot\":\"15\",\"thread\":\"0\"}" queued_timestamp:<seconds:1612112146 nanos:631550441 > worker_start_timestamp:<seconds:1612112146 nanos:631804188 > worker_completed_timestamp:<seconds:1612112146 nanos:634558569 > input_fetch_start_timestamp:<seconds:1612112146 nanos:631958619 > input_fetch_completed_timestamp:<seconds:1612112146 nanos:631959532 > execution_start_timestamp:<seconds:1612112146 nanos:631959532 > execution_completed_timestamp:<seconds:1612112146 nanos:633183355 > output_upload_start_timestamp:<seconds:1612112146 nanos:633183355 > output_upload_completed_timestamp:<seconds:1612112146 nanos:634558569 > auxiliary_metadata:<type_url:"type.googleapis.com/buildbarn.resourceusage.POSIXResourceUsage" value:"\n\004\020\310\330.\022\000\030\200\300\305\n8\211\001X x\003\200\001\003" > auxiliary_metadata:<type_url:"type.googleapis.com/buildbarn.resourceusage.FilePoolResourceUsage" > > > message:"Action details (cached result): /action/blake-client/B3Z:23f8b230c2031013bdfff6699ff4871ff42d7a27416efb3cf5246e2a44a80e86/76/" 
