Loading: 
Loading: 0 packages loaded
Analyzing: target //cmd/blake3zcc_hasher:blake3zcc_hasher (0 packages loaded, 0 targets configured)
INFO: Analyzed target //cmd/blake3zcc_hasher:blake3zcc_hasher (0 packages loaded, 0 targets configured).
INFO: Found 1 target...
[0 / 1] [Prepa] BazelWorkspaceStatusAction stable-status.txt
Target //cmd/blake3zcc_hasher:blake3zcc_hasher up-to-date:
  bazel-bin/cmd/blake3zcc_hasher/linux_amd64_stripped/blake3zcc_hasher
INFO: Elapsed time: 0.094s, Critical Path: 0.00s
INFO: 0 processes.
INFO: Build completed successfully, 1 total action
INFO: Running command line: bazel-bin/cmd/blake3zcc_hasher/linux_amd64_stripped/blake3zcc_hasher -a localhost:8980 -d /home/scott/buildbarn/blake-client/experiments/e6 -c 0 '-b=true'
INFO: Build completed successfully, 1 total action
2021/01/31 16:55:45 Hash: B3Z:5dd8ca499a27fdca7781b2347ef1c99c32601170d215b7940fe94959c74e9722
2021/01/31 16:55:45 Hash: B3Z:befe2c5e66314b31306be15ce2b32c0d3f6e986f52a1cf9c8b7d26be8348bbb7
2021/01/31 16:55:45 Hash: B3Z:b9c6ea034da937ff83347e60a681dbacf9bed3fec0cfcf6208663f6e5a85c71f
2021/01/31 16:55:45 Hash: B3Z:0efe2b763d0ef25ab606352f2bdaf1041c4cc049855cbb1ed1c45be863334bcd
2021/01/31 16:55:45 Hash: B3Z:c216325e4be4b7bb16bcac527706a8da428a3aa59a365cacd0a7250950ccf3f9
2021/01/31 16:55:45 Action Digest: [194 22 50 94 75 228 183 187 22 188 172 82 119 6 168 218 66 138 58 165 154 54 92 172 208 167 37 9 80 204 243 249] c216325e4be4b7bb16bcac527706a8da428a3aa59a365cacd0a7250950ccf3f9  76
2021/01/31 16:55:45 Bytes Uploaded: 168
2021/01/31 16:55:45 Time Hashing: 93.921µs
2021/01/31 16:55:45 Time Uploading: 744.754µs
2021/01/31 16:55:45 Time Finding Missing Blobs: 746.082µs
2021/01/31 16:55:45 Execute response: result:<output_files:<path:"out" digest:<size_bytes:7680 hash_blake3zcc:"\276\376,^f1K10k\341\\\342\263,\r?n\230oR\241\317\234\213}&\276\203H\273\267" > > execution_metadata:<worker:"{\"datacenter\":\"paris\",\"hostname\":\"ubuntu-worker.example.com\",\"rack\":\"4\",\"slot\":\"15\",\"thread\":\"7\"}" queued_timestamp:<seconds:1612112145 nanos:978458347 > worker_start_timestamp:<seconds:1612112145 nanos:978696433 > worker_completed_timestamp:<seconds:1612112145 nanos:980774738 > input_fetch_start_timestamp:<seconds:1612112145 nanos:978849031 > input_fetch_completed_timestamp:<seconds:1612112145 nanos:979219641 > execution_start_timestamp:<seconds:1612112145 nanos:979219641 > execution_completed_timestamp:<seconds:1612112145 nanos:980263298 > output_upload_start_timestamp:<seconds:1612112145 nanos:980263298 > output_upload_completed_timestamp:<seconds:1612112145 nanos:980774738 > auxiliary_metadata:<type_url:"type.googleapis.com/buildbarn.resourceusage.POSIXResourceUsage" value:"\n\004\020\260\365'\022\000\030\200\300\265\n8iX\020x\001" > auxiliary_metadata:<type_url:"type.googleapis.com/buildbarn.resourceusage.FilePoolResourceUsage" > > > message:"Action details (cached result): /action/blake-client/B3Z:c216325e4be4b7bb16bcac527706a8da428a3aa59a365cacd0a7250950ccf3f9/76/" 
