Loading: 
Loading: 0 packages loaded
Analyzing: target //cmd/blake3zcc_hasher:blake3zcc_hasher (0 packages loaded, 0 targets configured)
INFO: Analyzed target //cmd/blake3zcc_hasher:blake3zcc_hasher (0 packages loaded, 0 targets configured).
INFO: Found 1 target...
[0 / 1] [Prepa] BazelWorkspaceStatusAction stable-status.txt
Target //cmd/blake3zcc_hasher:blake3zcc_hasher up-to-date:
  bazel-bin/cmd/blake3zcc_hasher/linux_amd64_stripped/blake3zcc_hasher
INFO: Elapsed time: 0.067s, Critical Path: 0.00s
INFO: 0 processes.
INFO: Build completed successfully, 1 total action
INFO: Running command line: bazel-bin/cmd/blake3zcc_hasher/linux_amd64_stripped/blake3zcc_hasher -a localhost:8980 -d /home/scott/buildbarn/blake-client/experiments/e10 -c 3 '-b=false'
INFO: Build completed successfully, 1 total action
2021/01/31 17:25:40 Hash: 80422bc3d307b4a25bdafcc84ac7fb01cb55a09810e8b0f37bb12e0edb5c48ca
2021/01/31 17:25:40 Hash: f6e28ad1753237d42be72be187a88f09a269097eeda24bcf12908db6bd361246
2021/01/31 17:25:40 Hash: 102ef12854bfba06b76126dfc3c13c6ff344428ffff8c72e6f187e699ae411cd
2021/01/31 17:25:40 Hash: fc8f7ebcae29b1a99f8ef31c259df5db6244c70ebfb86af990c2af6cd4ee41fc
2021/01/31 17:25:40 Hash: 7d071a86b9f022fcdd2de8669eef693554c1e0044ea953915812845cd8837f23
2021/01/31 17:25:40 Action Digest: []  7d071a86b9f022fcdd2de8669eef693554c1e0044ea953915812845cd8837f23 141
2021/01/31 17:25:40 Bytes Uploaded: 141
2021/01/31 17:25:40 Time Hashing: 41.955µs
2021/01/31 17:25:40 Time Uploading: 546.067µs
2021/01/31 17:25:40 Time Finding Missing Blobs: 954.851µs
2021/01/31 17:25:40 Execute response: result:<output_files:<path:"out" digest:<hash_other:"80422bc3d307b4a25bdafcc84ac7fb01cb55a09810e8b0f37bb12e0edb5c48ca" size_bytes:1536 > > execution_metadata:<worker:"{\"datacenter\":\"paris\",\"hostname\":\"ubuntu-worker.example.com\",\"rack\":\"4\",\"slot\":\"15\",\"thread\":\"3\"}" queued_timestamp:<seconds:1612113940 nanos:634998326 > worker_start_timestamp:<seconds:1612113940 nanos:635279396 > worker_completed_timestamp:<seconds:1612113940 nanos:637958910 > input_fetch_start_timestamp:<seconds:1612113940 nanos:635435932 > input_fetch_completed_timestamp:<seconds:1612113940 nanos:635436866 > execution_start_timestamp:<seconds:1612113940 nanos:635436866 > execution_completed_timestamp:<seconds:1612113940 nanos:637498527 > output_upload_start_timestamp:<seconds:1612113940 nanos:637498527 > output_upload_completed_timestamp:<seconds:1612113940 nanos:637958910 > auxiliary_metadata:<type_url:"type.googleapis.com/buildbarn.resourceusage.POSIXResourceUsage" value:"\n\004\020\210\207^\022\000\030\200\340\244\t8\376\001X\020x\005" > auxiliary_metadata:<type_url:"type.googleapis.com/buildbarn.resourceusage.FilePoolResourceUsage" > > > message:"Action details (cached result): /action/blake-client/7d071a86b9f022fcdd2de8669eef693554c1e0044ea953915812845cd8837f23/141/" 
