Loading: 
Loading: 0 packages loaded
Analyzing: target //cmd/blake3zcc_hasher:blake3zcc_hasher (0 packages loaded, 0 targets configured)
INFO: Analyzed target //cmd/blake3zcc_hasher:blake3zcc_hasher (0 packages loaded, 0 targets configured).
INFO: Found 1 target...
[0 / 1] [Prepa] BazelWorkspaceStatusAction stable-status.txt
Target //cmd/blake3zcc_hasher:blake3zcc_hasher up-to-date:
  bazel-bin/cmd/blake3zcc_hasher/linux_amd64_stripped/blake3zcc_hasher
INFO: Elapsed time: 0.143s, Critical Path: 0.00s
INFO: 0 processes.
INFO: Build completed successfully, 1 total action
INFO: Running command line: bazel-bin/cmd/blake3zcc_hasher/linux_amd64_stripped/blake3zcc_hasher -a localhost:8980 -d /home/scott/buildbarn/blake-client/experiments/e1 -c 0 '-b=false'
INFO: Build completed successfully, 1 total action
2021/02/19 16:21:04 Hash: 80422bc3d307b4a25bdafcc84ac7fb01cb55a09810e8b0f37bb12e0edb5c48ca
2021/02/19 16:21:04 Hash: 5f70bf18a086007016e948b04aed3b82103a36bea41755b6cddfaf10ace3c6ef
2021/02/19 16:21:04 Hash: 1db4a7d076c8a169a914126fea7049d8776936394bdc8f564a9a8a400849194f
2021/02/19 16:21:04 Hash: a13e5774979b9aac00eace0526fcfa2a673226c22b649d685f3540cdc7b38f9c
2021/02/19 16:21:04 Hash: 5f1ffda5a27ba8ccb63366a3475a7d92612fb4cc92dd66c8f82e26eb1cf9ec87
2021/02/19 16:21:04 Action Digest: []  5f1ffda5a27ba8ccb63366a3475a7d92612fb4cc92dd66c8f82e26eb1cf9ec87 141
2021/02/19 16:21:04 Bytes Uploaded: 2876
2021/02/19 16:21:04 Bytes Hashed: 2876
2021/02/19 16:21:04 Time Hashing: 40.076µs
2021/02/19 16:21:04 Time Uploading: 3.507161ms
2021/02/19 16:21:04 Time Finding Missing Blobs: 6.649554ms
2021/02/19 16:21:04 Execute response: result:<output_files:<path:"out" digest:<hash_other:"5f70bf18a086007016e948b04aed3b82103a36bea41755b6cddfaf10ace3c6ef" size_bytes:1024 > > execution_metadata:<worker:"{\"datacenter\":\"paris\",\"hostname\":\"ubuntu-worker.example.com\",\"rack\":\"4\",\"slot\":\"15\",\"thread\":\"0\"}" queued_timestamp:<seconds:1613751664 nanos:537828883 > worker_start_timestamp:<seconds:1613751664 nanos:538195818 > worker_completed_timestamp:<seconds:1613751664 nanos:548803926 > input_fetch_start_timestamp:<seconds:1613751664 nanos:538507102 > input_fetch_completed_timestamp:<seconds:1613751664 nanos:542881680 > execution_start_timestamp:<seconds:1613751664 nanos:542881680 > execution_completed_timestamp:<seconds:1613751664 nanos:548161800 > output_upload_start_timestamp:<seconds:1613751664 nanos:548161800 > output_upload_completed_timestamp:<seconds:1613751664 nanos:548803926 > auxiliary_metadata:<type_url:"type.googleapis.com/buildbarn.resourceusage.POSIXResourceUsage" value:"\n\000\022\004\020\230\361+\030\200\300\350\t8eX\010x\001\200\001\002" > auxiliary_metadata:<type_url:"type.googleapis.com/buildbarn.resourceusage.FilePoolResourceUsage" > > > message:"Action details (cached result): /action/blake-client/5f1ffda5a27ba8ccb63366a3475a7d92612fb4cc92dd66c8f82e26eb1cf9ec87/141/" 
