Loading: 
Loading: 0 packages loaded
Analyzing: target //cmd/blake3zcc_hasher:blake3zcc_hasher (0 packages loaded, 0 targets configured)
INFO: Analyzed target //cmd/blake3zcc_hasher:blake3zcc_hasher (0 packages loaded, 0 targets configured).
INFO: Found 1 target...
[0 / 1] [Prepa] BazelWorkspaceStatusAction stable-status.txt
Target //cmd/blake3zcc_hasher:blake3zcc_hasher up-to-date:
  bazel-bin/cmd/blake3zcc_hasher/linux_amd64_stripped/blake3zcc_hasher
INFO: Elapsed time: 0.078s, Critical Path: 0.00s
INFO: 0 processes.
INFO: Build completed successfully, 1 total action
INFO: Running command line: bazel-bin/cmd/blake3zcc_hasher/linux_amd64_stripped/blake3zcc_hasher -a localhost:8980 -d /home/scott/buildbarn/blake-client/experiments/e10 -c 2 '-b=true'
INFO: Build completed successfully, 1 total action
2021/02/19 16:19:51 Hash: B3Z:f0662e5527ac19f23b9f697db09eb6971049101a1907538212a830d7cd206061
2021/02/19 16:19:51 Hash: B3Z:befe2c5e66314b31306be15ce2b32c0d3f6e986f52a1cf9c8b7d26be8348bbb7
2021/02/19 16:19:51 Hash: B3Z:315431906da3d1a9bd4f628e80fd3dcacc344f184fcc8cf2aad1b9981ffd7b8b
2021/02/19 16:19:51 Hash: B3Z:d9255d8105ee52b23f018fbd0eb54ae8d464e1f3b0c8729492b39af69afd9ec0
2021/02/19 16:19:51 Hash: B3Z:7ddd21acef2ae63ce4c896b14e1fbf5ab9ae24bb252455885debbc03345fc342
2021/02/19 16:19:51 Action Digest: [125 221 33 172 239 42 230 60 228 200 150 177 78 31 191 90 185 174 36 187 37 36 85 136 93 235 188 3 52 95 195 66] 7ddd21acef2ae63ce4c896b14e1fbf5ab9ae24bb252455885debbc03345fc342  76
2021/02/19 16:19:51 Bytes Uploaded: 7848
2021/02/19 16:19:51 Bytes Hashed: 9416
2021/02/19 16:19:51 Time Hashing: 57.628µs
2021/02/19 16:19:51 Time Uploading: 1.361703ms
2021/02/19 16:19:51 Time Finding Missing Blobs: 1.24056ms
2021/02/19 16:19:51 Execute response: result:<output_files:<path:"out" digest:<size_bytes:9216 hash_blake3zcc:"\373G\364\343\354\367\241s\317L`\362Q8>\365D\377N|\237\354\276\363}\250?\246\276\345y\377" > > execution_metadata:<worker:"{\"datacenter\":\"paris\",\"hostname\":\"ubuntu-worker.example.com\",\"rack\":\"4\",\"slot\":\"15\",\"thread\":\"1\"}" queued_timestamp:<seconds:1613751591 nanos:573627556 > worker_start_timestamp:<seconds:1613751591 nanos:574039795 > worker_completed_timestamp:<seconds:1613751591 nanos:580240759 > input_fetch_start_timestamp:<seconds:1613751591 nanos:574335127 > input_fetch_completed_timestamp:<seconds:1613751591 nanos:576492852 > execution_start_timestamp:<seconds:1613751591 nanos:576492852 > execution_completed_timestamp:<seconds:1613751591 nanos:577817131 > output_upload_start_timestamp:<seconds:1613751591 nanos:577817131 > output_upload_completed_timestamp:<seconds:1613751591 nanos:580240759 > auxiliary_metadata:<type_url:"type.googleapis.com/buildbarn.resourceusage.POSIXResourceUsage" value:"\n\004\020\340\320.\022\000\030\200\340\236\t8\210\001X\030x\003\200\001\003" > auxiliary_metadata:<type_url:"type.googleapis.com/buildbarn.resourceusage.FilePoolResourceUsage" > > > message:"Action details (cached result): /action/blake-client/B3Z:7ddd21acef2ae63ce4c896b14e1fbf5ab9ae24bb252455885debbc03345fc342/76/" 
