Loading: 
Loading: 0 packages loaded
Analyzing: target //cmd/blake3zcc_hasher:blake3zcc_hasher (0 packages loaded, 0 targets configured)
INFO: Analyzed target //cmd/blake3zcc_hasher:blake3zcc_hasher (0 packages loaded, 0 targets configured).
INFO: Found 1 target...
[0 / 1] [Prepa] BazelWorkspaceStatusAction stable-status.txt
Target //cmd/blake3zcc_hasher:blake3zcc_hasher up-to-date:
  bazel-bin/cmd/blake3zcc_hasher/linux_amd64_stripped/blake3zcc_hasher
INFO: Elapsed time: 0.066s, Critical Path: 0.00s
INFO: 0 processes.
INFO: Build completed successfully, 1 total action
INFO: Running command line: bazel-bin/cmd/blake3zcc_hasher/linux_amd64_stripped/blake3zcc_hasher -a localhost:8980 -d /home/scott/buildbarn/blake-client/experiments/e5 -c 3 '-b=false'
INFO: Build completed successfully, 1 total action
2021/01/31 17:25:42 Hash: 9f1dcbc35c350d6027f98be0f5c8b43b42ca52b7604459c0c42be3aa88913d47
2021/01/31 17:25:42 Hash: 80422bc3d307b4a25bdafcc84ac7fb01cb55a09810e8b0f37bb12e0edb5c48ca
2021/01/31 17:25:42 Hash: 9619c0cb0be6d4e31ff2226e00b08d5e648c1ba6fbdaee77917d2c0aa234cdc9
2021/01/31 17:25:42 Hash: fc8f7ebcae29b1a99f8ef31c259df5db6244c70ebfb86af990c2af6cd4ee41fc
2021/01/31 17:25:42 Hash: 904579e1e84684a4b5ebe51cd5b9aa5cabdc81846f6de991618c0155819b5feb
2021/01/31 17:25:42 Action Digest: []  904579e1e84684a4b5ebe51cd5b9aa5cabdc81846f6de991618c0155819b5feb 141
2021/01/31 17:25:42 Bytes Uploaded: 141
2021/01/31 17:25:42 Time Hashing: 38.588µs
2021/01/31 17:25:42 Time Uploading: 376.727µs
2021/01/31 17:25:42 Time Finding Missing Blobs: 794.828µs
2021/01/31 17:25:42 Execute response: result:<output_files:<path:"out" digest:<hash_other:"9f1dcbc35c350d6027f98be0f5c8b43b42ca52b7604459c0c42be3aa88913d47" size_bytes:8192 > > execution_metadata:<worker:"{\"datacenter\":\"paris\",\"hostname\":\"ubuntu-worker.example.com\",\"rack\":\"4\",\"slot\":\"15\",\"thread\":\"1\"}" queued_timestamp:<seconds:1612113942 nanos:4505340 > worker_start_timestamp:<seconds:1612113942 nanos:4777251 > worker_completed_timestamp:<seconds:1612113942 nanos:8926591 > input_fetch_start_timestamp:<seconds:1612113942 nanos:4914769 > input_fetch_completed_timestamp:<seconds:1612113942 nanos:5716820 > execution_start_timestamp:<seconds:1612113942 nanos:5716820 > execution_completed_timestamp:<seconds:1612113942 nanos:8211998 > output_upload_start_timestamp:<seconds:1612113942 nanos:8211998 > output_upload_completed_timestamp:<seconds:1612113942 nanos:8926591 > auxiliary_metadata:<type_url:"type.googleapis.com/buildbarn.resourceusage.POSIXResourceUsage" value:"\n\004\020\250\227c\022\000\030\200\200\356\t8\204\002X\010x\005\200\001\001" > auxiliary_metadata:<type_url:"type.googleapis.com/buildbarn.resourceusage.FilePoolResourceUsage" > > > message:"Action details (cached result): /action/blake-client/904579e1e84684a4b5ebe51cd5b9aa5cabdc81846f6de991618c0155819b5feb/141/" 
