Loading: 
Loading: 0 packages loaded
Analyzing: target //cmd/blake3zcc_hasher:blake3zcc_hasher (0 packages loaded, 0 targets configured)
INFO: Analyzed target //cmd/blake3zcc_hasher:blake3zcc_hasher (0 packages loaded, 0 targets configured).
INFO: Found 1 target...
[0 / 1] [Prepa] BazelWorkspaceStatusAction stable-status.txt
Target //cmd/blake3zcc_hasher:blake3zcc_hasher up-to-date:
  bazel-bin/cmd/blake3zcc_hasher/blake3zcc_hasher_/blake3zcc_hasher
INFO: Elapsed time: 0.100s, Critical Path: 0.00s
INFO: 0 processes.
INFO: Build completed successfully, 1 total action
INFO: Running command line: bazel-bin/cmd/blake3zcc_hasher/blake3zcc_hasher_/blake3zcc_hasher -a localhost:8980 -d /home/debian/blake-client/experiments/e3 -c 3 '-b=false'
INFO: Build completed successfully, 1 total action
2021/03/09 13:05:26 Hash: 9f1dcbc35c350d6027f98be0f5c8b43b42ca52b7604459c0c42be3aa88913d47
2021/03/09 13:05:26 Hash: 5f70bf18a086007016e948b04aed3b82103a36bea41755b6cddfaf10ace3c6ef
2021/03/09 13:05:26 Hash: b4540658ab5e643c4914d2910c4666d51609dfb27845900f0b688da12eeb9e2c
2021/03/09 13:05:26 Hash: fc8f7ebcae29b1a99f8ef31c259df5db6244c70ebfb86af990c2af6cd4ee41fc
2021/03/09 13:05:26 Hash: 2ca9af97b9535f818f470e440f4945c05becd7bd430fc883b29d5d338341c787
2021/03/09 13:05:26 Time Hashing: 58.593µs
2021/03/09 13:05:26 Bytes Hashed: 9561
2021/03/09 13:05:26 Action Digest: []  2ca9af97b9535f818f470e440f4945c05becd7bd430fc883b29d5d338341c787 141
2021/03/09 13:05:26 Bytes Uploaded: 141
2021/03/09 13:05:26 Time Uploading: 642.103µs
2021/03/09 13:05:26 Time Finding Missing Blobs: 1.31983ms
2021/03/09 13:05:26 Execute response: result:{output_files:{path:"out"  digest:{hash_other:"9f1dcbc35c350d6027f98be0f5c8b43b42ca52b7604459c0c42be3aa88913d47"  size_bytes:8192}}  execution_metadata:{worker:"{\"datacenter\":\"paris\",\"hostname\":\"ubuntu-worker.example.com\",\"rack\":\"4\",\"slot\":\"15\",\"thread\":\"7\"}"  queued_timestamp:{seconds:1615295126  nanos:115578198}  worker_start_timestamp:{seconds:1615295126  nanos:116253344}  worker_completed_timestamp:{seconds:1615295126  nanos:122624992}  input_fetch_start_timestamp:{seconds:1615295126  nanos:116404537}  input_fetch_completed_timestamp:{seconds:1615295126  nanos:117555117}  execution_start_timestamp:{seconds:1615295126  nanos:117555117}  execution_completed_timestamp:{seconds:1615295126  nanos:122193912}  output_upload_start_timestamp:{seconds:1615295126  nanos:122193912}  output_upload_completed_timestamp:{seconds:1615295126  nanos:122624992}  auxiliary_metadata:{type_url:"type.googleapis.com/buildbarn.resourceusage.POSIXResourceUsage"  value:"\n\x05\x10\xc0\xaf\x82\x01\x12\x00\x18\x80\xa0\x93\x0e8\xfd\x01X\x08x\x05\x80\x01\x05"}  auxiliary_metadata:{type_url:"type.googleapis.com/buildbarn.resourceusage.FilePoolResourceUsage"}}}  message:"Action details (cached result): /action/blake-client/2ca9af97b9535f818f470e440f4945c05becd7bd430fc883b29d5d338341c787/141/"
