Loading: 
Loading: 0 packages loaded
Analyzing: target //cmd/blake3zcc_hasher:blake3zcc_hasher (0 packages loaded, 0 targets configured)
INFO: Analyzed target //cmd/blake3zcc_hasher:blake3zcc_hasher (0 packages loaded, 0 targets configured).
INFO: Found 1 target...
[0 / 1] [Prepa] BazelWorkspaceStatusAction stable-status.txt
Target //cmd/blake3zcc_hasher:blake3zcc_hasher up-to-date:
  bazel-bin/cmd/blake3zcc_hasher/linux_amd64_stripped/blake3zcc_hasher
INFO: Elapsed time: 0.066s, Critical Path: 0.00s
INFO: 0 processes.
INFO: Build completed successfully, 1 total action
INFO: Running command line: bazel-bin/cmd/blake3zcc_hasher/linux_amd64_stripped/blake3zcc_hasher -a localhost:8980 -d /home/scott/buildbarn/blake-client/experiments/e8 -c 2 '-b=false'
INFO: Build completed successfully, 1 total action
2021/01/31 17:25:43 Hash: 80422bc3d307b4a25bdafcc84ac7fb01cb55a09810e8b0f37bb12e0edb5c48ca
2021/01/31 17:25:43 Hash: 9f1dcbc35c350d6027f98be0f5c8b43b42ca52b7604459c0c42be3aa88913d47
2021/01/31 17:25:43 Hash: 0be55c90089bd14c57abdb5a07b8f83ac33aada9cafd1b5c5aa0efcff0205b9f
2021/01/31 17:25:43 Hash: 44a4c12b5acf05295e010a26c1a0ee9961303f33eb04ac8152ae9971faff091e
2021/01/31 17:25:43 Hash: 2fe66941edc9a748716fb0ca26f7bdf4e6ffb72f2a79bb7f11c3ae8692ba3aa1
2021/01/31 17:25:43 Action Digest: []  2fe66941edc9a748716fb0ca26f7bdf4e6ffb72f2a79bb7f11c3ae8692ba3aa1 141
2021/01/31 17:25:43 Bytes Uploaded: 297
2021/01/31 17:25:43 Time Hashing: 49.845µs
2021/01/31 17:25:43 Time Uploading: 707.294µs
2021/01/31 17:25:43 Time Finding Missing Blobs: 837.884µs
2021/01/31 17:25:43 Execute response: result:<output_files:<path:"out" digest:<hash_other:"e319082c23faa07865238e06844382d181ad3cdab44bcfaea7836fd601dba857" size_bytes:9728 > > execution_metadata:<worker:"{\"datacenter\":\"paris\",\"hostname\":\"ubuntu-worker.example.com\",\"rack\":\"4\",\"slot\":\"15\",\"thread\":\"2\"}" queued_timestamp:<seconds:1612113943 nanos:69174790 > worker_start_timestamp:<seconds:1612113943 nanos:69414213 > worker_completed_timestamp:<seconds:1612113943 nanos:71713742 > input_fetch_start_timestamp:<seconds:1612113943 nanos:69522535 > input_fetch_completed_timestamp:<seconds:1612113943 nanos:70063273 > execution_start_timestamp:<seconds:1612113943 nanos:70063273 > execution_completed_timestamp:<seconds:1612113943 nanos:71205728 > output_upload_start_timestamp:<seconds:1612113943 nanos:71205728 > output_upload_completed_timestamp:<seconds:1612113943 nanos:71713742 > auxiliary_metadata:<type_url:"type.googleapis.com/buildbarn.resourceusage.POSIXResourceUsage" value:"\n\004\020\260\343-\022\000\030\200\200\356\t8\210\001X\030x\003\200\001\001" > auxiliary_metadata:<type_url:"type.googleapis.com/buildbarn.resourceusage.FilePoolResourceUsage" > > > message:"Action details (cached result): /action/blake-client/2fe66941edc9a748716fb0ca26f7bdf4e6ffb72f2a79bb7f11c3ae8692ba3aa1/141/" 
