Loading: 
Loading: 0 packages loaded
Analyzing: target //cmd/blake3zcc_hasher:blake3zcc_hasher (0 packages loaded, 0 targets configured)
INFO: Analyzed target //cmd/blake3zcc_hasher:blake3zcc_hasher (0 packages loaded, 0 targets configured).
INFO: Found 1 target...
[0 / 1] [Prepa] BazelWorkspaceStatusAction stable-status.txt
Target //cmd/blake3zcc_hasher:blake3zcc_hasher up-to-date:
  bazel-bin/cmd/blake3zcc_hasher/linux_amd64_stripped/blake3zcc_hasher
INFO: Elapsed time: 0.077s, Critical Path: 0.00s
INFO: 0 processes.
INFO: Build completed successfully, 1 total action
INFO: Running command line: bazel-bin/cmd/blake3zcc_hasher/linux_amd64_stripped/blake3zcc_hasher -a localhost:8980 -d /home/scott/buildbarn/blake-client/experiments/e11 -c 2 '-b=false'
INFO: Build completed successfully, 1 total action
2021/02/19 16:21:05 Hash: 5f70bf18a086007016e948b04aed3b82103a36bea41755b6cddfaf10ace3c6ef
2021/02/19 16:21:05 Hash: f6e28ad1753237d42be72be187a88f09a269097eeda24bcf12908db6bd361246
2021/02/19 16:21:05 Hash: ba73bf67aa92537109d864c024c30795cc01016c61be805f2fb88e8272d09f08
2021/02/19 16:21:05 Hash: 44a4c12b5acf05295e010a26c1a0ee9961303f33eb04ac8152ae9971faff091e
2021/02/19 16:21:05 Hash: c31f90a8be18a4ed19d7505432b9e4f7b06a1bacae3b4de169e34c8f3a1dd4ba
2021/02/19 16:21:05 Action Digest: []  c31f90a8be18a4ed19d7505432b9e4f7b06a1bacae3b4de169e34c8f3a1dd4ba 141
2021/02/19 16:21:05 Bytes Uploaded: 297
2021/02/19 16:21:05 Bytes Hashed: 9033
2021/02/19 16:21:05 Time Hashing: 47.88µs
2021/02/19 16:21:05 Time Uploading: 782.121µs
2021/02/19 16:21:05 Time Finding Missing Blobs: 1.029156ms
2021/02/19 16:21:05 Execute response: result:<output_files:<path:"out" digest:<hash_other:"e8b31e302d11fbf7da124b537ba2d44f88e165da03c6557e2b0f6dc486e025bb" size_bytes:8704 > > execution_metadata:<worker:"{\"datacenter\":\"paris\",\"hostname\":\"ubuntu-worker.example.com\",\"rack\":\"4\",\"slot\":\"15\",\"thread\":\"2\"}" queued_timestamp:<seconds:1613751665 nanos:469482770 > worker_start_timestamp:<seconds:1613751665 nanos:469699017 > worker_completed_timestamp:<seconds:1613751665 nanos:472079934 > input_fetch_start_timestamp:<seconds:1613751665 nanos:469808155 > input_fetch_completed_timestamp:<seconds:1613751665 nanos:470302840 > execution_start_timestamp:<seconds:1613751665 nanos:470302840 > execution_completed_timestamp:<seconds:1613751665 nanos:471352259 > output_upload_start_timestamp:<seconds:1613751665 nanos:471352259 > output_upload_completed_timestamp:<seconds:1613751665 nanos:472079934 > auxiliary_metadata:<type_url:"type.googleapis.com/buildbarn.resourceusage.POSIXResourceUsage" value:"\n\004\020\360\252+\022\000\030\200\200\244\n8\204\001X\030x\003" > auxiliary_metadata:<type_url:"type.googleapis.com/buildbarn.resourceusage.FilePoolResourceUsage" > > > message:"Action details (cached result): /action/blake-client/c31f90a8be18a4ed19d7505432b9e4f7b06a1bacae3b4de169e34c8f3a1dd4ba/141/" 
