Loading: 
Loading: 0 packages loaded
Analyzing: target //cmd/blake3zcc_hasher:blake3zcc_hasher (0 packages loaded, 0 targets configured)
INFO: Analyzed target //cmd/blake3zcc_hasher:blake3zcc_hasher (0 packages loaded, 0 targets configured).
INFO: Found 1 target...
[0 / 1] [Prepa] BazelWorkspaceStatusAction stable-status.txt
Target //cmd/blake3zcc_hasher:blake3zcc_hasher up-to-date:
  bazel-bin/cmd/blake3zcc_hasher/linux_amd64_stripped/blake3zcc_hasher
INFO: Elapsed time: 0.058s, Critical Path: 0.00s
INFO: 0 processes.
INFO: Build completed successfully, 1 total action
INFO: Running command line: bazel-bin/cmd/blake3zcc_hasher/linux_amd64_stripped/blake3zcc_hasher -a localhost:8980 -d /home/scott/buildbarn/blake-client/experiments/e1 -c 3 '-b=false'
INFO: Build completed successfully, 1 total action
2021/02/03 16:10:45 Hash: 80422bc3d307b4a25bdafcc84ac7fb01cb55a09810e8b0f37bb12e0edb5c48ca
2021/02/03 16:10:45 Hash: 5f70bf18a086007016e948b04aed3b82103a36bea41755b6cddfaf10ace3c6ef
2021/02/03 16:10:45 Hash: 1db4a7d076c8a169a914126fea7049d8776936394bdc8f564a9a8a400849194f
2021/02/03 16:10:45 Hash: fc8f7ebcae29b1a99f8ef31c259df5db6244c70ebfb86af990c2af6cd4ee41fc
2021/02/03 16:10:45 Hash: 9d30ec6b7cd8ed64b7d20b7ce668a5aaeee0ea602929dec6d818573f26173869
2021/02/03 16:10:45 Action Digest: []  9d30ec6b7cd8ed64b7d20b7ce668a5aaeee0ea602929dec6d818573f26173869 141
2021/02/03 16:10:45 Bytes Uploaded: 189
2021/02/03 16:10:45 Time Hashing: 31.492µs
2021/02/03 16:10:45 Time Uploading: 1.210995ms
2021/02/03 16:10:45 Time Finding Missing Blobs: 7.050536ms
2021/02/03 16:10:45 Execute response: result:<output_files:<path:"out" digest:<hash_other:"80422bc3d307b4a25bdafcc84ac7fb01cb55a09810e8b0f37bb12e0edb5c48ca" size_bytes:1536 > > execution_metadata:<worker:"{\"datacenter\":\"paris\",\"hostname\":\"ubuntu-worker.example.com\",\"rack\":\"4\",\"slot\":\"15\",\"thread\":\"2\"}" queued_timestamp:<seconds:1612368645 nanos:168033058 > worker_start_timestamp:<seconds:1612368645 nanos:168342695 > worker_completed_timestamp:<seconds:1612368645 nanos:170862875 > input_fetch_start_timestamp:<seconds:1612368645 nanos:168515790 > input_fetch_completed_timestamp:<seconds:1612368645 nanos:168516782 > execution_start_timestamp:<seconds:1612368645 nanos:168516782 > execution_completed_timestamp:<seconds:1612368645 nanos:170409956 > output_upload_start_timestamp:<seconds:1612368645 nanos:170409956 > output_upload_completed_timestamp:<seconds:1612368645 nanos:170862875 > auxiliary_metadata:<type_url:"type.googleapis.com/buildbarn.resourceusage.POSIXResourceUsage" value:"\n\004\020\340\3013\022\004\020\320\262\036\030\200\200\372\0108\377\001X\010x\005\200\001\001" > auxiliary_metadata:<type_url:"type.googleapis.com/buildbarn.resourceusage.FilePoolResourceUsage" > > > message:"Action details (cached result): /action/blake-client/9d30ec6b7cd8ed64b7d20b7ce668a5aaeee0ea602929dec6d818573f26173869/141/" 
