Loading: 
Loading: 0 packages loaded
Analyzing: target //cmd/blake3zcc_hasher:blake3zcc_hasher (0 packages loaded, 0 targets configured)
INFO: Analyzed target //cmd/blake3zcc_hasher:blake3zcc_hasher (0 packages loaded, 0 targets configured).
INFO: Found 1 target...
[0 / 1] [Prepa] BazelWorkspaceStatusAction stable-status.txt
Target //cmd/blake3zcc_hasher:blake3zcc_hasher up-to-date:
  bazel-bin/cmd/blake3zcc_hasher/linux_amd64_stripped/blake3zcc_hasher
INFO: Elapsed time: 0.063s, Critical Path: 0.00s
INFO: 0 processes.
INFO: Build completed successfully, 1 total action
INFO: Running command line: bazel-bin/cmd/blake3zcc_hasher/linux_amd64_stripped/blake3zcc_hasher -a localhost:8980 -d /home/scott/buildbarn/blake-client/experiments/e6 -c 0 '-b=false'
INFO: Build completed successfully, 1 total action
2021/02/19 16:21:07 Hash: 9f1dcbc35c350d6027f98be0f5c8b43b42ca52b7604459c0c42be3aa88913d47
2021/02/19 16:21:07 Hash: f6e28ad1753237d42be72be187a88f09a269097eeda24bcf12908db6bd361246
2021/02/19 16:21:07 Hash: f780128fda4902d980f1eb66c8e3dab145b626caccb0b77f7fc4238c62bb922a
2021/02/19 16:21:07 Hash: a13e5774979b9aac00eace0526fcfa2a673226c22b649d685f3540cdc7b38f9c
2021/02/19 16:21:07 Hash: 3ff0340af5149926e6eea768238088af9867e4093be643b75edbe3feb95a3e96
2021/02/19 16:21:07 Action Digest: []  3ff0340af5149926e6eea768238088af9867e4093be643b75edbe3feb95a3e96 141
2021/02/19 16:21:07 Bytes Uploaded: 297
2021/02/19 16:21:07 Bytes Hashed: 16188
2021/02/19 16:21:07 Time Hashing: 58.351µs
2021/02/19 16:21:07 Time Uploading: 885.23µs
2021/02/19 16:21:07 Time Finding Missing Blobs: 1.01487ms
2021/02/19 16:21:07 Execute response: result:<output_files:<path:"out" digest:<hash_other:"f6e28ad1753237d42be72be187a88f09a269097eeda24bcf12908db6bd361246" size_bytes:7680 > > execution_metadata:<worker:"{\"datacenter\":\"paris\",\"hostname\":\"ubuntu-worker.example.com\",\"rack\":\"4\",\"slot\":\"15\",\"thread\":\"5\"}" queued_timestamp:<seconds:1613751667 nanos:388296719 > worker_start_timestamp:<seconds:1613751667 nanos:388565356 > worker_completed_timestamp:<seconds:1613751667 nanos:390543996 > input_fetch_start_timestamp:<seconds:1613751667 nanos:388716804 > input_fetch_completed_timestamp:<seconds:1613751667 nanos:389078878 > execution_start_timestamp:<seconds:1613751667 nanos:389078878 > execution_completed_timestamp:<seconds:1613751667 nanos:390109355 > output_upload_start_timestamp:<seconds:1613751667 nanos:390109355 > output_upload_completed_timestamp:<seconds:1613751667 nanos:390543996 > auxiliary_metadata:<type_url:"type.googleapis.com/buildbarn.resourceusage.POSIXResourceUsage" value:"\n\004\020\230\200'\022\000\030\200\200\244\n8lX\020x\001\200\001\002" > auxiliary_metadata:<type_url:"type.googleapis.com/buildbarn.resourceusage.FilePoolResourceUsage" > > > message:"Action details (cached result): /action/blake-client/3ff0340af5149926e6eea768238088af9867e4093be643b75edbe3feb95a3e96/141/" 
