Loading: 
Loading: 0 packages loaded
Analyzing: target //cmd/blake3zcc_hasher:blake3zcc_hasher (0 packages loaded, 0 targets configured)
INFO: Analyzed target //cmd/blake3zcc_hasher:blake3zcc_hasher (0 packages loaded, 0 targets configured).
INFO: Found 1 target...
[0 / 1] [Prepa] BazelWorkspaceStatusAction stable-status.txt
Target //cmd/blake3zcc_hasher:blake3zcc_hasher up-to-date:
  bazel-bin/cmd/blake3zcc_hasher/linux_amd64_stripped/blake3zcc_hasher
INFO: Elapsed time: 0.064s, Critical Path: 0.00s
INFO: 0 processes.
INFO: Build completed successfully, 1 total action
INFO: Running command line: bazel-bin/cmd/blake3zcc_hasher/linux_amd64_stripped/blake3zcc_hasher -a localhost:8980 -d /home/scott/buildbarn/blake-client/experiments/e10 -c 2 '-b=false'
INFO: Build completed successfully, 1 total action
2021/01/31 17:25:40 Hash: 80422bc3d307b4a25bdafcc84ac7fb01cb55a09810e8b0f37bb12e0edb5c48ca
2021/01/31 17:25:40 Hash: f6e28ad1753237d42be72be187a88f09a269097eeda24bcf12908db6bd361246
2021/01/31 17:25:40 Hash: 102ef12854bfba06b76126dfc3c13c6ff344428ffff8c72e6f187e699ae411cd
2021/01/31 17:25:40 Hash: 44a4c12b5acf05295e010a26c1a0ee9961303f33eb04ac8152ae9971faff091e
2021/01/31 17:25:40 Hash: d8dba7405a15d124f668e77da751a89283a46b347f666cc83293cf1aeaec1443
2021/01/31 17:25:40 Action Digest: []  d8dba7405a15d124f668e77da751a89283a46b347f666cc83293cf1aeaec1443 141
2021/01/31 17:25:40 Bytes Uploaded: 7977
2021/01/31 17:25:40 Time Hashing: 50.95µs
2021/01/31 17:25:40 Time Uploading: 1.210375ms
2021/01/31 17:25:40 Time Finding Missing Blobs: 725.967µs
2021/01/31 17:25:40 Execute response: result:<output_files:<path:"out" digest:<hash_other:"2d07a41ae992770085117e9815300bfd0730745883e60b24aaad5e69dfc087ae" size_bytes:9216 > > execution_metadata:<worker:"{\"datacenter\":\"paris\",\"hostname\":\"ubuntu-worker.example.com\",\"rack\":\"4\",\"slot\":\"15\",\"thread\":\"1\"}" queued_timestamp:<seconds:1612113940 nanos:543556026 > worker_start_timestamp:<seconds:1612113940 nanos:543802869 > worker_completed_timestamp:<seconds:1612113940 nanos:546508586 > input_fetch_start_timestamp:<seconds:1612113940 nanos:543953836 > input_fetch_completed_timestamp:<seconds:1612113940 nanos:544612089 > execution_start_timestamp:<seconds:1612113940 nanos:544612089 > execution_completed_timestamp:<seconds:1612113940 nanos:545757477 > output_upload_start_timestamp:<seconds:1612113940 nanos:545757477 > output_upload_completed_timestamp:<seconds:1612113940 nanos:546508586 > auxiliary_metadata:<type_url:"type.googleapis.com/buildbarn.resourceusage.POSIXResourceUsage" value:"\n\004\020\330\254-\022\000\030\200\340\244\t8\211\001X\030x\002" > auxiliary_metadata:<type_url:"type.googleapis.com/buildbarn.resourceusage.FilePoolResourceUsage" > > > message:"Action details (cached result): /action/blake-client/d8dba7405a15d124f668e77da751a89283a46b347f666cc83293cf1aeaec1443/141/" 
