Loading: 
Loading: 0 packages loaded
Analyzing: target //cmd/blake3zcc_hasher:blake3zcc_hasher (0 packages loaded, 0 targets configured)
INFO: Analyzed target //cmd/blake3zcc_hasher:blake3zcc_hasher (0 packages loaded, 0 targets configured).
INFO: Found 1 target...
[0 / 1] [Prepa] BazelWorkspaceStatusAction stable-status.txt
Target //cmd/blake3zcc_hasher:blake3zcc_hasher up-to-date:
  bazel-bin/cmd/blake3zcc_hasher/blake3zcc_hasher_/blake3zcc_hasher
INFO: Elapsed time: 0.092s, Critical Path: 0.00s
INFO: 0 processes.
INFO: Build completed successfully, 1 total action
INFO: Running command line: bazel-bin/cmd/blake3zcc_hasher/blake3zcc_hasher_/blake3zcc_hasher -a localhost:8980 -d /home/debian/blake-client/experiments/e1 -c 4 '-b=false'
INFO: Build completed successfully, 1 total action
2021/03/09 13:05:24 Hash: 80422bc3d307b4a25bdafcc84ac7fb01cb55a09810e8b0f37bb12e0edb5c48ca
2021/03/09 13:05:24 Hash: 5f70bf18a086007016e948b04aed3b82103a36bea41755b6cddfaf10ace3c6ef
2021/03/09 13:05:24 Hash: 1db4a7d076c8a169a914126fea7049d8776936394bdc8f564a9a8a400849194f
2021/03/09 13:05:24 Command: arguments:"sh"  arguments:"-c"  arguments:"cp in0 out && printf ' ' | dd of=out bs=1 count=1 seek=512 conv=notrunc"  output_paths:"out"
2021/03/09 13:05:24 Hash: b6e09ea1ad72eccc6354586d7a474772a180bc6affc4948b1ea5999cd38d63a5
2021/03/09 13:05:24 Hash: 84753a1f69ee9177be7acb2512b5a305088d5c92f4982cbe138102a205c86732
2021/03/09 13:05:24 Time Hashing: 56.027µs
2021/03/09 13:05:24 Bytes Hashed: 2943
2021/03/09 13:05:24 Action Digest: []  84753a1f69ee9177be7acb2512b5a305088d5c92f4982cbe138102a205c86732 141
2021/03/09 13:05:24 Bytes Uploaded: 227
2021/03/09 13:05:24 Time Uploading: 1.692325ms
2021/03/09 13:05:24 Time Finding Missing Blobs: 1.467451ms
2021/03/09 13:05:25 Execute response: result:{output_files:{path:"out"  digest:{hash_other:"d52b39cede7e9fe52bd1544b9ab9fe45fbdd48aca7259573d6646ff7ffa43c61"  size_bytes:1024}}  stderr_digest:{hash_other:"aaed1bcbba07714e5488fd4af60e215bdf61c6b0454a4f5f523a5e72de1b5a23"  size_bytes:70}  execution_metadata:{worker:"{\"datacenter\":\"paris\",\"hostname\":\"ubuntu-worker.example.com\",\"rack\":\"4\",\"slot\":\"15\",\"thread\":\"0\"}"  queued_timestamp:{seconds:1615295125  nanos:271786}  worker_start_timestamp:{seconds:1615295125  nanos:776442}  worker_completed_timestamp:{seconds:1615295125  nanos:8063679}  input_fetch_start_timestamp:{seconds:1615295125  nanos:1072526}  input_fetch_completed_timestamp:{seconds:1615295125  nanos:2478627}  execution_start_timestamp:{seconds:1615295125  nanos:2478627}  execution_completed_timestamp:{seconds:1615295125  nanos:6033383}  output_upload_start_timestamp:{seconds:1615295125  nanos:6033383}  output_upload_completed_timestamp:{seconds:1615295125  nanos:8063679}  auxiliary_metadata:{type_url:"type.googleapis.com/buildbarn.resourceusage.POSIXResourceUsage"  value:"\n\x05\x10\xc0\x82\x91\x01\x12\x00\x18\x80\xa0\x93\x0e8\xaa\x02X\x10x\x06\x80\x01\x07"}  auxiliary_metadata:{type_url:"type.googleapis.com/buildbarn.resourceusage.FilePoolResourceUsage"}}}  message:"Action details (cached result): /action/blake-client/84753a1f69ee9177be7acb2512b5a305088d5c92f4982cbe138102a205c86732/141/"
