Loading: 
Loading: 0 packages loaded
Analyzing: target //cmd/blake3zcc_hasher:blake3zcc_hasher (0 packages loaded, 0 targets configured)
INFO: Analyzed target //cmd/blake3zcc_hasher:blake3zcc_hasher (0 packages loaded, 0 targets configured).
INFO: Found 1 target...
[0 / 1] [Prepa] BazelWorkspaceStatusAction stable-status.txt
Target //cmd/blake3zcc_hasher:blake3zcc_hasher up-to-date:
  bazel-bin/cmd/blake3zcc_hasher/linux_amd64_stripped/blake3zcc_hasher
INFO: Elapsed time: 0.067s, Critical Path: 0.00s
INFO: 0 processes.
INFO: Build completed successfully, 1 total action
INFO: Running command line: bazel-bin/cmd/blake3zcc_hasher/linux_amd64_stripped/blake3zcc_hasher -a localhost:8980 -d /home/scott/buildbarn/blake-client/experiments/e11 -c 3 '-b=false'
INFO: Build completed successfully, 1 total action
2021/02/03 16:10:45 Hash: 5f70bf18a086007016e948b04aed3b82103a36bea41755b6cddfaf10ace3c6ef
2021/02/03 16:10:45 Hash: f6e28ad1753237d42be72be187a88f09a269097eeda24bcf12908db6bd361246
2021/02/03 16:10:45 Hash: ba73bf67aa92537109d864c024c30795cc01016c61be805f2fb88e8272d09f08
2021/02/03 16:10:45 Hash: fc8f7ebcae29b1a99f8ef31c259df5db6244c70ebfb86af990c2af6cd4ee41fc
2021/02/03 16:10:45 Hash: 9798c72413f9cda11dfb2ed62b3120c9240346fff410fb24c4cf8dc5c3b52e6e
2021/02/03 16:10:45 Action Digest: []  9798c72413f9cda11dfb2ed62b3120c9240346fff410fb24c4cf8dc5c3b52e6e 141
2021/02/03 16:10:45 Bytes Uploaded: 141
2021/02/03 16:10:45 Time Hashing: 38.03µs
2021/02/03 16:10:45 Time Uploading: 352.437µs
2021/02/03 16:10:45 Time Finding Missing Blobs: 723.486µs
2021/02/03 16:10:45 Execute response: result:<output_files:<path:"out" digest:<hash_other:"5f70bf18a086007016e948b04aed3b82103a36bea41755b6cddfaf10ace3c6ef" size_bytes:1024 > > execution_metadata:<worker:"{\"datacenter\":\"paris\",\"hostname\":\"ubuntu-worker.example.com\",\"rack\":\"4\",\"slot\":\"15\",\"thread\":\"7\"}" queued_timestamp:<seconds:1612368645 nanos:636553656 > worker_start_timestamp:<seconds:1612368645 nanos:636761834 > worker_completed_timestamp:<seconds:1612368645 nanos:639305454 > input_fetch_start_timestamp:<seconds:1612368645 nanos:636923098 > input_fetch_completed_timestamp:<seconds:1612368645 nanos:636924094 > execution_start_timestamp:<seconds:1612368645 nanos:636924094 > execution_completed_timestamp:<seconds:1612368645 nanos:638745192 > output_upload_start_timestamp:<seconds:1612368645 nanos:638745192 > output_upload_completed_timestamp:<seconds:1612368645 nanos:639305454 > auxiliary_metadata:<type_url:"type.googleapis.com/buildbarn.resourceusage.POSIXResourceUsage" value:"\n\004\020\230\374Q\022\000\030\200\200\372\0108\202\002X\020x\005\200\001\001" > auxiliary_metadata:<type_url:"type.googleapis.com/buildbarn.resourceusage.FilePoolResourceUsage" > > > message:"Action details (cached result): /action/blake-client/9798c72413f9cda11dfb2ed62b3120c9240346fff410fb24c4cf8dc5c3b52e6e/141/" 
