Loading: 
Loading: 0 packages loaded
Analyzing: target //cmd/blake3zcc_hasher:blake3zcc_hasher (0 packages loaded, 0 targets configured)
INFO: Analyzed target //cmd/blake3zcc_hasher:blake3zcc_hasher (0 packages loaded, 0 targets configured).
INFO: Found 1 target...
[0 / 1] [Prepa] BazelWorkspaceStatusAction stable-status.txt
Target //cmd/blake3zcc_hasher:blake3zcc_hasher up-to-date:
  bazel-bin/cmd/blake3zcc_hasher/linux_amd64_stripped/blake3zcc_hasher
INFO: Elapsed time: 0.075s, Critical Path: 0.00s
INFO: 0 processes.
INFO: Build completed successfully, 1 total action
INFO: Running command line: bazel-bin/cmd/blake3zcc_hasher/linux_amd64_stripped/blake3zcc_hasher -a localhost:8980 -d /home/scott/buildbarn/blake-client/experiments/e5 -c 2 '-b=false'
INFO: Build completed successfully, 1 total action
2021/01/31 17:25:41 Hash: 9f1dcbc35c350d6027f98be0f5c8b43b42ca52b7604459c0c42be3aa88913d47
2021/01/31 17:25:41 Hash: 80422bc3d307b4a25bdafcc84ac7fb01cb55a09810e8b0f37bb12e0edb5c48ca
2021/01/31 17:25:41 Hash: 9619c0cb0be6d4e31ff2226e00b08d5e648c1ba6fbdaee77917d2c0aa234cdc9
2021/01/31 17:25:41 Hash: 44a4c12b5acf05295e010a26c1a0ee9961303f33eb04ac8152ae9971faff091e
2021/01/31 17:25:41 Hash: 3d0628fec98375a562b300f2e47c5e397b2ab2e471ae0e55b78707f997e74039
2021/01/31 17:25:41 Action Digest: []  3d0628fec98375a562b300f2e47c5e397b2ab2e471ae0e55b78707f997e74039 141
2021/01/31 17:25:41 Bytes Uploaded: 297
2021/01/31 17:25:41 Time Hashing: 51.194µs
2021/01/31 17:25:41 Time Uploading: 2.081034ms
2021/01/31 17:25:41 Time Finding Missing Blobs: 814.353µs
2021/01/31 17:25:41 Execute response: result:<output_files:<path:"out" digest:<hash_other:"e319082c23faa07865238e06844382d181ad3cdab44bcfaea7836fd601dba857" size_bytes:9728 > > execution_metadata:<worker:"{\"datacenter\":\"paris\",\"hostname\":\"ubuntu-worker.example.com\",\"rack\":\"4\",\"slot\":\"15\",\"thread\":\"6\"}" queued_timestamp:<seconds:1612113941 nanos:914348437 > worker_start_timestamp:<seconds:1612113941 nanos:914610781 > worker_completed_timestamp:<seconds:1612113941 nanos:917436652 > input_fetch_start_timestamp:<seconds:1612113941 nanos:914730115 > input_fetch_completed_timestamp:<seconds:1612113941 nanos:915194816 > execution_start_timestamp:<seconds:1612113941 nanos:915194816 > execution_completed_timestamp:<seconds:1612113941 nanos:916598778 > output_upload_start_timestamp:<seconds:1612113941 nanos:916598778 > output_upload_completed_timestamp:<seconds:1612113941 nanos:917436652 > auxiliary_metadata:<type_url:"type.googleapis.com/buildbarn.resourceusage.POSIXResourceUsage" value:"\n\004\020\330\2138\022\000\030\200\200\356\t8\220\001X\030x\003\200\001\005" > auxiliary_metadata:<type_url:"type.googleapis.com/buildbarn.resourceusage.FilePoolResourceUsage" > > > message:"Action details (cached result): /action/blake-client/3d0628fec98375a562b300f2e47c5e397b2ab2e471ae0e55b78707f997e74039/141/" 
