Loading: 
Loading: 0 packages loaded
Analyzing: target //cmd/blake3zcc_hasher:blake3zcc_hasher (0 packages loaded, 0 targets configured)
INFO: Analyzed target //cmd/blake3zcc_hasher:blake3zcc_hasher (0 packages loaded, 0 targets configured).
INFO: Found 1 target...
[0 / 1] [Prepa] BazelWorkspaceStatusAction stable-status.txt
Target //cmd/blake3zcc_hasher:blake3zcc_hasher up-to-date:
  bazel-bin/cmd/blake3zcc_hasher/linux_amd64_stripped/blake3zcc_hasher
INFO: Elapsed time: 0.071s, Critical Path: 0.00s
INFO: 0 processes.
INFO: Build completed successfully, 1 total action
INFO: Running command line: bazel-bin/cmd/blake3zcc_hasher/linux_amd64_stripped/blake3zcc_hasher -a localhost:8980 -d /home/scott/buildbarn/blake-client/experiments/e2 -c 2 '-b=true'
INFO: Build completed successfully, 1 total action
2021/01/31 16:55:44 Hash: B3Z:befe2c5e66314b31306be15ce2b32c0d3f6e986f52a1cf9c8b7d26be8348bbb7
2021/01/31 16:55:44 Hash: B3Z:d6fd9de5bccf223f523b316c9cd1cf9a9d87ea42473d68e011dad13f09bf8917
2021/01/31 16:55:44 Hash: B3Z:a4ea8d870cd11e1ca62800b683c521451e157f770754a5a98354c09b4bd8de56
2021/01/31 16:55:44 Hash: B3Z:d9255d8105ee52b23f018fbd0eb54ae8d464e1f3b0c8729492b39af69afd9ec0
2021/01/31 16:55:44 Hash: B3Z:e904bce25ee9ac30031e16831b3ac195fc31b57d65989b736f7bec5b0bbfd508
2021/01/31 16:55:44 Action Digest: [233 4 188 226 94 233 172 48 3 30 22 131 27 58 193 149 252 49 181 125 101 152 155 115 111 123 236 91 11 191 213 8] e904bce25ee9ac30031e16831b3ac195fc31b57d65989b736f7bec5b0bbfd508  76
2021/01/31 16:55:44 Bytes Uploaded: 168
2021/01/31 16:55:44 Time Hashing: 59.402µs
2021/01/31 16:55:44 Time Uploading: 806.98µs
2021/01/31 16:55:44 Time Finding Missing Blobs: 743.185µs
2021/01/31 16:55:44 Execute response: result:<output_files:<path:"out" digest:<size_bytes:8704 hash_blake3zcc:"\017\\\2607`\244\274\342Ie\026f\303\t\210~\374\216\374G\273\217\002{\237\222\021:O\177O\372" > > execution_metadata:<worker:"{\"datacenter\":\"paris\",\"hostname\":\"ubuntu-worker.example.com\",\"rack\":\"4\",\"slot\":\"15\",\"thread\":\"4\"}" queued_timestamp:<seconds:1612112144 nanos:877504394 > worker_start_timestamp:<seconds:1612112144 nanos:877792853 > worker_completed_timestamp:<seconds:1612112144 nanos:881666530 > input_fetch_start_timestamp:<seconds:1612112144 nanos:877910907 > input_fetch_completed_timestamp:<seconds:1612112144 nanos:878273232 > execution_start_timestamp:<seconds:1612112144 nanos:878273232 > execution_completed_timestamp:<seconds:1612112144 nanos:880261912 > output_upload_start_timestamp:<seconds:1612112144 nanos:880261912 > output_upload_completed_timestamp:<seconds:1612112144 nanos:881666530 > auxiliary_metadata:<type_url:"type.googleapis.com/buildbarn.resourceusage.POSIXResourceUsage" value:"\n\004\020\270\2011\022\000\030\200\200\227\n8\210\001X\030x\003\200\001\003" > auxiliary_metadata:<type_url:"type.googleapis.com/buildbarn.resourceusage.FilePoolResourceUsage" > > > message:"Action details (cached result): /action/blake-client/B3Z:e904bce25ee9ac30031e16831b3ac195fc31b57d65989b736f7bec5b0bbfd508/76/" 
