Loading: 
Loading: 0 packages loaded
Analyzing: target //cmd/blake3zcc_hasher:blake3zcc_hasher (0 packages loaded, 0 targets configured)
INFO: Analyzed target //cmd/blake3zcc_hasher:blake3zcc_hasher (0 packages loaded, 0 targets configured).
INFO: Found 1 target...
[0 / 1] [Prepa] BazelWorkspaceStatusAction stable-status.txt
Target //cmd/blake3zcc_hasher:blake3zcc_hasher up-to-date:
  bazel-bin/cmd/blake3zcc_hasher/linux_amd64_stripped/blake3zcc_hasher
INFO: Elapsed time: 0.111s, Critical Path: 0.00s
INFO: 0 processes.
INFO: Build completed successfully, 1 total action
INFO: Running command line: bazel-bin/cmd/blake3zcc_hasher/linux_amd64_stripped/blake3zcc_hasher -a localhost:8980 -d /home/scott/buildbarn/blake-client/experiments/e6 -c 2 '-b=true'
INFO: Build completed successfully, 1 total action
2021/02/19 16:24:05 Hash: B3Z:44702a444bd92ac4e4e7f5b4c4523862905dc7e6b25fde18b458fe6e3b5c51e8
2021/02/19 16:24:05 Hash: B3Z:1093f28be4fd7f08e1bc7c5a74325374283905df0366e4147b9cd694c3ad2d72
2021/02/19 16:24:05 Hash: B3Z:7dd730153ea7e424627ea3eb2545c406462eab55730794396b114f5fed1549b1
2021/02/19 16:24:05 Hash: B3Z:d9255d8105ee52b23f018fbd0eb54ae8d464e1f3b0c8729492b39af69afd9ec0
2021/02/19 16:24:05 Hash: B3Z:8b9d219bd039f12e98c6242db8f927f29acc76d499eeca035a8babb9e9f4a54c
2021/02/19 16:24:05 Action Digest: [139 157 33 155 208 57 241 46 152 198 36 45 184 249 39 242 154 204 118 212 153 238 202 3 90 139 171 185 233 244 165 76] 8b9d219bd039f12e98c6242db8f927f29acc76d499eeca035a8babb9e9f4a54c  76
2021/02/19 16:24:05 Bytes Uploaded: 76
2021/02/19 16:24:05 Bytes Hashed: 2785484
2021/02/19 16:24:05 Time Hashing: 6.294246ms
2021/02/19 16:24:05 Time Uploading: 382.955µs
2021/02/19 16:24:05 Time Finding Missing Blobs: 2.181969ms
2021/02/19 16:24:05 Execute response: result:<output_files:<path:"out" digest:<size_bytes:2785282 hash_blake3zcc:"\334\375\310\216=\306?I\243&\344\324\212\342F >\324\360\2439,\362\366FL\rab{e\225" > > execution_metadata:<worker:"{\"datacenter\":\"paris\",\"hostname\":\"ubuntu-worker.example.com\",\"rack\":\"4\",\"slot\":\"15\",\"thread\":\"5\"}" queued_timestamp:<seconds:1613751845 nanos:295455092 > worker_start_timestamp:<seconds:1613751845 nanos:295659685 > worker_completed_timestamp:<seconds:1613751845 nanos:326032246 > input_fetch_start_timestamp:<seconds:1613751845 nanos:295768969 > input_fetch_completed_timestamp:<seconds:1613751845 nanos:295830976 > execution_start_timestamp:<seconds:1613751845 nanos:295830976 > execution_completed_timestamp:<seconds:1613751845 nanos:298752783 > output_upload_start_timestamp:<seconds:1613751845 nanos:298752783 > output_upload_completed_timestamp:<seconds:1613751845 nanos:326032246 > auxiliary_metadata:<type_url:"type.googleapis.com/buildbarn.resourceusage.POSIXResourceUsage" value:"\n\004\020\250\362\033\022\004\020\270\307m\030\200\240\240\n8\304\001X\310*x\003\200\001\001" > auxiliary_metadata:<type_url:"type.googleapis.com/buildbarn.resourceusage.FilePoolResourceUsage" > > > message:"Action details (cached result): /action/blake-client/B3Z:8b9d219bd039f12e98c6242db8f927f29acc76d499eeca035a8babb9e9f4a54c/76/" 
