Loading: 
Loading: 0 packages loaded
Analyzing: target //cmd/blake3zcc_hasher:blake3zcc_hasher (0 packages loaded, 0 targets configured)
INFO: Analyzed target //cmd/blake3zcc_hasher:blake3zcc_hasher (0 packages loaded, 0 targets configured).
INFO: Found 1 target...
[0 / 1] [Prepa] BazelWorkspaceStatusAction stable-status.txt
Target //cmd/blake3zcc_hasher:blake3zcc_hasher up-to-date:
  bazel-bin/cmd/blake3zcc_hasher/linux_amd64_stripped/blake3zcc_hasher
INFO: Elapsed time: 0.086s, Critical Path: 0.00s
INFO: 0 processes.
INFO: Build completed successfully, 1 total action
INFO: Running command line: bazel-bin/cmd/blake3zcc_hasher/linux_amd64_stripped/blake3zcc_hasher -a localhost:8980 -d /home/scott/buildbarn/blake-client/experiments/e2 -c 3 '-b=false'
INFO: Build completed successfully, 1 total action
2021/02/03 16:09:49 Hash: a63ae3cb23607a051697f4b746e4e5d5505f43810e6d8c7976979a50e5fc9991
2021/02/03 16:09:49 Hash: 39d70fac724ac16b454a3b794944ba5be984fd062e83f9c34ef26811de0be16d
2021/02/03 16:09:49 Hash: 29b1eee9d1a7c63d8b87304c3a9e1c73390e1f55ba17a32511a237ca117d6a30
2021/02/03 16:09:49 Hash: fc8f7ebcae29b1a99f8ef31c259df5db6244c70ebfb86af990c2af6cd4ee41fc
2021/02/03 16:09:49 Hash: 72aa70c51c5028bcad39f2ffddb6c9eb0a27277ee1c2b5de8c14762420949aef
2021/02/03 16:09:49 Action Digest: []  72aa70c51c5028bcad39f2ffddb6c9eb0a27277ee1c2b5de8c14762420949aef 141
2021/02/03 16:09:49 Bytes Uploaded: 141
2021/02/03 16:09:49 Time Hashing: 4.252963ms
2021/02/03 16:09:49 Time Uploading: 559.117µs
2021/02/03 16:09:49 Time Finding Missing Blobs: 1.019824ms
2021/02/03 16:09:49 Execute response: result:<output_files:<path:"out" digest:<hash_other:"a63ae3cb23607a051697f4b746e4e5d5505f43810e6d8c7976979a50e5fc9991" size_bytes:1220609 > > execution_metadata:<worker:"{\"datacenter\":\"paris\",\"hostname\":\"ubuntu-worker.example.com\",\"rack\":\"4\",\"slot\":\"15\",\"thread\":\"1\"}" queued_timestamp:<seconds:1612368589 nanos:782084642 > worker_start_timestamp:<seconds:1612368589 nanos:782421494 > worker_completed_timestamp:<seconds:1612368589 nanos:788967622 > input_fetch_start_timestamp:<seconds:1612368589 nanos:782590239 > input_fetch_completed_timestamp:<seconds:1612368589 nanos:782591183 > execution_start_timestamp:<seconds:1612368589 nanos:782591183 > execution_completed_timestamp:<seconds:1612368589 nanos:788142455 > output_upload_start_timestamp:<seconds:1612368589 nanos:788142455 > output_upload_completed_timestamp:<seconds:1612368589 nanos:788967622 > auxiliary_metadata:<type_url:"type.googleapis.com/buildbarn.resourceusage.POSIXResourceUsage" value:"\n\004\020\220\2652\022\004\020\250\225:\030\200\300\340\t8\236\002X\230\010x\005\200\001\005" > auxiliary_metadata:<type_url:"type.googleapis.com/buildbarn.resourceusage.FilePoolResourceUsage" > > > message:"Action details (cached result): /action/blake-client/72aa70c51c5028bcad39f2ffddb6c9eb0a27277ee1c2b5de8c14762420949aef/141/" 
