Loading: 
Loading: 0 packages loaded
Analyzing: target //cmd/blake3zcc_hasher:blake3zcc_hasher (0 packages loaded, 0 targets configured)
INFO: Analyzed target //cmd/blake3zcc_hasher:blake3zcc_hasher (0 packages loaded, 0 targets configured).
INFO: Found 1 target...
[0 / 1] [Prepa] BazelWorkspaceStatusAction stable-status.txt
Target //cmd/blake3zcc_hasher:blake3zcc_hasher up-to-date:
  bazel-bin/cmd/blake3zcc_hasher/linux_amd64_stripped/blake3zcc_hasher
INFO: Elapsed time: 0.082s, Critical Path: 0.00s
INFO: 0 processes.
INFO: Build completed successfully, 1 total action
INFO: Running command line: bazel-bin/cmd/blake3zcc_hasher/linux_amd64_stripped/blake3zcc_hasher -a localhost:8980 -d /home/scott/buildbarn/blake-client/experiments/e6 -c 1 '-b=false'
INFO: Build completed successfully, 1 total action
2021/02/01 13:29:36 Hash: bb93dd16cbaad9363a6ba1046a541d11c4c76e30ec7f666d75685257d9840d0c
2021/02/01 13:29:36 Hash: a63ae3cb23607a051697f4b746e4e5d5505f43810e6d8c7976979a50e5fc9991
2021/02/01 13:29:36 Hash: 6dd1209c8ff5c8213913a432b6a7a8e2262f8554fb9e369001871503ca4bf28d
2021/02/01 13:29:36 Hash: 8ac82c9245239eed86e41c610a024096adf5a90ff857e300c1b91d60ca13e856
2021/02/01 13:29:36 Hash: 2a01149e1341c180aeb21752bc9664fabc7e0dc807cb6edb224f0d063591dd08
2021/02/01 13:29:36 Action Digest: []  2a01149e1341c180aeb21752bc9664fabc7e0dc807cb6edb224f0d063591dd08 141
2021/02/01 13:29:36 Bytes Uploaded: 141
2021/02/01 13:29:36 Time Hashing: 6.347126ms
2021/02/01 13:29:36 Time Uploading: 501.343µs
2021/02/01 13:29:36 Time Finding Missing Blobs: 939.145µs
2021/02/01 13:29:36 Execute response: result:<output_files:<path:"out" digest:<hash_other:"4306c4c3cfd4544b749e961e114bc0c9c62f88f3e32832dbf6025d12cc051065" size_bytes:2441218 > > execution_metadata:<worker:"{\"datacenter\":\"paris\",\"hostname\":\"ubuntu-worker.example.com\",\"rack\":\"4\",\"slot\":\"15\",\"thread\":\"6\"}" queued_timestamp:<seconds:1612186176 nanos:594026212 > worker_start_timestamp:<seconds:1612186176 nanos:594253458 > worker_completed_timestamp:<seconds:1612186176 nanos:603495326 > input_fetch_start_timestamp:<seconds:1612186176 nanos:594364377 > input_fetch_completed_timestamp:<seconds:1612186176 nanos:594436957 > execution_start_timestamp:<seconds:1612186176 nanos:594436957 > execution_completed_timestamp:<seconds:1612186176 nanos:597021635 > output_upload_start_timestamp:<seconds:1612186176 nanos:597021635 > output_upload_completed_timestamp:<seconds:1612186176 nanos:603495326 > auxiliary_metadata:<type_url:"type.googleapis.com/buildbarn.resourceusage.POSIXResourceUsage" value:"\n\004\020\310\377!\022\004\020\200\321b\030\200\200\261\n8\310\001X\250%x\003" > auxiliary_metadata:<type_url:"type.googleapis.com/buildbarn.resourceusage.FilePoolResourceUsage" > > > message:"Action details (cached result): /action/blake-client/2a01149e1341c180aeb21752bc9664fabc7e0dc807cb6edb224f0d063591dd08/141/" 
