Loading: 
Loading: 0 packages loaded
Analyzing: target //cmd/blake3zcc_hasher:blake3zcc_hasher (0 packages loaded, 0 targets configured)
INFO: Analyzed target //cmd/blake3zcc_hasher:blake3zcc_hasher (0 packages loaded, 0 targets configured).
INFO: Found 1 target...
[0 / 1] [Prepa] BazelWorkspaceStatusAction stable-status.txt
Target //cmd/blake3zcc_hasher:blake3zcc_hasher up-to-date:
  bazel-bin/cmd/blake3zcc_hasher/blake3zcc_hasher_/blake3zcc_hasher
INFO: Elapsed time: 0.078s, Critical Path: 0.00s
INFO: 0 processes.
INFO: Build completed successfully, 1 total action
INFO: Running command line: bazel-bin/cmd/blake3zcc_hasher/blake3zcc_hasher_/blake3zcc_hasher -a localhost:8980 -d /home/debian/blake-client/experiments/e4 -c 3 '-b=true'
INFO: Build completed successfully, 1 total action
2021/03/09 13:12:16 Hash: B3Z:1093f28be4fd7f08e1bc7c5a74325374283905df0366e4147b9cd694c3ad2d72
2021/03/09 13:12:16 Hash: B3Z:8fd34c336c315282c5a0d079d824b74754d3535f15539d6a78c867c24b3e1873
2021/03/09 13:12:16 Hash: B3Z:69fd5b364873e0cf9288383e42212200ba45ba940ec4bde713e79b2f983a924c
2021/03/09 13:12:16 Hash: B3Z:0379138517bc5811e645894edbef883e8d64f9056cdb7bdb54e23e31a6367972
2021/03/09 13:12:16 Hash: B3Z:5c4ea0702f50b05bd320cafeffbe2b4d601528d4c53796d37739bf7d367bc99d
2021/03/09 13:12:16 Time Hashing: 4.345677ms
2021/03/09 13:12:16 Bytes Hashed: 2097372
2021/03/09 13:12:16 Action Digest: [92 78 160 112 47 80 176 91 211 32 202 254 255 190 43 77 96 21 40 212 197 55 150 211 119 57 191 125 54 123 201 157] 5c4ea0702f50b05bd320cafeffbe2b4d601528d4c53796d37739bf7d367bc99d  76
2021/03/09 13:12:16 Bytes Uploaded: 76
2021/03/09 13:12:16 Time Uploading: 1.535255ms
2021/03/09 13:12:16 Time Finding Missing Blobs: 5.24306ms
2021/03/09 13:12:16 Execute response: result:{output_files:{path:"out"  digest:{size_bytes:1220609  hash_blake3zcc:"\x10\x93\xf2\x8b\xe4\xfd\x08\xe1\xbc|Zt2St(9\x05\xdf\x03f\xe4\x14{\x9c֔í-r"}}  execution_metadata:{worker:"{\"datacenter\":\"paris\",\"hostname\":\"ubuntu-worker.example.com\",\"rack\":\"4\",\"slot\":\"15\",\"thread\":\"4\"}"  queued_timestamp:{seconds:1615295536  nanos:848918900}  worker_start_timestamp:{seconds:1615295536  nanos:849517858}  worker_completed_timestamp:{seconds:1615295536  nanos:865891814}  input_fetch_start_timestamp:{seconds:1615295536  nanos:849768612}  input_fetch_completed_timestamp:{seconds:1615295536  nanos:850751745}  execution_start_timestamp:{seconds:1615295536  nanos:850751745}  execution_completed_timestamp:{seconds:1615295536  nanos:861477988}  output_upload_start_timestamp:{seconds:1615295536  nanos:861477988}  output_upload_completed_timestamp:{seconds:1615295536  nanos:865891814}  auxiliary_metadata:{type_url:"type.googleapis.com/buildbarn.resourceusage.POSIXResourceUsage"  value:"\n\x05\x10\x88\x9e\x80\x01\x12\x04\x10\xb0\xd42\x18\x80\xe0\xb9\x0e8\xa6\x02X\xb8\rx\x05\x80\x01\x07"}  auxiliary_metadata:{type_url:"type.googleapis.com/buildbarn.resourceusage.FilePoolResourceUsage"}}}  message:"Action details (cached result): /action/blake-client/B3Z:5c4ea0702f50b05bd320cafeffbe2b4d601528d4c53796d37739bf7d367bc99d/76/"
