Loading: 
Loading: 0 packages loaded
Analyzing: target //cmd/blake3zcc_hasher:blake3zcc_hasher (0 packages loaded, 0 targets configured)
INFO: Analyzed target //cmd/blake3zcc_hasher:blake3zcc_hasher (0 packages loaded, 0 targets configured).
INFO: Found 1 target...
[0 / 1] [Prepa] BazelWorkspaceStatusAction stable-status.txt
Target //cmd/blake3zcc_hasher:blake3zcc_hasher up-to-date:
  bazel-bin/cmd/blake3zcc_hasher/linux_amd64_stripped/blake3zcc_hasher
INFO: Elapsed time: 0.064s, Critical Path: 0.00s
INFO: 0 processes.
INFO: Build completed successfully, 1 total action
INFO: Running command line: bazel-bin/cmd/blake3zcc_hasher/linux_amd64_stripped/blake3zcc_hasher -a localhost:8980 -d /home/scott/buildbarn/blake-client/experiments/e12 -c 2 '-b=true'
INFO: Build completed successfully, 1 total action
2021/02/03 16:08:43 Hash: B3Z:8f03513c2b125990dae757ea2819492d2141f4da250c95a4218b2b6742be6168
2021/02/03 16:08:43 Hash: B3Z:8fd34c336c315282c5a0d079d824b74754d3535f15539d6a78c867c24b3e1873
2021/02/03 16:08:43 Hash: B3Z:7ccad5986c593b2a891b654876d3d87039fa319dc9e5f2ccd2c8e389884ba880
2021/02/03 16:08:43 Hash: B3Z:d9255d8105ee52b23f018fbd0eb54ae8d464e1f3b0c8729492b39af69afd9ec0
2021/02/03 16:08:43 Hash: B3Z:1d2ee7fae9627cb9242e098fa32867e134f15173af8f3de042ad8ac3666e224f
2021/02/03 16:08:43 Action Digest: [29 46 231 250 233 98 124 185 36 46 9 143 163 40 103 225 52 241 81 115 175 143 61 224 66 173 138 195 102 110 34 79] 1d2ee7fae9627cb9242e098fa32867e134f15173af8f3de042ad8ac3666e224f  76
2021/02/03 16:08:43 Bytes Uploaded: 170
2021/02/03 16:08:43 Time Hashing: 2.880609ms
2021/02/03 16:08:43 Time Uploading: 1.282495ms
2021/02/03 16:08:43 Time Finding Missing Blobs: 2.401339ms
2021/02/03 16:08:43 Execute response: result:<output_files:<path:"out" digest:<size_bytes:1409026 hash_blake3zcc:"W\246#\312p\374\340\363a\020\253\204\221{\221+\376\206G\0377|q\306\375?\304eo0\023\306" > > execution_metadata:<worker:"{\"datacenter\":\"paris\",\"hostname\":\"ubuntu-worker.example.com\",\"rack\":\"4\",\"slot\":\"15\",\"thread\":\"2\"}" queued_timestamp:<seconds:1612368523 nanos:263268041 > worker_start_timestamp:<seconds:1612368523 nanos:263647329 > worker_completed_timestamp:<seconds:1612368523 nanos:277164816 > input_fetch_start_timestamp:<seconds:1612368523 nanos:263783648 > input_fetch_completed_timestamp:<seconds:1612368523 nanos:264398130 > execution_start_timestamp:<seconds:1612368523 nanos:264398130 > execution_completed_timestamp:<seconds:1612368523 nanos:266530775 > output_upload_start_timestamp:<seconds:1612368523 nanos:266530775 > output_upload_completed_timestamp:<seconds:1612368523 nanos:277164816 > auxiliary_metadata:<type_url:"type.googleapis.com/buildbarn.resourceusage.POSIXResourceUsage" value:"\n\004\020\300\211e\022\000\030\200\300\266\t8\305\001X\310\025x\003\200\001\001" > auxiliary_metadata:<type_url:"type.googleapis.com/buildbarn.resourceusage.FilePoolResourceUsage" > > > message:"Action details (cached result): /action/blake-client/B3Z:1d2ee7fae9627cb9242e098fa32867e134f15173af8f3de042ad8ac3666e224f/76/" 
