Loading: 
Loading: 0 packages loaded
Analyzing: target //cmd/blake3zcc_hasher:blake3zcc_hasher (0 packages loaded, 0 targets configured)
INFO: Analyzed target //cmd/blake3zcc_hasher:blake3zcc_hasher (0 packages loaded, 0 targets configured).
INFO: Found 1 target...
[0 / 1] [Prepa] BazelWorkspaceStatusAction stable-status.txt
Target //cmd/blake3zcc_hasher:blake3zcc_hasher up-to-date:
  bazel-bin/cmd/blake3zcc_hasher/linux_amd64_stripped/blake3zcc_hasher
INFO: Elapsed time: 0.055s, Critical Path: 0.00s
INFO: 0 processes.
INFO: Build completed successfully, 1 total action
INFO: Running command line: bazel-bin/cmd/blake3zcc_hasher/linux_amd64_stripped/blake3zcc_hasher -a localhost:8980 -d /home/scott/buildbarn/blake-client/experiments/e3 -c 3 '-b=true'
INFO: Build completed successfully, 1 total action
2021/02/03 16:08:44 Hash: B3Z:44702a444bd92ac4e4e7f5b4c4523862905dc7e6b25fde18b458fe6e3b5c51e8
2021/02/03 16:08:44 Hash: B3Z:8f03513c2b125990dae757ea2819492d2141f4da250c95a4218b2b6742be6168
2021/02/03 16:08:44 Hash: B3Z:6cca65bbc2d91a2afa6cc31c52a42f4814832a5c69b86dd2fba39967d55d4b2e
2021/02/03 16:08:44 Hash: B3Z:0379138517bc5811e645894edbef883e8d64f9056cdb7bdb54e23e31a6367972
2021/02/03 16:08:44 Hash: B3Z:7754b2befe56942917f6eca079907057f0fa5d3875dd80deacc2909b9204ce0b
2021/02/03 16:08:44 Action Digest: [119 84 178 190 254 86 148 41 23 246 236 160 121 144 112 87 240 250 93 56 117 221 128 222 172 194 144 155 146 4 206 11] 7754b2befe56942917f6eca079907057f0fa5d3875dd80deacc2909b9204ce0b  76
2021/02/03 16:08:44 Bytes Uploaded: 76
2021/02/03 16:08:44 Time Hashing: 4.278654ms
2021/02/03 16:08:44 Time Uploading: 6.444985ms
2021/02/03 16:08:44 Time Finding Missing Blobs: 1.686959ms
2021/02/03 16:08:44 Execute response: result:<output_files:<path:"out" digest:<size_bytes:1564673 hash_blake3zcc:"Dp*DK\331*\304\344\347\365\264\304R8b\220]\307\346\262_\336\030\264X\376n;\\Q\350" > > execution_metadata:<worker:"{\"datacenter\":\"paris\",\"hostname\":\"ubuntu-worker.example.com\",\"rack\":\"4\",\"slot\":\"15\",\"thread\":\"5\"}" queued_timestamp:<seconds:1612368524 nanos:64206437 > worker_start_timestamp:<seconds:1612368524 nanos:64504859 > worker_completed_timestamp:<seconds:1612368524 nanos:78905422 > input_fetch_start_timestamp:<seconds:1612368524 nanos:64660786 > input_fetch_completed_timestamp:<seconds:1612368524 nanos:64661790 > execution_start_timestamp:<seconds:1612368524 nanos:64661790 > execution_completed_timestamp:<seconds:1612368524 nanos:66937131 > output_upload_start_timestamp:<seconds:1612368524 nanos:66937131 > output_upload_completed_timestamp:<seconds:1612368524 nanos:78905422 > auxiliary_metadata:<type_url:"type.googleapis.com/buildbarn.resourceusage.POSIXResourceUsage" value:"\n\004\020\200\263l\022\000\030\200\300\266\t8\235\002X\230\010x\005\200\001\001" > auxiliary_metadata:<type_url:"type.googleapis.com/buildbarn.resourceusage.FilePoolResourceUsage" > > > message:"Action details (cached result): /action/blake-client/B3Z:7754b2befe56942917f6eca079907057f0fa5d3875dd80deacc2909b9204ce0b/76/" 
