Loading: 
Loading: 0 packages loaded
Analyzing: target //cmd/blake3zcc_hasher:blake3zcc_hasher (0 packages loaded, 0 targets configured)
INFO: Analyzed target //cmd/blake3zcc_hasher:blake3zcc_hasher (0 packages loaded, 0 targets configured).
INFO: Found 1 target...
[0 / 1] [Prepa] BazelWorkspaceStatusAction stable-status.txt
Target //cmd/blake3zcc_hasher:blake3zcc_hasher up-to-date:
  bazel-bin/cmd/blake3zcc_hasher/linux_amd64_stripped/blake3zcc_hasher
INFO: Elapsed time: 0.069s, Critical Path: 0.00s
INFO: 0 processes.
INFO: Build completed successfully, 1 total action
INFO: Running command line: bazel-bin/cmd/blake3zcc_hasher/linux_amd64_stripped/blake3zcc_hasher -a localhost:8980 -d /home/scott/buildbarn/blake-client/experiments/e4 -c 0 '-b=true'
INFO: Build completed successfully, 1 total action
2021/02/01 13:28:34 Hash: B3Z:1093f28be4fd7f08e1bc7c5a74325374283905df0366e4147b9cd694c3ad2d72
2021/02/01 13:28:34 Hash: B3Z:8fd34c336c315282c5a0d079d824b74754d3535f15539d6a78c867c24b3e1873
2021/02/01 13:28:34 Hash: B3Z:69fd5b364873e0cf9288383e42212200ba45ba940ec4bde713e79b2f983a924c
2021/02/01 13:28:34 Hash: B3Z:0efe2b763d0ef25ab606352f2bdaf1041c4cc049855cbb1ed1c45be863334bcd
2021/02/01 13:28:34 Hash: B3Z:ebc1a7f81dd7a623f6aab99b4cfc8015e0fc39506701dbc13e475c3f86d36ab0
2021/02/01 13:28:34 Action Digest: [235 193 167 248 29 215 166 35 246 170 185 155 76 252 128 21 224 252 57 80 103 1 219 193 62 71 92 63 134 211 106 176] ebc1a7f81dd7a623f6aab99b4cfc8015e0fc39506701dbc13e475c3f86d36ab0  76
2021/02/01 13:28:34 Bytes Uploaded: 170
2021/02/01 13:28:34 Time Hashing: 8.869248ms
2021/02/01 13:28:34 Time Uploading: 756.122µs
2021/02/01 13:28:34 Time Finding Missing Blobs: 2.624519ms
2021/02/01 13:28:34 Execute response: result:<output_files:<path:"out" digest:<size_bytes:876545 hash_blake3zcc:"\217\323L3l1R\202\305\240\320y\330$\267GT\323S_\025S\235jx\310g\302K>\030s" > > execution_metadata:<worker:"{\"datacenter\":\"paris\",\"hostname\":\"ubuntu-worker.example.com\",\"rack\":\"4\",\"slot\":\"15\",\"thread\":\"0\"}" queued_timestamp:<seconds:1612186114 nanos:327636065 > worker_start_timestamp:<seconds:1612186114 nanos:327893526 > worker_completed_timestamp:<seconds:1612186114 nanos:342090154 > input_fetch_start_timestamp:<seconds:1612186114 nanos:328050991 > input_fetch_completed_timestamp:<seconds:1612186114 nanos:328392297 > execution_start_timestamp:<seconds:1612186114 nanos:328392297 > execution_completed_timestamp:<seconds:1612186114 nanos:339042490 > output_upload_start_timestamp:<seconds:1612186114 nanos:339042490 > output_upload_completed_timestamp:<seconds:1612186114 nanos:342090154 > auxiliary_metadata:<type_url:"type.googleapis.com/buildbarn.resourceusage.POSIXResourceUsage" value:"\n\004\020\200\234J\022\000\030\200\300\362\t8\212\001X\270\r\200\001\025" > auxiliary_metadata:<type_url:"type.googleapis.com/buildbarn.resourceusage.FilePoolResourceUsage" > > > message:"Action details (cached result): /action/blake-client/B3Z:ebc1a7f81dd7a623f6aab99b4cfc8015e0fc39506701dbc13e475c3f86d36ab0/76/" 
