Loading: 
Loading: 0 packages loaded
Analyzing: target //cmd/blake3zcc_hasher:blake3zcc_hasher (0 packages loaded, 0 targets configured)
INFO: Analyzed target //cmd/blake3zcc_hasher:blake3zcc_hasher (0 packages loaded, 0 targets configured).
INFO: Found 1 target...
[0 / 1] [Prepa] BazelWorkspaceStatusAction stable-status.txt
Target //cmd/blake3zcc_hasher:blake3zcc_hasher up-to-date:
  bazel-bin/cmd/blake3zcc_hasher/blake3zcc_hasher_/blake3zcc_hasher
INFO: Elapsed time: 0.075s, Critical Path: 0.00s
INFO: 0 processes.
INFO: Build completed successfully, 1 total action
INFO: Running command line: bazel-bin/cmd/blake3zcc_hasher/blake3zcc_hasher_/blake3zcc_hasher -a localhost:8980 -d /home/debian/blake-client/experiments/e7 -c 1 '-b=false'
INFO: Build completed successfully, 1 total action
2021/03/09 13:11:49 Hash: a63ae3cb23607a051697f4b746e4e5d5505f43810e6d8c7976979a50e5fc9991
2021/03/09 13:11:49 Hash: bb93dd16cbaad9363a6ba1046a541d11c4c76e30ec7f666d75685257d9840d0c
2021/03/09 13:11:49 Hash: a02aba59a84f65049b769c63dd16334aaef1923e058ae6b5ae0675099ce0e4fd
2021/03/09 13:11:49 Hash: 8ac82c9245239eed86e41c610a024096adf5a90ff857e300c1b91d60ca13e856
2021/03/09 13:11:49 Hash: 1b24ac8ca6a6d6826495ced3d47a9f3c06b9af3d6b0089f690ba1acee4b356b4
2021/03/09 13:11:49 Time Hashing: 12.667459ms
2021/03/09 13:11:49 Bytes Hashed: 2785613
2021/03/09 13:11:49 Action Digest: []  1b24ac8ca6a6d6826495ced3d47a9f3c06b9af3d6b0089f690ba1acee4b356b4 141
2021/03/09 13:11:49 Bytes Uploaded: 141
2021/03/09 13:11:49 Time Uploading: 1.015306ms
2021/03/09 13:11:49 Time Finding Missing Blobs: 1.881259ms
2021/03/09 13:11:49 Execute response: result:{output_files:{path:"out"  digest:{hash_other:"19c0e6de8fb50cee2833480425787cc6165262661bce9a461bfef715f811607e"  size_bytes:3129346}}  execution_metadata:{worker:"{\"datacenter\":\"paris\",\"hostname\":\"ubuntu-worker.example.com\",\"rack\":\"4\",\"slot\":\"15\",\"thread\":\"2\"}"  queued_timestamp:{seconds:1615295509  nanos:21359409}  worker_start_timestamp:{seconds:1615295509  nanos:21765481}  worker_completed_timestamp:{seconds:1615295509  nanos:86603492}  input_fetch_start_timestamp:{seconds:1615295509  nanos:21996746}  input_fetch_completed_timestamp:{seconds:1615295509  nanos:22431074}  execution_start_timestamp:{seconds:1615295509  nanos:22431074}  execution_completed_timestamp:{seconds:1615295509  nanos:28454234}  output_upload_start_timestamp:{seconds:1615295509  nanos:28454234}  output_upload_completed_timestamp:{seconds:1615295509  nanos:86603492}  auxiliary_metadata:{type_url:"type.googleapis.com/buildbarn.resourceusage.POSIXResourceUsage"  value:"\n\x05\x10\xf0\x9c\x83\x01\x12\x04\x10\xe0\xe5'\x18\x80\x80\xae\x0e8\xc7\x01X\xe8/x\x03\x80\x01\x06"}  auxiliary_metadata:{type_url:"type.googleapis.com/buildbarn.resourceusage.FilePoolResourceUsage"}}}  message:"Action details (cached result): /action/blake-client/1b24ac8ca6a6d6826495ced3d47a9f3c06b9af3d6b0089f690ba1acee4b356b4/141/"
