Loading: 
Loading: 0 packages loaded
Analyzing: target //cmd/blake3zcc_hasher:blake3zcc_hasher (0 packages loaded, 0 targets configured)
INFO: Analyzed target //cmd/blake3zcc_hasher:blake3zcc_hasher (0 packages loaded, 0 targets configured).
INFO: Found 1 target...
[0 / 1] [Prepa] BazelWorkspaceStatusAction stable-status.txt
Target //cmd/blake3zcc_hasher:blake3zcc_hasher up-to-date:
  bazel-bin/cmd/blake3zcc_hasher/linux_amd64_stripped/blake3zcc_hasher
INFO: Elapsed time: 0.074s, Critical Path: 0.00s
INFO: 0 processes.
INFO: Build completed successfully, 1 total action
INFO: Running command line: bazel-bin/cmd/blake3zcc_hasher/linux_amd64_stripped/blake3zcc_hasher -a localhost:8980 -d /home/scott/buildbarn/blake-client/experiments/e1 -c 4 '-b=true'
INFO: Build completed successfully, 1 total action
2021/02/01 13:28:32 Hash: B3Z:8fd34c336c315282c5a0d079d824b74754d3535f15539d6a78c867c24b3e1873
2021/02/01 13:28:32 Hash: B3Z:8f03513c2b125990dae757ea2819492d2141f4da250c95a4218b2b6742be6168
2021/02/01 13:28:32 Hash: B3Z:bdcc7322f9d633864ee6cf0eef227f6740bb77585225a9c749c16c70788ed9fc
2021/02/01 13:28:32 Command: arguments:"sh" arguments:"-c" arguments:"cp in0 out && printf ' ' | dd of=out bs=1 count=1 seek=266240 conv=notrunc" output_paths:"out" 
2021/02/01 13:28:32 Hash: B3Z:8501023c1aca350cfdd6ede3e761accab2d253d9d7b8475f5b0c9bc7633fe9b3
2021/02/01 13:28:32 Hash: B3Z:a828d8a3340248b0447d8c34c75b1fe84fc170a08f688b6ea07e611dcf7c33af
2021/02/01 13:28:32 Action Digest: [168 40 216 163 52 2 72 176 68 125 140 52 199 91 31 232 79 193 112 160 143 104 139 110 160 126 97 29 207 124 51 175] a828d8a3340248b0447d8c34c75b1fe84fc170a08f688b6ea07e611dcf7c33af  76
2021/02/01 13:28:32 Bytes Uploaded: 165
2021/02/01 13:28:32 Time Hashing: 6.7013ms
2021/02/01 13:28:32 Time Uploading: 1.070049ms
2021/02/01 13:28:32 Time Finding Missing Blobs: 1.851812ms
2021/02/01 13:28:32 Execute response: result:<output_files:<path:"out" digest:<size_bytes:532481 hash_blake3zcc:"}\t~\302\213y\327\026lM4#D\306\027)\360~\206\212M\004\257\257e\361\247F\233\324\"\221" > > stderr_digest:<size_bytes:70 hash_blake3zcc:"\361)\270I\344\211\276>\277v]Iu\271\355\246\221uq\273\201\204\270\312\003\373<\227\355G\025\342" > execution_metadata:<worker:"{\"datacenter\":\"paris\",\"hostname\":\"ubuntu-worker.example.com\",\"rack\":\"4\",\"slot\":\"15\",\"thread\":\"3\"}" queued_timestamp:<seconds:1612186112 nanos:260238309 > worker_start_timestamp:<seconds:1612186112 nanos:260712533 > worker_completed_timestamp:<seconds:1612186112 nanos:274958800 > input_fetch_start_timestamp:<seconds:1612186112 nanos:260898932 > input_fetch_completed_timestamp:<seconds:1612186112 nanos:260899928 > execution_start_timestamp:<seconds:1612186112 nanos:260899928 > execution_completed_timestamp:<seconds:1612186112 nanos:272950731 > output_upload_start_timestamp:<seconds:1612186112 nanos:272950731 > output_upload_completed_timestamp:<seconds:1612186112 nanos:274958800 > auxiliary_metadata:<type_url:"type.googleapis.com/buildbarn.resourceusage.POSIXResourceUsage" value:"\n\004\020\330\325I\022\004\020\330\374<\030\200\300\362\t8\303\002X\240\010x\007\200\001\013" > auxiliary_metadata:<type_url:"type.googleapis.com/buildbarn.resourceusage.FilePoolResourceUsage" > > > message:"Action details (cached result): /action/blake-client/B3Z:a828d8a3340248b0447d8c34c75b1fe84fc170a08f688b6ea07e611dcf7c33af/76/" 
