Loading: 
Loading: 0 packages loaded
Analyzing: target //cmd/blake3zcc_hasher:blake3zcc_hasher (0 packages loaded, 0 targets configured)
INFO: Analyzed target //cmd/blake3zcc_hasher:blake3zcc_hasher (0 packages loaded, 0 targets configured).
INFO: Found 1 target...
[0 / 1] [Prepa] BazelWorkspaceStatusAction stable-status.txt
Target //cmd/blake3zcc_hasher:blake3zcc_hasher up-to-date:
  bazel-bin/cmd/blake3zcc_hasher/linux_amd64_stripped/blake3zcc_hasher
INFO: Elapsed time: 0.057s, Critical Path: 0.00s
INFO: 0 processes.
INFO: Build completed successfully, 1 total action
INFO: Running command line: bazel-bin/cmd/blake3zcc_hasher/linux_amd64_stripped/blake3zcc_hasher -a localhost:8980 -d /home/scott/buildbarn/blake-client/experiments/e1 -c 3 '-b=false'
INFO: Build completed successfully, 1 total action
2021/02/03 16:09:48 Hash: c3068b7c715fb5e40d6ed51ef9e2de4c819ff1cd3327389345ad1555b9ab774a
2021/02/03 16:09:48 Hash: 39d70fac724ac16b454a3b794944ba5be984fd062e83f9c34ef26811de0be16d
2021/02/03 16:09:48 Hash: d8488f942089b0746021e64dd08f2d22c41601bb047d9e5d446a7e92228c33f0
2021/02/03 16:09:48 Hash: fc8f7ebcae29b1a99f8ef31c259df5db6244c70ebfb86af990c2af6cd4ee41fc
2021/02/03 16:09:48 Hash: e1be924057218d2266283bfd0855e9d1ae1525e7028335776c2fc34ad3ee2c48
2021/02/03 16:09:48 Action Digest: []  e1be924057218d2266283bfd0855e9d1ae1525e7028335776c2fc34ad3ee2c48 141
2021/02/03 16:09:48 Bytes Uploaded: 189
2021/02/03 16:09:48 Time Hashing: 3.189297ms
2021/02/03 16:09:48 Time Uploading: 1.056635ms
2021/02/03 16:09:48 Time Finding Missing Blobs: 1.016308ms
2021/02/03 16:09:48 Execute response: result:<output_files:<path:"out" digest:<hash_other:"c3068b7c715fb5e40d6ed51ef9e2de4c819ff1cd3327389345ad1555b9ab774a" size_bytes:876545 > > execution_metadata:<worker:"{\"datacenter\":\"paris\",\"hostname\":\"ubuntu-worker.example.com\",\"rack\":\"4\",\"slot\":\"15\",\"thread\":\"6\"}" queued_timestamp:<seconds:1612368588 nanos:747572922 > worker_start_timestamp:<seconds:1612368588 nanos:747848131 > worker_completed_timestamp:<seconds:1612368588 nanos:753848729 > input_fetch_start_timestamp:<seconds:1612368588 nanos:748022456 > input_fetch_completed_timestamp:<seconds:1612368588 nanos:748023418 > execution_start_timestamp:<seconds:1612368588 nanos:748023418 > execution_completed_timestamp:<seconds:1612368588 nanos:750425972 > output_upload_start_timestamp:<seconds:1612368588 nanos:750425972 > output_upload_completed_timestamp:<seconds:1612368588 nanos:753848729 > auxiliary_metadata:<type_url:"type.googleapis.com/buildbarn.resourceusage.POSIXResourceUsage" value:"\n\004\020\210\335k\022\000\030\200\300\276\t8\246\002X\230\010x\005\200\001\001" > auxiliary_metadata:<type_url:"type.googleapis.com/buildbarn.resourceusage.FilePoolResourceUsage" > > > message:"Action details (cached result): /action/blake-client/e1be924057218d2266283bfd0855e9d1ae1525e7028335776c2fc34ad3ee2c48/141/" 
