Loading: 
Loading: 0 packages loaded
Analyzing: target //cmd/blake3zcc_hasher:blake3zcc_hasher (0 packages loaded, 0 targets configured)
INFO: Analyzed target //cmd/blake3zcc_hasher:blake3zcc_hasher (0 packages loaded, 0 targets configured).
INFO: Found 1 target...
[0 / 1] [Prepa] BazelWorkspaceStatusAction stable-status.txt
Target //cmd/blake3zcc_hasher:blake3zcc_hasher up-to-date:
  bazel-bin/cmd/blake3zcc_hasher/blake3zcc_hasher_/blake3zcc_hasher
INFO: Elapsed time: 0.090s, Critical Path: 0.00s
INFO: 0 processes.
INFO: Build completed successfully, 1 total action
INFO: Running command line: bazel-bin/cmd/blake3zcc_hasher/blake3zcc_hasher_/blake3zcc_hasher -a localhost:8980 -d /home/debian/blake-client/experiments/e4 -c 2 '-b=false'
INFO: Build completed successfully, 1 total action
2021/03/09 13:11:47 Hash: a63ae3cb23607a051697f4b746e4e5d5505f43810e6d8c7976979a50e5fc9991
2021/03/09 13:11:47 Hash: c3068b7c715fb5e40d6ed51ef9e2de4c819ff1cd3327389345ad1555b9ab774a
2021/03/09 13:11:47 Hash: 8edcb872fbacf3039c0adf375de18320f5bf202ac68aace9193c64a5d38d4b4b
2021/03/09 13:11:47 Hash: 44a4c12b5acf05295e010a26c1a0ee9961303f33eb04ac8152ae9971faff091e
2021/03/09 13:11:47 Hash: 6cb687c7be4f95e9b0fbf57f49a079cacbc6d4247097310ffaa922c44c2e7756
2021/03/09 13:11:47 Time Hashing: 9.860633ms
2021/03/09 13:11:47 Bytes Hashed: 2097485
2021/03/09 13:11:47 Action Digest: []  6cb687c7be4f95e9b0fbf57f49a079cacbc6d4247097310ffaa922c44c2e7756 141
2021/03/09 13:11:47 Bytes Uploaded: 141
2021/03/09 13:11:47 Time Uploading: 827.117µs
2021/03/09 13:11:47 Time Finding Missing Blobs: 1.295867ms
2021/03/09 13:11:47 Execute response: result:{output_files:{path:"out"  digest:{hash_other:"850583661a02f76f2163ad7a36803974c2992ae6e37361e96c25b27d15a2ca07"  size_bytes:2097154}}  execution_metadata:{worker:"{\"datacenter\":\"paris\",\"hostname\":\"ubuntu-worker.example.com\",\"rack\":\"4\",\"slot\":\"15\",\"thread\":\"3\"}"  queued_timestamp:{seconds:1615295507  nanos:358170543}  worker_start_timestamp:{seconds:1615295507  nanos:358866497}  worker_completed_timestamp:{seconds:1615295507  nanos:375417227}  input_fetch_start_timestamp:{seconds:1615295507  nanos:359107090}  input_fetch_completed_timestamp:{seconds:1615295507  nanos:360155381}  execution_start_timestamp:{seconds:1615295507  nanos:360155381}  execution_completed_timestamp:{seconds:1615295507  nanos:372981241}  output_upload_start_timestamp:{seconds:1615295507  nanos:372981241}  output_upload_completed_timestamp:{seconds:1615295507  nanos:375417227}  auxiliary_metadata:{type_url:"type.googleapis.com/buildbarn.resourceusage.POSIXResourceUsage"  value:"\n\x04\x10\xd0\xe76\x12\x05\x10\xa8\x93\x8e\x01\x18\x80\x80\xae\x0e8\xc8\x01X\x88 x\x03\x80\x01\x07"}  auxiliary_metadata:{type_url:"type.googleapis.com/buildbarn.resourceusage.FilePoolResourceUsage"}}}  message:"Action details (cached result): /action/blake-client/6cb687c7be4f95e9b0fbf57f49a079cacbc6d4247097310ffaa922c44c2e7756/141/"
