Loading: 
Loading: 0 packages loaded
Analyzing: target //cmd/blake3zcc_hasher:blake3zcc_hasher (0 packages loaded, 0 targets configured)
INFO: Analyzed target //cmd/blake3zcc_hasher:blake3zcc_hasher (0 packages loaded, 0 targets configured).
INFO: Found 1 target...
[0 / 1] [Prepa] BazelWorkspaceStatusAction stable-status.txt
Target //cmd/blake3zcc_hasher:blake3zcc_hasher up-to-date:
  bazel-bin/cmd/blake3zcc_hasher/blake3zcc_hasher_/blake3zcc_hasher
INFO: Elapsed time: 0.077s, Critical Path: 0.00s
INFO: 0 processes.
INFO: Build completed successfully, 1 total action
INFO: Running command line: bazel-bin/cmd/blake3zcc_hasher/blake3zcc_hasher_/blake3zcc_hasher -a localhost:8980 -d /home/debian/blake-client/experiments/e3 -c 3 '-b=false'
INFO: Build completed successfully, 1 total action
2021/03/09 13:11:46 Hash: bb93dd16cbaad9363a6ba1046a541d11c4c76e30ec7f666d75685257d9840d0c
2021/03/09 13:11:46 Hash: 39d70fac724ac16b454a3b794944ba5be984fd062e83f9c34ef26811de0be16d
2021/03/09 13:11:46 Hash: 94f25df0d931c11f9881c7e2e7c9218c9a5f3df07e611d7c7959051f4aaf9b1c
2021/03/09 13:11:46 Hash: fc8f7ebcae29b1a99f8ef31c259df5db6244c70ebfb86af990c2af6cd4ee41fc
2021/03/09 13:11:46 Hash: d492e78c291fc4e67c7580a25e695208e1da28d9c60f71da8c9402852bfc7b92
2021/03/09 13:11:46 Time Hashing: 9.184209ms
2021/03/09 13:11:46 Bytes Hashed: 2097501
2021/03/09 13:11:46 Action Digest: []  d492e78c291fc4e67c7580a25e695208e1da28d9c60f71da8c9402852bfc7b92 141
2021/03/09 13:11:46 Bytes Uploaded: 141
2021/03/09 13:11:46 Time Uploading: 1.088536ms
2021/03/09 13:11:46 Time Finding Missing Blobs: 1.306232ms
2021/03/09 13:11:46 Execute response: result:{output_files:{path:"out"  digest:{hash_other:"bb93dd16cbaad9363a6ba1046a541d11c4c76e30ec7f666d75685257d9840d0c"  size_bytes:1564673}}  execution_metadata:{worker:"{\"datacenter\":\"paris\",\"hostname\":\"ubuntu-worker.example.com\",\"rack\":\"4\",\"slot\":\"15\",\"thread\":\"5\"}"  queued_timestamp:{seconds:1615295506  nanos:918330679}  worker_start_timestamp:{seconds:1615295506  nanos:918672376}  worker_completed_timestamp:{seconds:1615295506  nanos:931562264}  input_fetch_start_timestamp:{seconds:1615295506  nanos:919076201}  input_fetch_completed_timestamp:{seconds:1615295506  nanos:920201496}  execution_start_timestamp:{seconds:1615295506  nanos:920201496}  execution_completed_timestamp:{seconds:1615295506  nanos:930766689}  output_upload_start_timestamp:{seconds:1615295506  nanos:930766689}  output_upload_completed_timestamp:{seconds:1615295506  nanos:931562264}  auxiliary_metadata:{type_url:"type.googleapis.com/buildbarn.resourceusage.POSIXResourceUsage"  value:"\n\x04\x10\xd8\xd1t\x12\x04\x10\x80\xa9\x1c\x18\x80\x80\xae\x0e8\xa0\x02X\x98\x08x\x05\x80\x01\x10"}  auxiliary_metadata:{type_url:"type.googleapis.com/buildbarn.resourceusage.FilePoolResourceUsage"}}}  message:"Action details (cached result): /action/blake-client/d492e78c291fc4e67c7580a25e695208e1da28d9c60f71da8c9402852bfc7b92/141/"
