Loading: 
Loading: 0 packages loaded
Analyzing: target //cmd/blake3zcc_hasher:blake3zcc_hasher (0 packages loaded, 0 targets configured)
INFO: Analyzed target //cmd/blake3zcc_hasher:blake3zcc_hasher (0 packages loaded, 0 targets configured).
INFO: Found 1 target...
[0 / 1] [Prepa] BazelWorkspaceStatusAction stable-status.txt
Target //cmd/blake3zcc_hasher:blake3zcc_hasher up-to-date:
  bazel-bin/cmd/blake3zcc_hasher/linux_amd64_stripped/blake3zcc_hasher
INFO: Elapsed time: 0.062s, Critical Path: 0.00s
INFO: 0 processes.
INFO: Build completed successfully, 1 total action
INFO: Running command line: bazel-bin/cmd/blake3zcc_hasher/linux_amd64_stripped/blake3zcc_hasher -a localhost:8980 -d /home/scott/buildbarn/blake-client/experiments/e9 -c 2 '-b=false'
INFO: Build completed successfully, 1 total action
2021/02/19 16:23:45 Hash: 39d70fac724ac16b454a3b794944ba5be984fd062e83f9c34ef26811de0be16d
2021/02/19 16:23:45 Hash: bb93dd16cbaad9363a6ba1046a541d11c4c76e30ec7f666d75685257d9840d0c
2021/02/19 16:23:45 Hash: 24f5d381dd7f924174e72dd05115bd7a791eefa22a0da2eac32da29eea11ebca
2021/02/19 16:23:45 Hash: 44a4c12b5acf05295e010a26c1a0ee9961303f33eb04ac8152ae9971faff091e
2021/02/19 16:23:45 Hash: e89516bafeb0ae1272042c9812799444509aa2188e1258e92754585fac376ec3
2021/02/19 16:23:45 Action Digest: []  e89516bafeb0ae1272042c9812799444509aa2188e1258e92754585fac376ec3 141
2021/02/19 16:23:45 Bytes Uploaded: 299
2021/02/19 16:23:45 Bytes Hashed: 2097485
2021/02/19 16:23:45 Time Hashing: 5.395745ms
2021/02/19 16:23:45 Time Uploading: 749.495µs
2021/02/19 16:23:45 Time Finding Missing Blobs: 815.763µs
2021/02/19 16:23:45 Execute response: result:<output_files:<path:"out" digest:<hash_other:"850583661a02f76f2163ad7a36803974c2992ae6e37361e96c25b27d15a2ca07" size_bytes:2097154 > > execution_metadata:<worker:"{\"datacenter\":\"paris\",\"hostname\":\"ubuntu-worker.example.com\",\"rack\":\"4\",\"slot\":\"15\",\"thread\":\"1\"}" queued_timestamp:<seconds:1613751825 nanos:237600803 > worker_start_timestamp:<seconds:1613751825 nanos:237931936 > worker_completed_timestamp:<seconds:1613751825 nanos:247326310 > input_fetch_start_timestamp:<seconds:1613751825 nanos:238142916 > input_fetch_completed_timestamp:<seconds:1613751825 nanos:239157801 > execution_start_timestamp:<seconds:1613751825 nanos:239157801 > execution_completed_timestamp:<seconds:1613751825 nanos:241716529 > output_upload_start_timestamp:<seconds:1613751825 nanos:241716529 > output_upload_completed_timestamp:<seconds:1613751825 nanos:247326310 > auxiliary_metadata:<type_url:"type.googleapis.com/buildbarn.resourceusage.POSIXResourceUsage" value:"\n\004\020\210\315\035\022\004\020\320\346`\030\200\240\215\n8\312\001X\210 x\003\200\001\001" > auxiliary_metadata:<type_url:"type.googleapis.com/buildbarn.resourceusage.FilePoolResourceUsage" > > > message:"Action details (cached result): /action/blake-client/e89516bafeb0ae1272042c9812799444509aa2188e1258e92754585fac376ec3/141/" 
