Loading: 
Loading: 0 packages loaded
Analyzing: target //cmd/blake3zcc_hasher:blake3zcc_hasher (0 packages loaded, 0 targets configured)
INFO: Analyzed target //cmd/blake3zcc_hasher:blake3zcc_hasher (0 packages loaded, 0 targets configured).
INFO: Found 1 target...
[0 / 1] [Prepa] BazelWorkspaceStatusAction stable-status.txt
Target //cmd/blake3zcc_hasher:blake3zcc_hasher up-to-date:
  bazel-bin/cmd/blake3zcc_hasher/linux_amd64_stripped/blake3zcc_hasher
INFO: Elapsed time: 0.091s, Critical Path: 0.01s
INFO: 0 processes.
INFO: Build completed successfully, 1 total action
INFO: Running command line: bazel-bin/cmd/blake3zcc_hasher/linux_amd64_stripped/blake3zcc_hasher -a localhost:8980 -d /home/scott/buildbarn/blake-client/experiments/e2 -c 2 '-b=true'
INFO: Build completed successfully, 1 total action
2021/02/01 13:28:33 Hash: B3Z:1093f28be4fd7f08e1bc7c5a74325374283905df0366e4147b9cd694c3ad2d72
2021/02/01 13:28:33 Hash: B3Z:8f03513c2b125990dae757ea2819492d2141f4da250c95a4218b2b6742be6168
2021/02/01 13:28:33 Hash: B3Z:fb7f0840df41e52a32d623a74e78e61515755dca36a19b68c4899fd7c2e65fb7
2021/02/01 13:28:33 Hash: B3Z:d9255d8105ee52b23f018fbd0eb54ae8d464e1f3b0c8729492b39af69afd9ec0
2021/02/01 13:28:33 Hash: B3Z:cd1659b6843232d2baf576e7dcd7bcbf832e6a71cace4c20ba154400c16bc3d0
2021/02/01 13:28:33 Action Digest: [205 22 89 182 132 50 50 210 186 245 118 231 220 215 188 191 131 46 106 113 202 206 76 32 186 21 68 0 193 107 195 208] cd1659b6843232d2baf576e7dcd7bcbf832e6a71cace4c20ba154400c16bc3d0  76
2021/02/01 13:28:33 Bytes Uploaded: 170
2021/02/01 13:28:33 Time Hashing: 7.350236ms
2021/02/01 13:28:33 Time Uploading: 1.033379ms
2021/02/01 13:28:33 Time Finding Missing Blobs: 2.41972ms
2021/02/01 13:28:33 Execute response: result:<output_files:<path:"out" digest:<size_bytes:1753090 hash_blake3zcc:"\005S[\222\255I\241M\032\266\202u\236\361/7uU\325\355\005\333\255f\221\022{?\024v\177\305" > > execution_metadata:<worker:"{\"datacenter\":\"paris\",\"hostname\":\"ubuntu-worker.example.com\",\"rack\":\"4\",\"slot\":\"15\",\"thread\":\"7\"}" queued_timestamp:<seconds:1612186113 nanos:522812006 > worker_start_timestamp:<seconds:1612186113 nanos:523043540 > worker_completed_timestamp:<seconds:1612186113 nanos:553438970 > input_fetch_start_timestamp:<seconds:1612186113 nanos:523204989 > input_fetch_completed_timestamp:<seconds:1612186113 nanos:523670722 > execution_start_timestamp:<seconds:1612186113 nanos:523670722 > execution_completed_timestamp:<seconds:1612186113 nanos:525937864 > output_upload_start_timestamp:<seconds:1612186113 nanos:525937864 > output_upload_completed_timestamp:<seconds:1612186113 nanos:553438970 > auxiliary_metadata:<type_url:"type.googleapis.com/buildbarn.resourceusage.POSIXResourceUsage" value:"\n\004\020\300\324L\022\004\020\360\332\033\030\200\300\362\t8\304\001X\350\032x\002\200\001\001" > auxiliary_metadata:<type_url:"type.googleapis.com/buildbarn.resourceusage.FilePoolResourceUsage" > > > message:"Action details (cached result): /action/blake-client/B3Z:cd1659b6843232d2baf576e7dcd7bcbf832e6a71cace4c20ba154400c16bc3d0/76/" 
