Loading: 
Loading: 0 packages loaded
Analyzing: target //cmd/blake3zcc_hasher:blake3zcc_hasher (0 packages loaded, 0 targets configured)
INFO: Analyzed target //cmd/blake3zcc_hasher:blake3zcc_hasher (0 packages loaded, 0 targets configured).
INFO: Found 1 target...
[0 / 1] [Prepa] BazelWorkspaceStatusAction stable-status.txt
Target //cmd/blake3zcc_hasher:blake3zcc_hasher up-to-date:
  bazel-bin/cmd/blake3zcc_hasher/blake3zcc_hasher_/blake3zcc_hasher
INFO: Elapsed time: 0.080s, Critical Path: 0.00s
INFO: 0 processes.
INFO: Build completed successfully, 1 total action
INFO: Running command line: bazel-bin/cmd/blake3zcc_hasher/blake3zcc_hasher_/blake3zcc_hasher -a localhost:8980 -d /home/debian/blake-client/experiments/e3 -c 2 '-b=false'
INFO: Build completed successfully, 1 total action
2021/03/09 13:11:46 Hash: bb93dd16cbaad9363a6ba1046a541d11c4c76e30ec7f666d75685257d9840d0c
2021/03/09 13:11:46 Hash: 39d70fac724ac16b454a3b794944ba5be984fd062e83f9c34ef26811de0be16d
2021/03/09 13:11:46 Hash: 94f25df0d931c11f9881c7e2e7c9218c9a5f3df07e611d7c7959051f4aaf9b1c
2021/03/09 13:11:46 Hash: 44a4c12b5acf05295e010a26c1a0ee9961303f33eb04ac8152ae9971faff091e
2021/03/09 13:11:46 Hash: fc32e6631e9da88cc0ec7dc69cc03bd972869aacd604f20abf3de0700e6f1296
2021/03/09 13:11:46 Time Hashing: 8.925628ms
2021/03/09 13:11:46 Bytes Hashed: 2097485
2021/03/09 13:11:46 Action Digest: []  fc32e6631e9da88cc0ec7dc69cc03bd972869aacd604f20abf3de0700e6f1296 141
2021/03/09 13:11:46 Bytes Uploaded: 1564972
2021/03/09 13:11:46 Time Uploading: 27.976283ms
2021/03/09 13:11:46 Time Finding Missing Blobs: 1.551983ms
2021/03/09 13:11:46 Execute response: result:{output_files:{path:"out"  digest:{hash_other:"850583661a02f76f2163ad7a36803974c2992ae6e37361e96c25b27d15a2ca07"  size_bytes:2097154}}  execution_metadata:{worker:"{\"datacenter\":\"paris\",\"hostname\":\"ubuntu-worker.example.com\",\"rack\":\"4\",\"slot\":\"15\",\"thread\":\"7\"}"  queued_timestamp:{seconds:1615295506  nanos:756253654}  worker_start_timestamp:{seconds:1615295506  nanos:756576138}  worker_completed_timestamp:{seconds:1615295506  nanos:796880365}  input_fetch_start_timestamp:{seconds:1615295506  nanos:756782538}  input_fetch_completed_timestamp:{seconds:1615295506  nanos:782138545}  execution_start_timestamp:{seconds:1615295506  nanos:782138545}  execution_completed_timestamp:{seconds:1615295506  nanos:785516637}  output_upload_start_timestamp:{seconds:1615295506  nanos:785516637}  output_upload_completed_timestamp:{seconds:1615295506  nanos:796880365}  auxiliary_metadata:{type_url:"type.googleapis.com/buildbarn.resourceusage.POSIXResourceUsage"  value:"\n\x04\x10\xb8\xd6h\x12\x04\x10\xa8\xce'\x18\x80\x80\xae\x0e8\xc5\x01X\x88 x\x03\x80\x01\x1c"}  auxiliary_metadata:{type_url:"type.googleapis.com/buildbarn.resourceusage.FilePoolResourceUsage"}}}  message:"Action details (cached result): /action/blake-client/fc32e6631e9da88cc0ec7dc69cc03bd972869aacd604f20abf3de0700e6f1296/141/"
