Loading: 
Loading: 0 packages loaded
Analyzing: target //cmd/blake3zcc_hasher:blake3zcc_hasher (0 packages loaded, 0 targets configured)
INFO: Analyzed target //cmd/blake3zcc_hasher:blake3zcc_hasher (0 packages loaded, 0 targets configured).
INFO: Found 1 target...
[0 / 1] [Prepa] BazelWorkspaceStatusAction stable-status.txt
Target //cmd/blake3zcc_hasher:blake3zcc_hasher up-to-date:
  bazel-bin/cmd/blake3zcc_hasher/linux_amd64_stripped/blake3zcc_hasher
INFO: Elapsed time: 0.065s, Critical Path: 0.00s
INFO: 0 processes.
INFO: Build completed successfully, 1 total action
INFO: Running command line: bazel-bin/cmd/blake3zcc_hasher/linux_amd64_stripped/blake3zcc_hasher -a localhost:8980 -d /home/scott/buildbarn/blake-client/experiments/e8 -c 3 '-b=false'
INFO: Build completed successfully, 1 total action
2021/02/03 16:09:52 Hash: c3068b7c715fb5e40d6ed51ef9e2de4c819ff1cd3327389345ad1555b9ab774a
2021/02/03 16:09:52 Hash: bb93dd16cbaad9363a6ba1046a541d11c4c76e30ec7f666d75685257d9840d0c
2021/02/03 16:09:52 Hash: 393fb70e30a62a2709c4631d3fd20911f8b261b3f5f81473ecfec862cf75d7e4
2021/02/03 16:09:52 Hash: fc8f7ebcae29b1a99f8ef31c259df5db6244c70ebfb86af990c2af6cd4ee41fc
2021/02/03 16:09:52 Hash: d5d4c560bbb0075a529dafee624b5da411829e5f46e05afc867a3cfcaeb827f5
2021/02/03 16:09:52 Action Digest: []  d5d4c560bbb0075a529dafee624b5da411829e5f46e05afc867a3cfcaeb827f5 141
2021/02/03 16:09:52 Bytes Uploaded: 141
2021/02/03 16:09:52 Time Hashing: 5.855457ms
2021/02/03 16:09:52 Time Uploading: 466.012µs
2021/02/03 16:09:52 Time Finding Missing Blobs: 862.735µs
2021/02/03 16:09:52 Execute response: result:<output_files:<path:"out" digest:<hash_other:"c3068b7c715fb5e40d6ed51ef9e2de4c819ff1cd3327389345ad1555b9ab774a" size_bytes:876545 > > execution_metadata:<worker:"{\"datacenter\":\"paris\",\"hostname\":\"ubuntu-worker.example.com\",\"rack\":\"4\",\"slot\":\"15\",\"thread\":\"4\"}" queued_timestamp:<seconds:1612368592 nanos:196972029 > worker_start_timestamp:<seconds:1612368592 nanos:197199741 > worker_completed_timestamp:<seconds:1612368592 nanos:202684787 > input_fetch_start_timestamp:<seconds:1612368592 nanos:197362526 > input_fetch_completed_timestamp:<seconds:1612368592 nanos:197363456 > execution_start_timestamp:<seconds:1612368592 nanos:197363456 > execution_completed_timestamp:<seconds:1612368592 nanos:200100942 > output_upload_start_timestamp:<seconds:1612368592 nanos:200100942 > output_upload_completed_timestamp:<seconds:1612368592 nanos:202684787 > auxiliary_metadata:<type_url:"type.googleapis.com/buildbarn.resourceusage.POSIXResourceUsage" value:"\n\005\020\340\260\214\001\022\000\030\200\300\340\t8\237\002X\370\027x\005" > auxiliary_metadata:<type_url:"type.googleapis.com/buildbarn.resourceusage.FilePoolResourceUsage" > > > message:"Action details (cached result): /action/blake-client/d5d4c560bbb0075a529dafee624b5da411829e5f46e05afc867a3cfcaeb827f5/141/" 
