Loading: 
Loading: 0 packages loaded
Analyzing: target //cmd/blake3zcc_hasher:blake3zcc_hasher (0 packages loaded, 0 targets configured)
INFO: Analyzed target //cmd/blake3zcc_hasher:blake3zcc_hasher (0 packages loaded, 0 targets configured).
INFO: Found 1 target...
[0 / 1] [Prepa] BazelWorkspaceStatusAction stable-status.txt
Target //cmd/blake3zcc_hasher:blake3zcc_hasher up-to-date:
  bazel-bin/cmd/blake3zcc_hasher/linux_amd64_stripped/blake3zcc_hasher
INFO: Elapsed time: 0.070s, Critical Path: 0.00s
INFO: 0 processes.
INFO: Build completed successfully, 1 total action
INFO: Running command line: bazel-bin/cmd/blake3zcc_hasher/linux_amd64_stripped/blake3zcc_hasher -a localhost:8980 -d /home/scott/buildbarn/blake-client/experiments/e9 -c 2 '-b=true'
INFO: Build completed successfully, 1 total action
2021/02/03 16:08:46 Hash: B3Z:8f03513c2b125990dae757ea2819492d2141f4da250c95a4218b2b6742be6168
2021/02/03 16:08:46 Hash: B3Z:44702a444bd92ac4e4e7f5b4c4523862905dc7e6b25fde18b458fe6e3b5c51e8
2021/02/03 16:08:46 Hash: B3Z:d317113ba6029afbfc005b5e291ee877e62e3a2095428708435aae6d1b570b55
2021/02/03 16:08:46 Hash: B3Z:d9255d8105ee52b23f018fbd0eb54ae8d464e1f3b0c8729492b39af69afd9ec0
2021/02/03 16:08:46 Hash: B3Z:2c192cf1a9a650166fc87e9d5edd79e8275f536d3a7e3a54fae73ed2749348b4
2021/02/03 16:08:46 Action Digest: [44 25 44 241 169 166 80 22 111 200 126 157 94 221 121 232 39 95 83 109 58 126 58 84 250 231 62 210 116 147 72 180] 2c192cf1a9a650166fc87e9d5edd79e8275f536d3a7e3a54fae73ed2749348b4  76
2021/02/03 16:08:46 Bytes Uploaded: 170
2021/02/03 16:08:46 Time Hashing: 5.430722ms
2021/02/03 16:08:46 Time Uploading: 1.463797ms
2021/02/03 16:08:46 Time Finding Missing Blobs: 2.201363ms
2021/02/03 16:08:46 Execute response: result:<output_files:<path:"out" digest:<size_bytes:2097154 hash_blake3zcc:"&\271+\375n\364\336\217\252\315\250+\021]\276\244\"\221\005\216\347z\2537\200\026s\332WQ\254\320" > > execution_metadata:<worker:"{\"datacenter\":\"paris\",\"hostname\":\"ubuntu-worker.example.com\",\"rack\":\"4\",\"slot\":\"15\",\"thread\":\"1\"}" queued_timestamp:<seconds:1612368526 nanos:457308267 > worker_start_timestamp:<seconds:1612368526 nanos:457811535 > worker_completed_timestamp:<seconds:1612368526 nanos:479139570 > input_fetch_start_timestamp:<seconds:1612368526 nanos:457998282 > input_fetch_completed_timestamp:<seconds:1612368526 nanos:458519611 > execution_start_timestamp:<seconds:1612368526 nanos:458519611 > execution_completed_timestamp:<seconds:1612368526 nanos:463890843 > output_upload_start_timestamp:<seconds:1612368526 nanos:463890843 > output_upload_completed_timestamp:<seconds:1612368526 nanos:479139570 > auxiliary_metadata:<type_url:"type.googleapis.com/buildbarn.resourceusage.POSIXResourceUsage" value:"\n\004\020\360\321\036\022\004\020\240\352d\030\200\340\306\t8\310\001X\210 x\003" > auxiliary_metadata:<type_url:"type.googleapis.com/buildbarn.resourceusage.FilePoolResourceUsage" > > > message:"Action details (cached result): /action/blake-client/B3Z:2c192cf1a9a650166fc87e9d5edd79e8275f536d3a7e3a54fae73ed2749348b4/76/" 
