Loading: 
Loading: 0 packages loaded
Analyzing: target //cmd/blake3zcc_hasher:blake3zcc_hasher (0 packages loaded, 0 targets configured)
INFO: Analyzed target //cmd/blake3zcc_hasher:blake3zcc_hasher (0 packages loaded, 0 targets configured).
INFO: Found 1 target...
[0 / 1] [Prepa] BazelWorkspaceStatusAction stable-status.txt
Target //cmd/blake3zcc_hasher:blake3zcc_hasher up-to-date:
  bazel-bin/cmd/blake3zcc_hasher/linux_amd64_stripped/blake3zcc_hasher
INFO: Elapsed time: 0.065s, Critical Path: 0.00s
INFO: 0 processes.
INFO: Build completed successfully, 1 total action
INFO: Running command line: bazel-bin/cmd/blake3zcc_hasher/linux_amd64_stripped/blake3zcc_hasher -a localhost:8980 -d /home/scott/buildbarn/blake-client/experiments/e1 -c 2 '-b=false'
INFO: Build completed successfully, 1 total action
2021/02/03 16:09:48 Hash: c3068b7c715fb5e40d6ed51ef9e2de4c819ff1cd3327389345ad1555b9ab774a
2021/02/03 16:09:48 Hash: 39d70fac724ac16b454a3b794944ba5be984fd062e83f9c34ef26811de0be16d
2021/02/03 16:09:48 Hash: d8488f942089b0746021e64dd08f2d22c41601bb047d9e5d446a7e92228c33f0
2021/02/03 16:09:48 Hash: 44a4c12b5acf05295e010a26c1a0ee9961303f33eb04ac8152ae9971faff091e
2021/02/03 16:09:48 Hash: 410f5e3d47d1efdd203af7cfcd4931e73c0a9c892663cf17fcce78afc3f3a613
2021/02/03 16:09:48 Action Digest: []  410f5e3d47d1efdd203af7cfcd4931e73c0a9c892663cf17fcce78afc3f3a613 141
2021/02/03 16:09:48 Bytes Uploaded: 173
2021/02/03 16:09:48 Time Hashing: 3.23258ms
2021/02/03 16:09:48 Time Uploading: 760.793µs
2021/02/03 16:09:48 Time Finding Missing Blobs: 983.538µs
2021/02/03 16:09:48 Execute response: result:<output_files:<path:"out" digest:<hash_other:"67b348ace19fc8d8fe0811ed2aa1adb38a367db6d53a8d491ae21b9b4de64c71" size_bytes:1409026 > > execution_metadata:<worker:"{\"datacenter\":\"paris\",\"hostname\":\"ubuntu-worker.example.com\",\"rack\":\"4\",\"slot\":\"15\",\"thread\":\"3\"}" queued_timestamp:<seconds:1612368588 nanos:646050773 > worker_start_timestamp:<seconds:1612368588 nanos:646260449 > worker_completed_timestamp:<seconds:1612368588 nanos:658579494 > input_fetch_start_timestamp:<seconds:1612368588 nanos:646360045 > input_fetch_completed_timestamp:<seconds:1612368588 nanos:646436644 > execution_start_timestamp:<seconds:1612368588 nanos:646436644 > execution_completed_timestamp:<seconds:1612368588 nanos:650251593 > output_upload_start_timestamp:<seconds:1612368588 nanos:650251593 > output_upload_completed_timestamp:<seconds:1612368588 nanos:658579494 > auxiliary_metadata:<type_url:"type.googleapis.com/buildbarn.resourceusage.POSIXResourceUsage" value:"\n\004\020\340\205G\022\004\020\270\300\034\030\200\300\276\t8\314\001X\310\025x\003" > auxiliary_metadata:<type_url:"type.googleapis.com/buildbarn.resourceusage.FilePoolResourceUsage" > > > message:"Action details (cached result): /action/blake-client/410f5e3d47d1efdd203af7cfcd4931e73c0a9c892663cf17fcce78afc3f3a613/141/" 
