Loading: 
Loading: 0 packages loaded
Analyzing: target //cmd/blake3zcc_hasher:blake3zcc_hasher (0 packages loaded, 0 targets configured)
INFO: Analyzed target //cmd/blake3zcc_hasher:blake3zcc_hasher (0 packages loaded, 0 targets configured).
INFO: Found 1 target...
[0 / 1] [Prepa] BazelWorkspaceStatusAction stable-status.txt
Target //cmd/blake3zcc_hasher:blake3zcc_hasher up-to-date:
  bazel-bin/cmd/blake3zcc_hasher/linux_amd64_stripped/blake3zcc_hasher
INFO: Elapsed time: 0.068s, Critical Path: 0.00s
INFO: 0 processes.
INFO: Build completed successfully, 1 total action
INFO: Running command line: bazel-bin/cmd/blake3zcc_hasher/linux_amd64_stripped/blake3zcc_hasher -a localhost:8980 -d /home/scott/buildbarn/blake-client/experiments/e5 -c 3 '-b=false'
INFO: Build completed successfully, 1 total action
2021/02/19 16:23:43 Hash: bb93dd16cbaad9363a6ba1046a541d11c4c76e30ec7f666d75685257d9840d0c
2021/02/19 16:23:43 Hash: c3068b7c715fb5e40d6ed51ef9e2de4c819ff1cd3327389345ad1555b9ab774a
2021/02/19 16:23:43 Hash: b2e9920b468dde98d622a38a796f525f03bb39e3ed897d8b7edd9c8974d91b32
2021/02/19 16:23:43 Hash: fc8f7ebcae29b1a99f8ef31c259df5db6244c70ebfb86af990c2af6cd4ee41fc
2021/02/19 16:23:43 Hash: 9c8cd847e8dcb4ce51c1c5148a6bdf303adf631114022cef71a54c87f88e79bf
2021/02/19 16:23:43 Action Digest: []  9c8cd847e8dcb4ce51c1c5148a6bdf303adf631114022cef71a54c87f88e79bf 141
2021/02/19 16:23:43 Bytes Uploaded: 141
2021/02/19 16:23:43 Bytes Hashed: 2441565
2021/02/19 16:23:43 Time Hashing: 5.642811ms
2021/02/19 16:23:43 Time Uploading: 360.305µs
2021/02/19 16:23:43 Time Finding Missing Blobs: 836.918µs
2021/02/19 16:23:43 Execute response: result:<output_files:<path:"out" digest:<hash_other:"bb93dd16cbaad9363a6ba1046a541d11c4c76e30ec7f666d75685257d9840d0c" size_bytes:1564673 > > execution_metadata:<worker:"{\"datacenter\":\"paris\",\"hostname\":\"ubuntu-worker.example.com\",\"rack\":\"4\",\"slot\":\"15\",\"thread\":\"0\"}" queued_timestamp:<seconds:1613751823 nanos:554983344 > worker_start_timestamp:<seconds:1613751823 nanos:555212265 > worker_completed_timestamp:<seconds:1613751823 nanos:562497214 > input_fetch_start_timestamp:<seconds:1613751823 nanos:555318482 > input_fetch_completed_timestamp:<seconds:1613751823 nanos:555406253 > execution_start_timestamp:<seconds:1613751823 nanos:555406253 > execution_completed_timestamp:<seconds:1613751823 nanos:558001507 > output_upload_start_timestamp:<seconds:1613751823 nanos:558001507 > output_upload_completed_timestamp:<seconds:1613751823 nanos:562497214 > auxiliary_metadata:<type_url:"type.googleapis.com/buildbarn.resourceusage.POSIXResourceUsage" value:"\n\004\020\330\2245\022\004\020\340\210F\030\200\240\321\t8\241\002X\270\rx\004\200\001\n" > auxiliary_metadata:<type_url:"type.googleapis.com/buildbarn.resourceusage.FilePoolResourceUsage" > > > message:"Action details (cached result): /action/blake-client/9c8cd847e8dcb4ce51c1c5148a6bdf303adf631114022cef71a54c87f88e79bf/141/" 
