Loading: 
Loading: 0 packages loaded
Analyzing: target //cmd/blake3zcc_hasher:blake3zcc_hasher (0 packages loaded, 0 targets configured)
INFO: Analyzed target //cmd/blake3zcc_hasher:blake3zcc_hasher (0 packages loaded, 0 targets configured).
INFO: Found 1 target...
[0 / 1] [Prepa] BazelWorkspaceStatusAction stable-status.txt
Target //cmd/blake3zcc_hasher:blake3zcc_hasher up-to-date:
  bazel-bin/cmd/blake3zcc_hasher/linux_amd64_stripped/blake3zcc_hasher
INFO: Elapsed time: 0.070s, Critical Path: 0.00s
INFO: 0 processes.
INFO: Build completed successfully, 1 total action
INFO: Running command line: bazel-bin/cmd/blake3zcc_hasher/linux_amd64_stripped/blake3zcc_hasher -a localhost:8980 -d /home/scott/buildbarn/blake-client/experiments/e7 -c 2 '-b=true'
INFO: Build completed successfully, 1 total action
2021/02/19 16:24:06 Hash: B3Z:1093f28be4fd7f08e1bc7c5a74325374283905df0366e4147b9cd694c3ad2d72
2021/02/19 16:24:06 Hash: B3Z:44702a444bd92ac4e4e7f5b4c4523862905dc7e6b25fde18b458fe6e3b5c51e8
2021/02/19 16:24:06 Hash: B3Z:aee452abff59e2237a59b3c1404747cb73ebdbcf30f2d5ece9586cd470d9e13b
2021/02/19 16:24:06 Hash: B3Z:d9255d8105ee52b23f018fbd0eb54ae8d464e1f3b0c8729492b39af69afd9ec0
2021/02/19 16:24:06 Hash: B3Z:18fe9d6e9e6fd1db240302f306242f713cbd8220655e4e2291b1bb782a197754
2021/02/19 16:24:06 Action Digest: [24 254 157 110 158 111 209 219 36 3 2 243 6 36 47 113 60 189 130 32 101 94 78 34 145 177 187 120 42 25 119 84] 18fe9d6e9e6fd1db240302f306242f713cbd8220655e4e2291b1bb782a197754  76
2021/02/19 16:24:06 Bytes Uploaded: 76
2021/02/19 16:24:06 Bytes Hashed: 2785484
2021/02/19 16:24:06 Time Hashing: 5.857622ms
2021/02/19 16:24:06 Time Uploading: 424.998µs
2021/02/19 16:24:06 Time Finding Missing Blobs: 1.722858ms
2021/02/19 16:24:06 Execute response: result:<output_files:<path:"out" digest:<size_bytes:2785282 hash_blake3zcc:"\334\375\310\216=\306?I\243&\344\324\212\342F >\324\360\2439,\362\366FL\rab{e\225" > > execution_metadata:<worker:"{\"datacenter\":\"paris\",\"hostname\":\"ubuntu-worker.example.com\",\"rack\":\"4\",\"slot\":\"15\",\"thread\":\"3\"}" queued_timestamp:<seconds:1613751846 nanos:98448934 > worker_start_timestamp:<seconds:1613751846 nanos:98795681 > worker_completed_timestamp:<seconds:1613751846 nanos:123051982 > input_fetch_start_timestamp:<seconds:1613751846 nanos:98952435 > input_fetch_completed_timestamp:<seconds:1613751846 nanos:98953415 > execution_start_timestamp:<seconds:1613751846 nanos:98953415 > execution_completed_timestamp:<seconds:1613751846 nanos:101890632 > output_upload_start_timestamp:<seconds:1613751846 nanos:101890632 > output_upload_completed_timestamp:<seconds:1613751846 nanos:123051982 > auxiliary_metadata:<type_url:"type.googleapis.com/buildbarn.resourceusage.POSIXResourceUsage" value:"\n\004\020\270\272\036\022\004\020\270\312l\030\200\240\240\n8\305\001X\310*x\002\200\001\003" > auxiliary_metadata:<type_url:"type.googleapis.com/buildbarn.resourceusage.FilePoolResourceUsage" > > > message:"Action details (cached result): /action/blake-client/B3Z:18fe9d6e9e6fd1db240302f306242f713cbd8220655e4e2291b1bb782a197754/76/" 
