Loading: 
Loading: 0 packages loaded
Analyzing: target //cmd/blake3zcc_hasher:blake3zcc_hasher (0 packages loaded, 0 targets configured)
INFO: Analyzed target //cmd/blake3zcc_hasher:blake3zcc_hasher (0 packages loaded, 0 targets configured).
INFO: Found 1 target...
[0 / 1] [Prepa] BazelWorkspaceStatusAction stable-status.txt
Target //cmd/blake3zcc_hasher:blake3zcc_hasher up-to-date:
  bazel-bin/cmd/blake3zcc_hasher/blake3zcc_hasher_/blake3zcc_hasher
INFO: Elapsed time: 0.095s, Critical Path: 0.00s
INFO: 0 processes.
INFO: Build completed successfully, 1 total action
INFO: Running command line: bazel-bin/cmd/blake3zcc_hasher/blake3zcc_hasher_/blake3zcc_hasher -a localhost:8980 -d /home/debian/blake-client/experiments/e5 -c 2 '-b=true'
INFO: Build completed successfully, 1 total action
2021/03/09 13:12:17 Hash: B3Z:44702a444bd92ac4e4e7f5b4c4523862905dc7e6b25fde18b458fe6e3b5c51e8
2021/03/09 13:12:17 Hash: B3Z:8fd34c336c315282c5a0d079d824b74754d3535f15539d6a78c867c24b3e1873
2021/03/09 13:12:17 Hash: B3Z:7788ab4770e8ca637e30bda3d6dda7f8a6405f4728277f07c4449168485be0c0
2021/03/09 13:12:17 Hash: B3Z:d9255d8105ee52b23f018fbd0eb54ae8d464e1f3b0c8729492b39af69afd9ec0
2021/03/09 13:12:17 Hash: B3Z:0e9811c68d0420091d4f434b91b81c5442f3f3309f3692ccfc34c563adef8521
2021/03/09 13:12:17 Time Hashing: 5.116499ms
2021/03/09 13:12:17 Bytes Hashed: 2441420
2021/03/09 13:12:17 Action Digest: [14 152 17 198 141 4 32 9 29 79 67 75 145 184 28 84 66 243 243 48 159 54 146 204 252 52 197 99 173 239 133 33] 0e9811c68d0420091d4f434b91b81c5442f3f3309f3692ccfc34c563adef8521  76
2021/03/09 13:12:17 Bytes Uploaded: 170
2021/03/09 13:12:17 Time Uploading: 1.825882ms
2021/03/09 13:12:17 Time Finding Missing Blobs: 3.31623ms
2021/03/09 13:12:17 Execute response: result:{output_files:{path:"out"  digest:{size_bytes:2441218  hash_blake3zcc:"'A\xea\x1a9\xa2\x9a\x8fd\x92\x90\xb2\x04\x9dKR\xc3D\x9aÆ/^f^Q\xb2\x90\rMW\x9f"}}  execution_metadata:{worker:"{\"datacenter\":\"paris\",\"hostname\":\"ubuntu-worker.example.com\",\"rack\":\"4\",\"slot\":\"15\",\"thread\":\"5\"}"  queued_timestamp:{seconds:1615295537  nanos:141954011}  worker_start_timestamp:{seconds:1615295537  nanos:142559499}  worker_completed_timestamp:{seconds:1615295537  nanos:167020655}  input_fetch_start_timestamp:{seconds:1615295537  nanos:142868346}  input_fetch_completed_timestamp:{seconds:1615295537  nanos:144098549}  execution_start_timestamp:{seconds:1615295537  nanos:144098549}  execution_completed_timestamp:{seconds:1615295537  nanos:147716093}  output_upload_start_timestamp:{seconds:1615295537  nanos:147716093}  output_upload_completed_timestamp:{seconds:1615295537  nanos:167020655}  auxiliary_metadata:{type_url:"type.googleapis.com/buildbarn.resourceusage.POSIXResourceUsage"  value:"\n\x05\x10蕢\x01\x12\x00\x18\x80\xe0\xb9\x0e8\xc8\x01X\xa8%x\x03\x80\x01\x0b"}  auxiliary_metadata:{type_url:"type.googleapis.com/buildbarn.resourceusage.FilePoolResourceUsage"}}}  message:"Action details (cached result): /action/blake-client/B3Z:0e9811c68d0420091d4f434b91b81c5442f3f3309f3692ccfc34c563adef8521/76/"
