Loading: 
Loading: 0 packages loaded
Analyzing: target //cmd/blake3zcc_hasher:blake3zcc_hasher (0 packages loaded, 0 targets configured)
INFO: Analyzed target //cmd/blake3zcc_hasher:blake3zcc_hasher (0 packages loaded, 0 targets configured).
INFO: Found 1 target...
[0 / 1] [Prepa] BazelWorkspaceStatusAction stable-status.txt
Target //cmd/blake3zcc_hasher:blake3zcc_hasher up-to-date:
  bazel-bin/cmd/blake3zcc_hasher/blake3zcc_hasher_/blake3zcc_hasher
INFO: Elapsed time: 0.088s, Critical Path: 0.00s
INFO: 0 processes.
INFO: Build completed successfully, 1 total action
INFO: Running command line: bazel-bin/cmd/blake3zcc_hasher/blake3zcc_hasher_/blake3zcc_hasher -a localhost:8980 -d /home/debian/blake-client/experiments/e9 -c 3 '-b=false'
INFO: Build completed successfully, 1 total action
2021/03/09 13:11:50 Hash: 39d70fac724ac16b454a3b794944ba5be984fd062e83f9c34ef26811de0be16d
2021/03/09 13:11:50 Hash: bb93dd16cbaad9363a6ba1046a541d11c4c76e30ec7f666d75685257d9840d0c
2021/03/09 13:11:50 Hash: 24f5d381dd7f924174e72dd05115bd7a791eefa22a0da2eac32da29eea11ebca
2021/03/09 13:11:50 Hash: fc8f7ebcae29b1a99f8ef31c259df5db6244c70ebfb86af990c2af6cd4ee41fc
2021/03/09 13:11:50 Hash: 7ffa57da0e37fea0fb7ee1d49a9c1069a49770c18d5efc1f97ef8ea7fd96f354
2021/03/09 13:11:50 Time Hashing: 9.191411ms
2021/03/09 13:11:50 Bytes Hashed: 2097501
2021/03/09 13:11:50 Action Digest: []  7ffa57da0e37fea0fb7ee1d49a9c1069a49770c18d5efc1f97ef8ea7fd96f354 141
2021/03/09 13:11:50 Bytes Uploaded: 141
2021/03/09 13:11:50 Time Uploading: 1.278883ms
2021/03/09 13:11:50 Time Finding Missing Blobs: 3.004122ms
2021/03/09 13:11:50 Execute response: result:{output_files:{path:"out"  digest:{hash_other:"39d70fac724ac16b454a3b794944ba5be984fd062e83f9c34ef26811de0be16d"  size_bytes:532481}}  execution_metadata:{worker:"{\"datacenter\":\"paris\",\"hostname\":\"ubuntu-worker.example.com\",\"rack\":\"4\",\"slot\":\"15\",\"thread\":\"1\"}"  queued_timestamp:{seconds:1615295510  nanos:155156061}  worker_start_timestamp:{seconds:1615295510  nanos:155574493}  worker_completed_timestamp:{seconds:1615295510  nanos:165656186}  input_fetch_start_timestamp:{seconds:1615295510  nanos:155942364}  input_fetch_completed_timestamp:{seconds:1615295510  nanos:156398379}  execution_start_timestamp:{seconds:1615295510  nanos:156398379}  execution_completed_timestamp:{seconds:1615295510  nanos:160578186}  output_upload_start_timestamp:{seconds:1615295510  nanos:160578186}  output_upload_completed_timestamp:{seconds:1615295510  nanos:165656186}  auxiliary_metadata:{type_url:"type.googleapis.com/buildbarn.resourceusage.POSIXResourceUsage"  value:"\n\x05\x10\xe8ʺ\x01\x12\x00\x18\x80\x80\xae\x0e8\x9e\x02X\xf8\x17x\x05\x80\x01\t"}  auxiliary_metadata:{type_url:"type.googleapis.com/buildbarn.resourceusage.FilePoolResourceUsage"}}}  message:"Action details (cached result): /action/blake-client/7ffa57da0e37fea0fb7ee1d49a9c1069a49770c18d5efc1f97ef8ea7fd96f354/141/"
