Loading: 
Loading: 0 packages loaded
Analyzing: target //cmd/blake3zcc_hasher:blake3zcc_hasher (0 packages loaded, 0 targets configured)
INFO: Analyzed target //cmd/blake3zcc_hasher:blake3zcc_hasher (0 packages loaded, 0 targets configured).
INFO: Found 1 target...
[0 / 1] [Prepa] BazelWorkspaceStatusAction stable-status.txt
Target //cmd/blake3zcc_hasher:blake3zcc_hasher up-to-date:
  bazel-bin/cmd/blake3zcc_hasher/blake3zcc_hasher_/blake3zcc_hasher
INFO: Elapsed time: 0.102s, Critical Path: 0.00s
INFO: 0 processes.
INFO: Build completed successfully, 1 total action
INFO: Running command line: bazel-bin/cmd/blake3zcc_hasher/blake3zcc_hasher_/blake3zcc_hasher -a localhost:8980 -d /home/debian/blake-client/experiments/e3 -c 2 '-b=true'
INFO: Build completed successfully, 1 total action
2021/03/14 23:04:46 Hash: B3Z:9bb17aa8e1e1fa7dd8e4c30303a8aac9cccb1c385871033c51cfa405841ab51d
2021/03/14 23:04:47 Hash: B3Z:5ca04cb34578cad7af281725bce53de5f3ab15a65619d361ce3e1a8de8317125
2021/03/14 23:04:47 Hash: B3Z:5fcbe2817599823ef6d0ee2282a7605f5f46adcbd8b613a3497736bf4f0e3dae
2021/03/14 23:04:47 Hash: B3Z:d9255d8105ee52b23f018fbd0eb54ae8d464e1f3b0c8729492b39af69afd9ec0
2021/03/14 23:04:47 Hash: B3Z:bdc6ceb364d2691f6cb6e3243bf91a048b644307d53086dab6d55058a6776ae0
2021/03/14 23:04:47 Time Hashing: 2.312711346s
2021/03/14 23:04:47 Bytes Hashed: 844103887
2021/03/14 23:04:56 Action Digest: [189 198 206 179 100 210 105 31 108 182 227 36 59 249 26 4 139 100 67 7 213 48 134 218 182 213 80 88 166 119 106 224] bdc6ceb364d2691f6cb6e3243bf91a048b644307d53086dab6d55058a6776ae0  76
2021/03/14 23:04:56 Bytes Uploaded: 566231214
2021/03/14 23:04:56 Time Uploading: 9.540671148s
2021/03/14 23:04:56 Time Finding Missing Blobs: 4.04781ms
2021/03/14 23:05:11 Execute response: result:{output_files:{path:"out"  digest:{size_bytes:844103681  hash_blake3zcc:"D\xbe\x9bЊ\xfd\x9f\x9fl\xe22\t\xfd\x94*ڮXnJ\xfdb\x08\xe7\x0b\x9b\xbb\xc5\xe7vs\xb9"}}  execution_metadata:{worker:"{\"datacenter\":\"paris\",\"hostname\":\"ubuntu-worker.example.com\",\"rack\":\"4\",\"slot\":\"15\",\"thread\":\"1\"}"  queued_timestamp:{seconds:1615763096  nanos:620406281}  worker_start_timestamp:{seconds:1615763096  nanos:642656164}  worker_completed_timestamp:{seconds:1615763111  nanos:227315661}  input_fetch_start_timestamp:{seconds:1615763096  nanos:672762268}  input_fetch_completed_timestamp:{seconds:1615763103  nanos:231473231}  execution_start_timestamp:{seconds:1615763103  nanos:231473231}  execution_completed_timestamp:{seconds:1615763104  nanos:896536351}  output_upload_start_timestamp:{seconds:1615763104  nanos:896536351}  output_upload_completed_timestamp:{seconds:1615763111  nanos:227315661}  auxiliary_metadata:{type_url:"type.googleapis.com/buildbarn.resourceusage.POSIXResourceUsage"  value:"\n\x05\x10\xf8\xf1\xb8\x06\x12\x06\x10\x90٧\xcd\x02\x18\x80\xe0\xdb\r8\xc8\x01@\x01P\xe0\xd89X\x88\xd0dx\x93\x05\x80\x01\xeb\x01"}  auxiliary_metadata:{type_url:"type.googleapis.com/buildbarn.resourceusage.FilePoolResourceUsage"}}}  message:"Action details (cached result): /action/blake-client/B3Z:bdc6ceb364d2691f6cb6e3243bf91a048b644307d53086dab6d55058a6776ae0/76/"
