Loading: 
Loading: 0 packages loaded
Analyzing: target //cmd/blake3zcc_hasher:blake3zcc_hasher (0 packages loaded, 0 targets configured)
INFO: Analyzed target //cmd/blake3zcc_hasher:blake3zcc_hasher (0 packages loaded, 0 targets configured).
INFO: Found 1 target...
[0 / 1] [Prepa] BazelWorkspaceStatusAction stable-status.txt
Target //cmd/blake3zcc_hasher:blake3zcc_hasher up-to-date:
  bazel-bin/cmd/blake3zcc_hasher/blake3zcc_hasher_/blake3zcc_hasher
INFO: Elapsed time: 0.097s, Critical Path: 0.00s
INFO: 0 processes.
INFO: Build completed successfully, 1 total action
INFO: Running command line: bazel-bin/cmd/blake3zcc_hasher/blake3zcc_hasher_/blake3zcc_hasher -a localhost:8980 -d /home/debian/blake-client/experiments/e12 -c 2 '-b=true'
INFO: Build completed successfully, 1 total action
2021/03/14 23:04:05 Hash: B3Z:9b6701e748e821ebfb052b1214508749883cf66134aa79991c6423435acdb90f
2021/03/14 23:04:06 Hash: B3Z:cf1dd238456e6edde2463f09b51051a6bb87e04f1cdea0e2147089f810c590de
2021/03/14 23:04:06 Hash: B3Z:18d9090c2bd9bb269e84615a3b6d82a2501650f4fc2bb752e88696409f1136bd
2021/03/14 23:04:06 Hash: B3Z:d9255d8105ee52b23f018fbd0eb54ae8d464e1f3b0c8729492b39af69afd9ec0
2021/03/14 23:04:06 Hash: B3Z:d89bda08168abcba89102c25c48b2126c8032330fded3ac61ae6885915bf6abf
2021/03/14 23:04:06 Time Hashing: 1.684069438s
2021/03/14 23:04:06 Bytes Hashed: 566231247
2021/03/14 23:04:06 Action Digest: [216 155 218 8 22 138 188 186 137 16 44 37 196 139 33 38 200 3 35 48 253 237 58 198 26 230 136 89 21 191 106 191] d89bda08168abcba89102c25c48b2126c8032330fded3ac61ae6885915bf6abf  76
2021/03/14 23:04:06 Bytes Uploaded: 174
2021/03/14 23:04:06 Time Uploading: 1.572547ms
2021/03/14 23:04:06 Time Finding Missing Blobs: 3.890578ms
2021/03/14 23:04:14 Execute response: result:{output_files:{path:"out"  digest:{size_bytes:566231041  hash_blake3zcc:"H\xbf\xa2\xc5\xc4\n\xb7\xe8\x1e(\x93\xe2\xc99Kv\x8fL\xc60\x0f\x86\xb8\xd29s\xb5H\xb5q^"}}  execution_metadata:{worker:"{\"datacenter\":\"paris\",\"hostname\":\"ubuntu-worker.example.com\",\"rack\":\"4\",\"slot\":\"15\",\"thread\":\"0\"}"  queued_timestamp:{seconds:1615763046  nanos:90690476}  worker_start_timestamp:{seconds:1615763046  nanos:91296876}  worker_completed_timestamp:{seconds:1615763054  nanos:155656763}  input_fetch_start_timestamp:{seconds:1615763046  nanos:91480334}  input_fetch_completed_timestamp:{seconds:1615763049  nanos:253896900}  execution_start_timestamp:{seconds:1615763049  nanos:253896900}  execution_completed_timestamp:{seconds:1615763050  nanos:67296198}  output_upload_start_timestamp:{seconds:1615763050  nanos:67296198}  output_upload_completed_timestamp:{seconds:1615763054  nanos:155656763}  auxiliary_metadata:{type_url:"type.googleapis.com/buildbarn.resourceusage.POSIXResourceUsage"  value:"\n\x05\x10\x80\xc1\x8e\x02\x12\x06\x10\xa0\xed\xf0\xcc\x01\x18\x80\xe0\xdb\r8\xc8\x01@\x02P\xa8\x89\x14X\x88\xc0Cx\xea\x01\x80\x01\xbc\x01"}  auxiliary_metadata:{type_url:"type.googleapis.com/buildbarn.resourceusage.FilePoolResourceUsage"}}}  message:"Action details (cached result): /action/blake-client/B3Z:d89bda08168abcba89102c25c48b2126c8032330fded3ac61ae6885915bf6abf/76/"
