Loading: 
Loading: 0 packages loaded
Analyzing: target //cmd/blake3zcc_hasher:blake3zcc_hasher (0 packages loaded, 0 targets configured)
INFO: Analyzed target //cmd/blake3zcc_hasher:blake3zcc_hasher (0 packages loaded, 0 targets configured).
INFO: Found 1 target...
[0 / 1] [Prepa] BazelWorkspaceStatusAction stable-status.txt
Target //cmd/blake3zcc_hasher:blake3zcc_hasher up-to-date:
  bazel-bin/cmd/blake3zcc_hasher/blake3zcc_hasher_/blake3zcc_hasher
INFO: Elapsed time: 0.104s, Critical Path: 0.00s
INFO: 0 processes.
INFO: Build completed successfully, 1 total action
INFO: Running command line: bazel-bin/cmd/blake3zcc_hasher/blake3zcc_hasher_/blake3zcc_hasher -a localhost:8980 -d /home/debian/blake-client/experiments/e10 -c 2 '-b=true'
INFO: Build completed successfully, 1 total action
2021/03/14 23:02:59 Hash: B3Z:ce309181461c10b716e16fb8eb29a7c8a22ed298d52934080502b23ef65d7750
2021/03/14 23:03:01 Hash: B3Z:5e1674872baa1508703bb8a7c839db599da5c2b9c22d8925fb02f09131359dde
2021/03/14 23:03:01 Hash: B3Z:ea19b6ff44f70e73caf858fac281fd4668906ea555649e38d52497021680c3ca
2021/03/14 23:03:01 Hash: B3Z:d9255d8105ee52b23f018fbd0eb54ae8d464e1f3b0c8729492b39af69afd9ec0
2021/03/14 23:03:01 Hash: B3Z:f91433532749209aae154aa9cd110dd4346d293c75e320921bd3d8b7457bc2e2
2021/03/14 23:03:01 Time Hashing: 2.694751907s
2021/03/14 23:03:01 Bytes Hashed: 844103887
2021/03/14 23:03:15 Action Digest: [249 20 51 83 39 73 32 154 174 21 74 169 205 17 13 212 52 109 41 60 117 227 32 146 27 211 216 183 69 123 194 226] f91433532749209aae154aa9cd110dd4346d293c75e320921bd3d8b7457bc2e2  76
2021/03/14 23:03:15 Bytes Uploaded: 844103855
2021/03/14 23:03:15 Time Uploading: 13.89732193s
2021/03/14 23:03:15 Time Finding Missing Blobs: 1.987577ms
2021/03/14 23:03:33 Execute response: result:{output_files:{path:"out"  digest:{size_bytes:844103681  hash_blake3zcc:"D\xbe\x9bЊ\xfd\x9f\x9fl\xe22\t\xfd\x94*ڮXnJ\xfdb\x08\xe7\x0b\x9b\xbb\xc5\xe7vs\xb9"}}  execution_metadata:{worker:"{\"datacenter\":\"paris\",\"hostname\":\"ubuntu-worker.example.com\",\"rack\":\"4\",\"slot\":\"15\",\"thread\":\"6\"}"  queued_timestamp:{seconds:1615762995  nanos:559394517}  worker_start_timestamp:{seconds:1615762995  nanos:560394565}  worker_completed_timestamp:{seconds:1615763013  nanos:144276367}  input_fetch_start_timestamp:{seconds:1615762995  nanos:561615473}  input_fetch_completed_timestamp:{seconds:1615763005  nanos:528242267}  execution_start_timestamp:{seconds:1615763005  nanos:528242267}  execution_completed_timestamp:{seconds:1615763006  nanos:814735802}  output_upload_start_timestamp:{seconds:1615763006  nanos:814735802}  output_upload_completed_timestamp:{seconds:1615763013  nanos:144276367}  auxiliary_metadata:{type_url:"type.googleapis.com/buildbarn.resourceusage.POSIXResourceUsage"  value:"\n\x04\x10\xc8\xd7X\x12\x06\x10з\x94\xde\x02\x18\x80\xe0\xdb\r8\xbe\x01@\rP\xb8\xb0-X\x88\xd0dx\x82\x04\x80\x01E"}  auxiliary_metadata:{type_url:"type.googleapis.com/buildbarn.resourceusage.FilePoolResourceUsage"}}}  message:"Action details (cached result): /action/blake-client/B3Z:f91433532749209aae154aa9cd110dd4346d293c75e320921bd3d8b7457bc2e2/76/"
