Loading: 
Loading: 0 packages loaded
Analyzing: target //cmd/blake3zcc_hasher:blake3zcc_hasher (0 packages loaded, 0 targets configured)
INFO: Analyzed target //cmd/blake3zcc_hasher:blake3zcc_hasher (0 packages loaded, 0 targets configured).
INFO: Found 1 target...
[0 / 1] [Prepa] BazelWorkspaceStatusAction stable-status.txt
Target //cmd/blake3zcc_hasher:blake3zcc_hasher up-to-date:
  bazel-bin/cmd/blake3zcc_hasher/blake3zcc_hasher_/blake3zcc_hasher
INFO: Elapsed time: 0.321s, Critical Path: 0.00s
INFO: 0 processes.
INFO: Build completed successfully, 1 total action
INFO: Running command line: bazel-bin/cmd/blake3zcc_hasher/blake3zcc_hasher_/blake3zcc_hasher -a localhost:8980 -d /home/debian/blake-client/experiments/e11 -c 3 '-b=true'
INFO: Build completed successfully, 1 total action
2021/03/14 23:04:00 Hash: B3Z:9b6701e748e821ebfb052b1214508749883cf66134aa79991c6423435acdb90f
2021/03/14 23:04:01 Hash: B3Z:5e1674872baa1508703bb8a7c839db599da5c2b9c22d8925fb02f09131359dde
2021/03/14 23:04:01 Hash: B3Z:1b350aed4c864de07916386bb7c56782d4f999a1db958a96544a4bee3dda646d
2021/03/14 23:04:01 Hash: B3Z:0379138517bc5811e645894edbef883e8d64f9056cdb7bdb54e23e31a6367972
2021/03/14 23:04:01 Hash: B3Z:5aca7fa51c1f7646d6779bf542ed21ffa419c26e5157cbd55baf9344aa586cf1
2021/03/14 23:04:01 Time Hashing: 2.019761521s
2021/03/14 23:04:01 Bytes Hashed: 833618143
2021/03/14 23:04:01 Action Digest: [90 202 127 165 28 31 118 70 214 119 155 245 66 237 33 255 164 25 194 110 81 87 203 213 91 175 147 68 170 88 108 241] 5aca7fa51c1f7646d6779bf542ed21ffa419c26e5157cbd55baf9344aa586cf1  76
2021/03/14 23:04:01 Bytes Uploaded: 76
2021/03/14 23:04:01 Time Uploading: 976.573µs
2021/03/14 23:04:01 Time Finding Missing Blobs: 3.832053ms
2021/03/14 23:04:04 Execute response: result:{output_files:{path:"out"  digest:{size_bytes:277872640  hash_blake3zcc:"\x9bg\x01\xe7H\xe8!\xeb\xfb\x05+\x12\x14P\x87I\x88<\xf6a4\xaay\x99\x1cd#CZ͹\x0f"}}  execution_metadata:{worker:"{\"datacenter\":\"paris\",\"hostname\":\"ubuntu-worker.example.com\",\"rack\":\"4\",\"slot\":\"15\",\"thread\":\"2\"}"  queued_timestamp:{seconds:1615763041  nanos:386581206}  worker_start_timestamp:{seconds:1615763041  nanos:387291892}  worker_completed_timestamp:{seconds:1615763044  nanos:137184933}  input_fetch_start_timestamp:{seconds:1615763041  nanos:387548877}  input_fetch_completed_timestamp:{seconds:1615763041  nanos:388069637}  execution_start_timestamp:{seconds:1615763041  nanos:388069637}  execution_completed_timestamp:{seconds:1615763042  nanos:208119657}  output_upload_start_timestamp:{seconds:1615763042  nanos:208119657}  output_upload_completed_timestamp:{seconds:1615763044  nanos:137184933}  auxiliary_metadata:{type_url:"type.googleapis.com/buildbarn.resourceusage.POSIXResourceUsage"  value:"\n\x05\x10\xb8؅\x05\x12\x06\x10\xa8\xfb\xe9\xdf\x01\x18\x80\xe0\xdb\r8\x93\x02@\x0fP\x98\xe2#X\x88\xa0Bx\x85\x03\x80\x01\x12"}  auxiliary_metadata:{type_url:"type.googleapis.com/buildbarn.resourceusage.FilePoolResourceUsage"}}}  message:"Action details (cached result): /action/blake-client/B3Z:5aca7fa51c1f7646d6779bf542ed21ffa419c26e5157cbd55baf9344aa586cf1/76/"
