Loading: 
Loading: 0 packages loaded
Analyzing: target //cmd/blake3zcc_hasher:blake3zcc_hasher (0 packages loaded, 0 targets configured)
INFO: Analyzed target //cmd/blake3zcc_hasher:blake3zcc_hasher (0 packages loaded, 0 targets configured).
INFO: Found 1 target...
[0 / 1] [Prepa] BazelWorkspaceStatusAction stable-status.txt
Target //cmd/blake3zcc_hasher:blake3zcc_hasher up-to-date:
  bazel-bin/cmd/blake3zcc_hasher/blake3zcc_hasher_/blake3zcc_hasher
INFO: Elapsed time: 0.280s, Critical Path: 0.00s
INFO: 0 processes.
INFO: Build completed successfully, 1 total action
INFO: Running command line: bazel-bin/cmd/blake3zcc_hasher/blake3zcc_hasher_/blake3zcc_hasher -a localhost:8980 -d /home/debian/blake-client/experiments/e10 -c 3 '-b=true'
INFO: Build completed successfully, 1 total action
2021/03/14 23:03:34 Hash: B3Z:ce309181461c10b716e16fb8eb29a7c8a22ed298d52934080502b23ef65d7750
2021/03/14 23:03:36 Hash: B3Z:5e1674872baa1508703bb8a7c839db599da5c2b9c22d8925fb02f09131359dde
2021/03/14 23:03:36 Hash: B3Z:ea19b6ff44f70e73caf858fac281fd4668906ea555649e38d52497021680c3ca
2021/03/14 23:03:36 Hash: B3Z:0379138517bc5811e645894edbef883e8d64f9056cdb7bdb54e23e31a6367972
2021/03/14 23:03:36 Hash: B3Z:44a1259ac118051f8fe46164e3e3617d47e67d37f13d702abdf5a1165be36e79
2021/03/14 23:03:36 Time Hashing: 2.590616649s
2021/03/14 23:03:36 Bytes Hashed: 844103903
2021/03/14 23:03:36 Action Digest: [68 161 37 154 193 24 5 31 143 228 97 100 227 227 97 125 71 230 125 55 241 61 112 42 189 245 161 22 91 227 110 121] 44a1259ac118051f8fe46164e3e3617d47e67d37f13d702abdf5a1165be36e79  76
2021/03/14 23:03:36 Bytes Uploaded: 76
2021/03/14 23:03:36 Time Uploading: 1.08004ms
2021/03/14 23:03:36 Time Finding Missing Blobs: 11.70898ms
2021/03/14 23:03:39 Execute response: result:{output_files:{path:"out"  digest:{size_bytes:288358400  hash_blake3zcc:"\xce0\x91\x81F\x1c\x10\xb7\x16\xe1o\xb8\xeb)\xa7Ȣ.Ҙ\xd5)4\x08\x05\x02\xb2>\xf6]wP"}}  execution_metadata:{worker:"{\"datacenter\":\"paris\",\"hostname\":\"ubuntu-worker.example.com\",\"rack\":\"4\",\"slot\":\"15\",\"thread\":\"4\"}"  queued_timestamp:{seconds:1615763016  nanos:327313689}  worker_start_timestamp:{seconds:1615763016  nanos:327770008}  worker_completed_timestamp:{seconds:1615763019  nanos:367669764}  input_fetch_start_timestamp:{seconds:1615763016  nanos:328295316}  input_fetch_completed_timestamp:{seconds:1615763016  nanos:329046589}  execution_start_timestamp:{seconds:1615763016  nanos:329046589}  execution_completed_timestamp:{seconds:1615763017  nanos:312373252}  output_upload_start_timestamp:{seconds:1615763017  nanos:312373252}  output_upload_completed_timestamp:{seconds:1615763019  nanos:367669764}  auxiliary_metadata:{type_url:"type.googleapis.com/buildbarn.resourceusage.POSIXResourceUsage"  value:"\n\x05\x10\x98\xd5\xd2\x04\x12\x06\x10\xe8\xc1\x94\xdf\x01\x18\x80\xe0\xdb\r8\x9c\x02@\tP\xb0\xb0+X\x88\xa0Bx\x9e\x03\x80\x01."}  auxiliary_metadata:{type_url:"type.googleapis.com/buildbarn.resourceusage.FilePoolResourceUsage"}}}  message:"Action details (cached result): /action/blake-client/B3Z:44a1259ac118051f8fe46164e3e3617d47e67d37f13d702abdf5a1165be36e79/76/"
