Loading: 
Loading: 0 packages loaded
Analyzing: target //cmd/blake3zcc_hasher:blake3zcc_hasher (0 packages loaded, 0 targets configured)
INFO: Analyzed target //cmd/blake3zcc_hasher:blake3zcc_hasher (0 packages loaded, 0 targets configured).
INFO: Found 1 target...
[0 / 1] [Prepa] BazelWorkspaceStatusAction stable-status.txt
Target //cmd/blake3zcc_hasher:blake3zcc_hasher up-to-date:
  bazel-bin/cmd/blake3zcc_hasher/blake3zcc_hasher_/blake3zcc_hasher
INFO: Elapsed time: 0.091s, Critical Path: 0.00s
INFO: 0 processes.
INFO: Build completed successfully, 1 total action
INFO: Running command line: bazel-bin/cmd/blake3zcc_hasher/blake3zcc_hasher_/blake3zcc_hasher -a localhost:8980 -d /home/debian/blake-client/experiments/e1 -c 4 '-b=true'
INFO: Build completed successfully, 1 total action
2021/04/07 16:10:49 Hash: B3Z:ea42d17a30d3285566b173181682253f56bc3f9a4f495c20b10e5b3a877bca57
2021/04/07 16:10:49 Hash: B3Z:78c1ca3f7e53f55b55b69a9b46a6469e6eea284f77d2ea2be907c5a623daf802
2021/04/07 16:10:49 Hash: B3Z:ebe64fc71b020ad95d94187e1e4cc089a0c30f03226af28196fd200aba81a6bd
2021/04/07 16:10:49 Command: arguments:"sh" arguments:"-c" arguments:"cp in0 out && printf ' ' | dd of=out bs=1 count=1 seek=20480 conv=notrunc" output_paths:"out"
2021/04/07 16:10:49 Hash: B3Z:17978dc41bdd1e16475529fb54e8f7fb3b5259592c62c9d4e12fe6618255fab8
2021/04/07 16:10:49 Hash: B3Z:044589479f988a73bf114eca1f59e2cb9212cb5bd477d6e01874deba84f8ff65
2021/04/07 16:10:49 Time Hashing: 864.477µs
2021/04/07 16:10:49 Bytes Hashed: 205060
2021/04/07 16:10:49 Action Digest: [4 69 137 71 159 152 138 115 191 17 78 202 31 89 226 203 146 18 203 91 212 119 214 224 24 116 222 186 132 248 255 101] 044589479f988a73bf114eca1f59e2cb9212cb5bd477d6e01874deba84f8ff65  76
2021/04/07 16:10:49 Bytes Uploaded: 164
2021/04/07 16:10:49 Time Uploading: 1.572264ms
2021/04/07 16:10:49 Time Finding Missing Blobs: 4.541321ms
2021/04/07 16:10:49 Execute response: result:{output_files:{path:"out" digest:{size_bytes:40961 hash_blake3zcc:"\x9bP\xef\x896t\xc6\xcf\x108\x93t;\xd68\xdcS\x05\xb6\x97\xe7\x9f>\x06VY\x82\xa1\xf8\t\x17"}} stderr_digest:{size_bytes:70 hash_blake3zcc:"\xa10KP\x10K\xdd|\x13\x02\xbf^\xdb\xe3\x1a\xe5&\xfaRt\xdfD\x9f\xe7j~R\xb0\xb8\xfeP\xd3"} execution_metadata:{worker:"{\"datacenter\":\"paris\",\"hostname\":\"ubuntu-worker.example.com\",\"rack\":\"4\",\"slot\":\"15\",\"thread\":\"7\"}" queued_timestamp:{seconds:1617808249 nanos:933594967} worker_start_timestamp:{seconds:1617808249 nanos:934032728} worker_completed_timestamp:{seconds:1617808249 nanos:941459114} input_fetch_start_timestamp:{seconds:1617808249 nanos:934339536} input_fetch_completed_timestamp:{seconds:1617808249 nanos:934893587} execution_start_timestamp:{seconds:1617808249 nanos:934893587} execution_completed_timestamp:{seconds:1617808249 nanos:938548587} output_upload_start_timestamp:{seconds:1617808249 nanos:938548587} output_upload_completed_timestamp:{seconds:1617808249 nanos:941459114} auxiliary_metadata:{type_url:"type.googleapis.com/buildbarn.resourceusage.POSIXResourceUsage" value:"\n\x05\x10ؤ\x83\x01\x12\x00\x18\x80\x80\x80\r8\xb3\x02X`x\x06\x80\x01\x05"} auxiliary_metadata:{type_url:"type.googleapis.com/buildbarn.resourceusage.FilePoolResourceUsage"}}} message:"Action details (cached result): /action/blake-client/B3Z:044589479f988a73bf114eca1f59e2cb9212cb5bd477d6e01874deba84f8ff65/76/"
