Loading: 
Loading: 0 packages loaded
Analyzing: target //cmd/blake3zcc_hasher:blake3zcc_hasher (0 packages loaded, 0 targets configured)
INFO: Analyzed target //cmd/blake3zcc_hasher:blake3zcc_hasher (0 packages loaded, 0 targets configured).
INFO: Found 1 target...
[0 / 1] [Prepa] BazelWorkspaceStatusAction stable-status.txt
Target //cmd/blake3zcc_hasher:blake3zcc_hasher up-to-date:
  bazel-bin/cmd/blake3zcc_hasher/blake3zcc_hasher_/blake3zcc_hasher
INFO: Elapsed time: 0.080s, Critical Path: 0.00s
INFO: 0 processes.
INFO: Build completed successfully, 1 total action
INFO: Running command line: bazel-bin/cmd/blake3zcc_hasher/blake3zcc_hasher_/blake3zcc_hasher -a localhost:8980 -d /home/debian/blake-client/experiments/e2 -c 2 '-b=true'
INFO: Build completed successfully, 1 total action
2021/04/07 16:10:50 Hash: B3Z:0fecd56bb83dcf76af72f4f090f256319dca1b2302398e55d1958376a3da1adb
2021/04/07 16:10:50 Hash: B3Z:78c1ca3f7e53f55b55b69a9b46a6469e6eea284f77d2ea2be907c5a623daf802
2021/04/07 16:10:50 Hash: B3Z:52840fa27da06eb3f7e53a29facc360aee899fbb21d1abd15940432322f553ee
2021/04/07 16:10:50 Hash: B3Z:d9255d8105ee52b23f018fbd0eb54ae8d464e1f3b0c8729492b39af69afd9ec0
2021/04/07 16:10:50 Hash: B3Z:a7648fba76f5b79abe8c95bb993455b119d377bc0b89a2870cb8b2b9d22484c2
2021/04/07 16:10:50 Time Hashing: 1.734662ms
2021/04/07 16:10:50 Bytes Hashed: 327884
2021/04/07 16:10:50 Action Digest: [167 100 143 186 118 245 183 154 190 140 149 187 153 52 85 177 25 211 119 188 11 137 162 135 12 184 178 185 210 36 132 194] a7648fba76f5b79abe8c95bb993455b119d377bc0b89a2870cb8b2b9d22484c2  76
2021/04/07 16:10:50 Bytes Uploaded: 170
2021/04/07 16:10:50 Time Uploading: 1.8416ms
2021/04/07 16:10:50 Time Finding Missing Blobs: 3.142483ms
2021/04/07 16:10:50 Execute response: result:{output_files:{path:"out" digest:{size_bytes:327682 hash_blake3zcc:"\xfd\x87\x1a\x872\x95\x95W\x82\x82\xc1'q\xad塦Ip\x97e|`\x81\xf6\xa9\x9f\x12\xd7O\xe5\x95"}} execution_metadata:{worker:"{\"datacenter\":\"paris\",\"hostname\":\"ubuntu-worker.example.com\",\"rack\":\"4\",\"slot\":\"15\",\"thread\":\"1\"}" queued_timestamp:{seconds:1617808250 nanos:883108464} worker_start_timestamp:{seconds:1617808250 nanos:883442386} worker_completed_timestamp:{seconds:1617808250 nanos:893017488} input_fetch_start_timestamp:{seconds:1617808250 nanos:884004775} input_fetch_completed_timestamp:{seconds:1617808250 nanos:885451072} execution_start_timestamp:{seconds:1617808250 nanos:885451072} execution_completed_timestamp:{seconds:1617808250 nanos:891018101} output_upload_start_timestamp:{seconds:1617808250 nanos:891018101} output_upload_completed_timestamp:{seconds:1617808250 nanos:893017488} auxiliary_metadata:{type_url:"type.googleapis.com/buildbarn.resourceusage.POSIXResourceUsage" value:"\n\x04\x10\xb0\xeeS\x12\x00\x18\x80\x80\x80\r8\xb3\x01X\x88\x05x\x03\x80\x01\x08"} auxiliary_metadata:{type_url:"type.googleapis.com/buildbarn.resourceusage.FilePoolResourceUsage"}}} message:"Action details (cached result): /action/blake-client/B3Z:a7648fba76f5b79abe8c95bb993455b119d377bc0b89a2870cb8b2b9d22484c2/76/"
