Loading: 
Loading: 0 packages loaded
Analyzing: target //cmd/blake3zcc_hasher:blake3zcc_hasher (0 packages loaded, 0 targets configured)
INFO: Analyzed target //cmd/blake3zcc_hasher:blake3zcc_hasher (0 packages loaded, 0 targets configured).
INFO: Found 1 target...
[0 / 1] [Prepa] BazelWorkspaceStatusAction stable-status.txt
Target //cmd/blake3zcc_hasher:blake3zcc_hasher up-to-date:
  bazel-bin/cmd/blake3zcc_hasher/blake3zcc_hasher_/blake3zcc_hasher
INFO: Elapsed time: 0.091s, Critical Path: 0.00s
INFO: 0 processes.
INFO: Build completed successfully, 1 total action
INFO: Running command line: bazel-bin/cmd/blake3zcc_hasher/blake3zcc_hasher_/blake3zcc_hasher -a localhost:8980 -d /home/debian/blake-client/experiments/e6 -c 3 '-b=true'
INFO: Build completed successfully, 1 total action
2021/04/07 16:10:52 Hash: B3Z:0ebb7843602079e3f02b3f71d4603dc3978f4b69203b052c663cf9fcb1f34285
2021/04/07 16:10:52 Hash: B3Z:0fecd56bb83dcf76af72f4f090f256319dca1b2302398e55d1958376a3da1adb
2021/04/07 16:10:52 Hash: B3Z:5078eb43ba22fbf487262e1cb09fb30db932208ebf0232ff332abc4f28de805d
2021/04/07 16:10:52 Hash: B3Z:0379138517bc5811e645894edbef883e8d64f9056cdb7bdb54e23e31a6367972
2021/04/07 16:10:52 Hash: B3Z:d927b9f78ce6b869e3bb54db35064879aaf741034edeb54ca00e9808ccad095e
2021/04/07 16:10:52 Time Hashing: 3.11822ms
2021/04/07 16:10:52 Bytes Hashed: 737500
2021/04/07 16:10:52 Action Digest: [217 39 185 247 140 230 184 105 227 187 84 219 53 6 72 121 170 247 65 3 78 222 181 76 160 14 152 8 204 173 9 94] d927b9f78ce6b869e3bb54db35064879aaf741034edeb54ca00e9808ccad095e  76
2021/04/07 16:10:52 Bytes Uploaded: 76
2021/04/07 16:10:52 Time Uploading: 707.468µs
2021/04/07 16:10:52 Time Finding Missing Blobs: 2.609315ms
2021/04/07 16:10:52 Execute response: result:{output_files:{path:"out" digest:{size_bytes:450561 hash_blake3zcc:"\x0e\xbbxC` y\xe3\xf0+?q\xd4`=×\x8fKi ;\x05,f<\xf9\xfc\xb1\xf3B\x85"}} execution_metadata:{worker:"{\"datacenter\":\"paris\",\"hostname\":\"ubuntu-worker.example.com\",\"rack\":\"4\",\"slot\":\"15\",\"thread\":\"3\"}" queued_timestamp:{seconds:1617808252 nanos:764249585} worker_start_timestamp:{seconds:1617808252 nanos:764888548} worker_completed_timestamp:{seconds:1617808252 nanos:776209212} input_fetch_start_timestamp:{seconds:1617808252 nanos:765124436} input_fetch_completed_timestamp:{seconds:1617808252 nanos:766071631} execution_start_timestamp:{seconds:1617808252 nanos:766071631} execution_completed_timestamp:{seconds:1617808252 nanos:775234397} output_upload_start_timestamp:{seconds:1617808252 nanos:775234397} output_upload_completed_timestamp:{seconds:1617808252 nanos:776209212} auxiliary_metadata:{type_url:"type.googleapis.com/buildbarn.resourceusage.POSIXResourceUsage" value:"\n\x04\x10\x80\xf2W\x12\x04\x10\xa0\x95-\x18\x80\x80\x80\r8\xa5\x02X\xb8\x04x\x05\x80\x01\x07"} auxiliary_metadata:{type_url:"type.googleapis.com/buildbarn.resourceusage.FilePoolResourceUsage"}}} message:"Action details (cached result): /action/blake-client/B3Z:d927b9f78ce6b869e3bb54db35064879aaf741034edeb54ca00e9808ccad095e/76/"
