Loading: 
Loading: 0 packages loaded
Analyzing: target //cmd/blake3zcc_hasher:blake3zcc_hasher (0 packages loaded, 0 targets configured)
INFO: Analyzed target //cmd/blake3zcc_hasher:blake3zcc_hasher (0 packages loaded, 0 targets configured).
INFO: Found 1 target...
[0 / 1] [Prepa] BazelWorkspaceStatusAction stable-status.txt
Target //cmd/blake3zcc_hasher:blake3zcc_hasher up-to-date:
  bazel-bin/cmd/blake3zcc_hasher/blake3zcc_hasher_/blake3zcc_hasher
INFO: Elapsed time: 0.077s, Critical Path: 0.00s
INFO: 0 processes.
INFO: Build completed successfully, 1 total action
INFO: Running command line: bazel-bin/cmd/blake3zcc_hasher/blake3zcc_hasher_/blake3zcc_hasher -a localhost:8980 -d /home/debian/blake-client/experiments/e7 -c 1 '-b=true'
INFO: Build completed successfully, 1 total action
2021/04/07 16:10:53 Hash: B3Z:0fecd56bb83dcf76af72f4f090f256319dca1b2302398e55d1958376a3da1adb
2021/04/07 16:10:53 Hash: B3Z:0ebb7843602079e3f02b3f71d4603dc3978f4b69203b052c663cf9fcb1f34285
2021/04/07 16:10:53 Hash: B3Z:13bad64aafda102102f65d19d07c189c1cd885d8d7da64b5506baae7678cea05
2021/04/07 16:10:53 Hash: B3Z:95f1a8b8421e32df87826aa0d29f40b20c295a3f603de6d2533dc0d717f40852
2021/04/07 16:10:53 Hash: B3Z:c879e51fe14a044529c867fb05b5b86bdc25b70ed91dcaf2aaebb048a97c766e
2021/04/07 16:10:53 Time Hashing: 3.111216ms
2021/04/07 16:10:53 Bytes Hashed: 737484
2021/04/07 16:10:53 Action Digest: [200 121 229 31 225 74 4 69 41 200 103 251 5 181 184 107 220 37 183 14 217 29 202 242 170 235 176 72 169 124 118 110] c879e51fe14a044529c867fb05b5b86bdc25b70ed91dcaf2aaebb048a97c766e  76
2021/04/07 16:10:53 Bytes Uploaded: 76
2021/04/07 16:10:53 Time Uploading: 1.071772ms
2021/04/07 16:10:53 Time Finding Missing Blobs: 3.292637ms
2021/04/07 16:10:53 Execute response: result:{output_files:{path:"out" digest:{size_bytes:901122 hash_blake3zcc:"_oD\x18\x9cyC^̷٦I8\x0c~\x10Qcm\xf5\x9dE\xd1\xff)\xbe5\xbc.ڠ"}} execution_metadata:{worker:"{\"datacenter\":\"paris\",\"hostname\":\"ubuntu-worker.example.com\",\"rack\":\"4\",\"slot\":\"15\",\"thread\":\"7\"}" queued_timestamp:{seconds:1617808253 nanos:133873312} worker_start_timestamp:{seconds:1617808253 nanos:135321386} worker_completed_timestamp:{seconds:1617808253 nanos:152171866} input_fetch_start_timestamp:{seconds:1617808253 nanos:135568889} input_fetch_completed_timestamp:{seconds:1617808253 nanos:136214822} execution_start_timestamp:{seconds:1617808253 nanos:136214822} execution_completed_timestamp:{seconds:1617808253 nanos:139222527} output_upload_start_timestamp:{seconds:1617808253 nanos:139222527} output_upload_completed_timestamp:{seconds:1617808253 nanos:152171866} auxiliary_metadata:{type_url:"type.googleapis.com/buildbarn.resourceusage.POSIXResourceUsage" value:"\n\x04\x10\x88\x84_\x12\x00\x18\x80\x80\x80\r8\xc8\x01X\xe8\rx\x03\x80\x01\x02"} auxiliary_metadata:{type_url:"type.googleapis.com/buildbarn.resourceusage.FilePoolResourceUsage"}}} message:"Action details (cached result): /action/blake-client/B3Z:c879e51fe14a044529c867fb05b5b86bdc25b70ed91dcaf2aaebb048a97c766e/76/"
