Loading: 
Loading: 0 packages loaded
Analyzing: target //cmd/blake3zcc_hasher:blake3zcc_hasher (0 packages loaded, 0 targets configured)
INFO: Analyzed target //cmd/blake3zcc_hasher:blake3zcc_hasher (0 packages loaded, 0 targets configured).
INFO: Found 1 target...
[0 / 1] [Prepa] BazelWorkspaceStatusAction stable-status.txt
Target //cmd/blake3zcc_hasher:blake3zcc_hasher up-to-date:
  bazel-bin/cmd/blake3zcc_hasher/blake3zcc_hasher_/blake3zcc_hasher
INFO: Elapsed time: 0.097s, Critical Path: 0.00s
INFO: 0 processes.
INFO: Build completed successfully, 1 total action
INFO: Running command line: bazel-bin/cmd/blake3zcc_hasher/blake3zcc_hasher_/blake3zcc_hasher -a localhost:8980 -d /home/debian/blake-client/experiments/e9 -c 3 '-b=true'
INFO: Build completed successfully, 1 total action
2021/04/07 16:10:54 Hash: B3Z:78c1ca3f7e53f55b55b69a9b46a6469e6eea284f77d2ea2be907c5a623daf802
2021/04/07 16:10:54 Hash: B3Z:0ebb7843602079e3f02b3f71d4603dc3978f4b69203b052c663cf9fcb1f34285
2021/04/07 16:10:54 Hash: B3Z:60138a1f3f7bcd3a7e36dcb03406b88515eeb06b93ac9119ca08b80dfa8499a6
2021/04/07 16:10:54 Hash: B3Z:0379138517bc5811e645894edbef883e8d64f9056cdb7bdb54e23e31a6367972
2021/04/07 16:10:54 Hash: B3Z:fc677138a9c16b6a38a918a75fa6af00e5a3e4ccf32e299ff664dc520afd9744
2021/04/07 16:10:54 Time Hashing: 2.072217ms
2021/04/07 16:10:54 Bytes Hashed: 491740
2021/04/07 16:10:54 Action Digest: [252 103 113 56 169 193 107 106 56 169 24 167 95 166 175 0 229 163 228 204 243 46 41 159 246 100 220 82 10 253 151 68] fc677138a9c16b6a38a918a75fa6af00e5a3e4ccf32e299ff664dc520afd9744  76
2021/04/07 16:10:54 Bytes Uploaded: 76
2021/04/07 16:10:54 Time Uploading: 1.016544ms
2021/04/07 16:10:54 Time Finding Missing Blobs: 2.460628ms
2021/04/07 16:10:54 Execute response: result:{output_files:{path:"out" digest:{size_bytes:40961 hash_blake3zcc:"x\xc1\xca?~S\xf5[U\xb6\x9a\x9bF\xa6F\x9en\xea(Ow\xd2\xea+\xe9\x07Ŧ#\xda\xf8\x02"}} execution_metadata:{worker:"{\"datacenter\":\"paris\",\"hostname\":\"ubuntu-worker.example.com\",\"rack\":\"4\",\"slot\":\"15\",\"thread\":\"1\"}" queued_timestamp:{seconds:1617808254 nanos:299995403} worker_start_timestamp:{seconds:1617808254 nanos:300397330} worker_completed_timestamp:{seconds:1617808254 nanos:306882725} input_fetch_start_timestamp:{seconds:1617808254 nanos:300718636} input_fetch_completed_timestamp:{seconds:1617808254 nanos:301453930} execution_start_timestamp:{seconds:1617808254 nanos:301453930} execution_completed_timestamp:{seconds:1617808254 nanos:305974729} output_upload_start_timestamp:{seconds:1617808254 nanos:305974729} output_upload_completed_timestamp:{seconds:1617808254 nanos:306882725} auxiliary_metadata:{type_url:"type.googleapis.com/buildbarn.resourceusage.POSIXResourceUsage" value:"\n\x04\x10бH\x12\x04\x10\xf0\xa3W\x18\x80\x80\x80\r8\xa3\x02X\xf8\x06x\x05\x80\x01\x18"} auxiliary_metadata:{type_url:"type.googleapis.com/buildbarn.resourceusage.FilePoolResourceUsage"}}} message:"Action details (cached result): /action/blake-client/B3Z:fc677138a9c16b6a38a918a75fa6af00e5a3e4ccf32e299ff664dc520afd9744/76/"
