Loading: 
Loading: 0 packages loaded
Analyzing: target //cmd/blake3zcc_hasher:blake3zcc_hasher (0 packages loaded, 0 targets configured)
INFO: Analyzed target //cmd/blake3zcc_hasher:blake3zcc_hasher (0 packages loaded, 0 targets configured).
INFO: Found 1 target...
[0 / 1] [Prepa] BazelWorkspaceStatusAction stable-status.txt
Target //cmd/blake3zcc_hasher:blake3zcc_hasher up-to-date:
  bazel-bin/cmd/blake3zcc_hasher/blake3zcc_hasher_/blake3zcc_hasher
INFO: Elapsed time: 0.117s, Critical Path: 0.00s
INFO: 0 processes.
INFO: Build completed successfully, 1 total action
INFO: Running command line: bazel-bin/cmd/blake3zcc_hasher/blake3zcc_hasher_/blake3zcc_hasher -a localhost:8980 -d /home/debian/blake-client/experiments/e8 -c 3 '-b=true'
INFO: Build completed successfully, 1 total action
2021/04/07 16:10:53 Hash: B3Z:ea42d17a30d3285566b173181682253f56bc3f9a4f495c20b10e5b3a877bca57
2021/04/07 16:10:53 Hash: B3Z:0ebb7843602079e3f02b3f71d4603dc3978f4b69203b052c663cf9fcb1f34285
2021/04/07 16:10:53 Hash: B3Z:4167733d4ef3f528e7997383cf64bdb7d896a5033637700b65058ce7b2641686
2021/04/07 16:10:53 Hash: B3Z:0379138517bc5811e645894edbef883e8d64f9056cdb7bdb54e23e31a6367972
2021/04/07 16:10:53 Hash: B3Z:8d38938d15f1cddaf6247beab73256d6e37b2ebdf5daf402bb730a672c1a7b12
2021/04/07 16:10:53 Time Hashing: 2.952827ms
2021/04/07 16:10:53 Bytes Hashed: 614620
2021/04/07 16:10:53 Action Digest: [141 56 147 141 21 241 205 218 246 36 123 234 183 50 86 214 227 123 46 189 245 218 244 2 187 115 10 103 44 26 123 18] 8d38938d15f1cddaf6247beab73256d6e37b2ebdf5daf402bb730a672c1a7b12  76
2021/04/07 16:10:53 Bytes Uploaded: 76
2021/04/07 16:10:53 Time Uploading: 13.116565ms
2021/04/07 16:10:53 Time Finding Missing Blobs: 2.697578ms
2021/04/07 16:10:54 Execute response: result:{output_files:{path:"out" digest:{size_bytes:163841 hash_blake3zcc:"\xeaB\xd1z0\xd3(Uf\xb1s\x18\x16\x82%?V\xbc?\x9aOI\\ \xb1\x0e[:\x87{\xcaW"}} execution_metadata:{worker:"{\"datacenter\":\"paris\",\"hostname\":\"ubuntu-worker.example.com\",\"rack\":\"4\",\"slot\":\"15\",\"thread\":\"3\"}" queued_timestamp:{seconds:1617808253 nanos:985451505} worker_start_timestamp:{seconds:1617808253 nanos:990396174} worker_completed_timestamp:{seconds:1617808254 nanos:11018543} input_fetch_start_timestamp:{seconds:1617808253 nanos:991003144} input_fetch_completed_timestamp:{seconds:1617808253 nanos:991848685} execution_start_timestamp:{seconds:1617808253 nanos:991848685} execution_completed_timestamp:{seconds:1617808254 nanos:9805710} output_upload_start_timestamp:{seconds:1617808254 nanos:9805710} output_upload_completed_timestamp:{seconds:1617808254 nanos:11018543} auxiliary_metadata:{type_url:"type.googleapis.com/buildbarn.resourceusage.POSIXResourceUsage" value:"\n\x05\x10\xb8Ւ\x01\x12\x00\x18\x80\x80\x80\r8\x99\x02X\xf8\x06x\x05\x80\x01\x04"} auxiliary_metadata:{type_url:"type.googleapis.com/buildbarn.resourceusage.FilePoolResourceUsage"}}} message:"Action details (cached result): /action/blake-client/B3Z:8d38938d15f1cddaf6247beab73256d6e37b2ebdf5daf402bb730a672c1a7b12/76/"
