Loading: 
Loading: 0 packages loaded
Analyzing: target //cmd/blake3zcc_hasher:blake3zcc_hasher (0 packages loaded, 0 targets configured)
INFO: Analyzed target //cmd/blake3zcc_hasher:blake3zcc_hasher (0 packages loaded, 0 targets configured).
INFO: Found 1 target...
[0 / 1] [Prepa] BazelWorkspaceStatusAction stable-status.txt
Target //cmd/blake3zcc_hasher:blake3zcc_hasher up-to-date:
  bazel-bin/cmd/blake3zcc_hasher/blake3zcc_hasher_/blake3zcc_hasher
INFO: Elapsed time: 0.079s, Critical Path: 0.00s
INFO: 0 processes.
INFO: Build completed successfully, 1 total action
INFO: Running command line: bazel-bin/cmd/blake3zcc_hasher/blake3zcc_hasher_/blake3zcc_hasher -a localhost:8980 -d /home/debian/blake-client/experiments/e7 -c 2 '-b=true'
INFO: Build completed successfully, 1 total action
2021/04/07 16:10:53 Hash: B3Z:0fecd56bb83dcf76af72f4f090f256319dca1b2302398e55d1958376a3da1adb
2021/04/07 16:10:53 Hash: B3Z:0ebb7843602079e3f02b3f71d4603dc3978f4b69203b052c663cf9fcb1f34285
2021/04/07 16:10:53 Hash: B3Z:13bad64aafda102102f65d19d07c189c1cd885d8d7da64b5506baae7678cea05
2021/04/07 16:10:53 Hash: B3Z:d9255d8105ee52b23f018fbd0eb54ae8d464e1f3b0c8729492b39af69afd9ec0
2021/04/07 16:10:53 Hash: B3Z:c253a46765fded3425981a8be489b145cf50f18adca064d090c6661f29524d88
2021/04/07 16:10:53 Time Hashing: 3.267124ms
2021/04/07 16:10:53 Bytes Hashed: 737484
2021/04/07 16:10:53 Action Digest: [194 83 164 103 101 253 237 52 37 152 26 139 228 137 177 69 207 80 241 138 220 160 100 208 144 198 102 31 41 82 77 136] c253a46765fded3425981a8be489b145cf50f18adca064d090c6661f29524d88  76
2021/04/07 16:10:53 Bytes Uploaded: 76
2021/04/07 16:10:53 Time Uploading: 797.754µs
2021/04/07 16:10:53 Time Finding Missing Blobs: 2.343211ms
2021/04/07 16:10:53 Execute response: result:{output_files:{path:"out" digest:{size_bytes:737282 hash_blake3zcc:"\x8c\xef\x97,\xe2ϧ\x93'\x87\x1a\xf2\x07\xfd\x8fA\xb49\x94\xc6\xe5T\x13\xb4\xad\x98K[ŉ\xe2\xe4"}} execution_metadata:{worker:"{\"datacenter\":\"paris\",\"hostname\":\"ubuntu-worker.example.com\",\"rack\":\"4\",\"slot\":\"15\",\"thread\":\"0\"}" queued_timestamp:{seconds:1617808253 nanos:260300760} worker_start_timestamp:{seconds:1617808253 nanos:260700127} worker_completed_timestamp:{seconds:1617808253 nanos:276784530} input_fetch_start_timestamp:{seconds:1617808253 nanos:260876176} input_fetch_completed_timestamp:{seconds:1617808253 nanos:261281799} execution_start_timestamp:{seconds:1617808253 nanos:261281799} execution_completed_timestamp:{seconds:1617808253 nanos:265387814} output_upload_start_timestamp:{seconds:1617808253 nanos:265387814} output_upload_completed_timestamp:{seconds:1617808253 nanos:276784530} auxiliary_metadata:{type_url:"type.googleapis.com/buildbarn.resourceusage.POSIXResourceUsage" value:"\n\x04\x10\xc8\xe4*\x12\x04\x10\xa0\xb8K\x18\x80\x80\x80\r8\xc6\x01X\xa8\x0bx\x03\x80\x01\x05"} auxiliary_metadata:{type_url:"type.googleapis.com/buildbarn.resourceusage.FilePoolResourceUsage"}}} message:"Action details (cached result): /action/blake-client/B3Z:c253a46765fded3425981a8be489b145cf50f18adca064d090c6661f29524d88/76/"
