Loading: 
Loading: 0 packages loaded
Analyzing: target //cmd/blake3zcc_hasher:blake3zcc_hasher (0 packages loaded, 0 targets configured)
INFO: Analyzed target //cmd/blake3zcc_hasher:blake3zcc_hasher (0 packages loaded, 0 targets configured).
INFO: Found 1 target...
[0 / 1] [Prepa] BazelWorkspaceStatusAction stable-status.txt
Target //cmd/blake3zcc_hasher:blake3zcc_hasher up-to-date:
  bazel-bin/cmd/blake3zcc_hasher/blake3zcc_hasher_/blake3zcc_hasher
INFO: Elapsed time: 0.121s, Critical Path: 0.00s
INFO: 0 processes.
INFO: Build completed successfully, 1 total action
INFO: Running command line: bazel-bin/cmd/blake3zcc_hasher/blake3zcc_hasher_/blake3zcc_hasher -a localhost:8980 -d /home/debian/blake-client/experiments/e1 '-b=true' -D -s 8192
INFO: Build completed successfully, 1 total action
2021/04/15 18:59:42 Time Hashing: 668.186523ms
2021/04/15 19:00:07 Bytes Uploaded: 205260016
2021/04/15 19:00:07 Bytes Hashed: 207310384
2021/04/15 19:00:07 Missing Blobs: 24861
2021/04/15 19:00:07 Total Blobs: 25309
2021/04/15 19:00:07 Time Uploading: 23.658969335s
2021/04/15 19:00:07 Time Finding Missing Blobs: 225.742838ms
