Loading: 
Loading: 0 packages loaded
Analyzing: target //cmd/blake3zcc_hasher:blake3zcc_hasher (0 packages loaded, 0 targets configured)
INFO: Analyzed target //cmd/blake3zcc_hasher:blake3zcc_hasher (0 packages loaded, 0 targets configured).
INFO: Found 1 target...
[0 / 1] [Prepa] BazelWorkspaceStatusAction stable-status.txt
Target //cmd/blake3zcc_hasher:blake3zcc_hasher up-to-date:
  bazel-bin/cmd/blake3zcc_hasher/blake3zcc_hasher_/blake3zcc_hasher
INFO: Elapsed time: 0.096s, Critical Path: 0.00s
INFO: 0 processes.
INFO: Build completed successfully, 1 total action
INFO: Running command line: bazel-bin/cmd/blake3zcc_hasher/blake3zcc_hasher_/blake3zcc_hasher -a localhost:8980 -d /home/debian/blake-client/experiments/e7 '-b=true' -D -s 8192
INFO: Build completed successfully, 1 total action
2021/04/15 19:00:42 Time Hashing: 68.007322ms
2021/04/15 19:00:45 Bytes Uploaded: 21508049
2021/04/15 19:00:45 Bytes Hashed: 21341232
2021/04/15 19:00:45 Missing Blobs: 2608
2021/04/15 19:00:45 Total Blobs: 2608
2021/04/15 19:00:45 Time Uploading: 2.585654363s
2021/04/15 19:00:45 Time Finding Missing Blobs: 26.031843ms
