Loading: 
Loading: 0 packages loaded
Analyzing: target //cmd/blake3zcc_hasher:blake3zcc_hasher (0 packages loaded, 0 targets configured)
INFO: Analyzed target //cmd/blake3zcc_hasher:blake3zcc_hasher (0 packages loaded, 0 targets configured).
INFO: Found 1 target...
[0 / 1] [Prepa] BazelWorkspaceStatusAction stable-status.txt
Target //cmd/blake3zcc_hasher:blake3zcc_hasher up-to-date:
  bazel-bin/cmd/blake3zcc_hasher/blake3zcc_hasher_/blake3zcc_hasher
INFO: Elapsed time: 0.109s, Critical Path: 0.00s
INFO: 0 processes.
INFO: Build completed successfully, 1 total action
INFO: Running command line: bazel-bin/cmd/blake3zcc_hasher/blake3zcc_hasher_/blake3zcc_hasher -a localhost:8980 -d /home/debian/blake-client/experiments/e2 '-b=true' -D -s 8192
INFO: Build completed successfully, 1 total action
2021/04/15 19:00:08 Time Hashing: 690.693284ms
2021/04/15 19:00:25 Bytes Uploaded: 132091760
2021/04/15 19:00:25 Bytes Hashed: 209621552
2021/04/15 19:00:25 Missing Blobs: 15927
2021/04/15 19:00:25 Total Blobs: 25591
2021/04/15 19:00:25 Time Uploading: 15.14374896s
2021/04/15 19:00:25 Time Finding Missing Blobs: 212.242742ms
