Loading: 
Loading: 0 packages loaded
Analyzing: target //cmd/blake3zcc_hasher:blake3zcc_hasher (0 packages loaded, 0 targets configured)
INFO: Analyzed target //cmd/blake3zcc_hasher:blake3zcc_hasher (0 packages loaded, 0 targets configured).
INFO: Found 1 target...
[0 / 1] [Prepa] BazelWorkspaceStatusAction stable-status.txt
Target //cmd/blake3zcc_hasher:blake3zcc_hasher up-to-date:
  bazel-bin/cmd/blake3zcc_hasher/blake3zcc_hasher_/blake3zcc_hasher
INFO: Elapsed time: 0.099s, Critical Path: 0.00s
INFO: 0 processes.
INFO: Build completed successfully, 1 total action
INFO: Running command line: bazel-bin/cmd/blake3zcc_hasher/blake3zcc_hasher_/blake3zcc_hasher -a localhost:8980 -d /home/debian/blake-client/experiments/e9 '-b=false' -D -s 1048576
INFO: Build completed successfully, 1 total action
2021/04/15 18:56:41 Time Hashing: 118.120893ms
2021/04/15 18:56:42 Bytes Uploaded: 21726288
2021/04/15 18:56:42 Bytes Hashed: 21726288
2021/04/15 18:56:42 Missing Blobs: 2
2021/04/15 18:56:42 Total Blobs: 2
2021/04/15 18:56:42 Time Uploading: 256.196065ms
2021/04/15 18:56:42 Time Finding Missing Blobs: 1.671879ms
