Loading: 
Loading: 0 packages loaded
Analyzing: target //cmd/blake3zcc_hasher:blake3zcc_hasher (0 packages loaded, 0 targets configured)
INFO: Analyzed target //cmd/blake3zcc_hasher:blake3zcc_hasher (0 packages loaded, 0 targets configured).
INFO: Found 1 target...
[0 / 1] [Prepa] BazelWorkspaceStatusAction stable-status.txt
Target //cmd/blake3zcc_hasher:blake3zcc_hasher up-to-date:
  bazel-bin/cmd/blake3zcc_hasher/blake3zcc_hasher_/blake3zcc_hasher
INFO: Elapsed time: 0.134s, Critical Path: 0.00s
INFO: 0 processes.
INFO: Build completed successfully, 1 total action
INFO: Running command line: bazel-bin/cmd/blake3zcc_hasher/blake3zcc_hasher_/blake3zcc_hasher -a localhost:8980 -d /home/debian/blake-client/experiments/e3 '-b=true' -D -s 8192
INFO: Build completed successfully, 1 total action
2021/04/15 19:00:25 Time Hashing: 670.963231ms
2021/04/15 19:00:42 Bytes Uploaded: 128758832
2021/04/15 19:00:42 Bytes Hashed: 207745072
2021/04/15 19:00:42 Missing Blobs: 15522
2021/04/15 19:00:42 Total Blobs: 25362
2021/04/15 19:00:42 Time Uploading: 15.004248638s
2021/04/15 19:00:42 Time Finding Missing Blobs: 207.051021ms
