Loading: 
Loading: 0 packages loaded
Analyzing: target //cmd/blake3zcc_hasher:blake3zcc_hasher (0 packages loaded, 0 targets configured)
INFO: Analyzed target //cmd/blake3zcc_hasher:blake3zcc_hasher (0 packages loaded, 0 targets configured).
INFO: Found 1 target...
[0 / 1] [Prepa] BazelWorkspaceStatusAction stable-status.txt
Target //cmd/blake3zcc_hasher:blake3zcc_hasher up-to-date:
  bazel-bin/cmd/blake3zcc_hasher/blake3zcc_hasher_/blake3zcc_hasher
INFO: Elapsed time: 0.098s, Critical Path: 0.00s
INFO: 0 processes.
INFO: Build completed successfully, 1 total action
INFO: Running command line: bazel-bin/cmd/blake3zcc_hasher/blake3zcc_hasher_/blake3zcc_hasher -a localhost:8980 -d /home/debian/blake-client/experiments/e15 '-b=true' -D -s 8192
INFO: Build completed successfully, 1 total action
2021/04/15 19:01:54 Time Hashing: 810.771542ms
2021/04/15 19:02:10 Bytes Uploaded: 124025809
2021/04/15 19:02:10 Bytes Hashed: 246260784
2021/04/15 19:02:10 Missing Blobs: 14907
2021/04/15 19:02:10 Total Blobs: 30064
2021/04/15 19:02:10 Time Uploading: 14.19950138s
2021/04/15 19:02:10 Time Finding Missing Blobs: 232.889128ms
