Loading: 
Loading: 0 packages loaded
Analyzing: target //cmd/blake3zcc_hasher:blake3zcc_hasher (0 packages loaded, 0 targets configured)
INFO: Analyzed target //cmd/blake3zcc_hasher:blake3zcc_hasher (0 packages loaded, 0 targets configured).
INFO: Found 1 target...
[0 / 1] [Prepa] BazelWorkspaceStatusAction stable-status.txt
Target //cmd/blake3zcc_hasher:blake3zcc_hasher up-to-date:
  bazel-bin/cmd/blake3zcc_hasher/blake3zcc_hasher_/blake3zcc_hasher
INFO: Elapsed time: 0.156s, Critical Path: 0.00s
INFO: 0 processes.
INFO: Build completed successfully, 1 total action
INFO: Running command line: bazel-bin/cmd/blake3zcc_hasher/blake3zcc_hasher_/blake3zcc_hasher -a localhost:8980 -d /home/debian/blake-client/experiments/e2 '-b=true' -D -s 1048576
INFO: Build completed successfully, 1 total action
2021/04/15 18:51:03 Time Hashing: 447.231876ms
2021/04/15 18:51:05 Bytes Uploaded: 136234032
2021/04/15 18:51:05 Bytes Hashed: 209621552
2021/04/15 18:51:05 Missing Blobs: 132
2021/04/15 18:51:05 Total Blobs: 202
2021/04/15 18:51:05 Time Uploading: 1.603422378s
2021/04/15 18:51:05 Time Finding Missing Blobs: 3.37007ms
