Loading: 
Loading: 0 packages loaded
Analyzing: target //cmd/blake3zcc_hasher:blake3zcc_hasher (0 packages loaded, 0 targets configured)
INFO: Analyzed target //cmd/blake3zcc_hasher:blake3zcc_hasher (0 packages loaded, 0 targets configured).
INFO: Found 1 target...
[0 / 1] [Prepa] BazelWorkspaceStatusAction stable-status.txt
Target //cmd/blake3zcc_hasher:blake3zcc_hasher up-to-date:
  bazel-bin/cmd/blake3zcc_hasher/blake3zcc_hasher_/blake3zcc_hasher
INFO: Elapsed time: 0.122s, Critical Path: 0.00s
INFO: 0 processes.
INFO: Build completed successfully, 1 total action
INFO: Running command line: bazel-bin/cmd/blake3zcc_hasher/blake3zcc_hasher_/blake3zcc_hasher -a localhost:8980 -d /home/debian/blake-client/experiments/e9 '-b=true' -D -s 1048576
INFO: Build completed successfully, 1 total action
2021/04/15 18:51:09 Time Hashing: 68.202623ms
2021/04/15 18:51:09 Bytes Uploaded: 21727600
2021/04/15 18:51:09 Bytes Hashed: 21726256
2021/04/15 18:51:09 Missing Blobs: 23
2021/04/15 18:51:09 Total Blobs: 23
2021/04/15 18:51:09 Time Uploading: 244.728374ms
2021/04/15 18:51:09 Time Finding Missing Blobs: 1.727567ms
