Loading: 
Loading: 0 packages loaded
Analyzing: target //cmd/blake3zcc_hasher:blake3zcc_hasher (0 packages loaded, 0 targets configured)
INFO: Analyzed target //cmd/blake3zcc_hasher:blake3zcc_hasher (0 packages loaded, 0 targets configured).
INFO: Found 1 target...
[0 / 1] [Prepa] BazelWorkspaceStatusAction stable-status.txt
Target //cmd/blake3zcc_hasher:blake3zcc_hasher up-to-date:
  bazel-bin/cmd/blake3zcc_hasher/blake3zcc_hasher_/blake3zcc_hasher
INFO: Elapsed time: 0.137s, Critical Path: 0.00s
INFO: 0 processes.
INFO: Build completed successfully, 1 total action
INFO: Running command line: bazel-bin/cmd/blake3zcc_hasher/blake3zcc_hasher_/blake3zcc_hasher -a localhost:8980 -d /home/debian/blake-client/experiments/e13 '-b=true' -D -s 8192
INFO: Build completed successfully, 1 total action
2021/04/15 19:00:51 Time Hashing: 774.307034ms
2021/04/15 19:01:22 Bytes Uploaded: 243551889
2021/04/15 19:01:22 Bytes Hashed: 245826096
2021/04/15 19:01:22 Missing Blobs: 29498
2021/04/15 19:01:22 Total Blobs: 30011
2021/04/15 19:01:22 Time Uploading: 28.600407617s
2021/04/15 19:01:22 Time Finding Missing Blobs: 309.362263ms
