Loading: 
Loading: 0 packages loaded
Analyzing: target //cmd/blake3zcc_hasher:blake3zcc_hasher (0 packages loaded, 0 targets configured)
INFO: Analyzed target //cmd/blake3zcc_hasher:blake3zcc_hasher (0 packages loaded, 0 targets configured).
INFO: Found 1 target...
[0 / 1] [Prepa] BazelWorkspaceStatusAction stable-status.txt
Target //cmd/blake3zcc_hasher:blake3zcc_hasher up-to-date:
  bazel-bin/cmd/blake3zcc_hasher/blake3zcc_hasher_/blake3zcc_hasher
INFO: Elapsed time: 0.100s, Critical Path: 0.00s
INFO: 0 processes.
INFO: Build completed successfully, 1 total action
INFO: Running command line: bazel-bin/cmd/blake3zcc_hasher/blake3zcc_hasher_/blake3zcc_hasher -a localhost:8980 -d /home/debian/blake-client/experiments/e9 '-b=true' -D -s 8192
INFO: Build completed successfully, 1 total action
2021/04/15 19:00:48 Time Hashing: 70.316582ms
2021/04/15 19:00:50 Bytes Uploaded: 16021393
2021/04/15 19:00:50 Bytes Hashed: 21726256
2021/04/15 19:00:50 Missing Blobs: 1937
2021/04/15 19:00:50 Total Blobs: 2655
2021/04/15 19:00:50 Time Uploading: 1.814405724s
2021/04/15 19:00:50 Time Finding Missing Blobs: 26.399197ms
