Loading: 
Loading: 0 packages loaded
Analyzing: target //cmd/blake3zcc_hasher:blake3zcc_hasher (0 packages loaded, 0 targets configured)
INFO: Analyzed target //cmd/blake3zcc_hasher:blake3zcc_hasher (0 packages loaded, 0 targets configured).
INFO: Found 1 target...
[0 / 1] [Prepa] BazelWorkspaceStatusAction stable-status.txt
Target //cmd/blake3zcc_hasher:blake3zcc_hasher up-to-date:
  bazel-bin/cmd/blake3zcc_hasher/blake3zcc_hasher_/blake3zcc_hasher
INFO: Elapsed time: 0.146s, Critical Path: 0.00s
INFO: 0 processes.
INFO: Build completed successfully, 1 total action
INFO: Running command line: bazel-bin/cmd/blake3zcc_hasher/blake3zcc_hasher_/blake3zcc_hasher -a localhost:8980 -d /home/debian/blake-client/experiments/e8 '-b=true' -D -s 1048576
INFO: Build completed successfully, 1 total action
2021/04/15 18:51:08 Time Hashing: 85.501858ms
2021/04/15 18:51:09 Bytes Uploaded: 25585776
2021/04/15 18:51:09 Bytes Hashed: 25584176
2021/04/15 18:51:09 Missing Blobs: 27
2021/04/15 18:51:09 Total Blobs: 27
2021/04/15 18:51:09 Time Uploading: 298.136543ms
2021/04/15 18:51:09 Time Finding Missing Blobs: 2.795564ms
