Loading: 
Loading: 0 packages loaded
Analyzing: target //cmd/blake3zcc_hasher:blake3zcc_hasher (0 packages loaded, 0 targets configured)
INFO: Analyzed target //cmd/blake3zcc_hasher:blake3zcc_hasher (0 packages loaded, 0 targets configured).
INFO: Found 1 target...
[0 / 1] [Prepa] BazelWorkspaceStatusAction stable-status.txt
Target //cmd/blake3zcc_hasher:blake3zcc_hasher up-to-date:
  bazel-bin/cmd/blake3zcc_hasher/blake3zcc_hasher_/blake3zcc_hasher
INFO: Elapsed time: 0.109s, Critical Path: 0.00s
INFO: 0 processes.
INFO: Build completed successfully, 1 total action
INFO: Running command line: bazel-bin/cmd/blake3zcc_hasher/blake3zcc_hasher_/blake3zcc_hasher -a localhost:8980 -d /home/debian/blake-client/experiments/e8 '-b=true' -D -s 8192
INFO: Build completed successfully, 1 total action
2021/04/15 19:00:45 Time Hashing: 79.387579ms
2021/04/15 19:00:48 Bytes Uploaded: 25423697
2021/04/15 19:00:48 Bytes Hashed: 25584176
2021/04/15 19:00:48 Missing Blobs: 3082
2021/04/15 19:00:48 Total Blobs: 3126
2021/04/15 19:00:48 Time Uploading: 2.725355089s
2021/04/15 19:00:48 Time Finding Missing Blobs: 41.384751ms
