Loading: 
Loading: 0 packages loaded
Analyzing: target //cmd/blake3zcc_hasher:blake3zcc_hasher (0 packages loaded, 0 targets configured)
INFO: Analyzed target //cmd/blake3zcc_hasher:blake3zcc_hasher (0 packages loaded, 0 targets configured).
INFO: Found 1 target...
[0 / 1] [Prepa] BazelWorkspaceStatusAction stable-status.txt
Target //cmd/blake3zcc_hasher:blake3zcc_hasher up-to-date:
  bazel-bin/cmd/blake3zcc_hasher/blake3zcc_hasher_/blake3zcc_hasher
INFO: Elapsed time: 0.193s, Critical Path: 0.00s
INFO: 0 processes.
INFO: Build completed successfully, 1 total action
INFO: Running command line: bazel-bin/cmd/blake3zcc_hasher/blake3zcc_hasher_/blake3zcc_hasher -a localhost:8980 -d /home/debian/blake-client/experiments/e15 '-b=false' -D -s 1048576
INFO: Build completed successfully, 1 total action
2021/04/15 18:56:52 Time Hashing: 1.213824058s
2021/04/15 18:56:55 Bytes Uploaded: 246260816
2021/04/15 18:56:55 Bytes Hashed: 246260816
2021/04/15 18:56:55 Missing Blobs: 2
2021/04/15 18:56:55 Total Blobs: 2
2021/04/15 18:56:55 Time Uploading: 2.888413248s
2021/04/15 18:56:55 Time Finding Missing Blobs: 1.401745ms
