Loading: 
Loading: 0 packages loaded
Analyzing: target //cmd/blake3zcc_hasher:blake3zcc_hasher (0 packages loaded, 0 targets configured)
INFO: Analyzed target //cmd/blake3zcc_hasher:blake3zcc_hasher (0 packages loaded, 0 targets configured).
INFO: Found 1 target...
[0 / 1] [Prepa] BazelWorkspaceStatusAction stable-status.txt
Target //cmd/blake3zcc_hasher:blake3zcc_hasher up-to-date:
  bazel-bin/cmd/blake3zcc_hasher/blake3zcc_hasher_/blake3zcc_hasher
INFO: Elapsed time: 0.129s, Critical Path: 0.00s
INFO: 0 processes.
INFO: Build completed successfully, 1 total action
INFO: Running command line: bazel-bin/cmd/blake3zcc_hasher/blake3zcc_hasher_/blake3zcc_hasher -a localhost:8980 -d /home/debian/blake-client/experiments/e3 '-b=true' -D -s 1048576
INFO: Build completed successfully, 1 total action
2021/04/15 18:51:05 Time Hashing: 439.937736ms
2021/04/15 18:51:07 Bytes Uploaded: 134357488
2021/04/15 18:51:07 Bytes Hashed: 207745072
2021/04/15 18:51:07 Missing Blobs: 131
2021/04/15 18:51:07 Total Blobs: 201
2021/04/15 18:51:07 Time Uploading: 1.570755812s
2021/04/15 18:51:07 Time Finding Missing Blobs: 2.974108ms
