Loading: 
Loading: 0 packages loaded
Analyzing: target //cmd/blake3zcc_hasher:blake3zcc_hasher (0 packages loaded, 0 targets configured)
INFO: Analyzed target //cmd/blake3zcc_hasher:blake3zcc_hasher (0 packages loaded, 0 targets configured).
INFO: Found 1 target...
[0 / 1] [Prepa] BazelWorkspaceStatusAction stable-status.txt
Target //cmd/blake3zcc_hasher:blake3zcc_hasher up-to-date:
  bazel-bin/cmd/blake3zcc_hasher/blake3zcc_hasher_/blake3zcc_hasher
INFO: Elapsed time: 0.134s, Critical Path: 0.00s
INFO: 0 processes.
INFO: Build completed successfully, 1 total action
INFO: Running command line: bazel-bin/cmd/blake3zcc_hasher/blake3zcc_hasher_/blake3zcc_hasher -a localhost:8980 -d /home/debian/blake-client/experiments/e13 '-b=true' -D -s 1048576
INFO: Build completed successfully, 1 total action
2021/04/15 18:51:10 Time Hashing: 775.759669ms
2021/04/15 18:51:13 Bytes Uploaded: 245841136
2021/04/15 18:51:13 Bytes Hashed: 245826096
2021/04/15 18:51:13 Missing Blobs: 237
2021/04/15 18:51:13 Total Blobs: 237
2021/04/15 18:51:13 Time Uploading: 2.706530309s
2021/04/15 18:51:13 Time Finding Missing Blobs: 4.799065ms
