Loading: 
Loading: 0 packages loaded
Analyzing: target //cmd/blake3zcc_hasher:blake3zcc_hasher (0 packages loaded, 0 targets configured)
INFO: Analyzed target //cmd/blake3zcc_hasher:blake3zcc_hasher (0 packages loaded, 0 targets configured).
INFO: Found 1 target...
[0 / 1] [Prepa] BazelWorkspaceStatusAction stable-status.txt
Target //cmd/blake3zcc_hasher:blake3zcc_hasher up-to-date:
  bazel-bin/cmd/blake3zcc_hasher/blake3zcc_hasher_/blake3zcc_hasher
INFO: Elapsed time: 0.143s, Critical Path: 0.00s
INFO: 0 processes.
INFO: Build completed successfully, 1 total action
INFO: Running command line: bazel-bin/cmd/blake3zcc_hasher/blake3zcc_hasher_/blake3zcc_hasher -a localhost:8980 -d /home/debian/blake-client/experiments/e1 '-b=true' -D -s 1048576
INFO: Build completed successfully, 1 total action
2021/04/15 18:50:59 Time Hashing: 447.698188ms
2021/04/15 18:51:02 Bytes Uploaded: 207323056
2021/04/15 18:51:02 Bytes Hashed: 207310384
2021/04/15 18:51:02 Missing Blobs: 200
2021/04/15 18:51:02 Total Blobs: 200
2021/04/15 18:51:02 Time Uploading: 2.467900206s
2021/04/15 18:51:02 Time Finding Missing Blobs: 6.843256ms
