Loading: 
Loading: 0 packages loaded
Analyzing: target //cmd/blake3zcc_hasher:blake3zcc_hasher (0 packages loaded, 0 targets configured)
INFO: Analyzed target //cmd/blake3zcc_hasher:blake3zcc_hasher (0 packages loaded, 0 targets configured).
INFO: Found 1 target...
[0 / 1] [Prepa] BazelWorkspaceStatusAction stable-status.txt
Target //cmd/blake3zcc_hasher:blake3zcc_hasher up-to-date:
  bazel-bin/cmd/blake3zcc_hasher/blake3zcc_hasher_/blake3zcc_hasher
INFO: Elapsed time: 0.122s, Critical Path: 0.00s
INFO: 0 processes.
INFO: Build completed successfully, 1 total action
INFO: Running command line: bazel-bin/cmd/blake3zcc_hasher/blake3zcc_hasher_/blake3zcc_hasher -a localhost:8980 -d /home/debian/blake-client/experiments/e14 '-b=true' -D -s 8192
INFO: Build completed successfully, 1 total action
2021/04/15 19:01:23 Time Hashing: 838.457997ms
2021/04/15 19:01:53 Bytes Uploaded: 246127088
2021/04/15 19:01:53 Bytes Hashed: 250534960
2021/04/15 19:01:53 Missing Blobs: 29808
2021/04/15 19:01:53 Total Blobs: 30585
2021/04/15 19:01:53 Time Uploading: 28.508292832s
2021/04/15 19:01:53 Time Finding Missing Blobs: 280.474836ms
